mode: atomic
github.com/lukaszraczylo/mcp-filepuff/cmd/mcp-filepuff/main.go:14.13,28.16 5 0
github.com/lukaszraczylo/mcp-filepuff/cmd/mcp-filepuff/main.go:28.16,31.3 2 0
github.com/lukaszraczylo/mcp-filepuff/cmd/mcp-filepuff/main.go:33.2,40.16 3 0
github.com/lukaszraczylo/mcp-filepuff/cmd/mcp-filepuff/main.go:40.16,43.3 2 0
github.com/lukaszraczylo/mcp-filepuff/cmd/mcp-filepuff/main.go:45.2,46.37 2 0
github.com/lukaszraczylo/mcp-filepuff/cmd/mcp-filepuff/main.go:46.37,49.3 2 0
github.com/lukaszraczylo/mcp-filepuff/cmd/mcp-filepuff/main.go:52.61,54.15 2 0
github.com/lukaszraczylo/mcp-filepuff/cmd/mcp-filepuff/main.go:55.15,56.29 1 0
github.com/lukaszraczylo/mcp-filepuff/cmd/mcp-filepuff/main.go:57.14,58.28 1 0
github.com/lukaszraczylo/mcp-filepuff/cmd/mcp-filepuff/main.go:59.15,60.29 1 0
github.com/lukaszraczylo/mcp-filepuff/cmd/mcp-filepuff/main.go:61.10,62.28 1 0
github.com/lukaszraczylo/mcp-filepuff/cmd/mcp-filepuff/main.go:65.2,70.19 3 0
github.com/lukaszraczylo/mcp-filepuff/cmd/mcp-filepuff/main.go:70.19,72.17 2 0
github.com/lukaszraczylo/mcp-filepuff/cmd/mcp-filepuff/main.go:72.17,75.4 1 0
github.com/lukaszraczylo/mcp-filepuff/cmd/mcp-filepuff/main.go:75.9,77.4 1 0
github.com/lukaszraczylo/mcp-filepuff/cmd/mcp-filepuff/main.go:78.8,81.3 1 0
github.com/lukaszraczylo/mcp-filepuff/cmd/mcp-filepuff/main.go:83.2,83.26 1 0
github.com/lukaszraczylo/mcp-filepuff/pkg/errors/errors.go:76.42,83.24 3 0
github.com/lukaszraczylo/mcp-filepuff/pkg/errors/errors.go:83.24,85.31 2 0
github.com/lukaszraczylo/mcp-filepuff/pkg/errors/errors.go:85.31,87.4 1 0
github.com/lukaszraczylo/mcp-filepuff/pkg/errors/errors.go:91.2,91.25 1 0
github.com/lukaszraczylo/mcp-filepuff/pkg/errors/errors.go:91.25,93.3 1 0
github.com/lukaszraczylo/mcp-filepuff/pkg/errors/errors.go:96.2,96.20 1 0
github.com/lukaszraczylo/mcp-filepuff/pkg/errors/errors.go:96.20,98.3 1 0
github.com/lukaszraczylo/mcp-filepuff/pkg/errors/errors.go:100.2,100.20 1 0
github.com/lukaszraczylo/mcp-filepuff/pkg/errors/errors.go:104.42,106.2 1 0
github.com/lukaszraczylo/mcp-filepuff/pkg/errors/errors.go:109.79,110.22 1 0
github.com/lukaszraczylo/mcp-filepuff/pkg/errors/errors.go:110.22,112.3 1 0
github.com/lukaszraczylo/mcp-filepuff/pkg/errors/errors.go:113.2,114.10 2 0
github.com/lukaszraczylo/mcp-filepuff/pkg/errors/errors.go:118.72,121.2 2 0
github.com/lukaszraczylo/mcp-filepuff/pkg/errors/errors.go:124.59,131.2 1 0
github.com/lukaszraczylo/mcp-filepuff/pkg/errors/errors.go:134.73,142.2 1 0
github.com/lukaszraczylo/mcp-filepuff/pkg/errors/errors.go:145.41,146.16 1 0
github.com/lukaszraczylo/mcp-filepuff/pkg/errors/errors.go:146.16,148.3 1 0
github.com/lukaszraczylo/mcp-filepuff/pkg/errors/errors.go:150.2,150.42 1 0
github.com/lukaszraczylo/mcp-filepuff/pkg/errors/errors.go:150.42,152.3 1 0
github.com/lukaszraczylo/mcp-filepuff/pkg/errors/errors.go:154.2,154.14 1 0
github.com/lukaszraczylo/mcp-filepuff/pkg/errors/errors.go:158.35,159.16 1 0
github.com/lukaszraczylo/mcp-filepuff/pkg/errors/errors.go:159.16,161.3 1 0
github.com/lukaszraczylo/mcp-filepuff/pkg/errors/errors.go:163.2,163.42 1 0
github.com/lukaszraczylo/mcp-filepuff/pkg/errors/errors.go:163.42,165.3 1 0
github.com/lukaszraczylo/mcp-filepuff/pkg/errors/errors.go:167.2,167.10 1 0
github.com/lukaszraczylo/mcp-filepuff/pkg/errors/errors.go:171.36,179.6 6 0
github.com/lukaszraczylo/mcp-filepuff/pkg/errors/errors.go:179.6,181.48 2 0
github.com/lukaszraczylo/mcp-filepuff/pkg/errors/errors.go:181.48,183.4 1 0
github.com/lukaszraczylo/mcp-filepuff/pkg/errors/errors.go:184.3,184.12 1 0
github.com/lukaszraczylo/mcp-filepuff/pkg/errors/errors.go:184.12,185.9 1 0
github.com/lukaszraczylo/mcp-filepuff/pkg/errors/errors.go:189.2,189.20 1 0
github.com/lukaszraczylo/mcp-filepuff/pkg/errors/errors.go:195.44,199.12 3 0
github.com/lukaszraczylo/mcp-filepuff/pkg/errors/errors.go:200.15,201.91 1 0
github.com/lukaszraczylo/mcp-filepuff/pkg/errors/errors.go:202.17,203.61 1 0
github.com/lukaszraczylo/mcp-filepuff/pkg/errors/errors.go:206.2,208.63 1 0
github.com/lukaszraczylo/mcp-filepuff/pkg/errors/errors.go:212.73,217.2 1 0
github.com/lukaszraczylo/mcp-filepuff/pkg/errors/errors.go:220.71,226.2 1 0
github.com/lukaszraczylo/mcp-filepuff/pkg/errors/errors.go:229.73,234.2 1 0
github.com/lukaszraczylo/mcp-filepuff/pkg/errors/errors.go:237.73,242.2 1 0
github.com/lukaszraczylo/mcp-filepuff/pkg/errors/errors.go:245.72,249.2 1 0
github.com/lukaszraczylo/mcp-filepuff/pkg/errors/errors.go:252.57,256.2 1 0
github.com/lukaszraczylo/mcp-filepuff/pkg/errors/errors.go:259.73,263.2 1 0
github.com/lukaszraczylo/mcp-filepuff/pkg/errors/errors.go:266.73,270.2 1 0
github.com/lukaszraczylo/mcp-filepuff/pkg/errors/errors.go:273.61,277.2 1 0
github.com/lukaszraczylo/mcp-filepuff/pkg/errors/errors.go:280.64,283.2 1 0
github.com/lukaszraczylo/mcp-filepuff/pkg/errors/errors.go:286.59,289.2 1 0
github.com/lukaszraczylo/mcp-filepuff/internal/config/config.go:37.24,50.2 1 5
github.com/lukaszraczylo/mcp-filepuff/internal/config/config.go:54.50,58.25 2 2
github.com/lukaszraczylo/mcp-filepuff/internal/config/config.go:58.25,60.17 2 2
github.com/lukaszraczylo/mcp-filepuff/internal/config/config.go:60.17,62.4 1 0
github.com/lukaszraczylo/mcp-filepuff/internal/config/config.go:63.3,63.30 1 2
github.com/lukaszraczylo/mcp-filepuff/internal/config/config.go:64.8,64.47 1 0
github.com/lukaszraczylo/mcp-filepuff/internal/config/config.go:64.47,66.3 1 0
github.com/lukaszraczylo/mcp-filepuff/internal/config/config.go:69.2,70.54 2 2
github.com/lukaszraczylo/mcp-filepuff/internal/config/config.go:70.54,71.51 1 1
github.com/lukaszraczylo/mcp-filepuff/internal/config/config.go:71.51,73.4 1 0
github.com/lukaszraczylo/mcp-filepuff/internal/config/config.go:77.2,79.17 2 2
github.com/lukaszraczylo/mcp-filepuff/internal/config/config.go:82.32,83.51 1 3
github.com/lukaszraczylo/mcp-filepuff/internal/config/config.go:83.51,84.50 1 0
github.com/lukaszraczylo/mcp-filepuff/internal/config/config.go:84.50,86.4 1 0
github.com/lukaszraczylo/mcp-filepuff/internal/config/config.go:89.2,89.48 1 3
github.com/lukaszraczylo/mcp-filepuff/internal/config/config.go:89.48,90.50 1 1
github.com/lukaszraczylo/mcp-filepuff/internal/config/config.go:90.50,92.4 1 1
github.com/lukaszraczylo/mcp-filepuff/internal/config/config.go:95.2,95.51 1 3
github.com/lukaszraczylo/mcp-filepuff/internal/config/config.go:95.51,96.50 1 1
github.com/lukaszraczylo/mcp-filepuff/internal/config/config.go:96.50,98.4 1 1
github.com/lukaszraczylo/mcp-filepuff/internal/config/config.go:101.2,101.64 1 3
github.com/lukaszraczylo/mcp-filepuff/internal/config/config.go:101.64,103.3 1 1
github.com/lukaszraczylo/mcp-filepuff/internal/config/config.go:105.2,105.69 1 3
github.com/lukaszraczylo/mcp-filepuff/internal/config/config.go:105.69,107.3 1 1
github.com/lukaszraczylo/mcp-filepuff/internal/config/config.go:109.2,109.71 1 3
github.com/lukaszraczylo/mcp-filepuff/internal/config/config.go:109.71,111.3 1 1
github.com/lukaszraczylo/mcp-filepuff/internal/config/config.go:116.50,119.16 2 14
github.com/lukaszraczylo/mcp-filepuff/internal/config/config.go:119.16,121.3 1 0
github.com/lukaszraczylo/mcp-filepuff/internal/config/config.go:124.2,125.16 2 14
github.com/lukaszraczylo/mcp-filepuff/internal/config/config.go:125.16,127.3 1 0
github.com/lukaszraczylo/mcp-filepuff/internal/config/config.go:130.2,131.20 2 14
github.com/lukaszraczylo/mcp-filepuff/internal/config/config.go:131.20,133.3 1 14
github.com/lukaszraczylo/mcp-filepuff/internal/config/config.go:136.2,137.20 2 14
github.com/lukaszraczylo/mcp-filepuff/internal/config/config.go:137.20,140.3 1 7
github.com/lukaszraczylo/mcp-filepuff/internal/config/config.go:140.8,146.50 3 7
github.com/lukaszraczylo/mcp-filepuff/internal/config/config.go:146.50,148.22 2 9
github.com/lukaszraczylo/mcp-filepuff/internal/config/config.go:148.22,151.10 2 7
github.com/lukaszraczylo/mcp-filepuff/internal/config/config.go:154.4,155.21 2 2
github.com/lukaszraczylo/mcp-filepuff/internal/config/config.go:155.21,157.10 1 0
github.com/lukaszraczylo/mcp-filepuff/internal/config/config.go:159.4,160.16 2 2
github.com/lukaszraczylo/mcp-filepuff/internal/config/config.go:165.2,166.16 2 14
github.com/lukaszraczylo/mcp-filepuff/internal/config/config.go:166.16,168.3 1 0
github.com/lukaszraczylo/mcp-filepuff/internal/config/config.go:173.2,173.52 1 14
github.com/lukaszraczylo/mcp-filepuff/internal/edit/edit.go:23.59,25.48 1 4
github.com/lukaszraczylo/mcp-filepuff/internal/edit/edit.go:25.48,27.3 1 1
github.com/lukaszraczylo/mcp-filepuff/internal/edit/edit.go:30.2,31.16 2 3
github.com/lukaszraczylo/mcp-filepuff/internal/edit/edit.go:31.16,33.3 1 1
github.com/lukaszraczylo/mcp-filepuff/internal/edit/edit.go:35.2,36.16 2 2
github.com/lukaszraczylo/mcp-filepuff/internal/edit/edit.go:86.51,91.2 1 16
github.com/lukaszraczylo/mcp-filepuff/internal/edit/edit.go:95.51,101.2 4 24
github.com/lukaszraczylo/mcp-filepuff/internal/edit/edit.go:104.83,106.2 1 1
github.com/lukaszraczylo/mcp-filepuff/internal/edit/edit.go:110.81,114.2 3 24
github.com/lukaszraczylo/mcp-filepuff/internal/edit/edit.go:117.99,121.17 2 25
github.com/lukaszraczylo/mcp-filepuff/internal/edit/edit.go:121.17,123.3 1 6
github.com/lukaszraczylo/mcp-filepuff/internal/edit/edit.go:124.2,124.43 1 19
github.com/lukaszraczylo/mcp-filepuff/internal/edit/edit.go:128.56,130.65 1 25
github.com/lukaszraczylo/mcp-filepuff/internal/edit/edit.go:130.65,132.3 1 5
github.com/lukaszraczylo/mcp-filepuff/internal/edit/edit.go:135.2,136.87 1 20
github.com/lukaszraczylo/mcp-filepuff/internal/edit/edit.go:136.87,138.3 1 1
github.com/lukaszraczylo/mcp-filepuff/internal/edit/edit.go:141.2,142.37 2 19
github.com/lukaszraczylo/mcp-filepuff/internal/edit/edit.go:146.102,148.48 1 19
github.com/lukaszraczylo/mcp-filepuff/internal/edit/edit.go:148.48,150.3 1 0
github.com/lukaszraczylo/mcp-filepuff/internal/edit/edit.go:153.2,154.16 2 19
github.com/lukaszraczylo/mcp-filepuff/internal/edit/edit.go:154.16,156.3 1 0
github.com/lukaszraczylo/mcp-filepuff/internal/edit/edit.go:159.2,160.16 2 19
github.com/lukaszraczylo/mcp-filepuff/internal/edit/edit.go:160.16,162.3 1 0
github.com/lukaszraczylo/mcp-filepuff/internal/edit/edit.go:165.2,166.16 2 19
github.com/lukaszraczylo/mcp-filepuff/internal/edit/edit.go:166.16,168.3 1 0
github.com/lukaszraczylo/mcp-filepuff/internal/edit/edit.go:171.2,172.16 2 19
github.com/lukaszraczylo/mcp-filepuff/internal/edit/edit.go:172.16,174.3 1 0
github.com/lukaszraczylo/mcp-filepuff/internal/edit/edit.go:177.2,178.16 2 19
github.com/lukaszraczylo/mcp-filepuff/internal/edit/edit.go:178.16,183.3 1 1
github.com/lukaszraczylo/mcp-filepuff/internal/edit/edit.go:186.2,197.11 3 18
github.com/lukaszraczylo/mcp-filepuff/internal/edit/edit.go:197.11,198.67 1 17
github.com/lukaszraczylo/mcp-filepuff/internal/edit/edit.go:198.67,203.4 1 0
github.com/lukaszraczylo/mcp-filepuff/internal/edit/edit.go:204.3,204.24 1 17
github.com/lukaszraczylo/mcp-filepuff/internal/edit/edit.go:207.2,207.20 1 18
github.com/lukaszraczylo/mcp-filepuff/internal/edit/edit.go:211.101,213.49 1 6
github.com/lukaszraczylo/mcp-filepuff/internal/edit/edit.go:213.49,215.3 1 0
github.com/lukaszraczylo/mcp-filepuff/internal/edit/edit.go:218.2,219.16 2 6
github.com/lukaszraczylo/mcp-filepuff/internal/edit/edit.go:219.16,221.3 1 0
github.com/lukaszraczylo/mcp-filepuff/internal/edit/edit.go:224.2,225.16 2 6
github.com/lukaszraczylo/mcp-filepuff/internal/edit/edit.go:225.16,227.3 1 1
github.com/lukaszraczylo/mcp-filepuff/internal/edit/edit.go:230.2,231.16 2 5
github.com/lukaszraczylo/mcp-filepuff/internal/edit/edit.go:231.16,233.3 1 0
github.com/lukaszraczylo/mcp-filepuff/internal/edit/edit.go:236.2,247.11 3 5
github.com/lukaszraczylo/mcp-filepuff/internal/edit/edit.go:247.11,248.67 1 5
github.com/lukaszraczylo/mcp-filepuff/internal/edit/edit.go:248.67,253.4 1 0
github.com/lukaszraczylo/mcp-filepuff/internal/edit/edit.go:254.3,254.24 1 5
github.com/lukaszraczylo/mcp-filepuff/internal/edit/edit.go:257.2,257.20 1 5
github.com/lukaszraczylo/mcp-filepuff/internal/edit/edit.go:261.56,262.21 1 37
github.com/lukaszraczylo/mcp-filepuff/internal/edit/edit.go:262.21,264.3 1 1
github.com/lukaszraczylo/mcp-filepuff/internal/edit/edit.go:266.2,266.26 1 36
github.com/lukaszraczylo/mcp-filepuff/internal/edit/edit.go:266.26,268.3 1 1
github.com/lukaszraczylo/mcp-filepuff/internal/edit/edit.go:271.2,271.24 1 35
github.com/lukaszraczylo/mcp-filepuff/internal/edit/edit.go:272.54,273.28 1 33
github.com/lukaszraczylo/mcp-filepuff/internal/edit/edit.go:273.28,275.4 1 1
github.com/lukaszraczylo/mcp-filepuff/internal/edit/edit.go:276.18,276.18 0 1
github.com/lukaszraczylo/mcp-filepuff/internal/edit/edit.go:278.10,279.61 1 1
github.com/lukaszraczylo/mcp-filepuff/internal/edit/edit.go:282.2,282.12 1 33
github.com/lukaszraczylo/mcp-filepuff/internal/edit/edit.go:286.55,287.49 1 26
github.com/lukaszraczylo/mcp-filepuff/internal/edit/edit.go:287.49,289.3 1 4
github.com/lukaszraczylo/mcp-filepuff/internal/edit/edit.go:292.2,292.118 1 22
github.com/lukaszraczylo/mcp-filepuff/internal/edit/edit.go:292.118,294.3 1 1
github.com/lukaszraczylo/mcp-filepuff/internal/edit/edit.go:296.2,296.12 1 21
github.com/lukaszraczylo/mcp-filepuff/internal/edit/edit.go:300.56,301.49 1 11
github.com/lukaszraczylo/mcp-filepuff/internal/edit/edit.go:301.49,303.3 1 0
github.com/lukaszraczylo/mcp-filepuff/internal/edit/edit.go:306.2,310.22 2 11
github.com/lukaszraczylo/mcp-filepuff/internal/edit/edit.go:310.22,312.3 1 1
github.com/lukaszraczylo/mcp-filepuff/internal/edit/edit.go:315.2,315.37 1 10
github.com/lukaszraczylo/mcp-filepuff/internal/edit/edit.go:315.37,316.68 1 3
github.com/lukaszraczylo/mcp-filepuff/internal/edit/edit.go:316.68,318.4 1 1
github.com/lukaszraczylo/mcp-filepuff/internal/edit/edit.go:321.2,321.12 1 9
github.com/lukaszraczylo/mcp-filepuff/internal/edit/edit.go:325.108,326.17 1 29
github.com/lukaszraczylo/mcp-filepuff/internal/edit/edit.go:326.17,328.3 1 0
github.com/lukaszraczylo/mcp-filepuff/internal/edit/edit.go:330.2,331.17 2 29
github.com/lukaszraczylo/mcp-filepuff/internal/edit/edit.go:331.17,333.3 1 0
github.com/lukaszraczylo/mcp-filepuff/internal/edit/edit.go:335.2,337.50 2 29
github.com/lukaszraczylo/mcp-filepuff/internal/edit/edit.go:337.50,338.41 1 834
github.com/lukaszraczylo/mcp-filepuff/internal/edit/edit.go:338.41,340.4 1 39
github.com/lukaszraczylo/mcp-filepuff/internal/edit/edit.go:341.3,341.14 1 834
github.com/lukaszraczylo/mcp-filepuff/internal/edit/edit.go:344.2,344.23 1 29
github.com/lukaszraczylo/mcp-filepuff/internal/edit/edit.go:344.23,346.3 1 1
github.com/lukaszraczylo/mcp-filepuff/internal/edit/edit.go:349.2,350.40 2 28
github.com/lukaszraczylo/mcp-filepuff/internal/edit/edit.go:350.40,352.3 1 1
github.com/lukaszraczylo/mcp-filepuff/internal/edit/edit.go:354.2,354.28 1 27
github.com/lukaszraczylo/mcp-filepuff/internal/edit/edit.go:358.88,360.44 1 834
github.com/lukaszraczylo/mcp-filepuff/internal/edit/edit.go:360.44,362.3 1 670
github.com/lukaszraczylo/mcp-filepuff/internal/edit/edit.go:365.2,365.20 1 164
github.com/lukaszraczylo/mcp-filepuff/internal/edit/edit.go:365.20,367.22 2 109
github.com/lukaszraczylo/mcp-filepuff/internal/edit/edit.go:367.22,370.50 2 86
github.com/lukaszraczylo/mcp-filepuff/internal/edit/edit.go:370.50,372.53 2 28
github.com/lukaszraczylo/mcp-filepuff/internal/edit/edit.go:372.53,373.56 1 4
github.com/lukaszraczylo/mcp-filepuff/internal/edit/edit.go:373.56,375.12 2 0
github.com/lukaszraczylo/mcp-filepuff/internal/edit/edit.go:379.4,379.14 1 86
github.com/lukaszraczylo/mcp-filepuff/internal/edit/edit.go:379.14,381.5 1 86
github.com/lukaszraczylo/mcp-filepuff/internal/edit/edit.go:382.9,382.63 1 23
github.com/lukaszraczylo/mcp-filepuff/internal/edit/edit.go:382.63,384.4 1 4
github.com/lukaszraczylo/mcp-filepuff/internal/edit/edit.go:388.2,388.20 1 74
github.com/lukaszraczylo/mcp-filepuff/internal/edit/edit.go:388.20,391.53 3 45
github.com/lukaszraczylo/mcp-filepuff/internal/edit/edit.go:391.53,393.4 1 35
github.com/lukaszraczylo/mcp-filepuff/internal/edit/edit.go:397.2,397.23 1 39
github.com/lukaszraczylo/mcp-filepuff/internal/edit/edit.go:397.23,399.47 2 0
github.com/lukaszraczylo/mcp-filepuff/internal/edit/edit.go:399.47,401.4 1 0
github.com/lukaszraczylo/mcp-filepuff/internal/edit/edit.go:404.2,404.13 1 39
github.com/lukaszraczylo/mcp-filepuff/internal/edit/edit.go:408.94,418.24 6 23
github.com/lukaszraczylo/mcp-filepuff/internal/edit/edit.go:419.19,422.48 3 20
github.com/lukaszraczylo/mcp-filepuff/internal/edit/edit.go:424.24,428.50 4 1
github.com/lukaszraczylo/mcp-filepuff/internal/edit/edit.go:430.23,434.48 4 1
github.com/lukaszraczylo/mcp-filepuff/internal/edit/edit.go:436.18,438.48 2 1
github.com/lukaszraczylo/mcp-filepuff/internal/edit/edit.go:440.10,441.66 1 0
github.com/lukaszraczylo/mcp-filepuff/internal/edit/edit.go:444.2,444.20 1 23
github.com/lukaszraczylo/mcp-filepuff/internal/edit/edit.go:448.63,451.52 2 26
github.com/lukaszraczylo/mcp-filepuff/internal/edit/edit.go:451.52,453.3 1 5
github.com/lukaszraczylo/mcp-filepuff/internal/edit/edit.go:456.2,457.64 2 26
github.com/lukaszraczylo/mcp-filepuff/internal/edit/edit.go:457.64,459.28 2 5
github.com/lukaszraczylo/mcp-filepuff/internal/edit/edit.go:459.28,461.4 1 5
github.com/lukaszraczylo/mcp-filepuff/internal/edit/edit.go:461.9,462.9 1 0
github.com/lukaszraczylo/mcp-filepuff/internal/edit/edit.go:466.2,466.24 1 26
github.com/lukaszraczylo/mcp-filepuff/internal/edit/edit.go:470.58,471.18 1 28
github.com/lukaszraczylo/mcp-filepuff/internal/edit/edit.go:471.18,473.3 1 27
github.com/lukaszraczylo/mcp-filepuff/internal/edit/edit.go:475.2,476.29 2 1
github.com/lukaszraczylo/mcp-filepuff/internal/edit/edit.go:476.29,477.26 1 1
github.com/lukaszraczylo/mcp-filepuff/internal/edit/edit.go:477.26,479.4 1 0
github.com/lukaszraczylo/mcp-filepuff/internal/edit/edit.go:482.2,482.34 1 1
github.com/lukaszraczylo/mcp-filepuff/internal/edit/edit.go:487.63,501.29 8 24
github.com/lukaszraczylo/mcp-filepuff/internal/edit/edit.go:501.29,503.30 2 97
github.com/lukaszraczylo/mcp-filepuff/internal/edit/edit.go:503.30,505.39 1 213
github.com/lukaszraczylo/mcp-filepuff/internal/edit/edit.go:505.39,506.13 1 28
github.com/lukaszraczylo/mcp-filepuff/internal/edit/edit.go:509.4,509.21 1 185
github.com/lukaszraczylo/mcp-filepuff/internal/edit/edit.go:510.35,511.48 1 20
github.com/lukaszraczylo/mcp-filepuff/internal/edit/edit.go:512.35,513.48 1 26
github.com/lukaszraczylo/mcp-filepuff/internal/edit/edit.go:514.34,516.14 2 139
github.com/lukaszraczylo/mcp-filepuff/internal/edit/edit.go:521.2,521.21 1 24
github.com/lukaszraczylo/mcp-filepuff/internal/edit/edit.go:525.99,526.9 1 6
github.com/lukaszraczylo/mcp-filepuff/internal/edit/edit.go:527.22,528.55 1 4
github.com/lukaszraczylo/mcp-filepuff/internal/edit/edit.go:529.29,530.65 1 1
github.com/lukaszraczylo/mcp-filepuff/internal/edit/edit.go:531.22,532.59 1 1
github.com/lukaszraczylo/mcp-filepuff/internal/edit/edit.go:533.10,534.83 1 0
github.com/lukaszraczylo/mcp-filepuff/internal/edit/edit.go:539.100,540.16 1 4
github.com/lukaszraczylo/mcp-filepuff/internal/edit/edit.go:540.16,542.3 1 0
github.com/lukaszraczylo/mcp-filepuff/internal/edit/edit.go:544.2,549.6 5 4
github.com/lukaszraczylo/mcp-filepuff/internal/edit/edit.go:549.6,551.16 2 10
github.com/lukaszraczylo/mcp-filepuff/internal/edit/edit.go:551.16,552.9 1 4
github.com/lukaszraczylo/mcp-filepuff/internal/edit/edit.go:554.3,558.20 2 6
github.com/lukaszraczylo/mcp-filepuff/internal/edit/edit.go:561.2,561.23 1 4
github.com/lukaszraczylo/mcp-filepuff/internal/edit/edit.go:561.23,563.3 1 0
github.com/lukaszraczylo/mcp-filepuff/internal/edit/edit.go:566.2,566.36 1 4
github.com/lukaszraczylo/mcp-filepuff/internal/edit/edit.go:566.36,571.29 2 1
github.com/lukaszraczylo/mcp-filepuff/internal/edit/edit.go:571.29,572.14 1 2
github.com/lukaszraczylo/mcp-filepuff/internal/edit/edit.go:572.14,574.10 2 0
github.com/lukaszraczylo/mcp-filepuff/internal/edit/edit.go:576.4,577.63 2 2
github.com/lukaszraczylo/mcp-filepuff/internal/edit/edit.go:579.3,580.64 1 1
github.com/lukaszraczylo/mcp-filepuff/internal/edit/edit.go:583.2,583.27 1 3
github.com/lukaszraczylo/mcp-filepuff/internal/edit/edit.go:583.27,585.3 1 0
github.com/lukaszraczylo/mcp-filepuff/internal/edit/edit.go:587.2,587.54 1 3
github.com/lukaszraczylo/mcp-filepuff/internal/edit/edit.go:591.106,593.16 2 1
github.com/lukaszraczylo/mcp-filepuff/internal/edit/edit.go:593.16,595.3 1 0
github.com/lukaszraczylo/mcp-filepuff/internal/edit/edit.go:597.2,598.23 2 1
github.com/lukaszraczylo/mcp-filepuff/internal/edit/edit.go:598.23,600.3 1 0
github.com/lukaszraczylo/mcp-filepuff/internal/edit/edit.go:603.2,603.36 1 1
github.com/lukaszraczylo/mcp-filepuff/internal/edit/edit.go:603.36,605.29 2 0
github.com/lukaszraczylo/mcp-filepuff/internal/edit/edit.go:605.29,606.14 1 0
github.com/lukaszraczylo/mcp-filepuff/internal/edit/edit.go:606.14,608.10 2 0
github.com/lukaszraczylo/mcp-filepuff/internal/edit/edit.go:610.4,611.63 2 0
github.com/lukaszraczylo/mcp-filepuff/internal/edit/edit.go:613.3,614.64 1 0
github.com/lukaszraczylo/mcp-filepuff/internal/edit/edit.go:617.2,617.27 1 1
github.com/lukaszraczylo/mcp-filepuff/internal/edit/edit.go:617.27,619.3 1 0
github.com/lukaszraczylo/mcp-filepuff/internal/edit/edit.go:621.2,621.50 1 1
github.com/lukaszraczylo/mcp-filepuff/internal/edit/edit.go:625.100,626.18 1 7
github.com/lukaszraczylo/mcp-filepuff/internal/edit/edit.go:626.18,628.3 1 1
github.com/lukaszraczylo/mcp-filepuff/internal/edit/edit.go:630.2,630.19 1 7
github.com/lukaszraczylo/mcp-filepuff/internal/edit/edit.go:630.19,632.3 1 1
github.com/lukaszraczylo/mcp-filepuff/internal/edit/edit.go:634.2,634.25 1 6
github.com/lukaszraczylo/mcp-filepuff/internal/edit/edit.go:634.25,636.3 1 1
github.com/lukaszraczylo/mcp-filepuff/internal/edit/edit.go:638.2,645.28 5 5
github.com/lukaszraczylo/mcp-filepuff/internal/edit/edit.go:645.28,647.3 1 1
github.com/lukaszraczylo/mcp-filepuff/internal/edit/edit.go:648.2,648.26 1 4
github.com/lukaszraczylo/mcp-filepuff/internal/edit/edit.go:648.26,650.3 1 0
github.com/lukaszraczylo/mcp-filepuff/internal/edit/edit.go:653.2,654.32 2 4
github.com/lukaszraczylo/mcp-filepuff/internal/edit/edit.go:654.32,656.3 1 4
github.com/lukaszraczylo/mcp-filepuff/internal/edit/edit.go:658.2,659.38 2 4
github.com/lukaszraczylo/mcp-filepuff/internal/edit/edit.go:659.38,661.23 2 8
github.com/lukaszraczylo/mcp-filepuff/internal/edit/edit.go:661.23,663.4 1 8
github.com/lukaszraczylo/mcp-filepuff/internal/edit/edit.go:666.2,666.24 1 4
github.com/lukaszraczylo/mcp-filepuff/internal/edit/edit.go:670.126,677.12 4 5
github.com/lukaszraczylo/mcp-filepuff/internal/edit/edit.go:678.19,681.44 3 4
github.com/lukaszraczylo/mcp-filepuff/internal/edit/edit.go:683.24,687.46 4 0
github.com/lukaszraczylo/mcp-filepuff/internal/edit/edit.go:689.23,693.44 4 1
github.com/lukaszraczylo/mcp-filepuff/internal/edit/edit.go:695.18,697.44 2 0
github.com/lukaszraczylo/mcp-filepuff/internal/edit/edit.go:699.10,700.54 1 0
github.com/lukaszraczylo/mcp-filepuff/internal/edit/edit.go:703.2,703.20 1 5
github.com/lukaszraczylo/mcp-filepuff/internal/edit/edit.go:707.66,710.52 2 5
github.com/lukaszraczylo/mcp-filepuff/internal/edit/edit.go:710.52,712.3 1 2
github.com/lukaszraczylo/mcp-filepuff/internal/edit/edit.go:715.2,716.59 2 5
github.com/lukaszraczylo/mcp-filepuff/internal/edit/edit.go:716.59,718.28 2 2
github.com/lukaszraczylo/mcp-filepuff/internal/edit/edit.go:718.28,720.4 1 2
github.com/lukaszraczylo/mcp-filepuff/internal/edit/edit.go:720.9,721.9 1 0
github.com/lukaszraczylo/mcp-filepuff/internal/edit/edit.go:725.2,725.24 1 5
github.com/lukaszraczylo/mcp-filepuff/internal/edit/edit.go:729.50,730.22 1 0
github.com/lukaszraczylo/mcp-filepuff/internal/edit/edit.go:730.22,732.3 1 0
github.com/lukaszraczylo/mcp-filepuff/internal/edit/edit.go:733.2,733.29 1 0
github.com/lukaszraczylo/mcp-filepuff/internal/edit/edit.go:737.37,739.2 1 2
github.com/lukaszraczylo/mcp-filepuff/internal/edit/edit.go:744.46,746.34 2 0
github.com/lukaszraczylo/mcp-filepuff/internal/edit/edit.go:746.34,748.3 1 0
github.com/lukaszraczylo/mcp-filepuff/internal/edit/edit.go:749.2,749.12 1 0
github.com/lukaszraczylo/mcp-filepuff/internal/lsp/client.go:58.40,60.2 1 0
github.com/lukaszraczylo/mcp-filepuff/internal/lsp/client.go:70.48,72.16 2 0
github.com/lukaszraczylo/mcp-filepuff/internal/lsp/client.go:72.16,74.3 1 0
github.com/lukaszraczylo/mcp-filepuff/internal/lsp/client.go:76.2,77.16 2 0
github.com/lukaszraczylo/mcp-filepuff/internal/lsp/client.go:77.16,80.3 2 0
github.com/lukaszraczylo/mcp-filepuff/internal/lsp/client.go:82.2,83.16 2 0
github.com/lukaszraczylo/mcp-filepuff/internal/lsp/client.go:83.16,87.3 3 0
github.com/lukaszraczylo/mcp-filepuff/internal/lsp/client.go:89.2,89.36 1 0
github.com/lukaszraczylo/mcp-filepuff/internal/lsp/client.go:89.36,94.3 4 0
github.com/lukaszraczylo/mcp-filepuff/internal/lsp/client.go:96.2,110.15 3 0
github.com/lukaszraczylo/mcp-filepuff/internal/lsp/client.go:114.98,116.16 2 0
github.com/lukaszraczylo/mcp-filepuff/internal/lsp/client.go:116.16,119.3 2 0
github.com/lukaszraczylo/mcp-filepuff/internal/lsp/client.go:120.2,136.15 8 0
github.com/lukaszraczylo/mcp-filepuff/internal/lsp/client.go:136.15,140.3 3 0
github.com/lukaszraczylo/mcp-filepuff/internal/lsp/client.go:143.2,143.36 1 0
github.com/lukaszraczylo/mcp-filepuff/internal/lsp/client.go:143.36,145.3 1 0
github.com/lukaszraczylo/mcp-filepuff/internal/lsp/client.go:148.2,148.9 1 0
github.com/lukaszraczylo/mcp-filepuff/internal/lsp/client.go:149.20,150.24 1 0
github.com/lukaszraczylo/mcp-filepuff/internal/lsp/client.go:151.16,152.42 1 0
github.com/lukaszraczylo/mcp-filepuff/internal/lsp/client.go:153.26,154.24 1 0
github.com/lukaszraczylo/mcp-filepuff/internal/lsp/client.go:154.24,156.4 1 0
github.com/lukaszraczylo/mcp-filepuff/internal/lsp/client.go:157.3,157.19 1 0
github.com/lukaszraczylo/mcp-filepuff/internal/lsp/client.go:162.66,164.16 2 0
github.com/lukaszraczylo/mcp-filepuff/internal/lsp/client.go:164.16,167.3 2 0
github.com/lukaszraczylo/mcp-filepuff/internal/lsp/client.go:168.2,180.22 3 0
github.com/lukaszraczylo/mcp-filepuff/internal/lsp/client.go:184.55,186.2 1 0
github.com/lukaszraczylo/mcp-filepuff/internal/lsp/client.go:189.32,191.23 2 0
github.com/lukaszraczylo/mcp-filepuff/internal/lsp/client.go:191.23,203.13 7 0
github.com/lukaszraczylo/mcp-filepuff/internal/lsp/client.go:203.13,206.4 2 0
github.com/lukaszraczylo/mcp-filepuff/internal/lsp/client.go:208.3,208.10 1 0
github.com/lukaszraczylo/mcp-filepuff/internal/lsp/client.go:209.15,209.15 0 0
github.com/lukaszraczylo/mcp-filepuff/internal/lsp/client.go:211.38,213.28 1 0
github.com/lukaszraczylo/mcp-filepuff/internal/lsp/client.go:216.3,216.25 1 0
github.com/lukaszraczylo/mcp-filepuff/internal/lsp/client.go:218.2,218.12 1 0
github.com/lukaszraczylo/mcp-filepuff/internal/lsp/client.go:222.46,224.16 2 0
github.com/lukaszraczylo/mcp-filepuff/internal/lsp/client.go:224.16,226.3 1 0
github.com/lukaszraczylo/mcp-filepuff/internal/lsp/client.go:229.2,231.16 3 0
github.com/lukaszraczylo/mcp-filepuff/internal/lsp/client.go:231.16,233.3 1 0
github.com/lukaszraczylo/mcp-filepuff/internal/lsp/client.go:235.2,236.16 2 0
github.com/lukaszraczylo/mcp-filepuff/internal/lsp/client.go:236.16,238.3 1 0
github.com/lukaszraczylo/mcp-filepuff/internal/lsp/client.go:240.2,240.12 1 0
github.com/lukaszraczylo/mcp-filepuff/internal/lsp/client.go:244.29,247.6 2 0
github.com/lukaszraczylo/mcp-filepuff/internal/lsp/client.go:247.6,248.10 1 0
github.com/lukaszraczylo/mcp-filepuff/internal/lsp/client.go:249.17,250.10 1 0
github.com/lukaszraczylo/mcp-filepuff/internal/lsp/client.go:251.11,251.11 0 0
github.com/lukaszraczylo/mcp-filepuff/internal/lsp/client.go:255.3,256.7 2 0
github.com/lukaszraczylo/mcp-filepuff/internal/lsp/client.go:256.7,258.18 2 0
github.com/lukaszraczylo/mcp-filepuff/internal/lsp/client.go:258.18,260.5 1 0
github.com/lukaszraczylo/mcp-filepuff/internal/lsp/client.go:261.4,262.18 2 0
github.com/lukaszraczylo/mcp-filepuff/internal/lsp/client.go:262.18,263.10 1 0
github.com/lukaszraczylo/mcp-filepuff/internal/lsp/client.go:265.4,265.50 1 0
github.com/lukaszraczylo/mcp-filepuff/internal/lsp/client.go:265.50,268.5 2 0
github.com/lukaszraczylo/mcp-filepuff/internal/lsp/client.go:271.3,271.25 1 0
github.com/lukaszraczylo/mcp-filepuff/internal/lsp/client.go:271.25,272.12 1 0
github.com/lukaszraczylo/mcp-filepuff/internal/lsp/client.go:276.3,278.17 3 0
github.com/lukaszraczylo/mcp-filepuff/internal/lsp/client.go:278.17,280.4 1 0
github.com/lukaszraczylo/mcp-filepuff/internal/lsp/client.go:283.3,284.69 2 0
github.com/lukaszraczylo/mcp-filepuff/internal/lsp/client.go:284.69,286.40 2 0
github.com/lukaszraczylo/mcp-filepuff/internal/lsp/client.go:286.40,288.5 1 0
github.com/lukaszraczylo/mcp-filepuff/internal/lsp/client.go:289.4,290.12 2 0
github.com/lukaszraczylo/mcp-filepuff/internal/lsp/client.go:294.3,295.76 2 0
github.com/lukaszraczylo/mcp-filepuff/internal/lsp/client.go:295.76,296.11 1 0
github.com/lukaszraczylo/mcp-filepuff/internal/lsp/client.go:297.35,297.35 0 0
github.com/lukaszraczylo/mcp-filepuff/internal/lsp/client.go:298.12,298.12 0 0
github.com/lukaszraczylo/mcp-filepuff/internal/lsp/client.go:306.35,310.2 3 0
github.com/lukaszraczylo/mcp-filepuff/internal/lsp/manager.go:74.69,88.2 3 0
github.com/lukaszraczylo/mcp-filepuff/internal/lsp/manager.go:91.98,96.25 4 0
github.com/lukaszraczylo/mcp-filepuff/internal/lsp/manager.go:96.25,102.3 4 0
github.com/lukaszraczylo/mcp-filepuff/internal/lsp/manager.go:105.2,109.49 3 0
github.com/lukaszraczylo/mcp-filepuff/internal/lsp/manager.go:109.49,114.3 4 0
github.com/lukaszraczylo/mcp-filepuff/internal/lsp/manager.go:117.2,118.9 2 0
github.com/lukaszraczylo/mcp-filepuff/internal/lsp/manager.go:118.9,122.3 1 0
github.com/lukaszraczylo/mcp-filepuff/internal/lsp/manager.go:125.2,126.16 2 0
github.com/lukaszraczylo/mcp-filepuff/internal/lsp/manager.go:126.16,128.3 1 0
github.com/lukaszraczylo/mcp-filepuff/internal/lsp/manager.go:131.2,138.16 6 0
github.com/lukaszraczylo/mcp-filepuff/internal/lsp/manager.go:138.16,140.25 1 0
github.com/lukaszraczylo/mcp-filepuff/internal/lsp/manager.go:140.25,142.4 1 0
github.com/lukaszraczylo/mcp-filepuff/internal/lsp/manager.go:143.3,146.97 1 0
github.com/lukaszraczylo/mcp-filepuff/internal/lsp/manager.go:149.2,157.56 2 0
github.com/lukaszraczylo/mcp-filepuff/internal/lsp/manager.go:157.56,160.25 2 0
github.com/lukaszraczylo/mcp-filepuff/internal/lsp/manager.go:160.25,162.4 1 0
github.com/lukaszraczylo/mcp-filepuff/internal/lsp/manager.go:163.3,167.70 2 0
github.com/lukaszraczylo/mcp-filepuff/internal/lsp/manager.go:170.2,174.20 4 0
github.com/lukaszraczylo/mcp-filepuff/internal/lsp/manager.go:178.83,204.16 6 0
github.com/lukaszraczylo/mcp-filepuff/internal/lsp/manager.go:204.16,206.3 1 0
github.com/lukaszraczylo/mcp-filepuff/internal/lsp/manager.go:209.2,210.61 2 0
github.com/lukaszraczylo/mcp-filepuff/internal/lsp/manager.go:210.61,212.3 1 0
github.com/lukaszraczylo/mcp-filepuff/internal/lsp/manager.go:213.2,216.69 2 0
github.com/lukaszraczylo/mcp-filepuff/internal/lsp/manager.go:216.69,218.3 1 0
github.com/lukaszraczylo/mcp-filepuff/internal/lsp/manager.go:220.2,220.12 1 0
github.com/lukaszraczylo/mcp-filepuff/internal/lsp/manager.go:224.96,227.16 3 0
github.com/lukaszraczylo/mcp-filepuff/internal/lsp/manager.go:227.16,229.3 1 0
github.com/lukaszraczylo/mcp-filepuff/internal/lsp/manager.go:232.2,233.16 2 0
github.com/lukaszraczylo/mcp-filepuff/internal/lsp/manager.go:233.16,235.3 1 0
github.com/lukaszraczylo/mcp-filepuff/internal/lsp/manager.go:237.2,253.16 5 0
github.com/lukaszraczylo/mcp-filepuff/internal/lsp/manager.go:253.16,255.3 1 0
github.com/lukaszraczylo/mcp-filepuff/internal/lsp/manager.go:257.2,257.57 1 0
github.com/lukaszraczylo/mcp-filepuff/internal/lsp/manager.go:257.57,259.3 1 0
github.com/lukaszraczylo/mcp-filepuff/internal/lsp/manager.go:261.2,262.61 2 0
github.com/lukaszraczylo/mcp-filepuff/internal/lsp/manager.go:262.61,264.3 1 0
github.com/lukaszraczylo/mcp-filepuff/internal/lsp/manager.go:266.2,266.21 1 0
github.com/lukaszraczylo/mcp-filepuff/internal/lsp/manager.go:270.99,273.16 3 0
github.com/lukaszraczylo/mcp-filepuff/internal/lsp/manager.go:273.16,275.3 1 0
github.com/lukaszraczylo/mcp-filepuff/internal/lsp/manager.go:278.2,279.16 2 0
github.com/lukaszraczylo/mcp-filepuff/internal/lsp/manager.go:279.16,281.3 1 0
github.com/lukaszraczylo/mcp-filepuff/internal/lsp/manager.go:283.2,299.16 5 0
github.com/lukaszraczylo/mcp-filepuff/internal/lsp/manager.go:299.16,301.3 1 0
github.com/lukaszraczylo/mcp-filepuff/internal/lsp/manager.go:303.2,303.57 1 0
github.com/lukaszraczylo/mcp-filepuff/internal/lsp/manager.go:303.57,305.3 1 0
github.com/lukaszraczylo/mcp-filepuff/internal/lsp/manager.go:308.2,309.64 2 0
github.com/lukaszraczylo/mcp-filepuff/internal/lsp/manager.go:309.64,312.62 2 0
github.com/lukaszraczylo/mcp-filepuff/internal/lsp/manager.go:312.62,314.4 1 0
github.com/lukaszraczylo/mcp-filepuff/internal/lsp/manager.go:317.2,317.23 1 0
github.com/lukaszraczylo/mcp-filepuff/internal/lsp/manager.go:321.124,324.16 3 0
github.com/lukaszraczylo/mcp-filepuff/internal/lsp/manager.go:324.16,326.3 1 0
github.com/lukaszraczylo/mcp-filepuff/internal/lsp/manager.go:329.2,330.16 2 0
github.com/lukaszraczylo/mcp-filepuff/internal/lsp/manager.go:330.16,332.3 1 0
github.com/lukaszraczylo/mcp-filepuff/internal/lsp/manager.go:334.2,353.16 5 0
github.com/lukaszraczylo/mcp-filepuff/internal/lsp/manager.go:353.16,355.3 1 0
github.com/lukaszraczylo/mcp-filepuff/internal/lsp/manager.go:357.2,357.57 1 0
github.com/lukaszraczylo/mcp-filepuff/internal/lsp/manager.go:357.57,359.3 1 0
github.com/lukaszraczylo/mcp-filepuff/internal/lsp/manager.go:361.2,362.64 2 0
github.com/lukaszraczylo/mcp-filepuff/internal/lsp/manager.go:362.64,364.3 1 0
github.com/lukaszraczylo/mcp-filepuff/internal/lsp/manager.go:366.2,366.23 1 0
github.com/lukaszraczylo/mcp-filepuff/internal/lsp/manager.go:370.98,374.36 3 0
github.com/lukaszraczylo/mcp-filepuff/internal/lsp/manager.go:374.36,377.3 2 0
github.com/lukaszraczylo/mcp-filepuff/internal/lsp/manager.go:378.2,382.16 3 0
github.com/lukaszraczylo/mcp-filepuff/internal/lsp/manager.go:382.16,384.3 1 0
github.com/lukaszraczylo/mcp-filepuff/internal/lsp/manager.go:387.2,398.74 3 0
github.com/lukaszraczylo/mcp-filepuff/internal/lsp/manager.go:398.74,400.3 1 0
github.com/lukaszraczylo/mcp-filepuff/internal/lsp/manager.go:402.2,406.12 4 0
github.com/lukaszraczylo/mcp-filepuff/internal/lsp/manager.go:410.95,415.23 4 0
github.com/lukaszraczylo/mcp-filepuff/internal/lsp/manager.go:415.23,417.3 1 0
github.com/lukaszraczylo/mcp-filepuff/internal/lsp/manager.go:419.2,422.37 3 0
github.com/lukaszraczylo/mcp-filepuff/internal/lsp/manager.go:422.37,425.3 2 0
github.com/lukaszraczylo/mcp-filepuff/internal/lsp/manager.go:426.2,435.59 4 0
github.com/lukaszraczylo/mcp-filepuff/internal/lsp/manager.go:439.37,443.6 3 0
github.com/lukaszraczylo/mcp-filepuff/internal/lsp/manager.go:443.6,444.10 1 0
github.com/lukaszraczylo/mcp-filepuff/internal/lsp/manager.go:445.23,446.10 1 0
github.com/lukaszraczylo/mcp-filepuff/internal/lsp/manager.go:447.19,449.37 2 0
github.com/lukaszraczylo/mcp-filepuff/internal/lsp/manager.go:449.37,455.13 4 0
github.com/lukaszraczylo/mcp-filepuff/internal/lsp/manager.go:455.13,459.6 3 0
github.com/lukaszraczylo/mcp-filepuff/internal/lsp/manager.go:461.4,461.17 1 0
github.com/lukaszraczylo/mcp-filepuff/internal/lsp/manager.go:467.33,475.35 5 0
github.com/lukaszraczylo/mcp-filepuff/internal/lsp/manager.go:475.35,483.3 6 0
github.com/lukaszraczylo/mcp-filepuff/internal/lsp/manager.go:485.2,486.12 2 0
github.com/lukaszraczylo/mcp-filepuff/internal/lsp/manager.go:490.60,492.9 2 0
github.com/lukaszraczylo/mcp-filepuff/internal/lsp/manager.go:492.9,494.3 1 0
github.com/lukaszraczylo/mcp-filepuff/internal/lsp/manager.go:496.2,497.19 2 0
github.com/lukaszraczylo/mcp-filepuff/internal/lsp/manager.go:501.36,503.16 2 1
github.com/lukaszraczylo/mcp-filepuff/internal/lsp/manager.go:503.16,505.3 1 0
github.com/lukaszraczylo/mcp-filepuff/internal/lsp/manager.go:506.2,506.28 1 1
github.com/lukaszraczylo/mcp-filepuff/internal/lsp/manager.go:510.35,511.42 1 2
github.com/lukaszraczylo/mcp-filepuff/internal/lsp/manager.go:511.42,513.3 1 1
github.com/lukaszraczylo/mcp-filepuff/internal/lsp/manager.go:514.2,514.12 1 1
github.com/lukaszraczylo/mcp-filepuff/internal/lsp/manager.go:518.53,519.14 1 7
github.com/lukaszraczylo/mcp-filepuff/internal/lsp/manager.go:520.23,521.14 1 1
github.com/lukaszraczylo/mcp-filepuff/internal/lsp/manager.go:522.31,523.22 1 1
github.com/lukaszraczylo/mcp-filepuff/internal/lsp/manager.go:524.31,525.22 1 1
github.com/lukaszraczylo/mcp-filepuff/internal/lsp/manager.go:526.27,527.18 1 1
github.com/lukaszraczylo/mcp-filepuff/internal/lsp/manager.go:528.22,529.13 1 1
github.com/lukaszraczylo/mcp-filepuff/internal/lsp/manager.go:530.24,531.15 1 1
github.com/lukaszraczylo/mcp-filepuff/internal/lsp/manager.go:532.10,533.22 1 1
github.com/lukaszraczylo/mcp-filepuff/internal/parser/ast.go:9.72,10.17 1 0
github.com/lukaszraczylo/mcp-filepuff/internal/parser/ast.go:10.17,12.3 1 0
github.com/lukaszraczylo/mcp-filepuff/internal/parser/ast.go:14.2,15.17 2 0
github.com/lukaszraczylo/mcp-filepuff/internal/parser/ast.go:15.17,17.3 1 0
github.com/lukaszraczylo/mcp-filepuff/internal/parser/ast.go:20.2,25.37 2 0
github.com/lukaszraczylo/mcp-filepuff/internal/parser/ast.go:29.74,30.17 1 0
github.com/lukaszraczylo/mcp-filepuff/internal/parser/ast.go:30.17,32.3 1 0
github.com/lukaszraczylo/mcp-filepuff/internal/parser/ast.go:34.2,38.48 3 0
github.com/lukaszraczylo/mcp-filepuff/internal/parser/ast.go:38.48,40.3 1 0
github.com/lukaszraczylo/mcp-filepuff/internal/parser/ast.go:43.2,43.46 1 0
github.com/lukaszraczylo/mcp-filepuff/internal/parser/ast.go:43.46,45.19 2 0
github.com/lukaszraczylo/mcp-filepuff/internal/parser/ast.go:45.19,46.12 1 0
github.com/lukaszraczylo/mcp-filepuff/internal/parser/ast.go:48.3,48.61 1 0
github.com/lukaszraczylo/mcp-filepuff/internal/parser/ast.go:48.61,50.4 1 0
github.com/lukaszraczylo/mcp-filepuff/internal/parser/ast.go:54.2,54.13 1 0
github.com/lukaszraczylo/mcp-filepuff/internal/parser/ast.go:58.56,60.86 1 0
github.com/lukaszraczylo/mcp-filepuff/internal/parser/ast.go:60.86,62.3 1 0
github.com/lukaszraczylo/mcp-filepuff/internal/parser/ast.go:64.2,64.81 1 0
github.com/lukaszraczylo/mcp-filepuff/internal/parser/ast.go:64.81,66.3 1 0
github.com/lukaszraczylo/mcp-filepuff/internal/parser/ast.go:67.2,67.13 1 0
github.com/lukaszraczylo/mcp-filepuff/internal/parser/ast.go:71.68,72.17 1 0
github.com/lukaszraczylo/mcp-filepuff/internal/parser/ast.go:72.17,74.3 1 0
github.com/lukaszraczylo/mcp-filepuff/internal/parser/ast.go:76.2,77.21 2 0
github.com/lukaszraczylo/mcp-filepuff/internal/parser/ast.go:77.21,78.29 1 0
github.com/lukaszraczylo/mcp-filepuff/internal/parser/ast.go:78.29,80.4 1 0
github.com/lukaszraczylo/mcp-filepuff/internal/parser/ast.go:81.3,81.29 1 0
github.com/lukaszraczylo/mcp-filepuff/internal/parser/ast.go:83.2,83.12 1 0
github.com/lukaszraczylo/mcp-filepuff/internal/parser/ast.go:87.60,88.17 1 49
github.com/lukaszraczylo/mcp-filepuff/internal/parser/ast.go:88.17,90.3 1 0
github.com/lukaszraczylo/mcp-filepuff/internal/parser/ast.go:92.2,95.59 3 49
github.com/lukaszraczylo/mcp-filepuff/internal/parser/ast.go:95.59,97.3 1 0
github.com/lukaszraczylo/mcp-filepuff/internal/parser/ast.go:99.2,99.35 1 49
github.com/lukaszraczylo/mcp-filepuff/internal/parser/ast.go:104.62,105.17 1 464
github.com/lukaszraczylo/mcp-filepuff/internal/parser/ast.go:105.17,107.3 1 0
github.com/lukaszraczylo/mcp-filepuff/internal/parser/ast.go:109.2,109.15 1 464
github.com/lukaszraczylo/mcp-filepuff/internal/parser/ast.go:109.15,111.3 1 19
github.com/lukaszraczylo/mcp-filepuff/internal/parser/ast.go:113.2,113.46 1 445
github.com/lukaszraczylo/mcp-filepuff/internal/parser/ast.go:113.46,115.3 1 437
github.com/lukaszraczylo/mcp-filepuff/internal/parser/ast.go:119.69,122.43 2 0
github.com/lukaszraczylo/mcp-filepuff/internal/parser/ast.go:122.43,123.23 1 0
github.com/lukaszraczylo/mcp-filepuff/internal/parser/ast.go:123.23,125.4 1 0
github.com/lukaszraczylo/mcp-filepuff/internal/parser/ast.go:126.3,126.14 1 0
github.com/lukaszraczylo/mcp-filepuff/internal/parser/ast.go:129.2,129.14 1 0
github.com/lukaszraczylo/mcp-filepuff/internal/parser/ast.go:133.58,134.17 1 0
github.com/lukaszraczylo/mcp-filepuff/internal/parser/ast.go:134.17,136.3 1 0
github.com/lukaszraczylo/mcp-filepuff/internal/parser/ast.go:138.2,139.51 2 0
github.com/lukaszraczylo/mcp-filepuff/internal/parser/ast.go:139.51,140.48 1 0
github.com/lukaszraczylo/mcp-filepuff/internal/parser/ast.go:140.48,142.4 1 0
github.com/lukaszraczylo/mcp-filepuff/internal/parser/ast.go:144.2,144.17 1 0
github.com/lukaszraczylo/mcp-filepuff/internal/parser/ast.go:148.76,149.17 1 0
github.com/lukaszraczylo/mcp-filepuff/internal/parser/ast.go:149.17,151.3 1 0
github.com/lukaszraczylo/mcp-filepuff/internal/parser/ast.go:152.2,152.41 1 0
github.com/lukaszraczylo/mcp-filepuff/internal/parser/ast.go:156.73,157.17 1 20
github.com/lukaszraczylo/mcp-filepuff/internal/parser/ast.go:157.17,159.3 1 0
github.com/lukaszraczylo/mcp-filepuff/internal/parser/ast.go:161.2,166.3 2 20
github.com/lukaszraczylo/mcp-filepuff/internal/parser/ast.go:170.67,171.17 1 0
github.com/lukaszraczylo/mcp-filepuff/internal/parser/ast.go:171.17,173.3 1 0
github.com/lukaszraczylo/mcp-filepuff/internal/parser/ast.go:175.2,189.3 3 0
github.com/lukaszraczylo/mcp-filepuff/internal/parser/docextract.go:35.92,36.14 1 31
github.com/lukaszraczylo/mcp-filepuff/internal/parser/docextract.go:36.14,38.3 1 0
github.com/lukaszraczylo/mcp-filepuff/internal/parser/docextract.go:40.2,40.14 1 31
github.com/lukaszraczylo/mcp-filepuff/internal/parser/docextract.go:41.23,42.41 1 8
github.com/lukaszraczylo/mcp-filepuff/internal/parser/docextract.go:43.56,44.41 1 7
github.com/lukaszraczylo/mcp-filepuff/internal/parser/docextract.go:45.27,46.45 1 8
github.com/lukaszraczylo/mcp-filepuff/internal/parser/docextract.go:47.40,48.40 1 8
github.com/lukaszraczylo/mcp-filepuff/internal/parser/docextract.go:49.10,50.13 1 0
github.com/lukaszraczylo/mcp-filepuff/internal/parser/docextract.go:56.70,58.24 2 8
github.com/lukaszraczylo/mcp-filepuff/internal/parser/docextract.go:58.24,60.3 1 1
github.com/lukaszraczylo/mcp-filepuff/internal/parser/docextract.go:62.2,67.29 5 7
github.com/lukaszraczylo/mcp-filepuff/internal/parser/docextract.go:67.29,71.22 3 9
github.com/lukaszraczylo/mcp-filepuff/internal/parser/docextract.go:71.22,73.4 1 7
github.com/lukaszraczylo/mcp-filepuff/internal/parser/docextract.go:74.3,77.20 3 9
github.com/lukaszraczylo/mcp-filepuff/internal/parser/docextract.go:77.20,79.4 1 9
github.com/lukaszraczylo/mcp-filepuff/internal/parser/docextract.go:82.2,82.21 1 7
github.com/lukaszraczylo/mcp-filepuff/internal/parser/docextract.go:82.21,84.3 1 0
github.com/lukaszraczylo/mcp-filepuff/internal/parser/docextract.go:86.2,93.3 1 7
github.com/lukaszraczylo/mcp-filepuff/internal/parser/docextract.go:97.70,99.24 2 7
github.com/lukaszraczylo/mcp-filepuff/internal/parser/docextract.go:99.24,101.3 1 4
github.com/lukaszraczylo/mcp-filepuff/internal/parser/docextract.go:104.2,105.42 2 3
github.com/lukaszraczylo/mcp-filepuff/internal/parser/docextract.go:105.42,107.56 2 3
github.com/lukaszraczylo/mcp-filepuff/internal/parser/docextract.go:107.56,109.9 2 2
github.com/lukaszraczylo/mcp-filepuff/internal/parser/docextract.go:113.2,113.25 1 3
github.com/lukaszraczylo/mcp-filepuff/internal/parser/docextract.go:113.25,124.3 3 2
github.com/lukaszraczylo/mcp-filepuff/internal/parser/docextract.go:127.2,132.29 5 1
github.com/lukaszraczylo/mcp-filepuff/internal/parser/docextract.go:132.29,136.22 3 1
github.com/lukaszraczylo/mcp-filepuff/internal/parser/docextract.go:136.22,138.4 1 1
github.com/lukaszraczylo/mcp-filepuff/internal/parser/docextract.go:139.3,142.20 3 1
github.com/lukaszraczylo/mcp-filepuff/internal/parser/docextract.go:142.20,144.4 1 1
github.com/lukaszraczylo/mcp-filepuff/internal/parser/docextract.go:147.2,147.21 1 1
github.com/lukaszraczylo/mcp-filepuff/internal/parser/docextract.go:147.21,149.3 1 0
github.com/lukaszraczylo/mcp-filepuff/internal/parser/docextract.go:151.2,158.3 1 1
github.com/lukaszraczylo/mcp-filepuff/internal/parser/docextract.go:163.74,166.17 2 8
github.com/lukaszraczylo/mcp-filepuff/internal/parser/docextract.go:166.17,168.3 1 0
github.com/lukaszraczylo/mcp-filepuff/internal/parser/docextract.go:171.2,171.32 1 8
github.com/lukaszraczylo/mcp-filepuff/internal/parser/docextract.go:171.32,173.61 2 8
github.com/lukaszraczylo/mcp-filepuff/internal/parser/docextract.go:173.61,174.35 1 7
github.com/lukaszraczylo/mcp-filepuff/internal/parser/docextract.go:174.35,176.47 2 7
github.com/lukaszraczylo/mcp-filepuff/internal/parser/docextract.go:176.47,187.6 3 6
github.com/lukaszraczylo/mcp-filepuff/internal/parser/docextract.go:193.2,194.24 2 2
github.com/lukaszraczylo/mcp-filepuff/internal/parser/docextract.go:194.24,196.3 1 2
github.com/lukaszraczylo/mcp-filepuff/internal/parser/docextract.go:198.2,203.29 5 0
github.com/lukaszraczylo/mcp-filepuff/internal/parser/docextract.go:203.29,207.22 3 0
github.com/lukaszraczylo/mcp-filepuff/internal/parser/docextract.go:207.22,209.4 1 0
github.com/lukaszraczylo/mcp-filepuff/internal/parser/docextract.go:210.3,214.20 3 0
github.com/lukaszraczylo/mcp-filepuff/internal/parser/docextract.go:214.20,216.4 1 0
github.com/lukaszraczylo/mcp-filepuff/internal/parser/docextract.go:219.2,219.21 1 0
github.com/lukaszraczylo/mcp-filepuff/internal/parser/docextract.go:219.21,221.3 1 0
github.com/lukaszraczylo/mcp-filepuff/internal/parser/docextract.go:223.2,230.3 1 0
github.com/lukaszraczylo/mcp-filepuff/internal/parser/docextract.go:234.69,236.24 2 8
github.com/lukaszraczylo/mcp-filepuff/internal/parser/docextract.go:236.24,238.3 1 5
github.com/lukaszraczylo/mcp-filepuff/internal/parser/docextract.go:241.2,242.42 2 3
github.com/lukaszraczylo/mcp-filepuff/internal/parser/docextract.go:242.42,245.114 3 3
github.com/lukaszraczylo/mcp-filepuff/internal/parser/docextract.go:245.114,247.9 2 1
github.com/lukaszraczylo/mcp-filepuff/internal/parser/docextract.go:251.2,251.24 1 3
github.com/lukaszraczylo/mcp-filepuff/internal/parser/docextract.go:251.24,262.3 3 1
github.com/lukaszraczylo/mcp-filepuff/internal/parser/docextract.go:265.2,270.29 5 2
github.com/lukaszraczylo/mcp-filepuff/internal/parser/docextract.go:270.29,274.22 3 2
github.com/lukaszraczylo/mcp-filepuff/internal/parser/docextract.go:274.22,276.4 1 2
github.com/lukaszraczylo/mcp-filepuff/internal/parser/docextract.go:277.3,280.20 3 2
github.com/lukaszraczylo/mcp-filepuff/internal/parser/docextract.go:280.20,282.4 1 2
github.com/lukaszraczylo/mcp-filepuff/internal/parser/docextract.go:285.2,285.21 1 2
github.com/lukaszraczylo/mcp-filepuff/internal/parser/docextract.go:285.21,287.3 1 0
github.com/lukaszraczylo/mcp-filepuff/internal/parser/docextract.go:289.2,296.3 1 2
github.com/lukaszraczylo/mcp-filepuff/internal/parser/docextract.go:300.95,307.18 4 25
github.com/lukaszraczylo/mcp-filepuff/internal/parser/docextract.go:307.18,310.35 3 31
github.com/lukaszraczylo/mcp-filepuff/internal/parser/docextract.go:310.35,311.22 1 31
github.com/lukaszraczylo/mcp-filepuff/internal/parser/docextract.go:311.22,313.10 2 15
github.com/lukaszraczylo/mcp-filepuff/internal/parser/docextract.go:317.3,317.17 1 31
github.com/lukaszraczylo/mcp-filepuff/internal/parser/docextract.go:317.17,318.9 1 16
github.com/lukaszraczylo/mcp-filepuff/internal/parser/docextract.go:321.3,324.41 2 15
github.com/lukaszraczylo/mcp-filepuff/internal/parser/docextract.go:324.41,325.9 1 0
github.com/lukaszraczylo/mcp-filepuff/internal/parser/docextract.go:328.3,330.28 3 15
github.com/lukaszraczylo/mcp-filepuff/internal/parser/docextract.go:333.2,333.17 1 25
github.com/lukaszraczylo/mcp-filepuff/internal/parser/docextract.go:337.54,339.39 2 17
github.com/lukaszraczylo/mcp-filepuff/internal/parser/docextract.go:339.39,341.3 1 1
github.com/lukaszraczylo/mcp-filepuff/internal/parser/docextract.go:342.2,342.76 1 16
github.com/lukaszraczylo/mcp-filepuff/internal/parser/docextract.go:342.76,344.3 1 2
github.com/lukaszraczylo/mcp-filepuff/internal/parser/docextract.go:345.2,345.38 1 14
github.com/lukaszraczylo/mcp-filepuff/internal/parser/docextract.go:345.38,347.3 1 4
github.com/lukaszraczylo/mcp-filepuff/internal/parser/docextract.go:348.2,348.38 1 10
github.com/lukaszraczylo/mcp-filepuff/internal/parser/docextract.go:348.38,350.3 1 7
github.com/lukaszraczylo/mcp-filepuff/internal/parser/docextract.go:351.2,351.37 1 3
github.com/lukaszraczylo/mcp-filepuff/internal/parser/docextract.go:351.37,353.3 1 1
github.com/lukaszraczylo/mcp-filepuff/internal/parser/docextract.go:354.2,354.76 1 2
github.com/lukaszraczylo/mcp-filepuff/internal/parser/docextract.go:354.76,356.3 1 2
github.com/lukaszraczylo/mcp-filepuff/internal/parser/docextract.go:357.2,357.25 1 0
github.com/lukaszraczylo/mcp-filepuff/internal/parser/docextract.go:361.44,365.61 2 12
github.com/lukaszraczylo/mcp-filepuff/internal/parser/docextract.go:365.61,367.3 1 9
github.com/lukaszraczylo/mcp-filepuff/internal/parser/docextract.go:370.2,370.74 1 3
github.com/lukaszraczylo/mcp-filepuff/internal/parser/docextract.go:370.74,374.3 3 3
github.com/lukaszraczylo/mcp-filepuff/internal/parser/docextract.go:376.2,376.35 1 0
github.com/lukaszraczylo/mcp-filepuff/internal/parser/docextract.go:380.44,382.2 1 1
github.com/lukaszraczylo/mcp-filepuff/internal/parser/docextract.go:385.43,387.2 1 2
github.com/lukaszraczylo/mcp-filepuff/internal/parser/docextract.go:390.47,394.29 3 6
github.com/lukaszraczylo/mcp-filepuff/internal/parser/docextract.go:394.29,400.3 4 17
github.com/lukaszraczylo/mcp-filepuff/internal/parser/docextract.go:403.2,403.43 1 6
github.com/lukaszraczylo/mcp-filepuff/internal/parser/docextract.go:403.43,405.3 1 4
github.com/lukaszraczylo/mcp-filepuff/internal/parser/docextract.go:406.2,406.56 1 6
github.com/lukaszraczylo/mcp-filepuff/internal/parser/docextract.go:406.56,408.3 1 4
github.com/lukaszraczylo/mcp-filepuff/internal/parser/docextract.go:410.2,410.36 1 6
github.com/lukaszraczylo/mcp-filepuff/internal/parser/docextract.go:414.61,428.29 8 5
github.com/lukaszraczylo/mcp-filepuff/internal/parser/docextract.go:428.29,433.69 4 18
github.com/lukaszraczylo/mcp-filepuff/internal/parser/docextract.go:433.69,436.41 3 7
github.com/lukaszraczylo/mcp-filepuff/internal/parser/docextract.go:436.41,438.5 1 1
github.com/lukaszraczylo/mcp-filepuff/internal/parser/docextract.go:438.10,440.5 1 6
github.com/lukaszraczylo/mcp-filepuff/internal/parser/docextract.go:441.9,441.24 1 11
github.com/lukaszraczylo/mcp-filepuff/internal/parser/docextract.go:441.24,443.4 1 4
github.com/lukaszraczylo/mcp-filepuff/internal/parser/docextract.go:446.2,446.44 1 5
github.com/lukaszraczylo/mcp-filepuff/internal/parser/docextract.go:450.63,468.29 10 4
github.com/lukaszraczylo/mcp-filepuff/internal/parser/docextract.go:468.29,473.69 4 17
github.com/lukaszraczylo/mcp-filepuff/internal/parser/docextract.go:473.69,476.41 3 7
github.com/lukaszraczylo/mcp-filepuff/internal/parser/docextract.go:476.41,478.5 1 1
github.com/lukaszraczylo/mcp-filepuff/internal/parser/docextract.go:478.10,480.5 1 6
github.com/lukaszraczylo/mcp-filepuff/internal/parser/docextract.go:481.9,481.24 1 10
github.com/lukaszraczylo/mcp-filepuff/internal/parser/docextract.go:481.24,483.4 1 4
github.com/lukaszraczylo/mcp-filepuff/internal/parser/docextract.go:486.2,486.44 1 4
github.com/lukaszraczylo/mcp-filepuff/internal/parser/docextract.go:490.47,491.34 1 9
github.com/lukaszraczylo/mcp-filepuff/internal/parser/docextract.go:491.34,493.3 1 2
github.com/lukaszraczylo/mcp-filepuff/internal/parser/docextract.go:495.2,498.23 3 7
github.com/lukaszraczylo/mcp-filepuff/internal/parser/docextract.go:498.23,505.38 4 1
github.com/lukaszraczylo/mcp-filepuff/internal/parser/docextract.go:505.38,506.40 1 4
github.com/lukaszraczylo/mcp-filepuff/internal/parser/docextract.go:506.40,507.51 1 1
github.com/lukaszraczylo/mcp-filepuff/internal/parser/docextract.go:507.51,509.6 1 1
github.com/lukaszraczylo/mcp-filepuff/internal/parser/docextract.go:514.3,514.39 1 1
github.com/lukaszraczylo/mcp-filepuff/internal/parser/docextract.go:514.39,515.40 1 3
github.com/lukaszraczylo/mcp-filepuff/internal/parser/docextract.go:515.40,517.5 1 1
github.com/lukaszraczylo/mcp-filepuff/internal/parser/docextract.go:521.3,522.32 2 1
github.com/lukaszraczylo/mcp-filepuff/internal/parser/docextract.go:522.32,524.4 1 4
github.com/lukaszraczylo/mcp-filepuff/internal/parser/docextract.go:525.3,525.33 1 1
github.com/lukaszraczylo/mcp-filepuff/internal/parser/docextract.go:525.33,527.4 1 3
github.com/lukaszraczylo/mcp-filepuff/internal/parser/docextract.go:529.3,529.38 1 1
github.com/lukaszraczylo/mcp-filepuff/internal/parser/docextract.go:529.38,530.25 1 2
github.com/lukaszraczylo/mcp-filepuff/internal/parser/docextract.go:530.25,532.5 1 0
github.com/lukaszraczylo/mcp-filepuff/internal/parser/docextract.go:536.2,536.39 1 7
github.com/lukaszraczylo/mcp-filepuff/internal/parser/docextract.go:540.46,550.2 6 6
github.com/lukaszraczylo/mcp-filepuff/internal/parser/parser.go:57.30,60.16 2 18
github.com/lukaszraczylo/mcp-filepuff/internal/parser/parser.go:60.16,62.60 1 0
github.com/lukaszraczylo/mcp-filepuff/internal/parser/parser.go:65.2,68.3 1 18
github.com/lukaszraczylo/mcp-filepuff/internal/parser/parser.go:72.68,73.14 1 27
github.com/lukaszraczylo/mcp-filepuff/internal/parser/parser.go:74.23,75.35 1 8
github.com/lukaszraczylo/mcp-filepuff/internal/parser/parser.go:76.31,77.39 1 2
github.com/lukaszraczylo/mcp-filepuff/internal/parser/parser.go:78.31,79.39 1 4
github.com/lukaszraczylo/mcp-filepuff/internal/parser/parser.go:80.27,81.35 1 4
github.com/lukaszraczylo/mcp-filepuff/internal/parser/parser.go:82.22,83.30 1 3
github.com/lukaszraczylo/mcp-filepuff/internal/parser/parser.go:84.24,85.32 1 1
github.com/lukaszraczylo/mcp-filepuff/internal/parser/parser.go:86.25,87.33 1 2
github.com/lukaszraczylo/mcp-filepuff/internal/parser/parser.go:88.24,90.33 1 2
github.com/lukaszraczylo/mcp-filepuff/internal/parser/parser.go:91.10,94.97 1 1
github.com/lukaszraczylo/mcp-filepuff/internal/parser/parser.go:99.78,101.34 2 139
github.com/lukaszraczylo/mcp-filepuff/internal/parser/parser.go:101.34,104.3 2 112
github.com/lukaszraczylo/mcp-filepuff/internal/parser/parser.go:105.2,112.34 4 27
github.com/lukaszraczylo/mcp-filepuff/internal/parser/parser.go:112.34,114.3 1 0
github.com/lukaszraczylo/mcp-filepuff/internal/parser/parser.go:116.2,117.16 2 27
github.com/lukaszraczylo/mcp-filepuff/internal/parser/parser.go:117.16,119.3 1 1
github.com/lukaszraczylo/mcp-filepuff/internal/parser/parser.go:121.2,125.20 4 26
github.com/lukaszraczylo/mcp-filepuff/internal/parser/parser.go:129.102,131.32 1 136
github.com/lukaszraczylo/mcp-filepuff/internal/parser/parser.go:131.32,133.3 1 0
github.com/lukaszraczylo/mcp-filepuff/internal/parser/parser.go:136.2,136.23 1 136
github.com/lukaszraczylo/mcp-filepuff/internal/parser/parser.go:136.23,140.3 1 0
github.com/lukaszraczylo/mcp-filepuff/internal/parser/parser.go:143.2,144.34 2 136
github.com/lukaszraczylo/mcp-filepuff/internal/parser/parser.go:144.34,148.3 1 1
github.com/lukaszraczylo/mcp-filepuff/internal/parser/parser.go:151.2,151.14 1 135
github.com/lukaszraczylo/mcp-filepuff/internal/parser/parser.go:152.25,153.45 1 2
github.com/lukaszraczylo/mcp-filepuff/internal/parser/parser.go:154.25,155.45 1 1
github.com/lukaszraczylo/mcp-filepuff/internal/parser/parser.go:159.2,160.68 2 132
github.com/lukaszraczylo/mcp-filepuff/internal/parser/parser.go:160.68,168.3 2 2
github.com/lukaszraczylo/mcp-filepuff/internal/parser/parser.go:171.2,172.16 2 130
github.com/lukaszraczylo/mcp-filepuff/internal/parser/parser.go:172.16,174.3 1 0
github.com/lukaszraczylo/mcp-filepuff/internal/parser/parser.go:178.2,182.16 4 130
github.com/lukaszraczylo/mcp-filepuff/internal/parser/parser.go:182.16,184.3 1 0
github.com/lukaszraczylo/mcp-filepuff/internal/parser/parser.go:187.2,200.8 3 130
github.com/lukaszraczylo/mcp-filepuff/internal/parser/parser.go:204.63,208.30 3 132
github.com/lukaszraczylo/mcp-filepuff/internal/parser/parser.go:208.30,209.15 1 2407
github.com/lukaszraczylo/mcp-filepuff/internal/parser/parser.go:209.15,211.4 1 0
github.com/lukaszraczylo/mcp-filepuff/internal/parser/parser.go:213.3,213.35 1 2407
github.com/lukaszraczylo/mcp-filepuff/internal/parser/parser.go:213.35,216.21 3 5
github.com/lukaszraczylo/mcp-filepuff/internal/parser/parser.go:216.21,218.5 1 2
github.com/lukaszraczylo/mcp-filepuff/internal/parser/parser.go:220.4,227.6 1 5
github.com/lukaszraczylo/mcp-filepuff/internal/parser/parser.go:230.3,230.44 1 2407
github.com/lukaszraczylo/mcp-filepuff/internal/parser/parser.go:230.44,232.4 1 2275
github.com/lukaszraczylo/mcp-filepuff/internal/parser/parser.go:235.2,236.15 2 132
github.com/lukaszraczylo/mcp-filepuff/internal/parser/parser.go:241.41,244.2 2 141
github.com/lukaszraczylo/mcp-filepuff/internal/parser/parser.go:247.36,251.26 2 139
github.com/lukaszraczylo/mcp-filepuff/internal/parser/parser.go:251.26,252.22 1 6104
github.com/lukaszraczylo/mcp-filepuff/internal/parser/parser.go:252.22,254.4 1 1
github.com/lukaszraczylo/mcp-filepuff/internal/parser/parser.go:256.2,256.14 1 138
github.com/lukaszraczylo/mcp-filepuff/internal/parser/parser.go:260.28,264.30 3 16
github.com/lukaszraczylo/mcp-filepuff/internal/parser/parser.go:264.30,266.3 1 24
github.com/lukaszraczylo/mcp-filepuff/internal/parser/parser.go:267.2,270.17 2 16
github.com/lukaszraczylo/mcp-filepuff/internal/parser/symbols.go:9.115,10.17 1 4
github.com/lukaszraczylo/mcp-filepuff/internal/parser/symbols.go:10.17,12.3 1 0
github.com/lukaszraczylo/mcp-filepuff/internal/parser/symbols.go:14.2,15.17 2 4
github.com/lukaszraczylo/mcp-filepuff/internal/parser/symbols.go:15.17,17.3 1 0
github.com/lukaszraczylo/mcp-filepuff/internal/parser/symbols.go:19.2,19.14 1 4
github.com/lukaszraczylo/mcp-filepuff/internal/parser/symbols.go:20.23,21.51 1 1
github.com/lukaszraczylo/mcp-filepuff/internal/parser/symbols.go:22.56,23.51 1 1
github.com/lukaszraczylo/mcp-filepuff/internal/parser/symbols.go:24.27,25.55 1 1
github.com/lukaszraczylo/mcp-filepuff/internal/parser/symbols.go:26.40,27.50 1 1
github.com/lukaszraczylo/mcp-filepuff/internal/parser/symbols.go:28.10,29.13 1 0
github.com/lukaszraczylo/mcp-filepuff/internal/parser/symbols.go:34.93,37.43 2 1
github.com/lukaszraczylo/mcp-filepuff/internal/parser/symbols.go:37.43,40.19 2 84
github.com/lukaszraczylo/mcp-filepuff/internal/parser/symbols.go:41.31,42.52 1 1
github.com/lukaszraczylo/mcp-filepuff/internal/parser/symbols.go:43.29,44.50 1 1
github.com/lukaszraczylo/mcp-filepuff/internal/parser/symbols.go:45.27,46.48 1 1
github.com/lukaszraczylo/mcp-filepuff/internal/parser/symbols.go:47.47,50.15 3 2
github.com/lukaszraczylo/mcp-filepuff/internal/parser/symbols.go:53.3,53.20 1 82
github.com/lukaszraczylo/mcp-filepuff/internal/parser/symbols.go:53.20,54.73 1 3
github.com/lukaszraczylo/mcp-filepuff/internal/parser/symbols.go:54.73,56.5 1 3
github.com/lukaszraczylo/mcp-filepuff/internal/parser/symbols.go:57.4,57.38 1 3
github.com/lukaszraczylo/mcp-filepuff/internal/parser/symbols.go:60.3,60.14 1 82
github.com/lukaszraczylo/mcp-filepuff/internal/parser/symbols.go:63.2,63.16 1 1
github.com/lukaszraczylo/mcp-filepuff/internal/parser/symbols.go:66.90,68.21 2 1
github.com/lukaszraczylo/mcp-filepuff/internal/parser/symbols.go:68.21,70.3 1 0
github.com/lukaszraczylo/mcp-filepuff/internal/parser/symbols.go:72.2,76.3 1 1
github.com/lukaszraczylo/mcp-filepuff/internal/parser/symbols.go:79.88,81.21 2 1
github.com/lukaszraczylo/mcp-filepuff/internal/parser/symbols.go:81.21,83.3 1 0
github.com/lukaszraczylo/mcp-filepuff/internal/parser/symbols.go:86.2,88.21 3 1
github.com/lukaszraczylo/mcp-filepuff/internal/parser/symbols.go:88.21,90.51 1 1
github.com/lukaszraczylo/mcp-filepuff/internal/parser/symbols.go:90.51,91.40 1 8
github.com/lukaszraczylo/mcp-filepuff/internal/parser/symbols.go:91.40,94.5 2 1
github.com/lukaszraczylo/mcp-filepuff/internal/parser/symbols.go:95.4,95.15 1 7
github.com/lukaszraczylo/mcp-filepuff/internal/parser/symbols.go:99.2,100.24 2 1
github.com/lukaszraczylo/mcp-filepuff/internal/parser/symbols.go:100.24,102.3 1 1
github.com/lukaszraczylo/mcp-filepuff/internal/parser/symbols.go:104.2,108.3 1 1
github.com/lukaszraczylo/mcp-filepuff/internal/parser/symbols.go:111.86,113.48 1 1
github.com/lukaszraczylo/mcp-filepuff/internal/parser/symbols.go:113.48,115.50 2 1
github.com/lukaszraczylo/mcp-filepuff/internal/parser/symbols.go:115.50,117.23 2 1
github.com/lukaszraczylo/mcp-filepuff/internal/parser/symbols.go:117.23,118.13 1 0
github.com/lukaszraczylo/mcp-filepuff/internal/parser/symbols.go:121.4,123.23 3 1
github.com/lukaszraczylo/mcp-filepuff/internal/parser/symbols.go:123.23,124.28 1 1
github.com/lukaszraczylo/mcp-filepuff/internal/parser/symbols.go:125.24,126.34 1 1
github.com/lukaszraczylo/mcp-filepuff/internal/parser/symbols.go:127.27,128.37 1 0
github.com/lukaszraczylo/mcp-filepuff/internal/parser/symbols.go:132.4,136.5 1 1
github.com/lukaszraczylo/mcp-filepuff/internal/parser/symbols.go:139.2,139.12 1 0
github.com/lukaszraczylo/mcp-filepuff/internal/parser/symbols.go:142.91,145.37 3 2
github.com/lukaszraczylo/mcp-filepuff/internal/parser/symbols.go:145.37,147.3 1 1
github.com/lukaszraczylo/mcp-filepuff/internal/parser/symbols.go:149.2,149.43 1 2
github.com/lukaszraczylo/mcp-filepuff/internal/parser/symbols.go:149.43,150.63 1 16
github.com/lukaszraczylo/mcp-filepuff/internal/parser/symbols.go:150.63,152.23 2 2
github.com/lukaszraczylo/mcp-filepuff/internal/parser/symbols.go:152.23,158.5 1 2
github.com/lukaszraczylo/mcp-filepuff/internal/parser/symbols.go:160.3,160.14 1 16
github.com/lukaszraczylo/mcp-filepuff/internal/parser/symbols.go:163.2,163.16 1 2
github.com/lukaszraczylo/mcp-filepuff/internal/parser/symbols.go:167.93,170.43 2 1
github.com/lukaszraczylo/mcp-filepuff/internal/parser/symbols.go:170.43,173.19 2 81
github.com/lukaszraczylo/mcp-filepuff/internal/parser/symbols.go:174.31,175.52 1 1
github.com/lukaszraczylo/mcp-filepuff/internal/parser/symbols.go:176.28,177.49 1 1
github.com/lukaszraczylo/mcp-filepuff/internal/parser/symbols.go:178.28,179.50 1 2
github.com/lukaszraczylo/mcp-filepuff/internal/parser/symbols.go:180.54,183.15 3 2
github.com/lukaszraczylo/mcp-filepuff/internal/parser/symbols.go:184.32,185.53 1 0
github.com/lukaszraczylo/mcp-filepuff/internal/parser/symbols.go:186.33,187.53 1 0
github.com/lukaszraczylo/mcp-filepuff/internal/parser/symbols.go:190.3,190.20 1 79
github.com/lukaszraczylo/mcp-filepuff/internal/parser/symbols.go:190.20,191.81 1 4
github.com/lukaszraczylo/mcp-filepuff/internal/parser/symbols.go:191.81,193.5 1 0
github.com/lukaszraczylo/mcp-filepuff/internal/parser/symbols.go:194.4,194.38 1 4
github.com/lukaszraczylo/mcp-filepuff/internal/parser/symbols.go:197.3,197.14 1 79
github.com/lukaszraczylo/mcp-filepuff/internal/parser/symbols.go:200.2,200.16 1 1
github.com/lukaszraczylo/mcp-filepuff/internal/parser/symbols.go:203.90,205.21 2 1
github.com/lukaszraczylo/mcp-filepuff/internal/parser/symbols.go:205.21,207.3 1 0
github.com/lukaszraczylo/mcp-filepuff/internal/parser/symbols.go:209.2,213.3 1 1
github.com/lukaszraczylo/mcp-filepuff/internal/parser/symbols.go:216.87,218.21 2 1
github.com/lukaszraczylo/mcp-filepuff/internal/parser/symbols.go:218.21,220.3 1 0
github.com/lukaszraczylo/mcp-filepuff/internal/parser/symbols.go:222.2,226.3 1 1
github.com/lukaszraczylo/mcp-filepuff/internal/parser/symbols.go:229.88,231.21 2 2
github.com/lukaszraczylo/mcp-filepuff/internal/parser/symbols.go:231.21,233.3 1 0
github.com/lukaszraczylo/mcp-filepuff/internal/parser/symbols.go:235.2,239.3 1 2
github.com/lukaszraczylo/mcp-filepuff/internal/parser/symbols.go:242.91,245.43 2 2
github.com/lukaszraczylo/mcp-filepuff/internal/parser/symbols.go:245.43,246.43 1 14
github.com/lukaszraczylo/mcp-filepuff/internal/parser/symbols.go:246.43,248.23 2 2
github.com/lukaszraczylo/mcp-filepuff/internal/parser/symbols.go:248.23,254.5 1 2
github.com/lukaszraczylo/mcp-filepuff/internal/parser/symbols.go:256.3,256.14 1 14
github.com/lukaszraczylo/mcp-filepuff/internal/parser/symbols.go:259.2,259.16 1 2
github.com/lukaszraczylo/mcp-filepuff/internal/parser/symbols.go:262.91,264.21 2 0
github.com/lukaszraczylo/mcp-filepuff/internal/parser/symbols.go:264.21,266.3 1 0
github.com/lukaszraczylo/mcp-filepuff/internal/parser/symbols.go:268.2,272.3 1 0
github.com/lukaszraczylo/mcp-filepuff/internal/parser/symbols.go:275.91,277.21 2 0
github.com/lukaszraczylo/mcp-filepuff/internal/parser/symbols.go:277.21,279.3 1 0
github.com/lukaszraczylo/mcp-filepuff/internal/parser/symbols.go:281.2,285.3 1 0
github.com/lukaszraczylo/mcp-filepuff/internal/parser/symbols.go:289.97,292.43 2 1
github.com/lukaszraczylo/mcp-filepuff/internal/parser/symbols.go:292.43,295.19 2 73
github.com/lukaszraczylo/mcp-filepuff/internal/parser/symbols.go:296.30,297.56 1 3
github.com/lukaszraczylo/mcp-filepuff/internal/parser/symbols.go:298.27,299.53 1 1
github.com/lukaszraczylo/mcp-filepuff/internal/parser/symbols.go:302.3,302.20 1 73
github.com/lukaszraczylo/mcp-filepuff/internal/parser/symbols.go:302.20,303.77 1 4
github.com/lukaszraczylo/mcp-filepuff/internal/parser/symbols.go:303.77,305.5 1 2
github.com/lukaszraczylo/mcp-filepuff/internal/parser/symbols.go:306.4,306.38 1 4
github.com/lukaszraczylo/mcp-filepuff/internal/parser/symbols.go:309.3,309.14 1 73
github.com/lukaszraczylo/mcp-filepuff/internal/parser/symbols.go:312.2,312.16 1 1
github.com/lukaszraczylo/mcp-filepuff/internal/parser/symbols.go:315.94,317.21 2 3
github.com/lukaszraczylo/mcp-filepuff/internal/parser/symbols.go:317.21,319.3 1 0
github.com/lukaszraczylo/mcp-filepuff/internal/parser/symbols.go:322.2,324.47 3 3
github.com/lukaszraczylo/mcp-filepuff/internal/parser/symbols.go:324.47,326.69 2 2
github.com/lukaszraczylo/mcp-filepuff/internal/parser/symbols.go:326.69,328.4 1 2
github.com/lukaszraczylo/mcp-filepuff/internal/parser/symbols.go:331.2,335.3 1 3
github.com/lukaszraczylo/mcp-filepuff/internal/parser/symbols.go:338.91,340.21 2 1
github.com/lukaszraczylo/mcp-filepuff/internal/parser/symbols.go:340.21,342.3 1 0
github.com/lukaszraczylo/mcp-filepuff/internal/parser/symbols.go:344.2,348.3 1 1
github.com/lukaszraczylo/mcp-filepuff/internal/parser/symbols.go:352.92,355.43 2 1
github.com/lukaszraczylo/mcp-filepuff/internal/parser/symbols.go:355.43,358.19 2 92
github.com/lukaszraczylo/mcp-filepuff/internal/parser/symbols.go:359.30,360.51 1 2
github.com/lukaszraczylo/mcp-filepuff/internal/parser/symbols.go:361.27,362.49 1 3
github.com/lukaszraczylo/mcp-filepuff/internal/parser/symbols.go:363.26,364.50 1 0
github.com/lukaszraczylo/mcp-filepuff/internal/parser/symbols.go:365.22,367.32 1 1
github.com/lukaszraczylo/mcp-filepuff/internal/parser/symbols.go:367.32,369.5 1 0
github.com/lukaszraczylo/mcp-filepuff/internal/parser/symbols.go:372.3,372.20 1 92
github.com/lukaszraczylo/mcp-filepuff/internal/parser/symbols.go:372.20,373.72 1 5
github.com/lukaszraczylo/mcp-filepuff/internal/parser/symbols.go:373.72,375.5 1 0
github.com/lukaszraczylo/mcp-filepuff/internal/parser/symbols.go:376.4,376.38 1 5
github.com/lukaszraczylo/mcp-filepuff/internal/parser/symbols.go:379.3,379.14 1 92
github.com/lukaszraczylo/mcp-filepuff/internal/parser/symbols.go:382.2,382.16 1 1
github.com/lukaszraczylo/mcp-filepuff/internal/parser/symbols.go:385.89,387.23 2 2
github.com/lukaszraczylo/mcp-filepuff/internal/parser/symbols.go:387.23,389.3 1 0
github.com/lukaszraczylo/mcp-filepuff/internal/parser/symbols.go:392.2,393.52 2 2
github.com/lukaszraczylo/mcp-filepuff/internal/parser/symbols.go:393.52,394.34 1 15
github.com/lukaszraczylo/mcp-filepuff/internal/parser/symbols.go:394.34,397.4 2 3
github.com/lukaszraczylo/mcp-filepuff/internal/parser/symbols.go:398.3,398.14 1 12
github.com/lukaszraczylo/mcp-filepuff/internal/parser/symbols.go:401.2,401.16 1 2
github.com/lukaszraczylo/mcp-filepuff/internal/parser/symbols.go:401.16,403.3 1 0
github.com/lukaszraczylo/mcp-filepuff/internal/parser/symbols.go:405.2,409.3 1 2
github.com/lukaszraczylo/mcp-filepuff/internal/parser/symbols.go:412.87,414.21 2 3
github.com/lukaszraczylo/mcp-filepuff/internal/parser/symbols.go:414.21,416.3 1 0
github.com/lukaszraczylo/mcp-filepuff/internal/parser/symbols.go:418.2,422.3 1 3
github.com/lukaszraczylo/mcp-filepuff/internal/parser/symbols.go:425.88,427.21 2 0
github.com/lukaszraczylo/mcp-filepuff/internal/parser/symbols.go:427.21,429.3 1 0
github.com/lukaszraczylo/mcp-filepuff/internal/parser/symbols.go:431.2,435.3 1 0
github.com/lukaszraczylo/mcp-filepuff/internal/parser/symbols.go:438.93,440.23 2 0
github.com/lukaszraczylo/mcp-filepuff/internal/parser/symbols.go:440.23,442.3 1 0
github.com/lukaszraczylo/mcp-filepuff/internal/parser/symbols.go:444.2,445.52 2 0
github.com/lukaszraczylo/mcp-filepuff/internal/parser/symbols.go:445.52,446.34 1 0
github.com/lukaszraczylo/mcp-filepuff/internal/parser/symbols.go:446.34,449.4 2 0
github.com/lukaszraczylo/mcp-filepuff/internal/parser/symbols.go:450.3,450.14 1 0
github.com/lukaszraczylo/mcp-filepuff/internal/parser/symbols.go:453.2,453.16 1 0
github.com/lukaszraczylo/mcp-filepuff/internal/parser/symbols.go:453.16,455.3 1 0
github.com/lukaszraczylo/mcp-filepuff/internal/parser/symbols.go:457.2,461.3 1 0
github.com/lukaszraczylo/mcp-filepuff/internal/parser/symbols.go:464.49,466.43 2 1
github.com/lukaszraczylo/mcp-filepuff/internal/parser/symbols.go:466.43,467.43 1 14
github.com/lukaszraczylo/mcp-filepuff/internal/parser/symbols.go:467.43,470.4 2 0
github.com/lukaszraczylo/mcp-filepuff/internal/parser/symbols.go:471.3,471.14 1 14
github.com/lukaszraczylo/mcp-filepuff/internal/parser/symbols.go:473.2,473.14 1 1
github.com/lukaszraczylo/mcp-filepuff/internal/parser/yaml_json.go:32.106,34.32 1 6
github.com/lukaszraczylo/mcp-filepuff/internal/parser/yaml_json.go:34.32,36.3 1 0
github.com/lukaszraczylo/mcp-filepuff/internal/parser/yaml_json.go:39.2,40.55 2 6
github.com/lukaszraczylo/mcp-filepuff/internal/parser/yaml_json.go:40.55,42.3 1 1
github.com/lukaszraczylo/mcp-filepuff/internal/parser/yaml_json.go:45.2,54.8 2 5
github.com/lukaszraczylo/mcp-filepuff/internal/parser/yaml_json.go:58.106,60.32 1 6
github.com/lukaszraczylo/mcp-filepuff/internal/parser/yaml_json.go:60.32,62.3 1 0
github.com/lukaszraczylo/mcp-filepuff/internal/parser/yaml_json.go:65.2,66.59 2 6
github.com/lukaszraczylo/mcp-filepuff/internal/parser/yaml_json.go:66.59,68.3 1 2
github.com/lukaszraczylo/mcp-filepuff/internal/parser/yaml_json.go:71.2,76.8 1 4
github.com/lukaszraczylo/mcp-filepuff/internal/parser/yaml_json.go:80.40,85.2 1 5
github.com/lukaszraczylo/mcp-filepuff/internal/parser/yaml_json.go:88.58,89.30 1 12
github.com/lukaszraczylo/mcp-filepuff/internal/parser/yaml_json.go:89.30,91.3 1 0
github.com/lukaszraczylo/mcp-filepuff/internal/parser/yaml_json.go:93.2,93.37 1 12
github.com/lukaszraczylo/mcp-filepuff/internal/parser/yaml_json.go:93.37,95.3 1 11
github.com/lukaszraczylo/mcp-filepuff/internal/parser/yaml_json.go:99.46,100.17 1 0
github.com/lukaszraczylo/mcp-filepuff/internal/parser/yaml_json.go:100.17,102.3 1 0
github.com/lukaszraczylo/mcp-filepuff/internal/parser/yaml_json.go:104.2,104.19 1 0
github.com/lukaszraczylo/mcp-filepuff/internal/parser/yaml_json.go:105.25,106.28 1 0
github.com/lukaszraczylo/mcp-filepuff/internal/parser/yaml_json.go:106.28,108.4 1 0
github.com/lukaszraczylo/mcp-filepuff/internal/parser/yaml_json.go:109.3,109.12 1 0
github.com/lukaszraczylo/mcp-filepuff/internal/parser/yaml_json.go:110.24,111.20 1 0
github.com/lukaszraczylo/mcp-filepuff/internal/parser/yaml_json.go:112.25,113.20 1 0
github.com/lukaszraczylo/mcp-filepuff/internal/parser/yaml_json.go:114.23,115.20 1 0
github.com/lukaszraczylo/mcp-filepuff/internal/parser/yaml_json.go:116.22,117.20 1 0
github.com/lukaszraczylo/mcp-filepuff/internal/parser/yaml_json.go:118.10,119.12 1 0
github.com/lukaszraczylo/mcp-filepuff/internal/parser/yaml_json.go:124.61,125.17 1 0
github.com/lukaszraczylo/mcp-filepuff/internal/parser/yaml_json.go:125.17,127.3 1 0
github.com/lukaszraczylo/mcp-filepuff/internal/parser/yaml_json.go:129.2,132.3 1 0
github.com/lukaszraczylo/mcp-filepuff/internal/parser/yaml_json.go:137.68,139.55 2 0
github.com/lukaszraczylo/mcp-filepuff/internal/parser/yaml_json.go:139.55,141.3 1 0
github.com/lukaszraczylo/mcp-filepuff/internal/parser/yaml_json.go:145.2,147.45 2 0
github.com/lukaszraczylo/mcp-filepuff/internal/parser/yaml_json.go:147.45,148.47 1 0
github.com/lukaszraczylo/mcp-filepuff/internal/parser/yaml_json.go:148.47,150.4 1 0
github.com/lukaszraczylo/mcp-filepuff/internal/parser/yaml_json.go:151.3,151.14 1 0
github.com/lukaszraczylo/mcp-filepuff/internal/parser/yaml_json.go:154.2,154.21 1 0
github.com/lukaszraczylo/mcp-filepuff/internal/parser/yaml_json.go:158.61,160.55 2 0
github.com/lukaszraczylo/mcp-filepuff/internal/parser/yaml_json.go:160.55,162.3 1 0
github.com/lukaszraczylo/mcp-filepuff/internal/parser/yaml_json.go:165.2,170.21 3 0
github.com/lukaszraczylo/mcp-filepuff/internal/parser/yaml_json.go:174.41,176.55 2 2
github.com/lukaszraczylo/mcp-filepuff/internal/parser/yaml_json.go:176.55,178.3 1 1
github.com/lukaszraczylo/mcp-filepuff/internal/parser/yaml_json.go:179.2,179.12 1 1
github.com/lukaszraczylo/mcp-filepuff/internal/parser/yaml_json.go:183.41,185.55 2 2
github.com/lukaszraczylo/mcp-filepuff/internal/parser/yaml_json.go:185.55,187.3 1 1
github.com/lukaszraczylo/mcp-filepuff/internal/parser/yaml_json.go:188.2,188.12 1 1
github.com/lukaszraczylo/mcp-filepuff/internal/parser/yaml_json.go:193.49,195.2 1 0
github.com/lukaszraczylo/mcp-filepuff/internal/query/query.go:22.59,24.48 1 114
github.com/lukaszraczylo/mcp-filepuff/internal/query/query.go:24.48,26.3 1 105
github.com/lukaszraczylo/mcp-filepuff/internal/query/query.go:29.2,30.16 2 9
github.com/lukaszraczylo/mcp-filepuff/internal/query/query.go:30.16,32.3 1 1
github.com/lukaszraczylo/mcp-filepuff/internal/query/query.go:36.2,37.37 2 8
github.com/lukaszraczylo/mcp-filepuff/internal/query/query.go:102.53,104.2 1 6
github.com/lukaszraczylo/mcp-filepuff/internal/query/query.go:107.59,108.19 1 17
github.com/lukaszraczylo/mcp-filepuff/internal/query/query.go:108.19,110.3 1 1
github.com/lukaszraczylo/mcp-filepuff/internal/query/query.go:112.2,123.72 7 16
github.com/lukaszraczylo/mcp-filepuff/internal/query/query.go:123.72,130.3 2 9
github.com/lukaszraczylo/mcp-filepuff/internal/query/query.go:133.2,133.74 1 16
github.com/lukaszraczylo/mcp-filepuff/internal/query/query.go:133.74,136.3 2 9
github.com/lukaszraczylo/mcp-filepuff/internal/query/query.go:139.2,139.67 1 16
github.com/lukaszraczylo/mcp-filepuff/internal/query/query.go:139.67,145.3 1 1
github.com/lukaszraczylo/mcp-filepuff/internal/query/query.go:148.2,148.77 1 16
github.com/lukaszraczylo/mcp-filepuff/internal/query/query.go:148.77,151.3 2 1
github.com/lukaszraczylo/mcp-filepuff/internal/query/query.go:155.2,156.75 2 16
github.com/lukaszraczylo/mcp-filepuff/internal/query/query.go:156.75,159.78 2 17
github.com/lukaszraczylo/mcp-filepuff/internal/query/query.go:159.78,160.12 1 0
github.com/lukaszraczylo/mcp-filepuff/internal/query/query.go:162.3,166.5 1 17
github.com/lukaszraczylo/mcp-filepuff/internal/query/query.go:170.2,170.75 1 16
github.com/lukaszraczylo/mcp-filepuff/internal/query/query.go:170.75,172.78 2 17
github.com/lukaszraczylo/mcp-filepuff/internal/query/query.go:172.78,174.4 1 0
github.com/lukaszraczylo/mcp-filepuff/internal/query/query.go:175.3,176.49 2 17
github.com/lukaszraczylo/mcp-filepuff/internal/query/query.go:179.2,183.8 1 16
github.com/lukaszraczylo/mcp-filepuff/internal/query/query.go:187.138,188.25 1 14
github.com/lukaszraczylo/mcp-filepuff/internal/query/query.go:188.25,190.3 1 1
github.com/lukaszraczylo/mcp-filepuff/internal/query/query.go:192.2,193.48 2 13
github.com/lukaszraczylo/mcp-filepuff/internal/query/query.go:193.48,195.3 1 2
github.com/lukaszraczylo/mcp-filepuff/internal/query/query.go:198.2,199.16 2 11
github.com/lukaszraczylo/mcp-filepuff/internal/query/query.go:199.16,201.3 1 0
github.com/lukaszraczylo/mcp-filepuff/internal/query/query.go:203.2,207.17 3 11
github.com/lukaszraczylo/mcp-filepuff/internal/query/query.go:207.17,209.3 1 0
github.com/lukaszraczylo/mcp-filepuff/internal/query/query.go:211.2,211.50 1 11
github.com/lukaszraczylo/mcp-filepuff/internal/query/query.go:211.50,213.10 1 747
github.com/lukaszraczylo/mcp-filepuff/internal/query/query.go:214.21,215.16 1 0
github.com/lukaszraczylo/mcp-filepuff/internal/query/query.go:216.11,216.11 0 747
github.com/lukaszraczylo/mcp-filepuff/internal/query/query.go:220.3,220.66 1 747
github.com/lukaszraczylo/mcp-filepuff/internal/query/query.go:220.66,222.49 1 29
github.com/lukaszraczylo/mcp-filepuff/internal/query/query.go:222.49,224.5 1 9
github.com/lukaszraczylo/mcp-filepuff/internal/query/query.go:226.4,236.6 2 20
github.com/lukaszraczylo/mcp-filepuff/internal/query/query.go:239.3,239.14 1 738
github.com/lukaszraczylo/mcp-filepuff/internal/query/query.go:242.2,242.21 1 11
github.com/lukaszraczylo/mcp-filepuff/internal/query/query.go:247.107,248.17 1 747
github.com/lukaszraczylo/mcp-filepuff/internal/query/query.go:248.17,250.3 1 0
github.com/lukaszraczylo/mcp-filepuff/internal/query/query.go:252.2,258.26 3 747
github.com/lukaszraczylo/mcp-filepuff/internal/query/query.go:263.126,268.92 3 747
github.com/lukaszraczylo/mcp-filepuff/internal/query/query.go:268.92,269.114 1 522
github.com/lukaszraczylo/mcp-filepuff/internal/query/query.go:269.114,271.4 1 498
github.com/lukaszraczylo/mcp-filepuff/internal/query/query.go:272.3,273.14 2 24
github.com/lukaszraczylo/mcp-filepuff/internal/query/query.go:277.2,277.46 1 225
github.com/lukaszraczylo/mcp-filepuff/internal/query/query.go:277.46,278.72 1 170
github.com/lukaszraczylo/mcp-filepuff/internal/query/query.go:278.72,280.4 1 168
github.com/lukaszraczylo/mcp-filepuff/internal/query/query.go:281.3,282.14 2 2
github.com/lukaszraczylo/mcp-filepuff/internal/query/query.go:286.2,286.134 1 55
github.com/lukaszraczylo/mcp-filepuff/internal/query/query.go:286.134,287.71 1 55
github.com/lukaszraczylo/mcp-filepuff/internal/query/query.go:287.71,289.4 1 52
github.com/lukaszraczylo/mcp-filepuff/internal/query/query.go:290.3,291.14 2 3
github.com/lukaszraczylo/mcp-filepuff/internal/query/query.go:295.2,295.50 1 0
github.com/lukaszraczylo/mcp-filepuff/internal/query/query.go:295.50,296.76 1 0
github.com/lukaszraczylo/mcp-filepuff/internal/query/query.go:296.76,298.4 1 0
github.com/lukaszraczylo/mcp-filepuff/internal/query/query.go:299.3,300.14 2 0
github.com/lukaszraczylo/mcp-filepuff/internal/query/query.go:303.2,303.14 1 0
github.com/lukaszraczylo/mcp-filepuff/internal/query/query.go:307.122,308.34 1 24
github.com/lukaszraczylo/mcp-filepuff/internal/query/query.go:308.34,309.19 1 34
github.com/lukaszraczylo/mcp-filepuff/internal/query/query.go:310.23,311.66 1 24
github.com/lukaszraczylo/mcp-filepuff/internal/query/query.go:311.66,316.5 1 24
github.com/lukaszraczylo/mcp-filepuff/internal/query/query.go:317.43,318.76 1 5
github.com/lukaszraczylo/mcp-filepuff/internal/query/query.go:318.76,320.60 2 5
github.com/lukaszraczylo/mcp-filepuff/internal/query/query.go:320.60,322.6 1 2
github.com/lukaszraczylo/mcp-filepuff/internal/query/query.go:323.5,326.6 1 5
github.com/lukaszraczylo/mcp-filepuff/internal/query/query.go:328.23,329.66 1 5
github.com/lukaszraczylo/mcp-filepuff/internal/query/query.go:329.66,334.5 1 5
github.com/lukaszraczylo/mcp-filepuff/internal/query/query.go:335.47,336.72 1 0
github.com/lukaszraczylo/mcp-filepuff/internal/query/query.go:336.72,341.5 1 0
github.com/lukaszraczylo/mcp-filepuff/internal/query/query.go:347.119,348.34 1 2
github.com/lukaszraczylo/mcp-filepuff/internal/query/query.go:348.34,349.19 1 4
github.com/lukaszraczylo/mcp-filepuff/internal/query/query.go:350.23,351.66 1 2
github.com/lukaszraczylo/mcp-filepuff/internal/query/query.go:351.66,356.5 1 2
github.com/lukaszraczylo/mcp-filepuff/internal/query/query.go:357.23,358.66 1 2
[...]
github.com/lukaszraczylo/mcp-filepuff/internal/server/server.go:559.2,560.16 2 1
github.com/lukaszraczylo/mcp-filepuff/internal/server/server.go:560.16,562.3 1 0
github.com/lukaszraczylo/mcp-filepuff/internal/server/server.go:565.2,579.21 4 1
github.com/lukaszraczylo/mcp-filepuff/internal/server/server.go:579.21,581.3 1 0
github.com/lukaszraczylo/mcp-filepuff/internal/server/server.go:584.2,585.15 2 1
github.com/lukaszraczylo/mcp-filepuff/internal/server/server.go:585.15,587.3 1 0
github.com/lukaszraczylo/mcp-filepuff/internal/server/server.go:589.2,592.35 2 1
github.com/lukaszraczylo/mcp-filepuff/internal/server/server.go:592.35,594.39 1 1
github.com/lukaszraczylo/mcp-filepuff/internal/server/server.go:594.39,595.12 1 1
github.com/lukaszraczylo/mcp-filepuff/internal/server/server.go:598.3,598.89 1 0
github.com/lukaszraczylo/mcp-filepuff/internal/server/server.go:598.89,599.18 1 0
github.com/lukaszraczylo/mcp-filepuff/internal/server/server.go:599.18,601.5 1 0
github.com/lukaszraczylo/mcp-filepuff/internal/server/server.go:603.4,603.20 1 0
github.com/lukaszraczylo/mcp-filepuff/internal/server/server.go:603.20,605.44 1 0
github.com/lukaszraczylo/mcp-filepuff/internal/server/server.go:605.44,607.6 1 0
github.com/lukaszraczylo/mcp-filepuff/internal/server/server.go:608.5,608.15 1 0
github.com/lukaszraczylo/mcp-filepuff/internal/server/server.go:612.4,612.37 1 0
github.com/lukaszraczylo/mcp-filepuff/internal/server/server.go:612.37,614.5 1 0
github.com/lukaszraczylo/mcp-filepuff/internal/server/server.go:617.4,618.18 2 0
github.com/lukaszraczylo/mcp-filepuff/internal/server/server.go:618.18,620.5 1 0
github.com/lukaszraczylo/mcp-filepuff/internal/server/server.go:623.4,623.47 1 0
github.com/lukaszraczylo/mcp-filepuff/internal/server/server.go:623.47,625.5 1 0
github.com/lukaszraczylo/mcp-filepuff/internal/server/server.go:628.4,629.18 2 0
github.com/lukaszraczylo/mcp-filepuff/internal/server/server.go:629.18,631.5 1 0
github.com/lukaszraczylo/mcp-filepuff/internal/server/server.go:634.4,635.18 2 0
github.com/lukaszraczylo/mcp-filepuff/internal/server/server.go:635.18,637.5 1 0
github.com/lukaszraczylo/mcp-filepuff/internal/server/server.go:639.4,642.55 2 0
github.com/lukaszraczylo/mcp-filepuff/internal/server/server.go:642.55,644.5 1 0
github.com/lukaszraczylo/mcp-filepuff/internal/server/server.go:646.4,646.14 1 0
github.com/lukaszraczylo/mcp-filepuff/internal/server/server.go:648.3,648.17 1 0
github.com/lukaszraczylo/mcp-filepuff/internal/server/server.go:648.17,650.4 1 0
github.com/lukaszraczylo/mcp-filepuff/internal/server/server.go:654.2,655.43 2 1
github.com/lukaszraczylo/mcp-filepuff/internal/server/server.go:659.50,660.35 1 1
github.com/lukaszraczylo/mcp-filepuff/internal/server/server.go:661.12,662.15 1 1
github.com/lukaszraczylo/mcp-filepuff/internal/server/server.go:663.20,664.15 1 0
github.com/lukaszraczylo/mcp-filepuff/internal/server/server.go:665.20,666.15 1 0
github.com/lukaszraczylo/mcp-filepuff/internal/server/server.go:667.16,668.15 1 0
github.com/lukaszraczylo/mcp-filepuff/internal/server/server.go:669.11,670.14 1 0
github.com/lukaszraczylo/mcp-filepuff/internal/server/server.go:671.20,672.16 1 0
github.com/lukaszraczylo/mcp-filepuff/internal/server/server.go:673.10,674.12 1 0
github.com/lukaszraczylo/mcp-filepuff/internal/server/server.go:679.112,681.16 2 0
github.com/lukaszraczylo/mcp-filepuff/internal/server/server.go:681.16,683.3 1 0
github.com/lukaszraczylo/mcp-filepuff/internal/server/server.go:685.2,686.15 2 0
github.com/lukaszraczylo/mcp-filepuff/internal/server/server.go:686.15,688.3 1 0
github.com/lukaszraczylo/mcp-filepuff/internal/server/server.go:690.2,691.14 2 0
github.com/lukaszraczylo/mcp-filepuff/internal/server/server.go:691.14,693.3 1 0
github.com/lukaszraczylo/mcp-filepuff/internal/server/server.go:696.2,696.32 1 0
github.com/lukaszraczylo/mcp-filepuff/internal/server/server.go:696.32,698.3 1 0
github.com/lukaszraczylo/mcp-filepuff/internal/server/server.go:701.2,702.16 2 0
github.com/lukaszraczylo/mcp-filepuff/internal/server/server.go:702.16,705.3 1 0
github.com/lukaszraczylo/mcp-filepuff/internal/server/server.go:707.2,707.18 1 0
github.com/lukaszraczylo/mcp-filepuff/internal/server/server.go:707.18,709.3 1 0
github.com/lukaszraczylo/mcp-filepuff/internal/server/server.go:711.2,715.52 4 0
github.com/lukaszraczylo/mcp-filepuff/internal/server/server.go:719.119,721.16 2 0
github.com/lukaszraczylo/mcp-filepuff/internal/server/server.go:721.16,723.3 1 0
github.com/lukaszraczylo/mcp-filepuff/internal/server/server.go:725.2,726.16 2 0
github.com/lukaszraczylo/mcp-filepuff/internal/server/server.go:726.16,728.3 1 0
github.com/lukaszraczylo/mcp-filepuff/internal/server/server.go:730.2,731.17 2 0
github.com/lukaszraczylo/mcp-filepuff/internal/server/server.go:731.17,733.3 1 0
github.com/lukaszraczylo/mcp-filepuff/internal/server/server.go:735.2,740.52 5 0
github.com/lukaszraczylo/mcp-filepuff/internal/server/server.go:744.118,746.16 2 0
github.com/lukaszraczylo/mcp-filepuff/internal/server/server.go:746.16,748.3 1 0
github.com/lukaszraczylo/mcp-filepuff/internal/server/server.go:750.2,751.15 2 0
github.com/lukaszraczylo/mcp-filepuff/internal/server/server.go:751.15,753.3 1 0
github.com/lukaszraczylo/mcp-filepuff/internal/server/server.go:755.2,756.14 2 0
github.com/lukaszraczylo/mcp-filepuff/internal/server/server.go:756.14,758.3 1 0
github.com/lukaszraczylo/mcp-filepuff/internal/server/server.go:761.2,761.32 1 0
github.com/lukaszraczylo/mcp-filepuff/internal/server/server.go:761.32,763.3 1 0
github.com/lukaszraczylo/mcp-filepuff/internal/server/server.go:765.2,766.16 2 0
github.com/lukaszraczylo/mcp-filepuff/internal/server/server.go:766.16,768.3 1 0
github.com/lukaszraczylo/mcp-filepuff/internal/server/server.go:770.2,770.25 1 0
github.com/lukaszraczylo/mcp-filepuff/internal/server/server.go:770.25,772.3 1 0
github.com/lukaszraczylo/mcp-filepuff/internal/server/server.go:774.2,777.32 3 0
github.com/lukaszraczylo/mcp-filepuff/internal/server/server.go:777.32,783.20 4 0
github.com/lukaszraczylo/mcp-filepuff/internal/server/server.go:783.20,787.4 3 0
github.com/lukaszraczylo/mcp-filepuff/internal/server/server.go:788.3,788.27 1 0
github.com/lukaszraczylo/mcp-filepuff/internal/server/server.go:791.2,791.52 1 0
github.com/lukaszraczylo/mcp-filepuff/internal/server/server.go:795.118,797.16 2 0
github.com/lukaszraczylo/mcp-filepuff/internal/server/server.go:797.16,799.3 1 0
github.com/lukaszraczylo/mcp-filepuff/internal/server/server.go:801.2,802.15 2 0
github.com/lukaszraczylo/mcp-filepuff/internal/server/server.go:802.15,804.3 1 0
github.com/lukaszraczylo/mcp-filepuff/internal/server/server.go:806.2,807.14 2 0
github.com/lukaszraczylo/mcp-filepuff/internal/server/server.go:807.14,809.3 1 0
github.com/lukaszraczylo/mcp-filepuff/internal/server/server.go:811.2,814.32 2 0
github.com/lukaszraczylo/mcp-filepuff/internal/server/server.go:814.32,816.3 1 0
github.com/lukaszraczylo/mcp-filepuff/internal/server/server.go:818.2,819.16 2 0
github.com/lukaszraczylo/mcp-filepuff/internal/server/server.go:819.16,821.3 1 0
github.com/lukaszraczylo/mcp-filepuff/internal/server/server.go:823.2,823.25 1 0
github.com/lukaszraczylo/mcp-filepuff/internal/server/server.go:823.25,825.3 1 0
github.com/lukaszraczylo/mcp-filepuff/internal/server/server.go:827.2,832.32 4 0
github.com/lukaszraczylo/mcp-filepuff/internal/server/server.go:832.32,835.3 2 0
github.com/lukaszraczylo/mcp-filepuff/internal/server/server.go:837.2,837.41 1 0
github.com/lukaszraczylo/mcp-filepuff/internal/server/server.go:837.41,839.28 2 0
github.com/lukaszraczylo/mcp-filepuff/internal/server/server.go:839.28,841.4 1 0
github.com/lukaszraczylo/mcp-filepuff/internal/server/server.go:842.3,842.27 1 0
github.com/lukaszraczylo/mcp-filepuff/internal/server/server.go:845.2,845.52 1 0
github.com/lukaszraczylo/mcp-filepuff/internal/server/server.go:849.66,851.16 2 0
github.com/lukaszraczylo/mcp-filepuff/internal/server/server.go:851.16,853.3 1 0
github.com/lukaszraczylo/mcp-filepuff/internal/server/server.go:855.2,860.61 5 0
github.com/lukaszraczylo/mcp-filepuff/internal/server/server.go:860.61,862.26 2 0
github.com/lukaszraczylo/mcp-filepuff/internal/server/server.go:862.26,864.4 1 0
github.com/lukaszraczylo/mcp-filepuff/internal/server/server.go:865.3,866.18 2 0
github.com/lukaszraczylo/mcp-filepuff/internal/server/server.go:866.18,868.4 1 0
github.com/lukaszraczylo/mcp-filepuff/internal/server/server.go:869.3,869.73 1 0
github.com/lukaszraczylo/mcp-filepuff/internal/server/server.go:872.2,872.25 1 0
github.com/lukaszraczylo/mcp-filepuff/internal/server/server.go:876.115,878.2 1 0
github.com/lukaszraczylo/mcp-filepuff/internal/server/server.go:881.113,883.2 1 0
github.com/lukaszraczylo/mcp-filepuff/internal/server/server.go:886.120,888.16 2 2
github.com/lukaszraczylo/mcp-filepuff/internal/server/server.go:888.16,890.3 1 0
github.com/lukaszraczylo/mcp-filepuff/internal/server/server.go:892.2,893.16 2 2
github.com/lukaszraczylo/mcp-filepuff/internal/server/server.go:893.16,895.3 1 0
github.com/lukaszraczylo/mcp-filepuff/internal/server/server.go:898.2,898.32 1 2
github.com/lukaszraczylo/mcp-filepuff/internal/server/server.go:898.32,900.3 1 0
github.com/lukaszraczylo/mcp-filepuff/internal/server/server.go:906.2,925.11 3 2
github.com/lukaszraczylo/mcp-filepuff/internal/server/server.go:925.11,927.3 1 1
github.com/lukaszraczylo/mcp-filepuff/internal/server/server.go:927.8,929.3 1 1
github.com/lukaszraczylo/mcp-filepuff/internal/server/server.go:931.2,931.16 1 2
github.com/lukaszraczylo/mcp-filepuff/internal/server/server.go:931.16,933.3 1 0
github.com/lukaszraczylo/mcp-filepuff/internal/server/server.go:935.2,935.21 1 2
github.com/lukaszraczylo/mcp-filepuff/internal/server/server.go:935.21,937.3 1 0
github.com/lukaszraczylo/mcp-filepuff/internal/server/server.go:940.2,941.11 2 2
github.com/lukaszraczylo/mcp-filepuff/internal/server/server.go:941.11,943.3 1 1
github.com/lukaszraczylo/mcp-filepuff/internal/server/server.go:943.8,945.3 1 1
github.com/lukaszraczylo/mcp-filepuff/internal/server/server.go:947.2,951.52 4 2
github.com/lukaszraczylo/mcp-filepuff/internal/server/server.go:955.49,963.12 5 0
github.com/lukaszraczylo/mcp-filepuff/internal/server/server.go:963.12,967.3 3 0
github.com/lukaszraczylo/mcp-filepuff/internal/server/server.go:969.2,975.33 2 0
github.com/lukaszraczylo/mcp-filepuff/internal/server/server.go:979.54,983.25 2 0
github.com/lukaszraczylo/mcp-filepuff/internal/server/server.go:983.25,985.3 1 0
github.com/lukaszraczylo/mcp-filepuff/internal/server/server.go:988.2,988.21 1 0
github.com/lukaszraczylo/mcp-filepuff/internal/server/server.go:988.21,990.3 1 0
github.com/lukaszraczylo/mcp-filepuff/internal/server/server.go:992.2,992.12 1 0
github.com/lukaszraczylo/mcp-filepuff/pkg/protocol/types.go:67.47,69.13 2 26
github.com/lukaszraczylo/mcp-filepuff/pkg/protocol/types.go:70.13,71.16 1 3
github.com/lukaszraczylo/mcp-filepuff/pkg/protocol/types.go:72.21,73.24 1 4
github.com/lukaszraczylo/mcp-filepuff/pkg/protocol/types.go:74.37,75.24 1 5
github.com/lukaszraczylo/mcp-filepuff/pkg/protocol/types.go:76.21,77.20 1 2
github.com/lukaszraczylo/mcp-filepuff/pkg/protocol/types.go:78.18,79.15 1 2
github.com/lukaszraczylo/mcp-filepuff/pkg/protocol/types.go:80.45,81.17 1 5
github.com/lukaszraczylo/mcp-filepuff/pkg/protocol/types.go:82.23,83.18 1 2
github.com/lukaszraczylo/mcp-filepuff/pkg/protocol/types.go:84.14,85.17 1 1
github.com/lukaszraczylo/mcp-filepuff/pkg/protocol/types.go:86.15,87.18 1 0
github.com/lukaszraczylo/mcp-filepuff/pkg/protocol/types.go:88.23,89.18 1 0
github.com/lukaszraczylo/mcp-filepuff/pkg/protocol/types.go:90.10,91.21 1 2
github.com/lukaszraczylo/mcp-filepuff/pkg/protocol/types.go:95.43,96.42 1 32
github.com/lukaszraczylo/mcp-filepuff/pkg/protocol/types.go:96.42,97.25 1 123
github.com/lukaszraczylo/mcp-filepuff/pkg/protocol/types.go:97.25,99.4 1 30
github.com/lukaszraczylo/mcp-filepuff/pkg/protocol/types.go:100.3,100.48 1 93
github.com/lukaszraczylo/mcp-filepuff/pkg/protocol/types.go:100.48,101.9 1 0
github.com/lukaszraczylo/mcp-filepuff/pkg/protocol/types.go:104.2,104.11 1 2
github.com/lukaszraczylo/mcp-filepuff/pkg/fuzzy/fuzzy.go:25.34,29.2 1 5
github.com/lukaszraczylo/mcp-filepuff/pkg/fuzzy/fuzzy.go:32.68,33.17 1 7
github.com/lukaszraczylo/mcp-filepuff/pkg/fuzzy/fuzzy.go:33.17,35.3 1 1
github.com/lukaszraczylo/mcp-filepuff/pkg/fuzzy/fuzzy.go:37.2,40.39 3 6
github.com/lukaszraczylo/mcp-filepuff/pkg/fuzzy/fuzzy.go:40.39,47.25 3 32
github.com/lukaszraczylo/mcp-filepuff/pkg/fuzzy/fuzzy.go:47.25,49.53 1 23
github.com/lukaszraczylo/mcp-filepuff/pkg/fuzzy/fuzzy.go:49.53,50.13 1 15
github.com/lukaszraczylo/mcp-filepuff/pkg/fuzzy/fuzzy.go:56.3,67.5 4 17
github.com/lukaszraczylo/mcp-filepuff/pkg/fuzzy/fuzzy.go:71.2,71.42 1 6
github.com/lukaszraczylo/mcp-filepuff/pkg/fuzzy/fuzzy.go:71.42,73.3 1 19
github.com/lukaszraczylo/mcp-filepuff/pkg/fuzzy/fuzzy.go:75.2,75.16 1 6
github.com/lukaszraczylo/mcp-filepuff/pkg/fuzzy/fuzzy.go:79.97,83.24 2 17
github.com/lukaszraczylo/mcp-filepuff/pkg/fuzzy/fuzzy.go:83.24,85.3 1 4
github.com/lukaszraczylo/mcp-filepuff/pkg/fuzzy/fuzzy.go:88.2,88.41 1 17
github.com/lukaszraczylo/mcp-filepuff/pkg/fuzzy/fuzzy.go:88.41,90.3 1 11
github.com/lukaszraczylo/mcp-filepuff/pkg/fuzzy/fuzzy.go:93.2,93.44 1 17
github.com/lukaszraczylo/mcp-filepuff/pkg/fuzzy/fuzzy.go:93.44,95.3 1 11
github.com/lukaszraczylo/mcp-filepuff/pkg/fuzzy/fuzzy.go:98.2,104.14 4 17
github.com/lukaszraczylo/mcp-filepuff/pkg/fuzzy/fuzzy.go:109.45,110.14 1 41
github.com/lukaszraczylo/mcp-filepuff/pkg/fuzzy/fuzzy.go:110.14,112.3 1 6
github.com/lukaszraczylo/mcp-filepuff/pkg/fuzzy/fuzzy.go:113.2,113.18 1 35
github.com/lukaszraczylo/mcp-filepuff/pkg/fuzzy/fuzzy.go:113.18,115.3 1 1
github.com/lukaszraczylo/mcp-filepuff/pkg/fuzzy/fuzzy.go:116.2,116.18 1 34
github.com/lukaszraczylo/mcp-filepuff/pkg/fuzzy/fuzzy.go:116.18,118.3 1 1
github.com/lukaszraczylo/mcp-filepuff/pkg/fuzzy/fuzzy.go:121.2,121.23 1 33
github.com/lukaszraczylo/mcp-filepuff/pkg/fuzzy/fuzzy.go:121.23,123.3 1 5
github.com/lukaszraczylo/mcp-filepuff/pkg/fuzzy/fuzzy.go:126.2,136.29 7 33
github.com/lukaszraczylo/mcp-filepuff/pkg/fuzzy/fuzzy.go:136.29,138.3 1 340
github.com/lukaszraczylo/mcp-filepuff/pkg/fuzzy/fuzzy.go:141.2,141.29 1 33
github.com/lukaszraczylo/mcp-filepuff/pkg/fuzzy/fuzzy.go:141.29,144.30 2 219
github.com/lukaszraczylo/mcp-filepuff/pkg/fuzzy/fuzzy.go:144.30,146.26 2 2190
github.com/lukaszraczylo/mcp-filepuff/pkg/fuzzy/fuzzy.go:146.26,148.5 1 274
github.com/lukaszraczylo/mcp-filepuff/pkg/fuzzy/fuzzy.go:150.4,154.5 1 2190
github.com/lukaszraczylo/mcp-filepuff/pkg/fuzzy/fuzzy.go:158.3,158.40 1 219
github.com/lukaszraczylo/mcp-filepuff/pkg/fuzzy/fuzzy.go:161.2,161.23 1 33
github.com/lukaszraczylo/mcp-filepuff/pkg/fuzzy/fuzzy.go:166.52,167.14 1 4
github.com/lukaszraczylo/mcp-filepuff/pkg/fuzzy/fuzzy.go:167.14,169.3 1 1
github.com/lukaszraczylo/mcp-filepuff/pkg/fuzzy/fuzzy.go:170.2,170.18 1 3
github.com/lukaszraczylo/mcp-filepuff/pkg/fuzzy/fuzzy.go:170.18,172.3 1 1
github.com/lukaszraczylo/mcp-filepuff/pkg/fuzzy/fuzzy.go:173.2,173.18 1 2
github.com/lukaszraczylo/mcp-filepuff/pkg/fuzzy/fuzzy.go:173.18,175.3 1 0
github.com/lukaszraczylo/mcp-filepuff/pkg/fuzzy/fuzzy.go:177.2,184.19 6 2
github.com/lukaszraczylo/mcp-filepuff/pkg/fuzzy/fuzzy.go:184.19,186.3 1 7
github.com/lukaszraczylo/mcp-filepuff/pkg/fuzzy/fuzzy.go:189.2,189.29 1 2
github.com/lukaszraczylo/mcp-filepuff/pkg/fuzzy/fuzzy.go:189.29,191.3 1 7
github.com/lukaszraczylo/mcp-filepuff/pkg/fuzzy/fuzzy.go:192.2,192.29 1 2
github.com/lukaszraczylo/mcp-filepuff/pkg/fuzzy/fuzzy.go:192.29,194.3 1 8
github.com/lukaszraczylo/mcp-filepuff/pkg/fuzzy/fuzzy.go:197.2,197.29 1 2
github.com/lukaszraczylo/mcp-filepuff/pkg/fuzzy/fuzzy.go:197.29,198.30 1 5
github.com/lukaszraczylo/mcp-filepuff/pkg/fuzzy/fuzzy.go:198.30,200.26 2 15
github.com/lukaszraczylo/mcp-filepuff/pkg/fuzzy/fuzzy.go:200.26,202.5 1 5
github.com/lukaszraczylo/mcp-filepuff/pkg/fuzzy/fuzzy.go:204.4,211.66 2 15
github.com/lukaszraczylo/mcp-filepuff/pkg/fuzzy/fuzzy.go:211.66,213.5 1 1
github.com/lukaszraczylo/mcp-filepuff/pkg/fuzzy/fuzzy.go:217.2,217.22 1 2
github.com/lukaszraczylo/mcp-filepuff/pkg/fuzzy/fuzzy.go:222.51,223.14 1 5
github.com/lukaszraczylo/mcp-filepuff/pkg/fuzzy/fuzzy.go:223.14,225.3 1 2
github.com/lukaszraczylo/mcp-filepuff/pkg/fuzzy/fuzzy.go:227.2,230.34 3 3
github.com/lukaszraczylo/mcp-filepuff/pkg/fuzzy/fuzzy.go:230.34,232.3 1 1
github.com/lukaszraczylo/mcp-filepuff/pkg/fuzzy/fuzzy.go:235.2,239.53 3 2
github.com/lukaszraczylo/mcp-filepuff/pkg/fuzzy/fuzzy.go:239.53,240.21 1 7
github.com/lukaszraczylo/mcp-filepuff/pkg/fuzzy/fuzzy.go:240.21,242.4 1 5
github.com/lukaszraczylo/mcp-filepuff/pkg/fuzzy/fuzzy.go:242.9,243.9 1 2
github.com/lukaszraczylo/mcp-filepuff/pkg/fuzzy/fuzzy.go:248.2,249.47 2 2
github.com/lukaszraczylo/mcp-filepuff/pkg/fuzzy/fuzzy.go:253.44,259.19 4 2
github.com/lukaszraczylo/mcp-filepuff/pkg/fuzzy/fuzzy.go:259.19,261.3 1 0
github.com/lukaszraczylo/mcp-filepuff/pkg/fuzzy/fuzzy.go:263.2,270.22 5 2
github.com/lukaszraczylo/mcp-filepuff/pkg/fuzzy/fuzzy.go:270.22,274.32 3 11
github.com/lukaszraczylo/mcp-filepuff/pkg/fuzzy/fuzzy.go:274.32,275.37 1 36
github.com/lukaszraczylo/mcp-filepuff/pkg/fuzzy/fuzzy.go:275.37,276.13 1 26
github.com/lukaszraczylo/mcp-filepuff/pkg/fuzzy/fuzzy.go:278.4,281.9 4 10
github.com/lukaszraczylo/mcp-filepuff/pkg/fuzzy/fuzzy.go:285.2,285.18 1 2
github.com/lukaszraczylo/mcp-filepuff/pkg/fuzzy/fuzzy.go:285.18,287.3 1 0
github.com/lukaszraczylo/mcp-filepuff/pkg/fuzzy/fuzzy.go:290.2,291.22 2 2
github.com/lukaszraczylo/mcp-filepuff/pkg/fuzzy/fuzzy.go:291.22,292.19 1 11
github.com/lukaszraczylo/mcp-filepuff/pkg/fuzzy/fuzzy.go:292.19,293.12 1 1
github.com/lukaszraczylo/mcp-filepuff/pkg/fuzzy/fuzzy.go:295.3,295.20 1 10
github.com/lukaszraczylo/mcp-filepuff/pkg/fuzzy/fuzzy.go:295.20,297.4 1 3
github.com/lukaszraczylo/mcp-filepuff/pkg/fuzzy/fuzzy.go:298.3,298.21 1 10
github.com/lukaszraczylo/mcp-filepuff/pkg/fuzzy/fuzzy.go:298.21,300.4 1 2
github.com/lukaszraczylo/mcp-filepuff/pkg/fuzzy/fuzzy.go:301.3,301.6 1 10
github.com/lukaszraczylo/mcp-filepuff/pkg/fuzzy/fuzzy.go:304.2,306.60 1 2
github.com/lukaszraczylo/mcp-filepuff/pkg/fuzzy/fuzzy.go:310.52,315.15 4 23
github.com/lukaszraczylo/mcp-filepuff/pkg/fuzzy/fuzzy.go:315.15,317.3 1 4
github.com/lukaszraczylo/mcp-filepuff/pkg/fuzzy/fuzzy.go:320.2,320.14 1 19
github.com/lukaszraczylo/mcp-filepuff/pkg/fuzzy/fuzzy.go:320.14,322.3 1 12
github.com/lukaszraczylo/mcp-filepuff/pkg/fuzzy/fuzzy.go:325.2,326.63 2 7
github.com/lukaszraczylo/mcp-filepuff/pkg/fuzzy/fuzzy.go:326.63,328.3 1 1
github.com/lukaszraczylo/mcp-filepuff/pkg/fuzzy/fuzzy.go:331.2,331.32 1 6
github.com/lukaszraczylo/mcp-filepuff/pkg/fuzzy/fuzzy.go:331.32,334.53 3 6
github.com/lukaszraczylo/mcp-filepuff/pkg/fuzzy/fuzzy.go:334.53,336.4 1 2
github.com/lukaszraczylo/mcp-filepuff/pkg/fuzzy/fuzzy.go:339.2,339.14 1 4
github.com/lukaszraczylo/mcp-filepuff/pkg/fuzzy/fuzzy.go:344.29,345.22 1 2231
github.com/lukaszraczylo/mcp-filepuff/pkg/fuzzy/fuzzy.go:345.22,347.3 1 0
github.com/lukaszraczylo/mcp-filepuff/pkg/fuzzy/fuzzy.go:348.2,349.31 2 2231
github.com/lukaszraczylo/mcp-filepuff/pkg/fuzzy/fuzzy.go:349.31,350.12 1 4436
github.com/lukaszraczylo/mcp-filepuff/pkg/fuzzy/fuzzy.go:350.12,352.4 1 1490
github.com/lukaszraczylo/mcp-filepuff/pkg/fuzzy/fuzzy.go:354.2,354.10 1 2231
github.com/lukaszraczylo/mcp-filepuff/pkg/fuzzy/fuzzy.go:357.29,358.22 1 30
github.com/lukaszraczylo/mcp-filepuff/pkg/fuzzy/fuzzy.go:358.22,360.3 1 0
github.com/lukaszraczylo/mcp-filepuff/pkg/fuzzy/fuzzy.go:361.2,362.31 2 30
github.com/lukaszraczylo/mcp-filepuff/pkg/fuzzy/fuzzy.go:362.31,363.12 1 30
github.com/lukaszraczylo/mcp-filepuff/pkg/fuzzy/fuzzy.go:363.12,365.4 1 17
github.com/lukaszraczylo/mcp-filepuff/pkg/fuzzy/fuzzy.go:367.2,367.10 1 30
github.com/lukaszraczylo/mcp-filepuff/pkg/fuzzy/fuzzy.go:370.21,371.11 1 17
github.com/lukaszraczylo/mcp-filepuff/pkg/fuzzy/fuzzy.go:371.11,373.3 1 0
github.com/lukaszraczylo/mcp-filepuff/pkg/fuzzy/fuzzy.go:374.2,374.10 1 17
