mode: atomic
github.com/lukaszraczylo/mcp-filepuff/internal/config/config.go:37.24,50.2 1 5
github.com/lukaszraczylo/mcp-filepuff/internal/config/config.go:54.50,58.25 2 2
github.com/lukaszraczylo/mcp-filepuff/internal/config/config.go:58.25,60.17 2 2
github.com/lukaszraczylo/mcp-filepuff/internal/config/config.go:60.17,62.4 1 0
github.com/lukaszraczylo/mcp-filepuff/internal/config/config.go:63.3,63.30 1 2
github.com/lukaszraczylo/mcp-filepuff/internal/config/config.go:64.8,64.47 1 0
github.com/lukaszraczylo/mcp-filepuff/internal/config/config.go:64.47,66.3 1 0
github.com/lukaszraczylo/mcp-filepuff/internal/config/config.go:69.2,70.54 2 2
github.com/lukaszraczylo/mcp-filepuff/internal/config/config.go:70.54,71.51 1 1
github.com/lukaszraczylo/mcp-filepuff/internal/config/config.go:71.51,73.4 1 0
github.com/lukaszraczylo/mcp-filepuff/internal/config/config.go:77.2,79.17 2 2
github.com/lukaszraczylo/mcp-filepuff/internal/config/config.go:82.32,83.51 1 3
github.com/lukaszraczylo/mcp-filepuff/internal/config/config.go:83.51,84.50 1 0
github.com/lukaszraczylo/mcp-filepuff/internal/config/config.go:84.50,86.4 1 0
github.com/lukaszraczylo/mcp-filepuff/internal/config/config.go:89.2,89.48 1 3
github.com/lukaszraczylo/mcp-filepuff/internal/config/config.go:89.48,90.50 1 1
github.com/lukaszraczylo/mcp-filepuff/internal/config/config.go:90.50,92.4 1 1
github.com/lukaszraczylo/mcp-filepuff/internal/config/config.go:95.2,95.51 1 3
github.com/lukaszraczylo/mcp-filepuff/internal/config/config.go:95.51,96.50 1 1
github.com/lukaszraczylo/mcp-filepuff/internal/config/config.go:96.50,98.4 1 1
github.com/lukaszraczylo/mcp-filepuff/internal/config/config.go:101.2,101.64 1 3
github.com/lukaszraczylo/mcp-filepuff/internal/config/config.go:101.64,103.3 1 1
github.com/lukaszraczylo/mcp-filepuff/internal/config/config.go:105.2,105.69 1 3
github.com/lukaszraczylo/mcp-filepuff/internal/config/config.go:105.69,107.3 1 1
github.com/lukaszraczylo/mcp-filepuff/internal/config/config.go:109.2,109.71 1 3
github.com/lukaszraczylo/mcp-filepuff/internal/config/config.go:109.71,111.3 1 1
github.com/lukaszraczylo/mcp-filepuff/internal/config/config.go:116.50,119.16 2 14
github.com/lukaszraczylo/mcp-filepuff/internal/config/config.go:119.16,121.3 1 0
github.com/lukaszraczylo/mcp-filepuff/internal/config/config.go:124.2,125.16 2 14
github.com/lukaszraczylo/mcp-filepuff/internal/config/config.go:125.16,127.3 1 0
github.com/lukaszraczylo/mcp-filepuff/internal/config/config.go:130.2,131.20 2 14
github.com/lukaszraczylo/mcp-filepuff/internal/config/config.go:131.20,133.3 1 14
github.com/lukaszraczylo/mcp-filepuff/internal/config/config.go:136.2,137.20 2 14
github.com/lukaszraczylo/mcp-filepuff/internal/config/config.go:137.20,140.3 1 7
github.com/lukaszraczylo/mcp-filepuff/internal/config/config.go:140.8,146.50 3 7
github.com/lukaszraczylo/mcp-filepuff/internal/config/config.go:146.50,148.22 2 9
github.com/lukaszraczylo/mcp-filepuff/internal/config/config.go:148.22,151.10 2 7
github.com/lukaszraczylo/mcp-filepuff/internal/config/config.go:154.4,155.21 2 2
github.com/lukaszraczylo/mcp-filepuff/internal/config/config.go:155.21,157.10 1 0
github.com/lukaszraczylo/mcp-filepuff/internal/config/config.go:159.4,160.16 2 2
github.com/lukaszraczylo/mcp-filepuff/internal/config/config.go:165.2,166.16 2 14
github.com/lukaszraczylo/mcp-filepuff/internal/config/config.go:166.16,168.3 1 0
github.com/lukaszraczylo/mcp-filepuff/internal/config/config.go:173.2,173.52 1 14
github.com/lukaszraczylo/mcp-filepuff/internal/lsp/client.go:58.40,60.2 1 0
github.com/lukaszraczylo/mcp-filepuff/internal/lsp/client.go:70.48,72.16 2 0
github.com/lukaszraczylo/mcp-filepuff/internal/lsp/client.go:72.16,74.3 1 0
github.com/lukaszraczylo/mcp-filepuff/internal/lsp/client.go:76.2,77.16 2 0
github.com/lukaszraczylo/mcp-filepuff/internal/lsp/client.go:77.16,80.3 2 0
github.com/lukaszraczylo/mcp-filepuff/internal/lsp/client.go:82.2,83.16 2 0
github.com/lukaszraczylo/mcp-filepuff/internal/lsp/client.go:83.16,87.3 3 0
github.com/lukaszraczylo/mcp-filepuff/internal/lsp/client.go:89.2,89.36 1 0
github.com/lukaszraczylo/mcp-filepuff/internal/lsp/client.go:89.36,94.3 4 0
github.com/lukaszraczylo/mcp-filepuff/internal/lsp/client.go:96.2,110.15 3 0
github.com/lukaszraczylo/mcp-filepuff/internal/lsp/client.go:114.98,116.16 2 0
github.com/lukaszraczylo/mcp-filepuff/internal/lsp/client.go:116.16,119.3 2 0
github.com/lukaszraczylo/mcp-filepuff/internal/lsp/client.go:120.2,136.15 8 0
github.com/lukaszraczylo/mcp-filepuff/internal/lsp/client.go:136.15,140.3 3 0
github.com/lukaszraczylo/mcp-filepuff/internal/lsp/client.go:143.2,143.36 1 0
github.com/lukaszraczylo/mcp-filepuff/internal/lsp/client.go:143.36,145.3 1 0
github.com/lukaszraczylo/mcp-filepuff/internal/lsp/client.go:148.2,148.9 1 0
github.com/lukaszraczylo/mcp-filepuff/internal/lsp/client.go:149.20,150.24 1 0
github.com/lukaszraczylo/mcp-filepuff/internal/lsp/client.go:151.16,152.42 1 0
github.com/lukaszraczylo/mcp-filepuff/internal/lsp/client.go:153.26,154.24 1 0
github.com/lukaszraczylo/mcp-filepuff/internal/lsp/client.go:154.24,156.4 1 0
github.com/lukaszraczylo/mcp-filepuff/internal/lsp/client.go:157.3,157.19 1 0
github.com/lukaszraczylo/mcp-filepuff/internal/lsp/client.go:162.66,164.16 2 0
github.com/lukaszraczylo/mcp-filepuff/internal/lsp/client.go:164.16,167.3 2 0
github.com/lukaszraczylo/mcp-filepuff/internal/lsp/client.go:168.2,180.22 3 0
github.com/lukaszraczylo/mcp-filepuff/internal/lsp/client.go:184.55,186.2 1 0
github.com/lukaszraczylo/mcp-filepuff/internal/lsp/client.go:189.32,191.23 2 0
github.com/lukaszraczylo/mcp-filepuff/internal/lsp/client.go:191.23,203.13 7 0
github.com/lukaszraczylo/mcp-filepuff/internal/lsp/client.go:203.13,206.4 2 0
github.com/lukaszraczylo/mcp-filepuff/internal/lsp/client.go:208.3,208.10 1 0
github.com/lukaszraczylo/mcp-filepuff/internal/lsp/client.go:209.15,209.15 0 0
github.com/lukaszraczylo/mcp-filepuff/internal/lsp/client.go:211.38,213.28 1 0
github.com/lukaszraczylo/mcp-filepuff/internal/lsp/client.go:216.3,216.25 1 0
github.com/lukaszraczylo/mcp-filepuff/internal/lsp/client.go:218.2,218.12 1 0
github.com/lukaszraczylo/mcp-filepuff/internal/lsp/client.go:222.46,224.16 2 0
github.com/lukaszraczylo/mcp-filepuff/internal/lsp/client.go:224.16,226.3 1 0
github.com/lukaszraczylo/mcp-filepuff/internal/lsp/client.go:229.2,231.16 3 0
github.com/lukaszraczylo/mcp-filepuff/internal/lsp/client.go:231.16,233.3 1 0
github.com/lukaszraczylo/mcp-filepuff/internal/lsp/client.go:235.2,236.16 2 0
github.com/lukaszraczylo/mcp-filepuff/internal/lsp/client.go:236.16,238.3 1 0
github.com/lukaszraczylo/mcp-filepuff/internal/lsp/client.go:240.2,240.12 1 0
github.com/lukaszraczylo/mcp-filepuff/internal/lsp/client.go:244.29,247.6 2 0
github.com/lukaszraczylo/mcp-filepuff/internal/lsp/client.go:247.6,248.10 1 0
github.com/lukaszraczylo/mcp-filepuff/internal/lsp/client.go:249.17,250.10 1 0
github.com/lukaszraczylo/mcp-filepuff/internal/lsp/client.go:251.11,251.11 0 0
github.com/lukaszraczylo/mcp-filepuff/internal/lsp/client.go:255.3,256.7 2 0
github.com/lukaszraczylo/mcp-filepuff/internal/lsp/client.go:256.7,258.18 2 0
github.com/lukaszraczylo/mcp-filepuff/internal/lsp/client.go:258.18,260.5 1 0
github.com/lukaszraczylo/mcp-filepuff/internal/lsp/client.go:261.4,262.18 2 0
github.com/lukaszraczylo/mcp-filepuff/internal/lsp/client.go:262.18,263.10 1 0
github.com/lukaszraczylo/mcp-filepuff/internal/lsp/client.go:265.4,265.50 1 0
github.com/lukaszraczylo/mcp-filepuff/internal/lsp/client.go:265.50,268.5 2 0
github.com/lukaszraczylo/mcp-filepuff/internal/lsp/client.go:271.3,271.25 1 0
github.com/lukaszraczylo/mcp-filepuff/internal/lsp/client.go:271.25,272.12 1 0
github.com/lukaszraczylo/mcp-filepuff/internal/lsp/client.go:276.3,278.17 3 0
github.com/lukaszraczylo/mcp-filepuff/internal/lsp/client.go:278.17,280.4 1 0
github.com/lukaszraczylo/mcp-filepuff/internal/lsp/client.go:283.3,284.69 2 0
github.com/lukaszraczylo/mcp-filepuff/internal/lsp/client.go:284.69,286.40 2 0
github.com/lukaszraczylo/mcp-filepuff/internal/lsp/client.go:286.40,288.5 1 0
github.com/lukaszraczylo/mcp-filepuff/internal/lsp/client.go:289.4,290.12 2 0
github.com/lukaszraczylo/mcp-filepuff/internal/lsp/client.go:294.3,295.76 2 0
github.com/lukaszraczylo/mcp-filepuff/internal/lsp/client.go:295.76,296.11 1 0
github.com/lukaszraczylo/mcp-filepuff/internal/lsp/client.go:297.35,297.35 0 0
github.com/lukaszraczylo/mcp-filepuff/internal/lsp/client.go:298.12,298.12 0 0
github.com/lukaszraczylo/mcp-filepuff/internal/lsp/client.go:306.35,310.2 3 0
github.com/lukaszraczylo/mcp-filepuff/internal/lsp/manager.go:74.69,88.2 3 0
github.com/lukaszraczylo/mcp-filepuff/internal/lsp/manager.go:91.98,96.25 4 0
github.com/lukaszraczylo/mcp-filepuff/internal/lsp/manager.go:96.25,102.3 4 0
github.com/lukaszraczylo/mcp-filepuff/internal/lsp/manager.go:105.2,109.49 3 0
github.com/lukaszraczylo/mcp-filepuff/internal/lsp/manager.go:109.49,114.3 4 0
github.com/lukaszraczylo/mcp-filepuff/internal/lsp/manager.go:117.2,118.9 2 0
github.com/lukaszraczylo/mcp-filepuff/internal/lsp/manager.go:118.9,122.3 1 0
github.com/lukaszraczylo/mcp-filepuff/internal/lsp/manager.go:125.2,126.16 2 0
github.com/lukaszraczylo/mcp-filepuff/internal/lsp/manager.go:126.16,128.3 1 0
github.com/lukaszraczylo/mcp-filepuff/internal/lsp/manager.go:131.2,138.16 6 0
github.com/lukaszraczylo/mcp-filepuff/internal/lsp/manager.go:138.16,140.25 1 0
github.com/lukaszraczylo/mcp-filepuff/internal/lsp/manager.go:140.25,142.4 1 0
github.com/lukaszraczylo/mcp-filepuff/internal/lsp/manager.go:143.3,146.97 1 0
github.com/lukaszraczylo/mcp-filepuff/internal/lsp/manager.go:149.2,157.56 2 0
github.com/lukaszraczylo/mcp-filepuff/internal/lsp/manager.go:157.56,160.25 2 0
github.com/lukaszraczylo/mcp-filepuff/internal/lsp/manager.go:160.25,162.4 1 0
github.com/lukaszraczylo/mcp-filepuff/internal/lsp/manager.go:163.3,167.70 2 0
github.com/lukaszraczylo/mcp-filepuff/internal/lsp/manager.go:170.2,174.20 4 0
github.com/lukaszraczylo/mcp-filepuff/internal/lsp/manager.go:178.83,204.16 6 0
github.com/lukaszraczylo/mcp-filepuff/internal/lsp/manager.go:204.16,206.3 1 0
github.com/lukaszraczylo/mcp-filepuff/internal/lsp/manager.go:209.2,210.61 2 0
github.com/lukaszraczylo/mcp-filepuff/internal/lsp/manager.go:210.61,212.3 1 0
github.com/lukaszraczylo/mcp-filepuff/internal/lsp/manager.go:213.2,216.69 2 0
github.com/lukaszraczylo/mcp-filepuff/internal/lsp/manager.go:216.69,218.3 1 0
github.com/lukaszraczylo/mcp-filepuff/internal/lsp/manager.go:220.2,220.12 1 0
github.com/lukaszraczylo/mcp-filepuff/internal/lsp/manager.go:224.96,227.16 3 0
github.com/lukaszraczylo/mcp-filepuff/internal/lsp/manager.go:227.16,229.3 1 0
github.com/lukaszraczylo/mcp-filepuff/internal/lsp/manager.go:232.2,233.16 2 0
github.com/lukaszraczylo/mcp-filepuff/internal/lsp/manager.go:233.16,235.3 1 0
github.com/lukaszraczylo/mcp-filepuff/internal/lsp/manager.go:237.2,253.16 5 0
github.com/lukaszraczylo/mcp-filepuff/internal/lsp/manager.go:253.16,255.3 1 0
github.com/lukaszraczylo/mcp-filepuff/internal/lsp/manager.go:257.2,257.57 1 0
github.com/lukaszraczylo/mcp-filepuff/internal/lsp/manager.go:257.57,259.3 1 0
github.com/lukaszraczylo/mcp-filepuff/internal/lsp/manager.go:261.2,262.61 2 0
github.com/lukaszraczylo/mcp-filepuff/internal/lsp/manager.go:262.61,264.3 1 0
github.com/lukaszraczylo/mcp-filepuff/internal/lsp/manager.go:266.2,266.21 1 0
github.com/lukaszraczylo/mcp-filepuff/internal/lsp/manager.go:270.99,273.16 3 0
github.com/lukaszraczylo/mcp-filepuff/internal/lsp/manager.go:273.16,275.3 1 0
github.com/lukaszraczylo/mcp-filepuff/internal/lsp/manager.go:278.2,279.16 2 0
github.com/lukaszraczylo/mcp-filepuff/internal/lsp/manager.go:279.16,281.3 1 0
github.com/lukaszraczylo/mcp-filepuff/internal/lsp/manager.go:283.2,299.16 5 0
github.com/lukaszraczylo/mcp-filepuff/internal/lsp/manager.go:299.16,301.3 1 0
github.com/lukaszraczylo/mcp-filepuff/internal/lsp/manager.go:303.2,303.57 1 0
github.com/lukaszraczylo/mcp-filepuff/internal/lsp/manager.go:303.57,305.3 1 0
github.com/lukaszraczylo/mcp-filepuff/internal/lsp/manager.go:308.2,309.64 2 0
github.com/lukaszraczylo/mcp-filepuff/internal/lsp/manager.go:309.64,312.62 2 0
github.com/lukaszraczylo/mcp-filepuff/internal/lsp/manager.go:312.62,314.4 1 0
github.com/lukaszraczylo/mcp-filepuff/internal/lsp/manager.go:317.2,317.23 1 0
github.com/lukaszraczylo/mcp-filepuff/internal/lsp/manager.go:321.124,324.16 3 0
github.com/lukaszraczylo/mcp-filepuff/internal/lsp/manager.go:324.16,326.3 1 0
github.com/lukaszraczylo/mcp-filepuff/internal/lsp/manager.go:329.2,330.16 2 0
github.com/lukaszraczylo/mcp-filepuff/internal/lsp/manager.go:330.16,332.3 1 0
github.com/lukaszraczylo/mcp-filepuff/internal/lsp/manager.go:334.2,353.16 5 0
github.com/lukaszraczylo/mcp-filepuff/internal/lsp/manager.go:353.16,355.3 1 0
github.com/lukaszraczylo/mcp-filepuff/internal/lsp/manager.go:357.2,357.57 1 0
github.com/lukaszraczylo/mcp-filepuff/internal/lsp/manager.go:357.57,359.3 1 0
github.com/lukaszraczylo/mcp-filepuff/internal/lsp/manager.go:361.2,362.64 2 0
github.com/lukaszraczylo/mcp-filepuff/internal/lsp/manager.go:362.64,364.3 1 0
github.com/lukaszraczylo/mcp-filepuff/internal/lsp/manager.go:366.2,366.23 1 0
github.com/lukaszraczylo/mcp-filepuff/internal/lsp/manager.go:370.98,374.36 3 0
github.com/lukaszraczylo/mcp-filepuff/internal/lsp/manager.go:374.36,377.3 2 0
github.com/lukaszraczylo/mcp-filepuff/internal/lsp/manager.go:378.2,382.16 3 0
github.com/lukaszraczylo/mcp-filepuff/internal/lsp/manager.go:382.16,384.3 1 0
github.com/lukaszraczylo/mcp-filepuff/internal/lsp/manager.go:387.2,398.74 3 0
github.com/lukaszraczylo/mcp-filepuff/internal/lsp/manager.go:398.74,400.3 1 0
github.com/lukaszraczylo/mcp-filepuff/internal/lsp/manager.go:402.2,406.12 4 0
github.com/lukaszraczylo/mcp-filepuff/internal/lsp/manager.go:410.95,415.23 4 0
github.com/lukaszraczylo/mcp-filepuff/internal/lsp/manager.go:415.23,417.3 1 0
github.com/lukaszraczylo/mcp-filepuff/internal/lsp/manager.go:419.2,422.37 3 0
github.com/lukaszraczylo/mcp-filepuff/internal/lsp/manager.go:422.37,425.3 2 0
github.com/lukaszraczylo/mcp-filepuff/internal/lsp/manager.go:426.2,435.59 4 0
github.com/lukaszraczylo/mcp-filepuff/internal/lsp/manager.go:439.37,443.6 3 0
github.com/lukaszraczylo/mcp-filepuff/internal/lsp/manager.go:443.6,444.10 1 0
github.com/lukaszraczylo/mcp-filepuff/internal/lsp/manager.go:445.23,446.10 1 0
github.com/lukaszraczylo/mcp-filepuff/internal/lsp/manager.go:447.19,449.37 2 0
github.com/lukaszraczylo/mcp-filepuff/internal/lsp/manager.go:449.37,455.13 4 0
github.com/lukaszraczylo/mcp-filepuff/internal/lsp/manager.go:455.13,459.6 3 0
github.com/lukaszraczylo/mcp-filepuff/internal/lsp/manager.go:461.4,461.17 1 0
github.com/lukaszraczylo/mcp-filepuff/internal/lsp/manager.go:467.33,475.35 5 0
github.com/lukaszraczylo/mcp-filepuff/internal/lsp/manager.go:475.35,483.3 6 0
github.com/lukaszraczylo/mcp-filepuff/internal/lsp/manager.go:485.2,486.12 2 0
github.com/lukaszraczylo/mcp-filepuff/internal/lsp/manager.go:490.60,492.9 2 0
github.com/lukaszraczylo/mcp-filepuff/internal/lsp/manager.go:492.9,494.3 1 0
github.com/lukaszraczylo/mcp-filepuff/internal/lsp/manager.go:496.2,497.19 2 0
github.com/lukaszraczylo/mcp-filepuff/internal/lsp/manager.go:501.36,503.16 2 1
github.com/lukaszraczylo/mcp-filepuff/internal/lsp/manager.go:503.16,505.3 1 0
github.com/lukaszraczylo/mcp-filepuff/internal/lsp/manager.go:506.2,506.28 1 1
github.com/lukaszraczylo/mcp-filepuff/internal/lsp/manager.go:510.35,511.42 1 2
github.com/lukaszraczylo/mcp-filepuff/internal/lsp/manager.go:511.42,513.3 1 1
github.com/lukaszraczylo/mcp-filepuff/internal/lsp/manager.go:514.2,514.12 1 1
github.com/lukaszraczylo/mcp-filepuff/internal/lsp/manager.go:518.53,519.14 1 7
github.com/lukaszraczylo/mcp-filepuff/internal/lsp/manager.go:520.23,521.14 1 1
github.com/lukaszraczylo/mcp-filepuff/internal/lsp/manager.go:522.31,523.22 1 1
github.com/lukaszraczylo/mcp-filepuff/internal/lsp/manager.go:524.31,525.22 1 1
github.com/lukaszraczylo/mcp-filepuff/internal/lsp/manager.go:526.27,527.18 1 1
github.com/lukaszraczylo/mcp-filepuff/internal/lsp/manager.go:528.22,529.13 1 1
github.com/lukaszraczylo/mcp-filepuff/internal/lsp/manager.go:530.24,531.15 1 1
github.com/lukaszraczylo/mcp-filepuff/internal/lsp/manager.go:532.10,533.22 1 1
github.com/lukaszraczylo/mcp-filepuff/cmd/mcp-filepuff/main.go:14.13,28.16 5 0
github.com/lukaszraczylo/mcp-filepuff/cmd/mcp-filepuff/main.go:28.16,31.3 2 0
github.com/lukaszraczylo/mcp-filepuff/cmd/mcp-filepuff/main.go:33.2,40.16 3 0
github.com/lukaszraczylo/mcp-filepuff/cmd/mcp-filepuff/main.go:40.16,43.3 2 0
github.com/lukaszraczylo/mcp-filepuff/cmd/mcp-filepuff/main.go:45.2,46.37 2 0
github.com/lukaszraczylo/mcp-filepuff/cmd/mcp-filepuff/main.go:46.37,49.3 2 0
github.com/lukaszraczylo/mcp-filepuff/cmd/mcp-filepuff/main.go:52.61,54.15 2 0
github.com/lukaszraczylo/mcp-filepuff/cmd/mcp-filepuff/main.go:55.15,56.29 1 0
github.com/lukaszraczylo/mcp-filepuff/cmd/mcp-filepuff/main.go:57.14,58.28 1 0
github.com/lukaszraczylo/mcp-filepuff/cmd/mcp-filepuff/main.go:59.15,60.29 1 0
github.com/lukaszraczylo/mcp-filepuff/cmd/mcp-filepuff/main.go:61.10,62.28 1 0
github.com/lukaszraczylo/mcp-filepuff/cmd/mcp-filepuff/main.go:65.2,70.19 3 0
github.com/lukaszraczylo/mcp-filepuff/cmd/mcp-filepuff/main.go:70.19,72.17 2 0
github.com/lukaszraczylo/mcp-filepuff/cmd/mcp-filepuff/main.go:72.17,75.4 1 0
github.com/lukaszraczylo/mcp-filepuff/cmd/mcp-filepuff/main.go:75.9,77.4 1 0
github.com/lukaszraczylo/mcp-filepuff/cmd/mcp-filepuff/main.go:78.8,81.3 1 0
github.com/lukaszraczylo/mcp-filepuff/cmd/mcp-filepuff/main.go:83.2,83.26 1 0
github.com/lukaszraczylo/mcp-filepuff/pkg/errors/errors.go:76.42,83.24 3 0
github.com/lukaszraczylo/mcp-filepuff/pkg/errors/errors.go:83.24,85.31 2 0
github.com/lukaszraczylo/mcp-filepuff/pkg/errors/errors.go:85.31,87.4 1 0
github.com/lukaszraczylo/mcp-filepuff/pkg/errors/errors.go:91.2,91.25 1 0
github.com/lukaszraczylo/mcp-filepuff/pkg/errors/errors.go:91.25,93.3 1 0
github.com/lukaszraczylo/mcp-filepuff/pkg/errors/errors.go:96.2,96.20 1 0
github.com/lukaszraczylo/mcp-filepuff/pkg/errors/errors.go:96.20,98.3 1 0
github.com/lukaszraczylo/mcp-filepuff/pkg/errors/errors.go:100.2,100.20 1 0
github.com/lukaszraczylo/mcp-filepuff/pkg/errors/errors.go:104.42,106.2 1 0
github.com/lukaszraczylo/mcp-filepuff/pkg/errors/errors.go:109.79,110.22 1 0
github.com/lukaszraczylo/mcp-filepuff/pkg/errors/errors.go:110.22,112.3 1 0
github.com/lukaszraczylo/mcp-filepuff/pkg/errors/errors.go:113.2,114.10 2 0
github.com/lukaszraczylo/mcp-filepuff/pkg/errors/errors.go:118.72,121.2 2 0
github.com/lukaszraczylo/mcp-filepuff/pkg/errors/errors.go:124.59,131.2 1 0
github.com/lukaszraczylo/mcp-filepuff/pkg/errors/errors.go:134.73,142.2 1 0
github.com/lukaszraczylo/mcp-filepuff/pkg/errors/errors.go:145.41,146.16 1 0
github.com/lukaszraczylo/mcp-filepuff/pkg/errors/errors.go:146.16,148.3 1 0
github.com/lukaszraczylo/mcp-filepuff/pkg/errors/errors.go:150.2,150.42 1 0
github.com/lukaszraczylo/mcp-filepuff/pkg/errors/errors.go:150.42,152.3 1 0
github.com/lukaszraczylo/mcp-filepuff/pkg/errors/errors.go:154.2,154.14 1 0
github.com/lukaszraczylo/mcp-filepuff/pkg/errors/errors.go:158.35,159.16 1 0
github.com/lukaszraczylo/mcp-filepuff/pkg/errors/errors.go:159.16,161.3 1 0
github.com/lukaszraczylo/mcp-filepuff/pkg/errors/errors.go:163.2,163.42 1 0
github.com/lukaszraczylo/mcp-filepuff/pkg/errors/errors.go:163.42,165.3 1 0
github.com/lukaszraczylo/mcp-filepuff/pkg/errors/errors.go:167.2,167.10 1 0
github.com/lukaszraczylo/mcp-filepuff/pkg/errors/errors.go:171.36,179.6 6 0
github.com/lukaszraczylo/mcp-filepuff/pkg/errors/errors.go:179.6,181.48 2 0
github.com/lukaszraczylo/mcp-filepuff/pkg/errors/errors.go:181.48,183.4 1 0
github.com/lukaszraczylo/mcp-filepuff/pkg/errors/errors.go:184.3,184.12 1 0
github.com/lukaszraczylo/mcp-filepuff/pkg/errors/errors.go:184.12,185.9 1 0
github.com/lukaszraczylo/mcp-filepuff/pkg/errors/errors.go:189.2,189.20 1 0
github.com/lukaszraczylo/mcp-filepuff/pkg/errors/errors.go:195.44,199.12 3 0
github.com/lukaszraczylo/mcp-filepuff/pkg/errors/errors.go:200.15,201.91 1 0
github.com/lukaszraczylo/mcp-filepuff/pkg/errors/errors.go:202.17,203.61 1 0
github.com/lukaszraczylo/mcp-filepuff/pkg/errors/errors.go:206.2,208.63 1 0
github.com/lukaszraczylo/mcp-filepuff/pkg/errors/errors.go:212.73,217.2 1 0
github.com/lukaszraczylo/mcp-filepuff/pkg/errors/errors.go:220.71,226.2 1 0
github.com/lukaszraczylo/mcp-filepuff/pkg/errors/errors.go:229.73,234.2 1 0
github.com/lukaszraczylo/mcp-filepuff/pkg/errors/errors.go:237.73,242.2 1 0
github.com/lukaszraczylo/mcp-filepuff/pkg/errors/errors.go:245.72,249.2 1 0
github.com/lukaszraczylo/mcp-filepuff/pkg/errors/errors.go:252.57,256.2 1 0
github.com/lukaszraczylo/mcp-filepuff/pkg/errors/errors.go:259.73,263.2 1 0
github.com/lukaszraczylo/mcp-filepuff/pkg/errors/errors.go:266.73,270.2 1 0
github.com/lukaszraczylo/mcp-filepuff/pkg/errors/errors.go:273.61,277.2 1 0
github.com/lukaszraczylo/mcp-filepuff/pkg/errors/errors.go:280.64,283.2 1 0
github.com/lukaszraczylo/mcp-filepuff/pkg/errors/errors.go:286.59,289.2 1 0
github.com/lukaszraczylo/mcp-filepuff/internal/edit/edit.go:24.59,26.48 1 4
github.com/lukaszraczylo/mcp-filepuff/internal/edit/edit.go:26.48,28.3 1 1
github.com/lukaszraczylo/mcp-filepuff/internal/edit/edit.go:31.2,32.16 2 3
github.com/lukaszraczylo/mcp-filepuff/internal/edit/edit.go:32.16,34.3 1 1
github.com/lukaszraczylo/mcp-filepuff/internal/edit/edit.go:36.2,37.16 2 2
github.com/lukaszraczylo/mcp-filepuff/internal/edit/edit.go:87.51,92.2 1 16
github.com/lukaszraczylo/mcp-filepuff/internal/edit/edit.go:96.51,102.2 4 24
github.com/lukaszraczylo/mcp-filepuff/internal/edit/edit.go:105.83,107.2 1 1
github.com/lukaszraczylo/mcp-filepuff/internal/edit/edit.go:111.81,115.2 3 24
github.com/lukaszraczylo/mcp-filepuff/internal/edit/edit.go:118.99,122.17 2 25
github.com/lukaszraczylo/mcp-filepuff/internal/edit/edit.go:122.17,124.3 1 6
github.com/lukaszraczylo/mcp-filepuff/internal/edit/edit.go:125.2,125.43 1 19
github.com/lukaszraczylo/mcp-filepuff/internal/edit/edit.go:129.56,131.65 1 25
github.com/lukaszraczylo/mcp-filepuff/internal/edit/edit.go:131.65,133.3 1 5
github.com/lukaszraczylo/mcp-filepuff/internal/edit/edit.go:136.2,137.87 1 20
github.com/lukaszraczylo/mcp-filepuff/internal/edit/edit.go:137.87,139.3 1 1
github.com/lukaszraczylo/mcp-filepuff/internal/edit/edit.go:142.2,143.37 2 19
github.com/lukaszraczylo/mcp-filepuff/internal/edit/edit.go:147.102,149.48 1 19
github.com/lukaszraczylo/mcp-filepuff/internal/edit/edit.go:149.48,151.3 1 0
github.com/lukaszraczylo/mcp-filepuff/internal/edit/edit.go:154.2,155.16 2 19
github.com/lukaszraczylo/mcp-filepuff/internal/edit/edit.go:155.16,158.3 2 0
github.com/lukaszraczylo/mcp-filepuff/internal/edit/edit.go:161.2,162.16 2 19
github.com/lukaszraczylo/mcp-filepuff/internal/edit/edit.go:162.16,164.3 1 0
github.com/lukaszraczylo/mcp-filepuff/internal/edit/edit.go:167.2,168.16 2 19
github.com/lukaszraczylo/mcp-filepuff/internal/edit/edit.go:168.16,170.3 1 0
github.com/lukaszraczylo/mcp-filepuff/internal/edit/edit.go:173.2,174.16 2 19
github.com/lukaszraczylo/mcp-filepuff/internal/edit/edit.go:174.16,176.3 1 0
github.com/lukaszraczylo/mcp-filepuff/internal/edit/edit.go:179.2,180.16 2 19
github.com/lukaszraczylo/mcp-filepuff/internal/edit/edit.go:180.16,186.3 2 1
github.com/lukaszraczylo/mcp-filepuff/internal/edit/edit.go:189.2,200.11 3 18
github.com/lukaszraczylo/mcp-filepuff/internal/edit/edit.go:200.11,201.67 1 17
github.com/lukaszraczylo/mcp-filepuff/internal/edit/edit.go:201.67,207.4 2 0
github.com/lukaszraczylo/mcp-filepuff/internal/edit/edit.go:208.3,208.24 1 17
github.com/lukaszraczylo/mcp-filepuff/internal/edit/edit.go:211.2,211.20 1 18
github.com/lukaszraczylo/mcp-filepuff/internal/edit/edit.go:215.101,217.49 1 6
github.com/lukaszraczylo/mcp-filepuff/internal/edit/edit.go:217.49,219.3 1 0
github.com/lukaszraczylo/mcp-filepuff/internal/edit/edit.go:222.2,223.16 2 6
github.com/lukaszraczylo/mcp-filepuff/internal/edit/edit.go:223.16,226.3 2 0
github.com/lukaszraczylo/mcp-filepuff/internal/edit/edit.go:229.2,230.16 2 6
github.com/lukaszraczylo/mcp-filepuff/internal/edit/edit.go:230.16,232.3 1 1
github.com/lukaszraczylo/mcp-filepuff/internal/edit/edit.go:235.2,236.16 2 5
github.com/lukaszraczylo/mcp-filepuff/internal/edit/edit.go:236.16,238.3 1 0
github.com/lukaszraczylo/mcp-filepuff/internal/edit/edit.go:241.2,252.11 3 5
github.com/lukaszraczylo/mcp-filepuff/internal/edit/edit.go:252.11,253.67 1 5
github.com/lukaszraczylo/mcp-filepuff/internal/edit/edit.go:253.67,259.4 2 0
github.com/lukaszraczylo/mcp-filepuff/internal/edit/edit.go:260.3,260.24 1 5
github.com/lukaszraczylo/mcp-filepuff/internal/edit/edit.go:263.2,263.20 1 5
github.com/lukaszraczylo/mcp-filepuff/internal/edit/edit.go:267.56,268.21 1 37
github.com/lukaszraczylo/mcp-filepuff/internal/edit/edit.go:268.21,270.3 1 1
github.com/lukaszraczylo/mcp-filepuff/internal/edit/edit.go:272.2,272.26 1 36
github.com/lukaszraczylo/mcp-filepuff/internal/edit/edit.go:272.26,274.3 1 1
github.com/lukaszraczylo/mcp-filepuff/internal/edit/edit.go:277.2,277.24 1 35
github.com/lukaszraczylo/mcp-filepuff/internal/edit/edit.go:278.54,279.28 1 33
github.com/lukaszraczylo/mcp-filepuff/internal/edit/edit.go:279.28,281.4 1 1
github.com/lukaszraczylo/mcp-filepuff/internal/edit/edit.go:282.18,282.18 0 1
github.com/lukaszraczylo/mcp-filepuff/internal/edit/edit.go:284.10,285.90 1 1
github.com/lukaszraczylo/mcp-filepuff/internal/edit/edit.go:288.2,288.12 1 33
github.com/lukaszraczylo/mcp-filepuff/internal/edit/edit.go:292.55,293.49 1 26
github.com/lukaszraczylo/mcp-filepuff/internal/edit/edit.go:293.49,295.3 1 4
github.com/lukaszraczylo/mcp-filepuff/internal/edit/edit.go:298.2,298.118 1 22
github.com/lukaszraczylo/mcp-filepuff/internal/edit/edit.go:298.118,300.3 1 1
github.com/lukaszraczylo/mcp-filepuff/internal/edit/edit.go:302.2,302.12 1 21
github.com/lukaszraczylo/mcp-filepuff/internal/edit/edit.go:306.56,307.49 1 11
github.com/lukaszraczylo/mcp-filepuff/internal/edit/edit.go:307.49,309.3 1 0
github.com/lukaszraczylo/mcp-filepuff/internal/edit/edit.go:312.2,316.22 2 11
github.com/lukaszraczylo/mcp-filepuff/internal/edit/edit.go:316.22,318.3 1 1
github.com/lukaszraczylo/mcp-filepuff/internal/edit/edit.go:321.2,321.37 1 10
github.com/lukaszraczylo/mcp-filepuff/internal/edit/edit.go:321.37,322.68 1 3
github.com/lukaszraczylo/mcp-filepuff/internal/edit/edit.go:322.68,324.4 1 1
github.com/lukaszraczylo/mcp-filepuff/internal/edit/edit.go:327.2,327.12 1 9
github.com/lukaszraczylo/mcp-filepuff/internal/edit/edit.go:331.108,332.17 1 29
github.com/lukaszraczylo/mcp-filepuff/internal/edit/edit.go:332.17,334.3 1 0
github.com/lukaszraczylo/mcp-filepuff/internal/edit/edit.go:336.2,337.17 2 29
github.com/lukaszraczylo/mcp-filepuff/internal/edit/edit.go:337.17,339.3 1 0
github.com/lukaszraczylo/mcp-filepuff/internal/edit/edit.go:341.2,343.50 2 29
github.com/lukaszraczylo/mcp-filepuff/internal/edit/edit.go:343.50,344.41 1 834
github.com/lukaszraczylo/mcp-filepuff/internal/edit/edit.go:344.41,346.4 1 39
github.com/lukaszraczylo/mcp-filepuff/internal/edit/edit.go:347.3,347.14 1 834
github.com/lukaszraczylo/mcp-filepuff/internal/edit/edit.go:350.2,350.23 1 29
github.com/lukaszraczylo/mcp-filepuff/internal/edit/edit.go:350.23,353.3 2 1
github.com/lukaszraczylo/mcp-filepuff/internal/edit/edit.go:356.2,357.40 2 28
github.com/lukaszraczylo/mcp-filepuff/internal/edit/edit.go:357.40,359.3 1 1
github.com/lukaszraczylo/mcp-filepuff/internal/edit/edit.go:361.2,361.28 1 27
github.com/lukaszraczylo/mcp-filepuff/internal/edit/edit.go:365.88,367.44 1 834
github.com/lukaszraczylo/mcp-filepuff/internal/edit/edit.go:367.44,369.3 1 670
github.com/lukaszraczylo/mcp-filepuff/internal/edit/edit.go:372.2,372.20 1 164
github.com/lukaszraczylo/mcp-filepuff/internal/edit/edit.go:372.20,374.22 2 109
github.com/lukaszraczylo/mcp-filepuff/internal/edit/edit.go:374.22,377.50 2 86
github.com/lukaszraczylo/mcp-filepuff/internal/edit/edit.go:377.50,379.53 2 28
github.com/lukaszraczylo/mcp-filepuff/internal/edit/edit.go:379.53,380.56 1 4
github.com/lukaszraczylo/mcp-filepuff/internal/edit/edit.go:380.56,382.12 2 0
github.com/lukaszraczylo/mcp-filepuff/internal/edit/edit.go:386.4,386.14 1 86
github.com/lukaszraczylo/mcp-filepuff/internal/edit/edit.go:386.14,388.5 1 86
github.com/lukaszraczylo/mcp-filepuff/internal/edit/edit.go:389.9,389.63 1 23
github.com/lukaszraczylo/mcp-filepuff/internal/edit/edit.go:389.63,391.4 1 4
github.com/lukaszraczylo/mcp-filepuff/internal/edit/edit.go:395.2,395.20 1 74
github.com/lukaszraczylo/mcp-filepuff/internal/edit/edit.go:395.20,398.53 3 45
github.com/lukaszraczylo/mcp-filepuff/internal/edit/edit.go:398.53,400.4 1 35
github.com/lukaszraczylo/mcp-filepuff/internal/edit/edit.go:404.2,404.23 1 39
github.com/lukaszraczylo/mcp-filepuff/internal/edit/edit.go:404.23,406.47 2 0
github.com/lukaszraczylo/mcp-filepuff/internal/edit/edit.go:406.47,408.4 1 0
github.com/lukaszraczylo/mcp-filepuff/internal/edit/edit.go:411.2,411.13 1 39
github.com/lukaszraczylo/mcp-filepuff/internal/edit/edit.go:415.94,425.24 6 23
github.com/lukaszraczylo/mcp-filepuff/internal/edit/edit.go:426.19,429.48 3 20
github.com/lukaszraczylo/mcp-filepuff/internal/edit/edit.go:431.24,435.50 4 1
github.com/lukaszraczylo/mcp-filepuff/internal/edit/edit.go:437.23,441.48 4 1
github.com/lukaszraczylo/mcp-filepuff/internal/edit/edit.go:443.18,445.48 2 1
github.com/lukaszraczylo/mcp-filepuff/internal/edit/edit.go:447.10,448.95 1 0
github.com/lukaszraczylo/mcp-filepuff/internal/edit/edit.go:451.2,451.20 1 23
github.com/lukaszraczylo/mcp-filepuff/internal/edit/edit.go:455.63,458.52 2 26
github.com/lukaszraczylo/mcp-filepuff/internal/edit/edit.go:458.52,460.3 1 5
github.com/lukaszraczylo/mcp-filepuff/internal/edit/edit.go:463.2,464.64 2 26
github.com/lukaszraczylo/mcp-filepuff/internal/edit/edit.go:464.64,466.28 2 5
github.com/lukaszraczylo/mcp-filepuff/internal/edit/edit.go:466.28,468.4 1 5
github.com/lukaszraczylo/mcp-filepuff/internal/edit/edit.go:468.9,469.9 1 0
github.com/lukaszraczylo/mcp-filepuff/internal/edit/edit.go:473.2,473.24 1 26
github.com/lukaszraczylo/mcp-filepuff/internal/edit/edit.go:477.58,478.18 1 28
github.com/lukaszraczylo/mcp-filepuff/internal/edit/edit.go:478.18,480.3 1 27
github.com/lukaszraczylo/mcp-filepuff/internal/edit/edit.go:482.2,483.29 2 1
github.com/lukaszraczylo/mcp-filepuff/internal/edit/edit.go:483.29,484.26 1 1
github.com/lukaszraczylo/mcp-filepuff/internal/edit/edit.go:484.26,486.4 1 0
github.com/lukaszraczylo/mcp-filepuff/internal/edit/edit.go:489.2,489.34 1 1
github.com/lukaszraczylo/mcp-filepuff/internal/edit/edit.go:494.63,508.29 8 24
github.com/lukaszraczylo/mcp-filepuff/internal/edit/edit.go:508.29,510.30 2 97
github.com/lukaszraczylo/mcp-filepuff/internal/edit/edit.go:510.30,512.39 1 213
github.com/lukaszraczylo/mcp-filepuff/internal/edit/edit.go:512.39,513.13 1 28
github.com/lukaszraczylo/mcp-filepuff/internal/edit/edit.go:516.4,516.21 1 185
github.com/lukaszraczylo/mcp-filepuff/internal/edit/edit.go:517.35,518.48 1 20
github.com/lukaszraczylo/mcp-filepuff/internal/edit/edit.go:519.35,520.48 1 26
github.com/lukaszraczylo/mcp-filepuff/internal/edit/edit.go:521.34,523.14 2 139
github.com/lukaszraczylo/mcp-filepuff/internal/edit/edit.go:528.2,528.21 1 24
github.com/lukaszraczylo/mcp-filepuff/internal/edit/edit.go:532.99,533.9 1 6
github.com/lukaszraczylo/mcp-filepuff/internal/edit/edit.go:534.22,535.55 1 4
github.com/lukaszraczylo/mcp-filepuff/internal/edit/edit.go:536.29,537.65 1 1
github.com/lukaszraczylo/mcp-filepuff/internal/edit/edit.go:538.22,539.59 1 1
github.com/lukaszraczylo/mcp-filepuff/internal/edit/edit.go:540.10,541.99 1 0
github.com/lukaszraczylo/mcp-filepuff/internal/edit/edit.go:546.100,547.16 1 4
github.com/lukaszraczylo/mcp-filepuff/internal/edit/edit.go:547.16,549.3 1 0
github.com/lukaszraczylo/mcp-filepuff/internal/edit/edit.go:551.2,556.6 5 4
github.com/lukaszraczylo/mcp-filepuff/internal/edit/edit.go:556.6,558.16 2 10
github.com/lukaszraczylo/mcp-filepuff/internal/edit/edit.go:558.16,559.9 1 4
github.com/lukaszraczylo/mcp-filepuff/internal/edit/edit.go:561.3,565.20 2 6
github.com/lukaszraczylo/mcp-filepuff/internal/edit/edit.go:568.2,568.23 1 4
github.com/lukaszraczylo/mcp-filepuff/internal/edit/edit.go:568.23,570.3 1 0
github.com/lukaszraczylo/mcp-filepuff/internal/edit/edit.go:573.2,573.36 1 4
github.com/lukaszraczylo/mcp-filepuff/internal/edit/edit.go:573.36,578.29 2 1
github.com/lukaszraczylo/mcp-filepuff/internal/edit/edit.go:578.29,579.14 1 2
github.com/lukaszraczylo/mcp-filepuff/internal/edit/edit.go:579.14,581.10 2 0
github.com/lukaszraczylo/mcp-filepuff/internal/edit/edit.go:583.4,584.63 2 2
github.com/lukaszraczylo/mcp-filepuff/internal/edit/edit.go:586.3,587.65 1 1
github.com/lukaszraczylo/mcp-filepuff/internal/edit/edit.go:590.2,590.27 1 3
github.com/lukaszraczylo/mcp-filepuff/internal/edit/edit.go:590.27,592.3 1 0
github.com/lukaszraczylo/mcp-filepuff/internal/edit/edit.go:594.2,594.54 1 3
github.com/lukaszraczylo/mcp-filepuff/internal/edit/edit.go:598.106,600.16 2 1
github.com/lukaszraczylo/mcp-filepuff/internal/edit/edit.go:600.16,602.3 1 0
github.com/lukaszraczylo/mcp-filepuff/internal/edit/edit.go:604.2,605.23 2 1
github.com/lukaszraczylo/mcp-filepuff/internal/edit/edit.go:605.23,607.3 1 0
github.com/lukaszraczylo/mcp-filepuff/internal/edit/edit.go:610.2,610.36 1 1
github.com/lukaszraczylo/mcp-filepuff/internal/edit/edit.go:610.36,612.29 2 0
github.com/lukaszraczylo/mcp-filepuff/internal/edit/edit.go:612.29,613.14 1 0
github.com/lukaszraczylo/mcp-filepuff/internal/edit/edit.go:613.14,615.10 2 0
github.com/lukaszraczylo/mcp-filepuff/internal/edit/edit.go:617.4,618.63 2 0
github.com/lukaszraczylo/mcp-filepuff/internal/edit/edit.go:620.3,621.65 1 0
github.com/lukaszraczylo/mcp-filepuff/internal/edit/edit.go:624.2,624.27 1 1
github.com/lukaszraczylo/mcp-filepuff/internal/edit/edit.go:624.27,626.3 1 0
github.com/lukaszraczylo/mcp-filepuff/internal/edit/edit.go:628.2,628.50 1 1
github.com/lukaszraczylo/mcp-filepuff/internal/edit/edit.go:632.100,633.18 1 7
github.com/lukaszraczylo/mcp-filepuff/internal/edit/edit.go:633.18,635.3 1 1
github.com/lukaszraczylo/mcp-filepuff/internal/edit/edit.go:637.2,637.19 1 7
github.com/lukaszraczylo/mcp-filepuff/internal/edit/edit.go:637.19,639.3 1 1
github.com/lukaszraczylo/mcp-filepuff/internal/edit/edit.go:641.2,641.25 1 6
github.com/lukaszraczylo/mcp-filepuff/internal/edit/edit.go:641.25,643.3 1 1
github.com/lukaszraczylo/mcp-filepuff/internal/edit/edit.go:645.2,652.28 5 5
github.com/lukaszraczylo/mcp-filepuff/internal/edit/edit.go:652.28,654.3 1 1
github.com/lukaszraczylo/mcp-filepuff/internal/edit/edit.go:655.2,655.26 1 4
github.com/lukaszraczylo/mcp-filepuff/internal/edit/edit.go:655.26,657.3 1 0
github.com/lukaszraczylo/mcp-filepuff/internal/edit/edit.go:660.2,661.32 2 4
github.com/lukaszraczylo/mcp-filepuff/internal/edit/edit.go:661.32,663.3 1 4
github.com/lukaszraczylo/mcp-filepuff/internal/edit/edit.go:665.2,666.38 2 4
github.com/lukaszraczylo/mcp-filepuff/internal/edit/edit.go:666.38,668.23 2 8
github.com/lukaszraczylo/mcp-filepuff/internal/edit/edit.go:668.23,670.4 1 8
github.com/lukaszraczylo/mcp-filepuff/internal/edit/edit.go:673.2,673.24 1 4
github.com/lukaszraczylo/mcp-filepuff/internal/edit/edit.go:677.126,684.12 4 5
github.com/lukaszraczylo/mcp-filepuff/internal/edit/edit.go:685.19,688.44 3 4
github.com/lukaszraczylo/mcp-filepuff/internal/edit/edit.go:690.24,694.46 4 0
github.com/lukaszraczylo/mcp-filepuff/internal/edit/edit.go:696.23,700.44 4 1
github.com/lukaszraczylo/mcp-filepuff/internal/edit/edit.go:702.18,704.44 2 0
github.com/lukaszraczylo/mcp-filepuff/internal/edit/edit.go:706.10,707.83 1 0
github.com/lukaszraczylo/mcp-filepuff/internal/edit/edit.go:710.2,710.20 1 5
github.com/lukaszraczylo/mcp-filepuff/internal/edit/edit.go:714.66,717.52 2 5
github.com/lukaszraczylo/mcp-filepuff/internal/edit/edit.go:717.52,719.3 1 2
github.com/lukaszraczylo/mcp-filepuff/internal/edit/edit.go:722.2,723.59 2 5
github.com/lukaszraczylo/mcp-filepuff/internal/edit/edit.go:723.59,725.28 2 2
github.com/lukaszraczylo/mcp-filepuff/internal/edit/edit.go:725.28,727.4 1 2
github.com/lukaszraczylo/mcp-filepuff/internal/edit/edit.go:727.9,728.9 1 0
github.com/lukaszraczylo/mcp-filepuff/internal/edit/edit.go:732.2,732.24 1 5
github.com/lukaszraczylo/mcp-filepuff/internal/edit/edit.go:736.50,737.22 1 0
github.com/lukaszraczylo/mcp-filepuff/internal/edit/edit.go:737.22,739.3 1 0
github.com/lukaszraczylo/mcp-filepuff/internal/edit/edit.go:740.2,740.29 1 0
github.com/lukaszraczylo/mcp-filepuff/internal/edit/edit.go:744.37,746.2 1 2
github.com/lukaszraczylo/mcp-filepuff/internal/edit/edit.go:751.46,753.34 2 0
github.com/lukaszraczylo/mcp-filepuff/internal/edit/edit.go:753.34,755.3 1 0
github.com/lukaszraczylo/mcp-filepuff/internal/edit/edit.go:756.2,756.12 1 0
github.com/lukaszraczylo/mcp-filepuff/internal/query/query.go:22.59,24.48 1 114
github.com/lukaszraczylo/mcp-filepuff/internal/query/query.go:24.48,26.3 1 103
github.com/lukaszraczylo/mcp-filepuff/internal/query/query.go:29.2,30.16 2 11
github.com/lukaszraczylo/mcp-filepuff/internal/query/query.go:30.16,32.3 1 1
github.com/lukaszraczylo/mcp-filepuff/internal/query/query.go:36.2,37.37 2 10
github.com/lukaszraczylo/mcp-filepuff/internal/query/query.go:102.53,104.2 1 6
github.com/lukaszraczylo/mcp-filepuff/internal/query/query.go:107.59,108.19 1 17
github.com/lukaszraczylo/mcp-filepuff/internal/query/query.go:108.19,110.3 1 1
github.com/lukaszraczylo/mcp-filepuff/internal/query/query.go:112.2,123.72 7 16
github.com/lukaszraczylo/mcp-filepuff/internal/query/query.go:123.72,130.3 2 9
github.com/lukaszraczylo/mcp-filepuff/internal/query/query.go:133.2,133.74 1 16
github.com/lukaszraczylo/mcp-filepuff/internal/query/query.go:133.74,136.3 2 9
github.com/lukaszraczylo/mcp-filepuff/internal/query/query.go:139.2,139.67 1 16
github.com/lukaszraczylo/mcp-filepuff/internal/query/query.go:139.67,145.3 1 1
github.com/lukaszraczylo/mcp-filepuff/internal/query/query.go:148.2,148.77 1 16
github.com/lukaszraczylo/mcp-filepuff/internal/query/query.go:148.77,151.3 2 1
github.com/lukaszraczylo/mcp-filepuff/internal/query/query.go:155.2,156.75 2 16
github.com/lukaszraczylo/mcp-filepuff/internal/query/query.go:156.75,159.78 2 17
github.com/lukaszraczylo/mcp-filepuff/internal/query/query.go:159.78,160.12 1 0
github.com/lukaszraczylo/mcp-filepuff/internal/query/query.go:162.3,166.5 1 17
github.com/lukaszraczylo/mcp-filepuff/internal/query/query.go:170.2,170.75 1 16
github.com/lukaszraczylo/mcp-filepuff/internal/query/query.go:170.75,172.78 2 17
github.com/lukaszraczylo/mcp-filepuff/internal/query/query.go:172.78,174.4 1 0
github.com/lukaszraczylo/mcp-filepuff/internal/query/query.go:175.3,176.49 2 17
github.com/lukaszraczylo/mcp-filepuff/internal/query/query.go:179.2,183.8 1 16
github.com/lukaszraczylo/mcp-filepuff/internal/query/query.go:187.138,188.25 1 14
github.com/lukaszraczylo/mcp-filepuff/internal/query/query.go:188.25,190.3 1 1
github.com/lukaszraczylo/mcp-filepuff/internal/query/query.go:192.2,193.48 2 13
github.com/lukaszraczylo/mcp-filepuff/internal/query/query.go:193.48,195.3 1 2
github.com/lukaszraczylo/mcp-filepuff/internal/query/query.go:198.2,199.16 2 11
github.com/lukaszraczylo/mcp-filepuff/internal/query/query.go:199.16,201.3 1 0
github.com/lukaszraczylo/mcp-filepuff/internal/query/query.go:203.2,207.17 3 11
github.com/lukaszraczylo/mcp-filepuff/internal/query/query.go:207.17,209.3 1 0
github.com/lukaszraczylo/mcp-filepuff/internal/query/query.go:211.2,211.50 1 11
github.com/lukaszraczylo/mcp-filepuff/internal/query/query.go:211.50,213.10 1 747
github.com/lukaszraczylo/mcp-filepuff/internal/query/query.go:214.21,215.16 1 0
github.com/lukaszraczylo/mcp-filepuff/internal/query/query.go:216.11,216.11 0 747
github.com/lukaszraczylo/mcp-filepuff/internal/query/query.go:220.3,220.66 1 747
github.com/lukaszraczylo/mcp-filepuff/internal/query/query.go:220.66,222.49 1 29
github.com/lukaszraczylo/mcp-filepuff/internal/query/query.go:222.49,224.5 1 9
github.com/lukaszraczylo/mcp-filepuff/internal/query/query.go:226.4,236.6 2 20
github.com/lukaszraczylo/mcp-filepuff/internal/query/query.go:239.3,239.14 1 738
github.com/lukaszraczylo/mcp-filepuff/internal/query/query.go:242.2,242.21 1 11
github.com/lukaszraczylo/mcp-filepuff/internal/query/query.go:247.107,248.17 1 747
github.com/lukaszraczylo/mcp-filepuff/internal/query/query.go:248.17,250.3 1 0
github.com/lukaszraczylo/mcp-filepuff/internal/query/query.go:252.2,258.26 3 747
github.com/lukaszraczylo/mcp-filepuff/internal/query/query.go:263.126,268.92 3 747
github.com/lukaszraczylo/mcp-filepuff/internal/query/query.go:268.92,269.114 1 522
github.com/lukaszraczylo/mcp-filepuff/internal/query/query.go:269.114,271.4 1 498
github.com/lukaszraczylo/mcp-filepuff/internal/query/query.go:272.3,273.14 2 24
github.com/lukaszraczylo/mcp-filepuff/internal/query/query.go:277.2,277.46 1 225
github.com/lukaszraczylo/mcp-filepuff/internal/query/query.go:277.46,278.72 1 170
github.com/lukaszraczylo/mcp-filepuff/internal/query/query.go:278.72,280.4 1 168
github.com/lukaszraczylo/mcp-filepuff/internal/query/query.go:281.3,282.14 2 2
github.com/lukaszraczylo/mcp-filepuff/internal/query/query.go:286.2,286.134 1 55
github.com/lukaszraczylo/mcp-filepuff/internal/query/query.go:286.134,287.71 1 55
github.com/lukaszraczylo/mcp-filepuff/internal/query/query.go:287.71,289.4 1 52
github.com/lukaszraczylo/mcp-filepuff/internal/query/query.go:290.3,291.14 2 3
github.com/lukaszraczylo/mcp-filepuff/internal/query/query.go:295.2,295.50 1 0
github.com/lukaszraczylo/mcp-filepuff/internal/query/query.go:295.50,296.76 1 0
github.com/lukaszraczylo/mcp-filepuff/internal/query/query.go:296.76,298.4 1 0
github.com/lukaszraczylo/mcp-filepuff/internal/query/query.go:299.3,300.14 2 0
github.com/lukaszraczylo/mcp-filepuff/internal/query/query.go:303.2,303.14 1 0
github.com/lukaszraczylo/mcp-filepuff/internal/query/query.go:307.122,308.34 1 24
github.com/lukaszraczylo/mcp-filepuff/internal/query/query.go:308.34,309.19 1 34
github.com/lukaszraczylo/mcp-filepuff/internal/query/query.go:310.23,311.66 1 24
github.com/lukaszraczylo/mcp-filepuff/internal/query/query.go:311.66,316.5 1 24
github.com/lukaszraczylo/mcp-filepuff/internal/query/query.go:317.43,318.76 1 5
github.com/lukaszraczylo/mcp-filepuff/internal/query/query.go:318.76,320.60 2 5
github.com/lukaszraczylo/mcp-filepuff/internal/query/query.go:320.60,322.6 1 2
github.com/lukaszraczylo/mcp-filepuff/internal/query/query.go:323.5,326.6 1 5
github.com/lukaszraczylo/mcp-filepuff/internal/query/query.go:328.23,329.66 1 5
github.com/lukaszraczylo/mcp-filepuff/internal/query/query.go:329.66,334.5 1 5
github.com/lukaszraczylo/mcp-filepuff/internal/query/query.go:335.47,336.72 1 0
github.com/lukaszraczylo/mcp-filepuff/internal/query/query.go:336.72,341.5 1 0
github.com/lukaszraczylo/mcp-filepuff/internal/query/query.go:347.119,348.34 1 2
github.com/lukaszraczylo/mcp-filepuff/internal/query/query.go:348.34,349.19 1 4
github.com/lukaszraczylo/mcp-filepuff/internal/query/query.go:350.23,351.66 1 2
github.com/lukaszraczylo/mcp-filepuff/internal/query/query.go:351.66,356.5 1 2
github.com/lukaszraczylo/mcp-filepuff/internal/query/query.go:357.23,358.66 1 2
github.com/lukaszraczylo/mcp-filepuff/internal/query/query.go:358.66,363.5 1 2
github.com/lukaszraczylo/mcp-filepuff/internal/query/query.go:364.57,365.78 1 0
github.com/lukaszraczylo/mcp-filepuff/internal/query/query.go:365.78,370.5 1 0
github.com/lukaszraczylo/mcp-filepuff/internal/query/query.go:376.120,377.34 1 3
github.com/lukaszraczylo/mcp-filepuff/internal/query/query.go:377.34,378.19 1 6
github.com/lukaszraczylo/mcp-filepuff/internal/query/query.go:379.23,381.41 1 3
github.com/lukaszraczylo/mcp-filepuff/internal/query/query.go:381.41,382.54 1 3
github.com/lukaszraczylo/mcp-filepuff/internal/query/query.go:382.54,384.53 2 3
github.com/lukaszraczylo/mcp-filepuff/internal/query/query.go:384.53,385.70 1 3
github.com/lukaszraczylo/mcp-filepuff/internal/query/query.go:385.70,390.8 1 3
github.com/lukaszraczylo/mcp-filepuff/internal/query/query.go:393.10,393.73 1 0
github.com/lukaszraczylo/mcp-filepuff/internal/query/query.go:393.73,398.5 1 0
github.com/lukaszraczylo/mcp-filepuff/internal/query/query.go:399.43,400.66 1 3
github.com/lukaszraczylo/mcp-filepuff/internal/query/query.go:400.66,405.5 1 0
github.com/lukaszraczylo/mcp-filepuff/internal/query/query.go:411.123,412.34 1 0
github.com/lukaszraczylo/mcp-filepuff/internal/query/query.go:412.34,413.19 1 0
github.com/lukaszraczylo/mcp-filepuff/internal/query/query.go:414.23,415.66 1 0
github.com/lukaszraczylo/mcp-filepuff/internal/query/query.go:415.66,420.5 1 0
github.com/lukaszraczylo/mcp-filepuff/internal/query/query.go:421.45,422.66 1 0
github.com/lukaszraczylo/mcp-filepuff/internal/query/query.go:422.66,427.5 1 0
github.com/lukaszraczylo/mcp-filepuff/internal/query/query.go:433.82,435.31 1 29
github.com/lukaszraczylo/mcp-filepuff/internal/query/query.go:435.31,437.22 2 7
github.com/lukaszraczylo/mcp-filepuff/internal/query/query.go:437.22,439.4 1 0
github.com/lukaszraczylo/mcp-filepuff/internal/query/query.go:440.3,442.17 3 7
github.com/lukaszraczylo/mcp-filepuff/internal/query/query.go:442.17,444.4 1 0
github.com/lukaszraczylo/mcp-filepuff/internal/query/query.go:445.3,445.28 1 7
github.com/lukaszraczylo/mcp-filepuff/internal/query/query.go:445.28,447.4 1 4
github.com/lukaszraczylo/mcp-filepuff/internal/query/query.go:451.2,451.29 1 25
github.com/lukaszraczylo/mcp-filepuff/internal/query/query.go:451.29,453.22 2 7
github.com/lukaszraczylo/mcp-filepuff/internal/query/query.go:453.22,455.4 1 0
github.com/lukaszraczylo/mcp-filepuff/internal/query/query.go:456.3,457.32 2 7
github.com/lukaszraczylo/mcp-filepuff/internal/query/query.go:457.32,459.4 1 5
github.com/lukaszraczylo/mcp-filepuff/internal/query/query.go:463.2,463.29 1 20
github.com/lukaszraczylo/mcp-filepuff/internal/query/query.go:463.29,466.39 3 4
github.com/lukaszraczylo/mcp-filepuff/internal/query/query.go:466.39,467.24 1 4
github.com/lukaszraczylo/mcp-filepuff/internal/query/query.go:467.24,469.10 2 4
github.com/lukaszraczylo/mcp-filepuff/internal/query/query.go:472.3,472.13 1 4
github.com/lukaszraczylo/mcp-filepuff/internal/query/query.go:472.13,474.4 1 0
github.com/lukaszraczylo/mcp-filepuff/internal/query/query.go:477.2,477.13 1 20
github.com/lukaszraczylo/mcp-filepuff/internal/query/query.go:481.66,482.23 1 3
github.com/lukaszraczylo/mcp-filepuff/internal/query/query.go:482.23,484.3 1 1
github.com/lukaszraczylo/mcp-filepuff/internal/query/query.go:486.2,491.49 5 2
github.com/lukaszraczylo/mcp-filepuff/internal/query/query.go:491.49,494.3 2 1
github.com/lukaszraczylo/mcp-filepuff/internal/query/query.go:496.2,496.36 1 2
github.com/lukaszraczylo/mcp-filepuff/internal/query/query.go:496.36,499.20 3 3
github.com/lukaszraczylo/mcp-filepuff/internal/query/query.go:499.20,501.4 1 0
github.com/lukaszraczylo/mcp-filepuff/internal/query/query.go:502.3,506.22 3 3
github.com/lukaszraczylo/mcp-filepuff/internal/query/query.go:506.22,508.4 1 0
github.com/lukaszraczylo/mcp-filepuff/internal/query/query.go:509.3,514.26 4 3
github.com/lukaszraczylo/mcp-filepuff/internal/query/query.go:514.26,517.38 3 1
github.com/lukaszraczylo/mcp-filepuff/internal/query/query.go:517.38,518.15 1 1
github.com/lukaszraczylo/mcp-filepuff/internal/query/query.go:518.15,520.6 1 0
github.com/lukaszraczylo/mcp-filepuff/internal/query/query.go:521.5,523.26 3 1
github.com/lukaszraczylo/mcp-filepuff/internal/query/query.go:523.26,525.6 1 0
github.com/lukaszraczylo/mcp-filepuff/internal/query/query.go:526.5,526.57 1 1
github.com/lukaszraczylo/mcp-filepuff/internal/query/query.go:528.4,528.24 1 1
github.com/lukaszraczylo/mcp-filepuff/internal/query/query.go:530.3,530.23 1 3
github.com/lukaszraczylo/mcp-filepuff/internal/query/query.go:533.2,533.15 1 2
github.com/lukaszraczylo/mcp-filepuff/internal/query/query.go:533.15,535.3 1 1
github.com/lukaszraczylo/mcp-filepuff/internal/query/query.go:537.2,537.20 1 2
github.com/lukaszraczylo/mcp-filepuff/internal/parser/ast.go:9.72,10.17 1 0
github.com/lukaszraczylo/mcp-filepuff/internal/parser/ast.go:10.17,12.3 1 0
github.com/lukaszraczylo/mcp-filepuff/internal/parser/ast.go:14.2,15.17 2 0
github.com/lukaszraczylo/mcp-filepuff/internal/parser/ast.go:15.17,17.3 1 0
github.com/lukaszraczylo/mcp-filepuff/internal/parser/ast.go:20.2,25.37 2 0
github.com/lukaszraczylo/mcp-filepuff/internal/parser/ast.go:29.74,30.17 1 0
github.com/lukaszraczylo/mcp-filepuff/internal/parser/ast.go:30.17,32.3 1 0
github.com/lukaszraczylo/mcp-filepuff/internal/parser/ast.go:34.2,38.48 3 0
github.com/lukaszraczylo/mcp-filepuff/internal/parser/ast.go:38.48,40.3 1 0
github.com/lukaszraczylo/mcp-filepuff/internal/parser/ast.go:43.2,43.46 1 0
github.com/lukaszraczylo/mcp-filepuff/internal/parser/ast.go:43.46,45.19 2 0
github.com/lukaszraczylo/mcp-filepuff/internal/parser/ast.go:45.19,46.12 1 0
github.com/lukaszraczylo/mcp-filepuff/internal/parser/ast.go:48.3,48.61 1 0
github.com/lukaszraczylo/mcp-filepuff/internal/parser/ast.go:48.61,50.4 1 0
github.com/lukaszraczylo/mcp-filepuff/internal/parser/ast.go:54.2,54.13 1 0
github.com/lukaszraczylo/mcp-filepuff/internal/parser/ast.go:58.56,60.86 1 0
github.com/lukaszraczylo/mcp-filepuff/internal/parser/ast.go:60.86,62.3 1 0
github.com/lukaszraczylo/mcp-filepuff/internal/parser/ast.go:64.2,64.81 1 0
github.com/lukaszraczylo/mcp-filepuff/internal/parser/ast.go:64.81,66.3 1 0
github.com/lukaszraczylo/mcp-filepuff/internal/parser/ast.go:67.2,67.13 1 0
github.com/lukaszraczylo/mcp-filepuff/internal/parser/ast.go:71.68,72.17 1 0
github.com/lukaszraczylo/mcp-filepuff/internal/parser/ast.go:72.17,74.3 1 0
github.com/lukaszraczylo/mcp-filepuff/internal/parser/ast.go:76.2,77.21 2 0
github.com/lukaszraczylo/mcp-filepuff/internal/parser/ast.go:77.21,78.29 1 0
github.com/lukaszraczylo/mcp-filepuff/internal/parser/ast.go:78.29,80.4 1 0
github.com/lukaszraczylo/mcp-filepuff/internal/parser/ast.go:81.3,81.29 1 0
github.com/lukaszraczylo/mcp-filepuff/internal/parser/ast.go:83.2,83.12 1 0
github.com/lukaszraczylo/mcp-filepuff/internal/parser/ast.go:87.60,88.17 1 76
github.com/lukaszraczylo/mcp-filepuff/internal/parser/ast.go:88.17,90.3 1 0
github.com/lukaszraczylo/mcp-filepuff/internal/parser/ast.go:92.2,95.59 3 76
github.com/lukaszraczylo/mcp-filepuff/internal/parser/ast.go:95.59,97.3 1 0
github.com/lukaszraczylo/mcp-filepuff/internal/parser/ast.go:99.2,99.35 1 76
github.com/lukaszraczylo/mcp-filepuff/internal/parser/ast.go:104.62,105.17 1 645
github.com/lukaszraczylo/mcp-filepuff/internal/parser/ast.go:105.17,107.3 1 0
github.com/lukaszraczylo/mcp-filepuff/internal/parser/ast.go:109.2,109.15 1 645
github.com/lukaszraczylo/mcp-filepuff/internal/parser/ast.go:109.15,111.3 1 22
github.com/lukaszraczylo/mcp-filepuff/internal/parser/ast.go:113.2,113.46 1 623
github.com/lukaszraczylo/mcp-filepuff/internal/parser/ast.go:113.46,115.3 1 614
github.com/lukaszraczylo/mcp-filepuff/internal/parser/ast.go:119.69,122.43 2 0
github.com/lukaszraczylo/mcp-filepuff/internal/parser/ast.go:122.43,123.23 1 0
github.com/lukaszraczylo/mcp-filepuff/internal/parser/ast.go:123.23,125.4 1 0
github.com/lukaszraczylo/mcp-filepuff/internal/parser/ast.go:126.3,126.14 1 0
github.com/lukaszraczylo/mcp-filepuff/internal/parser/ast.go:129.2,129.14 1 0
github.com/lukaszraczylo/mcp-filepuff/internal/parser/ast.go:133.58,134.17 1 0
github.com/lukaszraczylo/mcp-filepuff/internal/parser/ast.go:134.17,136.3 1 0
github.com/lukaszraczylo/mcp-filepuff/internal/parser/ast.go:138.2,139.51 2 0
github.com/lukaszraczylo/mcp-filepuff/internal/parser/ast.go:139.51,140.48 1 0
github.com/lukaszraczylo/mcp-filepuff/internal/parser/ast.go:140.48,142.4 1 0
github.com/lukaszraczylo/mcp-filepuff/internal/parser/ast.go:144.2,144.17 1 0
github.com/lukaszraczylo/mcp-filepuff/internal/parser/ast.go:148.76,149.17 1 0
github.com/lukaszraczylo/mcp-filepuff/internal/parser/ast.go:149.17,151.3 1 0
github.com/lukaszraczylo/mcp-filepuff/internal/parser/ast.go:152.2,152.41 1 0
github.com/lukaszraczylo/mcp-filepuff/internal/parser/ast.go:156.73,157.17 1 24
github.com/lukaszraczylo/mcp-filepuff/internal/parser/ast.go:157.17,159.3 1 0
github.com/lukaszraczylo/mcp-filepuff/internal/parser/ast.go:161.2,166.3 2 24
github.com/lukaszraczylo/mcp-filepuff/internal/parser/ast.go:170.67,171.17 1 0
github.com/lukaszraczylo/mcp-filepuff/internal/parser/ast.go:171.17,173.3 1 0
github.com/lukaszraczylo/mcp-filepuff/internal/parser/ast.go:175.2,189.3 3 0
github.com/lukaszraczylo/mcp-filepuff/internal/parser/docextract.go:35.92,36.14 1 35
github.com/lukaszraczylo/mcp-filepuff/internal/parser/docextract.go:36.14,38.3 1 0
github.com/lukaszraczylo/mcp-filepuff/internal/parser/docextract.go:40.2,40.14 1 35
github.com/lukaszraczylo/mcp-filepuff/internal/parser/docextract.go:41.23,42.41 1 8
github.com/lukaszraczylo/mcp-filepuff/internal/parser/docextract.go:43.56,44.41 1 7
github.com/lukaszraczylo/mcp-filepuff/internal/parser/docextract.go:45.27,46.45 1 8
github.com/lukaszraczylo/mcp-filepuff/internal/parser/docextract.go:47.40,48.40 1 8
github.com/lukaszraczylo/mcp-filepuff/internal/parser/docextract.go:49.27,50.45 1 4
github.com/lukaszraczylo/mcp-filepuff/internal/parser/docextract.go:51.10,52.13 1 0
github.com/lukaszraczylo/mcp-filepuff/internal/parser/docextract.go:58.70,60.24 2 8
github.com/lukaszraczylo/mcp-filepuff/internal/parser/docextract.go:60.24,62.3 1 1
github.com/lukaszraczylo/mcp-filepuff/internal/parser/docextract.go:64.2,69.29 5 7
github.com/lukaszraczylo/mcp-filepuff/internal/parser/docextract.go:69.29,73.22 3 9
github.com/lukaszraczylo/mcp-filepuff/internal/parser/docextract.go:73.22,75.4 1 7
github.com/lukaszraczylo/mcp-filepuff/internal/parser/docextract.go:76.3,79.20 3 9
github.com/lukaszraczylo/mcp-filepuff/internal/parser/docextract.go:79.20,81.4 1 9
github.com/lukaszraczylo/mcp-filepuff/internal/parser/docextract.go:84.2,84.21 1 7
github.com/lukaszraczylo/mcp-filepuff/internal/parser/docextract.go:84.21,86.3 1 0
github.com/lukaszraczylo/mcp-filepuff/internal/parser/docextract.go:88.2,95.3 1 7
github.com/lukaszraczylo/mcp-filepuff/internal/parser/docextract.go:99.70,101.24 2 7
github.com/lukaszraczylo/mcp-filepuff/internal/parser/docextract.go:101.24,103.3 1 4
github.com/lukaszraczylo/mcp-filepuff/internal/parser/docextract.go:106.2,107.42 2 3
github.com/lukaszraczylo/mcp-filepuff/internal/parser/docextract.go:107.42,109.56 2 3
github.com/lukaszraczylo/mcp-filepuff/internal/parser/docextract.go:109.56,111.9 2 2
github.com/lukaszraczylo/mcp-filepuff/internal/parser/docextract.go:115.2,115.25 1 3
github.com/lukaszraczylo/mcp-filepuff/internal/parser/docextract.go:115.25,126.3 3 2
github.com/lukaszraczylo/mcp-filepuff/internal/parser/docextract.go:129.2,134.29 5 1
github.com/lukaszraczylo/mcp-filepuff/internal/parser/docextract.go:134.29,138.22 3 1
github.com/lukaszraczylo/mcp-filepuff/internal/parser/docextract.go:138.22,140.4 1 1
github.com/lukaszraczylo/mcp-filepuff/internal/parser/docextract.go:141.3,144.20 3 1
github.com/lukaszraczylo/mcp-filepuff/internal/parser/docextract.go:144.20,146.4 1 1
github.com/lukaszraczylo/mcp-filepuff/internal/parser/docextract.go:149.2,149.21 1 1
github.com/lukaszraczylo/mcp-filepuff/internal/parser/docextract.go:149.21,151.3 1 0
github.com/lukaszraczylo/mcp-filepuff/internal/parser/docextract.go:153.2,160.3 1 1
github.com/lukaszraczylo/mcp-filepuff/internal/parser/docextract.go:165.74,168.17 2 8
github.com/lukaszraczylo/mcp-filepuff/internal/parser/docextract.go:168.17,170.3 1 0
github.com/lukaszraczylo/mcp-filepuff/internal/parser/docextract.go:173.2,173.32 1 8
github.com/lukaszraczylo/mcp-filepuff/internal/parser/docextract.go:173.32,175.61 2 8
github.com/lukaszraczylo/mcp-filepuff/internal/parser/docextract.go:175.61,176.35 1 7
github.com/lukaszraczylo/mcp-filepuff/internal/parser/docextract.go:176.35,178.47 2 7
github.com/lukaszraczylo/mcp-filepuff/internal/parser/docextract.go:178.47,189.6 3 6
github.com/lukaszraczylo/mcp-filepuff/internal/parser/docextract.go:195.2,196.24 2 2
github.com/lukaszraczylo/mcp-filepuff/internal/parser/docextract.go:196.24,198.3 1 2
github.com/lukaszraczylo/mcp-filepuff/internal/parser/docextract.go:200.2,205.29 5 0
github.com/lukaszraczylo/mcp-filepuff/internal/parser/docextract.go:205.29,209.22 3 0
github.com/lukaszraczylo/mcp-filepuff/internal/parser/docextract.go:209.22,211.4 1 0
github.com/lukaszraczylo/mcp-filepuff/internal/parser/docextract.go:212.3,216.20 3 0
github.com/lukaszraczylo/mcp-filepuff/internal/parser/docextract.go:216.20,218.4 1 0
github.com/lukaszraczylo/mcp-filepuff/internal/parser/docextract.go:221.2,221.21 1 0
github.com/lukaszraczylo/mcp-filepuff/internal/parser/docextract.go:221.21,223.3 1 0
github.com/lukaszraczylo/mcp-filepuff/internal/parser/docextract.go:225.2,232.3 1 0
github.com/lukaszraczylo/mcp-filepuff/internal/parser/docextract.go:236.69,238.24 2 8
github.com/lukaszraczylo/mcp-filepuff/internal/parser/docextract.go:238.24,240.3 1 5
github.com/lukaszraczylo/mcp-filepuff/internal/parser/docextract.go:243.2,244.42 2 3
github.com/lukaszraczylo/mcp-filepuff/internal/parser/docextract.go:244.42,247.114 3 3
github.com/lukaszraczylo/mcp-filepuff/internal/parser/docextract.go:247.114,249.9 2 1
github.com/lukaszraczylo/mcp-filepuff/internal/parser/docextract.go:253.2,253.24 1 3
github.com/lukaszraczylo/mcp-filepuff/internal/parser/docextract.go:253.24,264.3 3 1
github.com/lukaszraczylo/mcp-filepuff/internal/parser/docextract.go:267.2,272.29 5 2
github.com/lukaszraczylo/mcp-filepuff/internal/parser/docextract.go:272.29,276.22 3 2
github.com/lukaszraczylo/mcp-filepuff/internal/parser/docextract.go:276.22,278.4 1 2
github.com/lukaszraczylo/mcp-filepuff/internal/parser/docextract.go:279.3,282.20 3 2
github.com/lukaszraczylo/mcp-filepuff/internal/parser/docextract.go:282.20,284.4 1 2
github.com/lukaszraczylo/mcp-filepuff/internal/parser/docextract.go:287.2,287.21 1 2
github.com/lukaszraczylo/mcp-filepuff/internal/parser/docextract.go:287.21,289.3 1 0
github.com/lukaszraczylo/mcp-filepuff/internal/parser/docextract.go:291.2,298.3 1 2
github.com/lukaszraczylo/mcp-filepuff/internal/parser/docextract.go:302.95,309.18 4 25
github.com/lukaszraczylo/mcp-filepuff/internal/parser/docextract.go:309.18,312.35 3 31
github.com/lukaszraczylo/mcp-filepuff/internal/parser/docextract.go:312.35,313.22 1 31
github.com/lukaszraczylo/mcp-filepuff/internal/parser/docextract.go:313.22,315.10 2 15
github.com/lukaszraczylo/mcp-filepuff/internal/parser/docextract.go:319.3,319.17 1 31
github.com/lukaszraczylo/mcp-filepuff/internal/parser/docextract.go:319.17,320.9 1 16
github.com/lukaszraczylo/mcp-filepuff/internal/parser/docextract.go:323.3,326.41 2 15
github.com/lukaszraczylo/mcp-filepuff/internal/parser/docextract.go:326.41,327.9 1 0
github.com/lukaszraczylo/mcp-filepuff/internal/parser/docextract.go:330.3,332.28 3 15
github.com/lukaszraczylo/mcp-filepuff/internal/parser/docextract.go:335.2,335.17 1 25
github.com/lukaszraczylo/mcp-filepuff/internal/parser/docextract.go:339.54,341.39 2 17
github.com/lukaszraczylo/mcp-filepuff/internal/parser/docextract.go:341.39,343.3 1 1
github.com/lukaszraczylo/mcp-filepuff/internal/parser/docextract.go:344.2,344.76 1 16
github.com/lukaszraczylo/mcp-filepuff/internal/parser/docextract.go:344.76,346.3 1 2
github.com/lukaszraczylo/mcp-filepuff/internal/parser/docextract.go:347.2,347.38 1 14
github.com/lukaszraczylo/mcp-filepuff/internal/parser/docextract.go:347.38,349.3 1 4
github.com/lukaszraczylo/mcp-filepuff/internal/parser/docextract.go:350.2,350.38 1 10
github.com/lukaszraczylo/mcp-filepuff/internal/parser/docextract.go:350.38,352.3 1 7
github.com/lukaszraczylo/mcp-filepuff/internal/parser/docextract.go:353.2,353.37 1 3
github.com/lukaszraczylo/mcp-filepuff/internal/parser/docextract.go:353.37,355.3 1 1
github.com/lukaszraczylo/mcp-filepuff/internal/parser/docextract.go:356.2,356.76 1 2
github.com/lukaszraczylo/mcp-filepuff/internal/parser/docextract.go:356.76,358.3 1 2
github.com/lukaszraczylo/mcp-filepuff/internal/parser/docextract.go:359.2,359.25 1 0
github.com/lukaszraczylo/mcp-filepuff/internal/parser/docextract.go:363.44,367.61 2 12
github.com/lukaszraczylo/mcp-filepuff/internal/parser/docextract.go:367.61,369.3 1 9
github.com/lukaszraczylo/mcp-filepuff/internal/parser/docextract.go:372.2,372.74 1 3
github.com/lukaszraczylo/mcp-filepuff/internal/parser/docextract.go:372.74,376.3 3 3
github.com/lukaszraczylo/mcp-filepuff/internal/parser/docextract.go:378.2,378.35 1 0
github.com/lukaszraczylo/mcp-filepuff/internal/parser/docextract.go:382.44,384.2 1 1
github.com/lukaszraczylo/mcp-filepuff/internal/parser/docextract.go:387.43,389.2 1 2
github.com/lukaszraczylo/mcp-filepuff/internal/parser/docextract.go:392.47,396.29 3 6
github.com/lukaszraczylo/mcp-filepuff/internal/parser/docextract.go:396.29,402.3 4 17
github.com/lukaszraczylo/mcp-filepuff/internal/parser/docextract.go:405.2,405.43 1 6
github.com/lukaszraczylo/mcp-filepuff/internal/parser/docextract.go:405.43,407.3 1 4
github.com/lukaszraczylo/mcp-filepuff/internal/parser/docextract.go:408.2,408.56 1 6
github.com/lukaszraczylo/mcp-filepuff/internal/parser/docextract.go:408.56,410.3 1 4
github.com/lukaszraczylo/mcp-filepuff/internal/parser/docextract.go:412.2,412.36 1 6
github.com/lukaszraczylo/mcp-filepuff/internal/parser/docextract.go:416.61,430.29 8 5
github.com/lukaszraczylo/mcp-filepuff/internal/parser/docextract.go:430.29,435.69 4 18
github.com/lukaszraczylo/mcp-filepuff/internal/parser/docextract.go:435.69,438.41 3 7
github.com/lukaszraczylo/mcp-filepuff/internal/parser/docextract.go:438.41,440.5 1 1
github.com/lukaszraczylo/mcp-filepuff/internal/parser/docextract.go:440.10,442.5 1 6
github.com/lukaszraczylo/mcp-filepuff/internal/parser/docextract.go:443.9,443.24 1 11
github.com/lukaszraczylo/mcp-filepuff/internal/parser/docextract.go:443.24,445.4 1 4
github.com/lukaszraczylo/mcp-filepuff/internal/parser/docextract.go:448.2,448.44 1 5
github.com/lukaszraczylo/mcp-filepuff/internal/parser/docextract.go:452.63,470.29 10 4
github.com/lukaszraczylo/mcp-filepuff/internal/parser/docextract.go:470.29,475.69 4 17
github.com/lukaszraczylo/mcp-filepuff/internal/parser/docextract.go:475.69,478.41 3 7
github.com/lukaszraczylo/mcp-filepuff/internal/parser/docextract.go:478.41,480.5 1 1
github.com/lukaszraczylo/mcp-filepuff/internal/parser/docextract.go:480.10,482.5 1 6
github.com/lukaszraczylo/mcp-filepuff/internal/parser/docextract.go:483.9,483.24 1 10
github.com/lukaszraczylo/mcp-filepuff/internal/parser/docextract.go:483.24,485.4 1 4
github.com/lukaszraczylo/mcp-filepuff/internal/parser/docextract.go:488.2,488.44 1 4
github.com/lukaszraczylo/mcp-filepuff/internal/parser/docextract.go:492.47,493.34 1 10
github.com/lukaszraczylo/mcp-filepuff/internal/parser/docextract.go:493.34,495.3 1 2
github.com/lukaszraczylo/mcp-filepuff/internal/parser/docextract.go:497.2,500.23 3 8
github.com/lukaszraczylo/mcp-filepuff/internal/parser/docextract.go:500.23,507.38 4 1
github.com/lukaszraczylo/mcp-filepuff/internal/parser/docextract.go:507.38,508.40 1 4
github.com/lukaszraczylo/mcp-filepuff/internal/parser/docextract.go:508.40,509.51 1 1
github.com/lukaszraczylo/mcp-filepuff/internal/parser/docextract.go:509.51,511.6 1 1
github.com/lukaszraczylo/mcp-filepuff/internal/parser/docextract.go:516.3,516.39 1 1
github.com/lukaszraczylo/mcp-filepuff/internal/parser/docextract.go:516.39,517.40 1 3
github.com/lukaszraczylo/mcp-filepuff/internal/parser/docextract.go:517.40,519.5 1 1
github.com/lukaszraczylo/mcp-filepuff/internal/parser/docextract.go:523.3,524.32 2 1
github.com/lukaszraczylo/mcp-filepuff/internal/parser/docextract.go:524.32,526.4 1 4
github.com/lukaszraczylo/mcp-filepuff/internal/parser/docextract.go:527.3,527.33 1 1
github.com/lukaszraczylo/mcp-filepuff/internal/parser/docextract.go:527.33,529.4 1 3
github.com/lukaszraczylo/mcp-filepuff/internal/parser/docextract.go:531.3,531.38 1 1
github.com/lukaszraczylo/mcp-filepuff/internal/parser/docextract.go:531.38,532.25 1 2
github.com/lukaszraczylo/mcp-filepuff/internal/parser/docextract.go:532.25,534.5 1 0
github.com/lukaszraczylo/mcp-filepuff/internal/parser/docextract.go:538.2,538.39 1 8
github.com/lukaszraczylo/mcp-filepuff/internal/parser/docextract.go:542.46,552.2 6 6
github.com/lukaszraczylo/mcp-filepuff/internal/parser/docextract.go:556.74,560.18 2 4
github.com/lukaszraczylo/mcp-filepuff/internal/parser/docextract.go:560.18,562.38 1 4
github.com/lukaszraczylo/mcp-filepuff/internal/parser/docextract.go:562.38,567.86 3 1
github.com/lukaszraczylo/mcp-filepuff/internal/parser/docextract.go:567.86,570.22 2 1
github.com/lukaszraczylo/mcp-filepuff/internal/parser/docextract.go:570.22,579.6 1 1
github.com/lukaszraczylo/mcp-filepuff/internal/parser/docextract.go:584.3,584.31 1 3
github.com/lukaszraczylo/mcp-filepuff/internal/parser/docextract.go:584.31,586.25 2 0
github.com/lukaszraczylo/mcp-filepuff/internal/parser/docextract.go:586.25,592.32 5 0
github.com/lukaszraczylo/mcp-filepuff/internal/parser/docextract.go:592.32,596.25 3 0
github.com/lukaszraczylo/mcp-filepuff/internal/parser/docextract.go:596.25,598.7 1 0
github.com/lukaszraczylo/mcp-filepuff/internal/parser/docextract.go:599.6,603.23 3 0
github.com/lukaszraczylo/mcp-filepuff/internal/parser/docextract.go:603.23,605.7 1 0
github.com/lukaszraczylo/mcp-filepuff/internal/parser/docextract.go:608.5,608.23 1 0
github.com/lukaszraczylo/mcp-filepuff/internal/parser/docextract.go:608.23,617.6 1 0
github.com/lukaszraczylo/mcp-filepuff/internal/parser/docextract.go:619.4,619.9 1 0
github.com/lukaszraczylo/mcp-filepuff/internal/parser/docextract.go:622.3,622.28 1 3
github.com/lukaszraczylo/mcp-filepuff/internal/parser/docextract.go:625.2,625.12 1 3
github.com/lukaszraczylo/mcp-filepuff/internal/parser/docextract.go:629.68,643.50 3 1
github.com/lukaszraczylo/mcp-filepuff/internal/parser/docextract.go:643.50,646.57 2 1
github.com/lukaszraczylo/mcp-filepuff/internal/parser/docextract.go:646.57,648.4 1 1
github.com/lukaszraczylo/mcp-filepuff/internal/parser/docextract.go:649.8,649.55 1 0
github.com/lukaszraczylo/mcp-filepuff/internal/parser/docextract.go:649.55,652.55 2 0
github.com/lukaszraczylo/mcp-filepuff/internal/parser/docextract.go:652.55,654.4 1 0
github.com/lukaszraczylo/mcp-filepuff/internal/parser/docextract.go:657.2,657.38 1 1
github.com/lukaszraczylo/mcp-filepuff/internal/parser/parser.go:58.30,61.16 2 19
github.com/lukaszraczylo/mcp-filepuff/internal/parser/parser.go:61.16,63.60 1 0
github.com/lukaszraczylo/mcp-filepuff/internal/parser/parser.go:66.2,69.3 1 19
github.com/lukaszraczylo/mcp-filepuff/internal/parser/parser.go:73.68,74.14 1 28
github.com/lukaszraczylo/mcp-filepuff/internal/parser/parser.go:75.23,76.35 1 8
github.com/lukaszraczylo/mcp-filepuff/internal/parser/parser.go:77.31,78.39 1 2
github.com/lukaszraczylo/mcp-filepuff/internal/parser/parser.go:79.31,80.39 1 4
github.com/lukaszraczylo/mcp-filepuff/internal/parser/parser.go:81.27,82.35 1 4
github.com/lukaszraczylo/mcp-filepuff/internal/parser/parser.go:83.22,84.30 1 3
github.com/lukaszraczylo/mcp-filepuff/internal/parser/parser.go:85.24,86.32 1 1
github.com/lukaszraczylo/mcp-filepuff/internal/parser/parser.go:87.25,88.33 1 2
github.com/lukaszraczylo/mcp-filepuff/internal/parser/parser.go:89.24,91.33 1 2
github.com/lukaszraczylo/mcp-filepuff/internal/parser/parser.go:92.27,93.35 1 1
github.com/lukaszraczylo/mcp-filepuff/internal/parser/parser.go:94.10,97.105 1 1
github.com/lukaszraczylo/mcp-filepuff/internal/parser/parser.go:102.78,104.34 2 140
github.com/lukaszraczylo/mcp-filepuff/internal/parser/parser.go:104.34,107.3 2 112
github.com/lukaszraczylo/mcp-filepuff/internal/parser/parser.go:108.2,115.34 4 28
github.com/lukaszraczylo/mcp-filepuff/internal/parser/parser.go:115.34,117.3 1 0
github.com/lukaszraczylo/mcp-filepuff/internal/parser/parser.go:119.2,120.16 2 28
github.com/lukaszraczylo/mcp-filepuff/internal/parser/parser.go:120.16,122.3 1 1
github.com/lukaszraczylo/mcp-filepuff/internal/parser/parser.go:124.2,128.20 4 27
github.com/lukaszraczylo/mcp-filepuff/internal/parser/parser.go:132.102,134.32 1 137
github.com/lukaszraczylo/mcp-filepuff/internal/parser/parser.go:134.32,136.3 1 0
github.com/lukaszraczylo/mcp-filepuff/internal/parser/parser.go:139.2,139.23 1 137
github.com/lukaszraczylo/mcp-filepuff/internal/parser/parser.go:139.23,143.3 1 0
github.com/lukaszraczylo/mcp-filepuff/internal/parser/parser.go:146.2,147.34 2 137
github.com/lukaszraczylo/mcp-filepuff/internal/parser/parser.go:147.34,151.3 1 1
github.com/lukaszraczylo/mcp-filepuff/internal/parser/parser.go:154.2,154.14 1 136
github.com/lukaszraczylo/mcp-filepuff/internal/parser/parser.go:155.25,156.45 1 2
github.com/lukaszraczylo/mcp-filepuff/internal/parser/parser.go:157.25,158.45 1 1
github.com/lukaszraczylo/mcp-filepuff/internal/parser/parser.go:162.2,163.68 2 133
github.com/lukaszraczylo/mcp-filepuff/internal/parser/parser.go:163.68,171.3 2 2
github.com/lukaszraczylo/mcp-filepuff/internal/parser/parser.go:174.2,175.16 2 131
github.com/lukaszraczylo/mcp-filepuff/internal/parser/parser.go:175.16,177.3 1 0
github.com/lukaszraczylo/mcp-filepuff/internal/parser/parser.go:181.2,185.16 4 131
github.com/lukaszraczylo/mcp-filepuff/internal/parser/parser.go:185.16,187.3 1 0
github.com/lukaszraczylo/mcp-filepuff/internal/parser/parser.go:190.2,203.8 3 131
github.com/lukaszraczylo/mcp-filepuff/internal/parser/parser.go:207.63,211.30 3 133
github.com/lukaszraczylo/mcp-filepuff/internal/parser/parser.go:211.30,212.15 1 2577
github.com/lukaszraczylo/mcp-filepuff/internal/parser/parser.go:212.15,214.4 1 0
github.com/lukaszraczylo/mcp-filepuff/internal/parser/parser.go:216.3,216.35 1 2577
github.com/lukaszraczylo/mcp-filepuff/internal/parser/parser.go:216.35,219.21 3 5
github.com/lukaszraczylo/mcp-filepuff/internal/parser/parser.go:219.21,221.5 1 2
github.com/lukaszraczylo/mcp-filepuff/internal/parser/parser.go:223.4,230.6 1 5
github.com/lukaszraczylo/mcp-filepuff/internal/parser/parser.go:233.3,233.44 1 2577
github.com/lukaszraczylo/mcp-filepuff/internal/parser/parser.go:233.44,235.4 1 2444
github.com/lukaszraczylo/mcp-filepuff/internal/parser/parser.go:238.2,239.15 2 133
github.com/lukaszraczylo/mcp-filepuff/internal/parser/parser.go:244.41,247.2 2 142
github.com/lukaszraczylo/mcp-filepuff/internal/parser/parser.go:250.36,254.26 2 140
github.com/lukaszraczylo/mcp-filepuff/internal/parser/parser.go:254.26,255.22 1 6678
github.com/lukaszraczylo/mcp-filepuff/internal/parser/parser.go:255.22,257.4 1 1
github.com/lukaszraczylo/mcp-filepuff/internal/parser/parser.go:259.2,259.14 1 139
github.com/lukaszraczylo/mcp-filepuff/internal/parser/parser.go:263.28,267.30 3 17
github.com/lukaszraczylo/mcp-filepuff/internal/parser/parser.go:267.30,269.3 1 25
github.com/lukaszraczylo/mcp-filepuff/internal/parser/parser.go:270.2,273.17 2 17
github.com/lukaszraczylo/mcp-filepuff/internal/parser/symbols.go:9.115,10.17 1 5
github.com/lukaszraczylo/mcp-filepuff/internal/parser/symbols.go:10.17,12.3 1 0
github.com/lukaszraczylo/mcp-filepuff/internal/parser/symbols.go:14.2,15.17 2 5
github.com/lukaszraczylo/mcp-filepuff/internal/parser/symbols.go:15.17,17.3 1 0
github.com/lukaszraczylo/mcp-filepuff/internal/parser/symbols.go:19.2,19.14 1 5
github.com/lukaszraczylo/mcp-filepuff/internal/parser/symbols.go:20.23,21.51 1 1
github.com/lukaszraczylo/mcp-filepuff/internal/parser/symbols.go:22.56,23.51 1 1
github.com/lukaszraczylo/mcp-filepuff/internal/parser/symbols.go:24.27,25.55 1 1
github.com/lukaszraczylo/mcp-filepuff/internal/parser/symbols.go:26.40,27.50 1 1
github.com/lukaszraczylo/mcp-filepuff/internal/parser/symbols.go:28.27,29.55 1 1
github.com/lukaszraczylo/mcp-filepuff/internal/parser/symbols.go:30.10,31.13 1 0
github.com/lukaszraczylo/mcp-filepuff/internal/parser/symbols.go:36.93,39.43 2 1
github.com/lukaszraczylo/mcp-filepuff/internal/parser/symbols.go:39.43,42.19 2 84
github.com/lukaszraczylo/mcp-filepuff/internal/parser/symbols.go:43.31,44.52 1 1
github.com/lukaszraczylo/mcp-filepuff/internal/parser/symbols.go:45.29,46.50 1 1
github.com/lukaszraczylo/mcp-filepuff/internal/parser/symbols.go:47.27,48.48 1 1
github.com/lukaszraczylo/mcp-filepuff/internal/parser/symbols.go:49.47,52.15 3 2
github.com/lukaszraczylo/mcp-filepuff/internal/parser/symbols.go:55.3,55.20 1 82
github.com/lukaszraczylo/mcp-filepuff/internal/parser/symbols.go:55.20,56.73 1 3
github.com/lukaszraczylo/mcp-filepuff/internal/parser/symbols.go:56.73,58.5 1 3
github.com/lukaszraczylo/mcp-filepuff/internal/parser/symbols.go:59.4,59.38 1 3
github.com/lukaszraczylo/mcp-filepuff/internal/parser/symbols.go:62.3,62.14 1 82
github.com/lukaszraczylo/mcp-filepuff/internal/parser/symbols.go:65.2,65.16 1 1
github.com/lukaszraczylo/mcp-filepuff/internal/parser/symbols.go:68.90,70.21 2 1
github.com/lukaszraczylo/mcp-filepuff/internal/parser/symbols.go:70.21,72.3 1 0
github.com/lukaszraczylo/mcp-filepuff/internal/parser/symbols.go:74.2,78.3 1 1
github.com/lukaszraczylo/mcp-filepuff/internal/parser/symbols.go:81.88,83.21 2 1
github.com/lukaszraczylo/mcp-filepuff/internal/parser/symbols.go:83.21,85.3 1 0
github.com/lukaszraczylo/mcp-filepuff/internal/parser/symbols.go:88.2,90.21 3 1
github.com/lukaszraczylo/mcp-filepuff/internal/parser/symbols.go:90.21,92.51 1 1
github.com/lukaszraczylo/mcp-filepuff/internal/parser/symbols.go:92.51,93.40 1 8
github.com/lukaszraczylo/mcp-filepuff/internal/parser/symbols.go:93.40,96.5 2 1
github.com/lukaszraczylo/mcp-filepuff/internal/parser/symbols.go:97.4,97.15 1 7
github.com/lukaszraczylo/mcp-filepuff/internal/parser/symbols.go:101.2,102.24 2 1
github.com/lukaszraczylo/mcp-filepuff/internal/parser/symbols.go:102.24,104.3 1 1
github.com/lukaszraczylo/mcp-filepuff/internal/parser/symbols.go:106.2,110.3 1 1
github.com/lukaszraczylo/mcp-filepuff/internal/parser/symbols.go:113.86,115.48 1 1
github.com/lukaszraczylo/mcp-filepuff/internal/parser/symbols.go:115.48,117.50 2 1
github.com/lukaszraczylo/mcp-filepuff/internal/parser/symbols.go:117.50,119.23 2 1
github.com/lukaszraczylo/mcp-filepuff/internal/parser/symbols.go:119.23,120.13 1 0
github.com/lukaszraczylo/mcp-filepuff/internal/parser/symbols.go:123.4,125.23 3 1
github.com/lukaszraczylo/mcp-filepuff/internal/parser/symbols.go:125.23,126.28 1 1
github.com/lukaszraczylo/mcp-filepuff/internal/parser/symbols.go:127.24,128.34 1 1
github.com/lukaszraczylo/mcp-filepuff/internal/parser/symbols.go:129.27,130.37 1 0
github.com/lukaszraczylo/mcp-filepuff/internal/parser/symbols.go:134.4,138.5 1 1
github.com/lukaszraczylo/mcp-filepuff/internal/parser/symbols.go:141.2,141.12 1 0
github.com/lukaszraczylo/mcp-filepuff/internal/parser/symbols.go:144.91,147.37 3 2
github.com/lukaszraczylo/mcp-filepuff/internal/parser/symbols.go:147.37,149.3 1 1
github.com/lukaszraczylo/mcp-filepuff/internal/parser/symbols.go:151.2,151.43 1 2
github.com/lukaszraczylo/mcp-filepuff/internal/parser/symbols.go:151.43,152.63 1 16
github.com/lukaszraczylo/mcp-filepuff/internal/parser/symbols.go:152.63,154.23 2 2
github.com/lukaszraczylo/mcp-filepuff/internal/parser/symbols.go:154.23,160.5 1 2
github.com/lukaszraczylo/mcp-filepuff/internal/parser/symbols.go:162.3,162.14 1 16
github.com/lukaszraczylo/mcp-filepuff/internal/parser/symbols.go:165.2,165.16 1 2
github.com/lukaszraczylo/mcp-filepuff/internal/parser/symbols.go:169.93,172.43 2 1
github.com/lukaszraczylo/mcp-filepuff/internal/parser/symbols.go:172.43,175.19 2 81
github.com/lukaszraczylo/mcp-filepuff/internal/parser/symbols.go:176.31,177.52 1 1
github.com/lukaszraczylo/mcp-filepuff/internal/parser/symbols.go:178.28,179.49 1 1
github.com/lukaszraczylo/mcp-filepuff/internal/parser/symbols.go:180.28,181.50 1 2
github.com/lukaszraczylo/mcp-filepuff/internal/parser/symbols.go:182.54,185.15 3 2
github.com/lukaszraczylo/mcp-filepuff/internal/parser/symbols.go:186.32,187.53 1 0
github.com/lukaszraczylo/mcp-filepuff/internal/parser/symbols.go:188.33,189.53 1 0
github.com/lukaszraczylo/mcp-filepuff/internal/parser/symbols.go:192.3,192.20 1 79
github.com/lukaszraczylo/mcp-filepuff/internal/parser/symbols.go:192.20,193.81 1 4
github.com/lukaszraczylo/mcp-filepuff/internal/parser/symbols.go:193.81,195.5 1 0
github.com/lukaszraczylo/mcp-filepuff/internal/parser/symbols.go:196.4,196.38 1 4
github.com/lukaszraczylo/mcp-filepuff/internal/parser/symbols.go:199.3,199.14 1 79
github.com/lukaszraczylo/mcp-filepuff/internal/parser/symbols.go:202.2,202.16 1 1
github.com/lukaszraczylo/mcp-filepuff/internal/parser/symbols.go:205.90,207.21 2 1
github.com/lukaszraczylo/mcp-filepuff/internal/parser/symbols.go:207.21,209.3 1 0
github.com/lukaszraczylo/mcp-filepuff/internal/parser/symbols.go:211.2,215.3 1 1
github.com/lukaszraczylo/mcp-filepuff/internal/parser/symbols.go:218.87,220.21 2 1
github.com/lukaszraczylo/mcp-filepuff/internal/parser/symbols.go:220.21,222.3 1 0
github.com/lukaszraczylo/mcp-filepuff/internal/parser/symbols.go:224.2,228.3 1 1
github.com/lukaszraczylo/mcp-filepuff/internal/parser/symbols.go:231.88,233.21 2 2
github.com/lukaszraczylo/mcp-filepuff/internal/parser/symbols.go:233.21,235.3 1 0
github.com/lukaszraczylo/mcp-filepuff/internal/parser/symbols.go:237.2,241.3 1 2
github.com/lukaszraczylo/mcp-filepuff/internal/parser/symbols.go:244.91,247.43 2 2
github.com/lukaszraczylo/mcp-filepuff/internal/parser/symbols.go:247.43,248.43 1 14
github.com/lukaszraczylo/mcp-filepuff/internal/parser/symbols.go:248.43,250.23 2 2
github.com/lukaszraczylo/mcp-filepuff/internal/parser/symbols.go:250.23,256.5 1 2
github.com/lukaszraczylo/mcp-filepuff/internal/parser/symbols.go:258.3,258.14 1 14
github.com/lukaszraczylo/mcp-filepuff/internal/parser/symbols.go:261.2,261.16 1 2
github.com/lukaszraczylo/mcp-filepuff/internal/parser/symbols.go:264.91,266.21 2 0
github.com/lukaszraczylo/mcp-filepuff/internal/parser/symbols.go:266.21,268.3 1 0
github.com/lukaszraczylo/mcp-filepuff/internal/parser/symbols.go:270.2,274.3 1 0
github.com/lukaszraczylo/mcp-filepuff/internal/parser/symbols.go:277.91,279.21 2 0
github.com/lukaszraczylo/mcp-filepuff/internal/parser/symbols.go:279.21,281.3 1 0
github.com/lukaszraczylo/mcp-filepuff/internal/parser/symbols.go:283.2,287.3 1 0
github.com/lukaszraczylo/mcp-filepuff/internal/parser/symbols.go:291.97,294.43 2 1
github.com/lukaszraczylo/mcp-filepuff/internal/parser/symbols.go:294.43,297.19 2 73
github.com/lukaszraczylo/mcp-filepuff/internal/parser/symbols.go:298.30,299.56 1 3
github.com/lukaszraczylo/mcp-filepuff/internal/parser/symbols.go:300.27,301.53 1 1
github.com/lukaszraczylo/mcp-filepuff/internal/parser/symbols.go:304.3,304.20 1 73
github.com/lukaszraczylo/mcp-filepuff/internal/parser/symbols.go:304.20,305.77 1 4
github.com/lukaszraczylo/mcp-filepuff/internal/parser/symbols.go:305.77,307.5 1 2
github.com/lukaszraczylo/mcp-filepuff/internal/parser/symbols.go:308.4,308.38 1 4
github.com/lukaszraczylo/mcp-filepuff/internal/parser/symbols.go:311.3,311.14 1 73
github.com/lukaszraczylo/mcp-filepuff/internal/parser/symbols.go:314.2,314.16 1 1
github.com/lukaszraczylo/mcp-filepuff/internal/parser/symbols.go:317.94,319.21 2 3
github.com/lukaszraczylo/mcp-filepuff/internal/parser/symbols.go:319.21,321.3 1 0
github.com/lukaszraczylo/mcp-filepuff/internal/parser/symbols.go:324.2,326.47 3 3
github.com/lukaszraczylo/mcp-filepuff/internal/parser/symbols.go:326.47,328.69 2 2
github.com/lukaszraczylo/mcp-filepuff/internal/parser/symbols.go:328.69,330.4 1 2
github.com/lukaszraczylo/mcp-filepuff/internal/parser/symbols.go:333.2,337.3 1 3
github.com/lukaszraczylo/mcp-filepuff/internal/parser/symbols.go:340.91,342.21 2 1
github.com/lukaszraczylo/mcp-filepuff/internal/parser/symbols.go:342.21,344.3 1 0
github.com/lukaszraczylo/mcp-filepuff/internal/parser/symbols.go:346.2,350.3 1 1
github.com/lukaszraczylo/mcp-filepuff/internal/parser/symbols.go:354.92,357.43 2 1
github.com/lukaszraczylo/mcp-filepuff/internal/parser/symbols.go:357.43,360.19 2 92
github.com/lukaszraczylo/mcp-filepuff/internal/parser/symbols.go:361.30,362.51 1 2
[...]
github.com/lukaszraczylo/mcp-filepuff/internal/server/server.go:565.2,579.21 4 1
github.com/lukaszraczylo/mcp-filepuff/internal/server/server.go:579.21,581.3 1 0
github.com/lukaszraczylo/mcp-filepuff/internal/server/server.go:584.2,585.15 2 1
github.com/lukaszraczylo/mcp-filepuff/internal/server/server.go:585.15,587.3 1 0
github.com/lukaszraczylo/mcp-filepuff/internal/server/server.go:589.2,592.35 2 1
github.com/lukaszraczylo/mcp-filepuff/internal/server/server.go:592.35,594.39 1 1
github.com/lukaszraczylo/mcp-filepuff/internal/server/server.go:594.39,595.12 1 1
github.com/lukaszraczylo/mcp-filepuff/internal/server/server.go:598.3,598.89 1 0
github.com/lukaszraczylo/mcp-filepuff/internal/server/server.go:598.89,599.18 1 0
github.com/lukaszraczylo/mcp-filepuff/internal/server/server.go:599.18,601.5 1 0
github.com/lukaszraczylo/mcp-filepuff/internal/server/server.go:603.4,603.20 1 0
github.com/lukaszraczylo/mcp-filepuff/internal/server/server.go:603.20,605.44 1 0
github.com/lukaszraczylo/mcp-filepuff/internal/server/server.go:605.44,607.6 1 0
github.com/lukaszraczylo/mcp-filepuff/internal/server/server.go:608.5,608.15 1 0
github.com/lukaszraczylo/mcp-filepuff/internal/server/server.go:612.4,612.37 1 0
github.com/lukaszraczylo/mcp-filepuff/internal/server/server.go:612.37,614.5 1 0
github.com/lukaszraczylo/mcp-filepuff/internal/server/server.go:617.4,618.18 2 0
github.com/lukaszraczylo/mcp-filepuff/internal/server/server.go:618.18,620.5 1 0
github.com/lukaszraczylo/mcp-filepuff/internal/server/server.go:623.4,623.47 1 0
github.com/lukaszraczylo/mcp-filepuff/internal/server/server.go:623.47,625.5 1 0
github.com/lukaszraczylo/mcp-filepuff/internal/server/server.go:628.4,629.18 2 0
github.com/lukaszraczylo/mcp-filepuff/internal/server/server.go:629.18,631.5 1 0
github.com/lukaszraczylo/mcp-filepuff/internal/server/server.go:634.4,635.18 2 0
github.com/lukaszraczylo/mcp-filepuff/internal/server/server.go:635.18,637.5 1 0
github.com/lukaszraczylo/mcp-filepuff/internal/server/server.go:639.4,642.55 2 0
github.com/lukaszraczylo/mcp-filepuff/internal/server/server.go:642.55,644.5 1 0
github.com/lukaszraczylo/mcp-filepuff/internal/server/server.go:646.4,646.14 1 0
github.com/lukaszraczylo/mcp-filepuff/internal/server/server.go:648.3,648.17 1 0
github.com/lukaszraczylo/mcp-filepuff/internal/server/server.go:648.17,650.4 1 0
github.com/lukaszraczylo/mcp-filepuff/internal/server/server.go:654.2,655.43 2 1
github.com/lukaszraczylo/mcp-filepuff/internal/server/server.go:659.50,660.35 1 1
github.com/lukaszraczylo/mcp-filepuff/internal/server/server.go:661.12,662.15 1 1
github.com/lukaszraczylo/mcp-filepuff/internal/server/server.go:663.20,664.15 1 0
github.com/lukaszraczylo/mcp-filepuff/internal/server/server.go:665.20,666.15 1 0
github.com/lukaszraczylo/mcp-filepuff/internal/server/server.go:667.16,668.15 1 0
github.com/lukaszraczylo/mcp-filepuff/internal/server/server.go:669.11,670.14 1 0
github.com/lukaszraczylo/mcp-filepuff/internal/server/server.go:671.20,672.16 1 0
github.com/lukaszraczylo/mcp-filepuff/internal/server/server.go:673.16,674.15 1 0
github.com/lukaszraczylo/mcp-filepuff/internal/server/server.go:675.10,676.12 1 0
github.com/lukaszraczylo/mcp-filepuff/internal/server/server.go:681.112,683.16 2 0
github.com/lukaszraczylo/mcp-filepuff/internal/server/server.go:683.16,685.3 1 0
github.com/lukaszraczylo/mcp-filepuff/internal/server/server.go:687.2,688.15 2 0
github.com/lukaszraczylo/mcp-filepuff/internal/server/server.go:688.15,690.3 1 0
github.com/lukaszraczylo/mcp-filepuff/internal/server/server.go:692.2,693.14 2 0
github.com/lukaszraczylo/mcp-filepuff/internal/server/server.go:693.14,695.3 1 0
github.com/lukaszraczylo/mcp-filepuff/internal/server/server.go:698.2,698.32 1 0
github.com/lukaszraczylo/mcp-filepuff/internal/server/server.go:698.32,700.3 1 0
github.com/lukaszraczylo/mcp-filepuff/internal/server/server.go:703.2,704.16 2 0
github.com/lukaszraczylo/mcp-filepuff/internal/server/server.go:704.16,707.3 1 0
github.com/lukaszraczylo/mcp-filepuff/internal/server/server.go:709.2,709.18 1 0
github.com/lukaszraczylo/mcp-filepuff/internal/server/server.go:709.18,711.3 1 0
github.com/lukaszraczylo/mcp-filepuff/internal/server/server.go:713.2,717.52 4 0
github.com/lukaszraczylo/mcp-filepuff/internal/server/server.go:721.119,723.16 2 0
github.com/lukaszraczylo/mcp-filepuff/internal/server/server.go:723.16,725.3 1 0
github.com/lukaszraczylo/mcp-filepuff/internal/server/server.go:727.2,728.16 2 0
github.com/lukaszraczylo/mcp-filepuff/internal/server/server.go:728.16,730.3 1 0
github.com/lukaszraczylo/mcp-filepuff/internal/server/server.go:732.2,733.17 2 0
github.com/lukaszraczylo/mcp-filepuff/internal/server/server.go:733.17,735.3 1 0
github.com/lukaszraczylo/mcp-filepuff/internal/server/server.go:737.2,742.52 5 0
github.com/lukaszraczylo/mcp-filepuff/internal/server/server.go:746.118,748.16 2 0
github.com/lukaszraczylo/mcp-filepuff/internal/server/server.go:748.16,750.3 1 0
github.com/lukaszraczylo/mcp-filepuff/internal/server/server.go:752.2,753.15 2 0
github.com/lukaszraczylo/mcp-filepuff/internal/server/server.go:753.15,755.3 1 0
github.com/lukaszraczylo/mcp-filepuff/internal/server/server.go:757.2,758.14 2 0
github.com/lukaszraczylo/mcp-filepuff/internal/server/server.go:758.14,760.3 1 0
github.com/lukaszraczylo/mcp-filepuff/internal/server/server.go:763.2,763.32 1 0
github.com/lukaszraczylo/mcp-filepuff/internal/server/server.go:763.32,765.3 1 0
github.com/lukaszraczylo/mcp-filepuff/internal/server/server.go:767.2,768.16 2 0
github.com/lukaszraczylo/mcp-filepuff/internal/server/server.go:768.16,770.3 1 0
github.com/lukaszraczylo/mcp-filepuff/internal/server/server.go:772.2,772.25 1 0
github.com/lukaszraczylo/mcp-filepuff/internal/server/server.go:772.25,774.3 1 0
github.com/lukaszraczylo/mcp-filepuff/internal/server/server.go:776.2,779.32 3 0
github.com/lukaszraczylo/mcp-filepuff/internal/server/server.go:779.32,785.20 4 0
github.com/lukaszraczylo/mcp-filepuff/internal/server/server.go:785.20,789.4 3 0
github.com/lukaszraczylo/mcp-filepuff/internal/server/server.go:790.3,790.27 1 0
github.com/lukaszraczylo/mcp-filepuff/internal/server/server.go:793.2,793.52 1 0
github.com/lukaszraczylo/mcp-filepuff/internal/server/server.go:797.118,799.16 2 0
github.com/lukaszraczylo/mcp-filepuff/internal/server/server.go:799.16,801.3 1 0
github.com/lukaszraczylo/mcp-filepuff/internal/server/server.go:803.2,804.15 2 0
github.com/lukaszraczylo/mcp-filepuff/internal/server/server.go:804.15,806.3 1 0
github.com/lukaszraczylo/mcp-filepuff/internal/server/server.go:808.2,809.14 2 0
github.com/lukaszraczylo/mcp-filepuff/internal/server/server.go:809.14,811.3 1 0
github.com/lukaszraczylo/mcp-filepuff/internal/server/server.go:813.2,816.32 2 0
github.com/lukaszraczylo/mcp-filepuff/internal/server/server.go:816.32,818.3 1 0
github.com/lukaszraczylo/mcp-filepuff/internal/server/server.go:820.2,821.16 2 0
github.com/lukaszraczylo/mcp-filepuff/internal/server/server.go:821.16,823.3 1 0
github.com/lukaszraczylo/mcp-filepuff/internal/server/server.go:825.2,825.25 1 0
github.com/lukaszraczylo/mcp-filepuff/internal/server/server.go:825.25,827.3 1 0
github.com/lukaszraczylo/mcp-filepuff/internal/server/server.go:829.2,834.32 4 0
github.com/lukaszraczylo/mcp-filepuff/internal/server/server.go:834.32,837.3 2 0
github.com/lukaszraczylo/mcp-filepuff/internal/server/server.go:839.2,839.41 1 0
github.com/lukaszraczylo/mcp-filepuff/internal/server/server.go:839.41,841.28 2 0
github.com/lukaszraczylo/mcp-filepuff/internal/server/server.go:841.28,843.4 1 0
github.com/lukaszraczylo/mcp-filepuff/internal/server/server.go:844.3,844.27 1 0
github.com/lukaszraczylo/mcp-filepuff/internal/server/server.go:847.2,847.52 1 0
github.com/lukaszraczylo/mcp-filepuff/internal/server/server.go:851.66,853.16 2 0
github.com/lukaszraczylo/mcp-filepuff/internal/server/server.go:853.16,855.3 1 0
github.com/lukaszraczylo/mcp-filepuff/internal/server/server.go:857.2,862.61 5 0
github.com/lukaszraczylo/mcp-filepuff/internal/server/server.go:862.61,864.26 2 0
github.com/lukaszraczylo/mcp-filepuff/internal/server/server.go:864.26,866.4 1 0
github.com/lukaszraczylo/mcp-filepuff/internal/server/server.go:867.3,868.18 2 0
github.com/lukaszraczylo/mcp-filepuff/internal/server/server.go:868.18,870.4 1 0
github.com/lukaszraczylo/mcp-filepuff/internal/server/server.go:871.3,871.73 1 0
github.com/lukaszraczylo/mcp-filepuff/internal/server/server.go:874.2,874.25 1 0
github.com/lukaszraczylo/mcp-filepuff/internal/server/server.go:878.115,880.2 1 0
github.com/lukaszraczylo/mcp-filepuff/internal/server/server.go:883.113,885.2 1 0
github.com/lukaszraczylo/mcp-filepuff/internal/server/server.go:888.120,890.16 2 2
github.com/lukaszraczylo/mcp-filepuff/internal/server/server.go:890.16,892.3 1 0
github.com/lukaszraczylo/mcp-filepuff/internal/server/server.go:894.2,895.16 2 2
github.com/lukaszraczylo/mcp-filepuff/internal/server/server.go:895.16,897.3 1 0
github.com/lukaszraczylo/mcp-filepuff/internal/server/server.go:900.2,900.32 1 2
github.com/lukaszraczylo/mcp-filepuff/internal/server/server.go:900.32,902.3 1 0
github.com/lukaszraczylo/mcp-filepuff/internal/server/server.go:908.2,927.11 3 2
github.com/lukaszraczylo/mcp-filepuff/internal/server/server.go:927.11,929.3 1 1
github.com/lukaszraczylo/mcp-filepuff/internal/server/server.go:929.8,931.3 1 1
github.com/lukaszraczylo/mcp-filepuff/internal/server/server.go:933.2,933.16 1 2
github.com/lukaszraczylo/mcp-filepuff/internal/server/server.go:933.16,935.3 1 0
github.com/lukaszraczylo/mcp-filepuff/internal/server/server.go:937.2,937.21 1 2
github.com/lukaszraczylo/mcp-filepuff/internal/server/server.go:937.21,939.3 1 0
github.com/lukaszraczylo/mcp-filepuff/internal/server/server.go:942.2,943.11 2 2
github.com/lukaszraczylo/mcp-filepuff/internal/server/server.go:943.11,945.3 1 1
github.com/lukaszraczylo/mcp-filepuff/internal/server/server.go:945.8,947.3 1 1
github.com/lukaszraczylo/mcp-filepuff/internal/server/server.go:949.2,953.52 4 2
github.com/lukaszraczylo/mcp-filepuff/internal/server/server.go:957.49,965.12 5 0
github.com/lukaszraczylo/mcp-filepuff/internal/server/server.go:965.12,969.3 3 0
github.com/lukaszraczylo/mcp-filepuff/internal/server/server.go:971.2,977.33 2 0
github.com/lukaszraczylo/mcp-filepuff/internal/server/server.go:981.54,985.25 2 0
github.com/lukaszraczylo/mcp-filepuff/internal/server/server.go:985.25,987.3 1 0
github.com/lukaszraczylo/mcp-filepuff/internal/server/server.go:990.2,990.21 1 0
github.com/lukaszraczylo/mcp-filepuff/internal/server/server.go:990.21,992.3 1 0
github.com/lukaszraczylo/mcp-filepuff/internal/server/server.go:994.2,994.12 1 0
github.com/lukaszraczylo/mcp-filepuff/pkg/fuzzy/fuzzy.go:25.34,29.2 1 5
github.com/lukaszraczylo/mcp-filepuff/pkg/fuzzy/fuzzy.go:32.68,33.17 1 7
github.com/lukaszraczylo/mcp-filepuff/pkg/fuzzy/fuzzy.go:33.17,35.3 1 1
github.com/lukaszraczylo/mcp-filepuff/pkg/fuzzy/fuzzy.go:37.2,40.39 3 6
github.com/lukaszraczylo/mcp-filepuff/pkg/fuzzy/fuzzy.go:40.39,47.25 3 32
github.com/lukaszraczylo/mcp-filepuff/pkg/fuzzy/fuzzy.go:47.25,49.53 1 23
github.com/lukaszraczylo/mcp-filepuff/pkg/fuzzy/fuzzy.go:49.53,50.13 1 15
github.com/lukaszraczylo/mcp-filepuff/pkg/fuzzy/fuzzy.go:56.3,67.5 4 17
github.com/lukaszraczylo/mcp-filepuff/pkg/fuzzy/fuzzy.go:71.2,71.42 1 6
github.com/lukaszraczylo/mcp-filepuff/pkg/fuzzy/fuzzy.go:71.42,73.3 1 19
github.com/lukaszraczylo/mcp-filepuff/pkg/fuzzy/fuzzy.go:75.2,75.16 1 6
github.com/lukaszraczylo/mcp-filepuff/pkg/fuzzy/fuzzy.go:79.97,83.24 2 17
github.com/lukaszraczylo/mcp-filepuff/pkg/fuzzy/fuzzy.go:83.24,85.3 1 4
github.com/lukaszraczylo/mcp-filepuff/pkg/fuzzy/fuzzy.go:88.2,88.41 1 17
github.com/lukaszraczylo/mcp-filepuff/pkg/fuzzy/fuzzy.go:88.41,90.3 1 11
github.com/lukaszraczylo/mcp-filepuff/pkg/fuzzy/fuzzy.go:93.2,93.44 1 17
github.com/lukaszraczylo/mcp-filepuff/pkg/fuzzy/fuzzy.go:93.44,95.3 1 11
github.com/lukaszraczylo/mcp-filepuff/pkg/fuzzy/fuzzy.go:98.2,104.14 4 17
github.com/lukaszraczylo/mcp-filepuff/pkg/fuzzy/fuzzy.go:109.45,110.14 1 41
github.com/lukaszraczylo/mcp-filepuff/pkg/fuzzy/fuzzy.go:110.14,112.3 1 6
github.com/lukaszraczylo/mcp-filepuff/pkg/fuzzy/fuzzy.go:113.2,113.18 1 35
github.com/lukaszraczylo/mcp-filepuff/pkg/fuzzy/fuzzy.go:113.18,115.3 1 1
github.com/lukaszraczylo/mcp-filepuff/pkg/fuzzy/fuzzy.go:116.2,116.18 1 34
github.com/lukaszraczylo/mcp-filepuff/pkg/fuzzy/fuzzy.go:116.18,118.3 1 1
github.com/lukaszraczylo/mcp-filepuff/pkg/fuzzy/fuzzy.go:121.2,121.23 1 33
github.com/lukaszraczylo/mcp-filepuff/pkg/fuzzy/fuzzy.go:121.23,123.3 1 5
github.com/lukaszraczylo/mcp-filepuff/pkg/fuzzy/fuzzy.go:126.2,136.29 7 33
github.com/lukaszraczylo/mcp-filepuff/pkg/fuzzy/fuzzy.go:136.29,138.3 1 340
github.com/lukaszraczylo/mcp-filepuff/pkg/fuzzy/fuzzy.go:141.2,141.29 1 33
github.com/lukaszraczylo/mcp-filepuff/pkg/fuzzy/fuzzy.go:141.29,144.30 2 219
github.com/lukaszraczylo/mcp-filepuff/pkg/fuzzy/fuzzy.go:144.30,146.26 2 2190
github.com/lukaszraczylo/mcp-filepuff/pkg/fuzzy/fuzzy.go:146.26,148.5 1 274
github.com/lukaszraczylo/mcp-filepuff/pkg/fuzzy/fuzzy.go:150.4,154.5 1 2190
github.com/lukaszraczylo/mcp-filepuff/pkg/fuzzy/fuzzy.go:158.3,158.40 1 219
github.com/lukaszraczylo/mcp-filepuff/pkg/fuzzy/fuzzy.go:161.2,161.23 1 33
github.com/lukaszraczylo/mcp-filepuff/pkg/fuzzy/fuzzy.go:166.52,167.14 1 4
github.com/lukaszraczylo/mcp-filepuff/pkg/fuzzy/fuzzy.go:167.14,169.3 1 1
github.com/lukaszraczylo/mcp-filepuff/pkg/fuzzy/fuzzy.go:170.2,170.18 1 3
github.com/lukaszraczylo/mcp-filepuff/pkg/fuzzy/fuzzy.go:170.18,172.3 1 1
github.com/lukaszraczylo/mcp-filepuff/pkg/fuzzy/fuzzy.go:173.2,173.18 1 2
github.com/lukaszraczylo/mcp-filepuff/pkg/fuzzy/fuzzy.go:173.18,175.3 1 0
github.com/lukaszraczylo/mcp-filepuff/pkg/fuzzy/fuzzy.go:177.2,184.19 6 2
github.com/lukaszraczylo/mcp-filepuff/pkg/fuzzy/fuzzy.go:184.19,186.3 1 7
github.com/lukaszraczylo/mcp-filepuff/pkg/fuzzy/fuzzy.go:189.2,189.29 1 2
github.com/lukaszraczylo/mcp-filepuff/pkg/fuzzy/fuzzy.go:189.29,191.3 1 7
github.com/lukaszraczylo/mcp-filepuff/pkg/fuzzy/fuzzy.go:192.2,192.29 1 2
github.com/lukaszraczylo/mcp-filepuff/pkg/fuzzy/fuzzy.go:192.29,194.3 1 8
github.com/lukaszraczylo/mcp-filepuff/pkg/fuzzy/fuzzy.go:197.2,197.29 1 2
github.com/lukaszraczylo/mcp-filepuff/pkg/fuzzy/fuzzy.go:197.29,198.30 1 5
github.com/lukaszraczylo/mcp-filepuff/pkg/fuzzy/fuzzy.go:198.30,200.26 2 15
github.com/lukaszraczylo/mcp-filepuff/pkg/fuzzy/fuzzy.go:200.26,202.5 1 5
github.com/lukaszraczylo/mcp-filepuff/pkg/fuzzy/fuzzy.go:204.4,211.66 2 15
github.com/lukaszraczylo/mcp-filepuff/pkg/fuzzy/fuzzy.go:211.66,213.5 1 1
github.com/lukaszraczylo/mcp-filepuff/pkg/fuzzy/fuzzy.go:217.2,217.22 1 2
github.com/lukaszraczylo/mcp-filepuff/pkg/fuzzy/fuzzy.go:222.51,223.14 1 5
github.com/lukaszraczylo/mcp-filepuff/pkg/fuzzy/fuzzy.go:223.14,225.3 1 2
github.com/lukaszraczylo/mcp-filepuff/pkg/fuzzy/fuzzy.go:227.2,230.34 3 3
github.com/lukaszraczylo/mcp-filepuff/pkg/fuzzy/fuzzy.go:230.34,232.3 1 1
github.com/lukaszraczylo/mcp-filepuff/pkg/fuzzy/fuzzy.go:235.2,239.53 3 2
github.com/lukaszraczylo/mcp-filepuff/pkg/fuzzy/fuzzy.go:239.53,240.21 1 7
github.com/lukaszraczylo/mcp-filepuff/pkg/fuzzy/fuzzy.go:240.21,242.4 1 5
github.com/lukaszraczylo/mcp-filepuff/pkg/fuzzy/fuzzy.go:242.9,243.9 1 2
github.com/lukaszraczylo/mcp-filepuff/pkg/fuzzy/fuzzy.go:248.2,249.47 2 2
github.com/lukaszraczylo/mcp-filepuff/pkg/fuzzy/fuzzy.go:253.44,259.19 4 2
github.com/lukaszraczylo/mcp-filepuff/pkg/fuzzy/fuzzy.go:259.19,261.3 1 0
github.com/lukaszraczylo/mcp-filepuff/pkg/fuzzy/fuzzy.go:263.2,270.22 5 2
github.com/lukaszraczylo/mcp-filepuff/pkg/fuzzy/fuzzy.go:270.22,274.32 3 11
github.com/lukaszraczylo/mcp-filepuff/pkg/fuzzy/fuzzy.go:274.32,275.37 1 36
github.com/lukaszraczylo/mcp-filepuff/pkg/fuzzy/fuzzy.go:275.37,276.13 1 26
github.com/lukaszraczylo/mcp-filepuff/pkg/fuzzy/fuzzy.go:278.4,281.9 4 10
github.com/lukaszraczylo/mcp-filepuff/pkg/fuzzy/fuzzy.go:285.2,285.18 1 2
github.com/lukaszraczylo/mcp-filepuff/pkg/fuzzy/fuzzy.go:285.18,287.3 1 0
github.com/lukaszraczylo/mcp-filepuff/pkg/fuzzy/fuzzy.go:290.2,291.22 2 2
github.com/lukaszraczylo/mcp-filepuff/pkg/fuzzy/fuzzy.go:291.22,292.19 1 11
github.com/lukaszraczylo/mcp-filepuff/pkg/fuzzy/fuzzy.go:292.19,293.12 1 1
github.com/lukaszraczylo/mcp-filepuff/pkg/fuzzy/fuzzy.go:295.3,295.20 1 10
github.com/lukaszraczylo/mcp-filepuff/pkg/fuzzy/fuzzy.go:295.20,297.4 1 3
github.com/lukaszraczylo/mcp-filepuff/pkg/fuzzy/fuzzy.go:298.3,298.21 1 10
github.com/lukaszraczylo/mcp-filepuff/pkg/fuzzy/fuzzy.go:298.21,300.4 1 2
github.com/lukaszraczylo/mcp-filepuff/pkg/fuzzy/fuzzy.go:301.3,301.6 1 10
github.com/lukaszraczylo/mcp-filepuff/pkg/fuzzy/fuzzy.go:304.2,306.60 1 2
github.com/lukaszraczylo/mcp-filepuff/pkg/fuzzy/fuzzy.go:310.52,315.15 4 23
github.com/lukaszraczylo/mcp-filepuff/pkg/fuzzy/fuzzy.go:315.15,317.3 1 4
github.com/lukaszraczylo/mcp-filepuff/pkg/fuzzy/fuzzy.go:320.2,320.14 1 19
github.com/lukaszraczylo/mcp-filepuff/pkg/fuzzy/fuzzy.go:320.14,322.3 1 12
github.com/lukaszraczylo/mcp-filepuff/pkg/fuzzy/fuzzy.go:325.2,326.63 2 7
github.com/lukaszraczylo/mcp-filepuff/pkg/fuzzy/fuzzy.go:326.63,328.3 1 1
github.com/lukaszraczylo/mcp-filepuff/pkg/fuzzy/fuzzy.go:331.2,331.32 1 6
github.com/lukaszraczylo/mcp-filepuff/pkg/fuzzy/fuzzy.go:331.32,334.53 3 6
github.com/lukaszraczylo/mcp-filepuff/pkg/fuzzy/fuzzy.go:334.53,336.4 1 2
github.com/lukaszraczylo/mcp-filepuff/pkg/fuzzy/fuzzy.go:339.2,339.14 1 4
github.com/lukaszraczylo/mcp-filepuff/pkg/fuzzy/fuzzy.go:344.29,345.22 1 2231
github.com/lukaszraczylo/mcp-filepuff/pkg/fuzzy/fuzzy.go:345.22,347.3 1 0
github.com/lukaszraczylo/mcp-filepuff/pkg/fuzzy/fuzzy.go:348.2,349.31 2 2231
github.com/lukaszraczylo/mcp-filepuff/pkg/fuzzy/fuzzy.go:349.31,350.12 1 4436
github.com/lukaszraczylo/mcp-filepuff/pkg/fuzzy/fuzzy.go:350.12,352.4 1 1490
github.com/lukaszraczylo/mcp-filepuff/pkg/fuzzy/fuzzy.go:354.2,354.10 1 2231
github.com/lukaszraczylo/mcp-filepuff/pkg/fuzzy/fuzzy.go:357.29,358.22 1 30
github.com/lukaszraczylo/mcp-filepuff/pkg/fuzzy/fuzzy.go:358.22,360.3 1 0
github.com/lukaszraczylo/mcp-filepuff/pkg/fuzzy/fuzzy.go:361.2,362.31 2 30
github.com/lukaszraczylo/mcp-filepuff/pkg/fuzzy/fuzzy.go:362.31,363.12 1 30
github.com/lukaszraczylo/mcp-filepuff/pkg/fuzzy/fuzzy.go:363.12,365.4 1 17
github.com/lukaszraczylo/mcp-filepuff/pkg/fuzzy/fuzzy.go:367.2,367.10 1 30
github.com/lukaszraczylo/mcp-filepuff/pkg/fuzzy/fuzzy.go:370.21,371.11 1 17
github.com/lukaszraczylo/mcp-filepuff/pkg/fuzzy/fuzzy.go:371.11,373.3 1 0
github.com/lukaszraczylo/mcp-filepuff/pkg/fuzzy/fuzzy.go:374.2,374.10 1 17
github.com/lukaszraczylo/mcp-filepuff/pkg/protocol/types.go:68.47,70.13 2 30
github.com/lukaszraczylo/mcp-filepuff/pkg/protocol/types.go:71.13,72.16 1 3
github.com/lukaszraczylo/mcp-filepuff/pkg/protocol/types.go:73.21,74.24 1 4
github.com/lukaszraczylo/mcp-filepuff/pkg/protocol/types.go:75.37,76.24 1 5
github.com/lukaszraczylo/mcp-filepuff/pkg/protocol/types.go:77.21,78.20 1 2
github.com/lukaszraczylo/mcp-filepuff/pkg/protocol/types.go:79.18,80.15 1 2
github.com/lukaszraczylo/mcp-filepuff/pkg/protocol/types.go:81.45,82.17 1 5
github.com/lukaszraczylo/mcp-filepuff/pkg/protocol/types.go:83.23,84.18 1 2
github.com/lukaszraczylo/mcp-filepuff/pkg/protocol/types.go:85.14,86.17 1 1
github.com/lukaszraczylo/mcp-filepuff/pkg/protocol/types.go:87.15,88.18 1 0
github.com/lukaszraczylo/mcp-filepuff/pkg/protocol/types.go:89.23,90.18 1 0
github.com/lukaszraczylo/mcp-filepuff/pkg/protocol/types.go:91.21,92.20 1 4
github.com/lukaszraczylo/mcp-filepuff/pkg/protocol/types.go:93.10,94.21 1 2
github.com/lukaszraczylo/mcp-filepuff/pkg/protocol/types.go:98.43,99.42 1 36
github.com/lukaszraczylo/mcp-filepuff/pkg/protocol/types.go:99.42,100.25 1 137
github.com/lukaszraczylo/mcp-filepuff/pkg/protocol/types.go:100.25,102.4 1 34
github.com/lukaszraczylo/mcp-filepuff/pkg/protocol/types.go:103.3,103.48 1 103
github.com/lukaszraczylo/mcp-filepuff/pkg/protocol/types.go:103.48,104.9 1 0
github.com/lukaszraczylo/mcp-filepuff/pkg/protocol/types.go:107.2,107.11 1 2
