mode: set
github.com/lukaszraczylo/mcp-filepuff/pkg/fuzzy/fuzzy.go:25.34,29.2 1 1
github.com/lukaszraczylo/mcp-filepuff/pkg/fuzzy/fuzzy.go:32.68,33.17 1 1
github.com/lukaszraczylo/mcp-filepuff/pkg/fuzzy/fuzzy.go:33.17,35.3 1 1
github.com/lukaszraczylo/mcp-filepuff/pkg/fuzzy/fuzzy.go:37.2,40.39 3 1
github.com/lukaszraczylo/mcp-filepuff/pkg/fuzzy/fuzzy.go:40.39,47.25 3 1
github.com/lukaszraczylo/mcp-filepuff/pkg/fuzzy/fuzzy.go:47.25,49.53 1 1
github.com/lukaszraczylo/mcp-filepuff/pkg/fuzzy/fuzzy.go:49.53,50.13 1 1
github.com/lukaszraczylo/mcp-filepuff/pkg/fuzzy/fuzzy.go:56.3,67.5 4 1
github.com/lukaszraczylo/mcp-filepuff/pkg/fuzzy/fuzzy.go:71.2,71.42 1 1
github.com/lukaszraczylo/mcp-filepuff/pkg/fuzzy/fuzzy.go:71.42,73.3 1 1
github.com/lukaszraczylo/mcp-filepuff/pkg/fuzzy/fuzzy.go:75.2,75.16 1 1
github.com/lukaszraczylo/mcp-filepuff/pkg/fuzzy/fuzzy.go:79.97,83.24 2 1
github.com/lukaszraczylo/mcp-filepuff/pkg/fuzzy/fuzzy.go:83.24,85.3 1 1
github.com/lukaszraczylo/mcp-filepuff/pkg/fuzzy/fuzzy.go:88.2,88.41 1 1
github.com/lukaszraczylo/mcp-filepuff/pkg/fuzzy/fuzzy.go:88.41,90.3 1 1
github.com/lukaszraczylo/mcp-filepuff/pkg/fuzzy/fuzzy.go:93.2,93.44 1 1
github.com/lukaszraczylo/mcp-filepuff/pkg/fuzzy/fuzzy.go:93.44,95.3 1 1
github.com/lukaszraczylo/mcp-filepuff/pkg/fuzzy/fuzzy.go:98.2,104.14 4 1
github.com/lukaszraczylo/mcp-filepuff/pkg/fuzzy/fuzzy.go:109.45,110.14 1 1
github.com/lukaszraczylo/mcp-filepuff/pkg/fuzzy/fuzzy.go:110.14,112.3 1 1
github.com/lukaszraczylo/mcp-filepuff/pkg/fuzzy/fuzzy.go:113.2,113.18 1 1
github.com/lukaszraczylo/mcp-filepuff/pkg/fuzzy/fuzzy.go:113.18,115.3 1 1
github.com/lukaszraczylo/mcp-filepuff/pkg/fuzzy/fuzzy.go:116.2,116.18 1 1
github.com/lukaszraczylo/mcp-filepuff/pkg/fuzzy/fuzzy.go:116.18,118.3 1 1
github.com/lukaszraczylo/mcp-filepuff/pkg/fuzzy/fuzzy.go:121.2,121.23 1 1
github.com/lukaszraczylo/mcp-filepuff/pkg/fuzzy/fuzzy.go:121.23,123.3 1 1
github.com/lukaszraczylo/mcp-filepuff/pkg/fuzzy/fuzzy.go:126.2,136.29 7 1
github.com/lukaszraczylo/mcp-filepuff/pkg/fuzzy/fuzzy.go:136.29,138.3 1 1
github.com/lukaszraczylo/mcp-filepuff/pkg/fuzzy/fuzzy.go:141.2,141.29 1 1
github.com/lukaszraczylo/mcp-filepuff/pkg/fuzzy/fuzzy.go:141.29,144.30 2 1
github.com/lukaszraczylo/mcp-filepuff/pkg/fuzzy/fuzzy.go:144.30,146.26 2 1
github.com/lukaszraczylo/mcp-filepuff/pkg/fuzzy/fuzzy.go:146.26,148.5 1 1
github.com/lukaszraczylo/mcp-filepuff/pkg/fuzzy/fuzzy.go:150.4,154.5 1 1
github.com/lukaszraczylo/mcp-filepuff/pkg/fuzzy/fuzzy.go:158.3,158.40 1 1
github.com/lukaszraczylo/mcp-filepuff/pkg/fuzzy/fuzzy.go:161.2,161.23 1 1
github.com/lukaszraczylo/mcp-filepuff/pkg/fuzzy/fuzzy.go:166.52,167.14 1 1
github.com/lukaszraczylo/mcp-filepuff/pkg/fuzzy/fuzzy.go:167.14,169.3 1 1
github.com/lukaszraczylo/mcp-filepuff/pkg/fuzzy/fuzzy.go:170.2,170.18 1 1
github.com/lukaszraczylo/mcp-filepuff/pkg/fuzzy/fuzzy.go:170.18,172.3 1 1
github.com/lukaszraczylo/mcp-filepuff/pkg/fuzzy/fuzzy.go:173.2,173.18 1 1
github.com/lukaszraczylo/mcp-filepuff/pkg/fuzzy/fuzzy.go:173.18,175.3 1 0
github.com/lukaszraczylo/mcp-filepuff/pkg/fuzzy/fuzzy.go:177.2,184.19 6 1
github.com/lukaszraczylo/mcp-filepuff/pkg/fuzzy/fuzzy.go:184.19,186.3 1 1
github.com/lukaszraczylo/mcp-filepuff/pkg/fuzzy/fuzzy.go:189.2,189.29 1 1
github.com/lukaszraczylo/mcp-filepuff/pkg/fuzzy/fuzzy.go:189.29,191.3 1 1
github.com/lukaszraczylo/mcp-filepuff/pkg/fuzzy/fuzzy.go:192.2,192.29 1 1
github.com/lukaszraczylo/mcp-filepuff/pkg/fuzzy/fuzzy.go:192.29,194.3 1 1
github.com/lukaszraczylo/mcp-filepuff/pkg/fuzzy/fuzzy.go:197.2,197.29 1 1
github.com/lukaszraczylo/mcp-filepuff/pkg/fuzzy/fuzzy.go:197.29,198.30 1 1
github.com/lukaszraczylo/mcp-filepuff/pkg/fuzzy/fuzzy.go:198.30,200.26 2 1
github.com/lukaszraczylo/mcp-filepuff/pkg/fuzzy/fuzzy.go:200.26,202.5 1 1
github.com/lukaszraczylo/mcp-filepuff/pkg/fuzzy/fuzzy.go:204.4,211.66 2 1
github.com/lukaszraczylo/mcp-filepuff/pkg/fuzzy/fuzzy.go:211.66,213.5 1 1
github.com/lukaszraczylo/mcp-filepuff/pkg/fuzzy/fuzzy.go:217.2,217.22 1 1
github.com/lukaszraczylo/mcp-filepuff/pkg/fuzzy/fuzzy.go:222.51,223.14 1 1
github.com/lukaszraczylo/mcp-filepuff/pkg/fuzzy/fuzzy.go:223.14,225.3 1 1
github.com/lukaszraczylo/mcp-filepuff/pkg/fuzzy/fuzzy.go:227.2,230.34 3 1
github.com/lukaszraczylo/mcp-filepuff/pkg/fuzzy/fuzzy.go:230.34,232.3 1 1
github.com/lukaszraczylo/mcp-filepuff/pkg/fuzzy/fuzzy.go:235.2,239.53 3 1
github.com/lukaszraczylo/mcp-filepuff/pkg/fuzzy/fuzzy.go:239.53,240.21 1 1
github.com/lukaszraczylo/mcp-filepuff/pkg/fuzzy/fuzzy.go:240.21,242.4 1 1
github.com/lukaszraczylo/mcp-filepuff/pkg/fuzzy/fuzzy.go:242.9,243.9 1 1
github.com/lukaszraczylo/mcp-filepuff/pkg/fuzzy/fuzzy.go:248.2,249.47 2 1
github.com/lukaszraczylo/mcp-filepuff/pkg/fuzzy/fuzzy.go:253.44,259.19 4 1
github.com/lukaszraczylo/mcp-filepuff/pkg/fuzzy/fuzzy.go:259.19,261.3 1 0
github.com/lukaszraczylo/mcp-filepuff/pkg/fuzzy/fuzzy.go:263.2,270.22 5 1
github.com/lukaszraczylo/mcp-filepuff/pkg/fuzzy/fuzzy.go:270.22,274.32 3 1
github.com/lukaszraczylo/mcp-filepuff/pkg/fuzzy/fuzzy.go:274.32,275.37 1 1
github.com/lukaszraczylo/mcp-filepuff/pkg/fuzzy/fuzzy.go:275.37,276.13 1 1
github.com/lukaszraczylo/mcp-filepuff/pkg/fuzzy/fuzzy.go:278.4,281.9 4 1
github.com/lukaszraczylo/mcp-filepuff/pkg/fuzzy/fuzzy.go:285.2,285.18 1 1
github.com/lukaszraczylo/mcp-filepuff/pkg/fuzzy/fuzzy.go:285.18,287.3 1 0
github.com/lukaszraczylo/mcp-filepuff/pkg/fuzzy/fuzzy.go:290.2,291.22 2 1
github.com/lukaszraczylo/mcp-filepuff/pkg/fuzzy/fuzzy.go:291.22,292.19 1 1
github.com/lukaszraczylo/mcp-filepuff/pkg/fuzzy/fuzzy.go:292.19,293.12 1 1
github.com/lukaszraczylo/mcp-filepuff/pkg/fuzzy/fuzzy.go:295.3,295.20 1 1
github.com/lukaszraczylo/mcp-filepuff/pkg/fuzzy/fuzzy.go:295.20,297.4 1 1
github.com/lukaszraczylo/mcp-filepuff/pkg/fuzzy/fuzzy.go:298.3,298.21 1 1
github.com/lukaszraczylo/mcp-filepuff/pkg/fuzzy/fuzzy.go:298.21,300.4 1 1
github.com/lukaszraczylo/mcp-filepuff/pkg/fuzzy/fuzzy.go:301.3,301.6 1 1
github.com/lukaszraczylo/mcp-filepuff/pkg/fuzzy/fuzzy.go:304.2,306.60 1 1
github.com/lukaszraczylo/mcp-filepuff/pkg/fuzzy/fuzzy.go:310.52,315.15 4 1
github.com/lukaszraczylo/mcp-filepuff/pkg/fuzzy/fuzzy.go:315.15,317.3 1 1
github.com/lukaszraczylo/mcp-filepuff/pkg/fuzzy/fuzzy.go:320.2,320.14 1 1
github.com/lukaszraczylo/mcp-filepuff/pkg/fuzzy/fuzzy.go:320.14,322.3 1 1
github.com/lukaszraczylo/mcp-filepuff/pkg/fuzzy/fuzzy.go:325.2,326.63 2 1
github.com/lukaszraczylo/mcp-filepuff/pkg/fuzzy/fuzzy.go:326.63,328.3 1 1
github.com/lukaszraczylo/mcp-filepuff/pkg/fuzzy/fuzzy.go:331.2,331.32 1 1
github.com/lukaszraczylo/mcp-filepuff/pkg/fuzzy/fuzzy.go:331.32,334.53 3 1
github.com/lukaszraczylo/mcp-filepuff/pkg/fuzzy/fuzzy.go:334.53,336.4 1 1
github.com/lukaszraczylo/mcp-filepuff/pkg/fuzzy/fuzzy.go:339.2,339.14 1 1
github.com/lukaszraczylo/mcp-filepuff/pkg/fuzzy/fuzzy.go:344.29,345.22 1 1
github.com/lukaszraczylo/mcp-filepuff/pkg/fuzzy/fuzzy.go:345.22,347.3 1 0
github.com/lukaszraczylo/mcp-filepuff/pkg/fuzzy/fuzzy.go:348.2,349.31 2 1
github.com/lukaszraczylo/mcp-filepuff/pkg/fuzzy/fuzzy.go:349.31,350.12 1 1
github.com/lukaszraczylo/mcp-filepuff/pkg/fuzzy/fuzzy.go:350.12,352.4 1 1
github.com/lukaszraczylo/mcp-filepuff/pkg/fuzzy/fuzzy.go:354.2,354.10 1 1
github.com/lukaszraczylo/mcp-filepuff/pkg/fuzzy/fuzzy.go:357.29,358.22 1 1
github.com/lukaszraczylo/mcp-filepuff/pkg/fuzzy/fuzzy.go:358.22,360.3 1 0
github.com/lukaszraczylo/mcp-filepuff/pkg/fuzzy/fuzzy.go:361.2,362.31 2 1
github.com/lukaszraczylo/mcp-filepuff/pkg/fuzzy/fuzzy.go:362.31,363.12 1 1
github.com/lukaszraczylo/mcp-filepuff/pkg/fuzzy/fuzzy.go:363.12,365.4 1 1
github.com/lukaszraczylo/mcp-filepuff/pkg/fuzzy/fuzzy.go:367.2,367.10 1 1
github.com/lukaszraczylo/mcp-filepuff/pkg/fuzzy/fuzzy.go:370.21,371.11 1 1
github.com/lukaszraczylo/mcp-filepuff/pkg/fuzzy/fuzzy.go:371.11,373.3 1 0
github.com/lukaszraczylo/mcp-filepuff/pkg/fuzzy/fuzzy.go:374.2,374.10 1 1
github.com/lukaszraczylo/mcp-filepuff/internal/parser/ast.go:9.72,10.17 1 0
github.com/lukaszraczylo/mcp-filepuff/internal/parser/ast.go:10.17,12.3 1 0
github.com/lukaszraczylo/mcp-filepuff/internal/parser/ast.go:14.2,15.17 2 0
github.com/lukaszraczylo/mcp-filepuff/internal/parser/ast.go:15.17,17.3 1 0
github.com/lukaszraczylo/mcp-filepuff/internal/parser/ast.go:20.2,25.37 2 0
github.com/lukaszraczylo/mcp-filepuff/internal/parser/ast.go:29.74,30.17 1 0
github.com/lukaszraczylo/mcp-filepuff/internal/parser/ast.go:30.17,32.3 1 0
github.com/lukaszraczylo/mcp-filepuff/internal/parser/ast.go:34.2,38.48 3 0
github.com/lukaszraczylo/mcp-filepuff/internal/parser/ast.go:38.48,40.3 1 0
github.com/lukaszraczylo/mcp-filepuff/internal/parser/ast.go:43.2,43.46 1 0
github.com/lukaszraczylo/mcp-filepuff/internal/parser/ast.go:43.46,45.19 2 0
github.com/lukaszraczylo/mcp-filepuff/internal/parser/ast.go:45.19,46.12 1 0
github.com/lukaszraczylo/mcp-filepuff/internal/parser/ast.go:48.3,48.61 1 0
github.com/lukaszraczylo/mcp-filepuff/internal/parser/ast.go:48.61,50.4 1 0
github.com/lukaszraczylo/mcp-filepuff/internal/parser/ast.go:54.2,54.13 1 0
github.com/lukaszraczylo/mcp-filepuff/internal/parser/ast.go:58.56,60.86 1 0
github.com/lukaszraczylo/mcp-filepuff/internal/parser/ast.go:60.86,62.3 1 0
github.com/lukaszraczylo/mcp-filepuff/internal/parser/ast.go:64.2,64.81 1 0
github.com/lukaszraczylo/mcp-filepuff/internal/parser/ast.go:64.81,66.3 1 0
github.com/lukaszraczylo/mcp-filepuff/internal/parser/ast.go:67.2,67.13 1 0
github.com/lukaszraczylo/mcp-filepuff/internal/parser/ast.go:71.68,72.17 1 0
github.com/lukaszraczylo/mcp-filepuff/internal/parser/ast.go:72.17,74.3 1 0
github.com/lukaszraczylo/mcp-filepuff/internal/parser/ast.go:76.2,77.21 2 0
github.com/lukaszraczylo/mcp-filepuff/internal/parser/ast.go:77.21,78.29 1 0
github.com/lukaszraczylo/mcp-filepuff/internal/parser/ast.go:78.29,80.4 1 0
github.com/lukaszraczylo/mcp-filepuff/internal/parser/ast.go:81.3,81.29 1 0
github.com/lukaszraczylo/mcp-filepuff/internal/parser/ast.go:83.2,83.12 1 0
github.com/lukaszraczylo/mcp-filepuff/internal/parser/ast.go:87.60,88.17 1 1
github.com/lukaszraczylo/mcp-filepuff/internal/parser/ast.go:88.17,90.3 1 0
github.com/lukaszraczylo/mcp-filepuff/internal/parser/ast.go:92.2,95.59 3 1
github.com/lukaszraczylo/mcp-filepuff/internal/parser/ast.go:95.59,97.3 1 0
github.com/lukaszraczylo/mcp-filepuff/internal/parser/ast.go:99.2,99.35 1 1
github.com/lukaszraczylo/mcp-filepuff/internal/parser/ast.go:104.62,105.17 1 1
github.com/lukaszraczylo/mcp-filepuff/internal/parser/ast.go:105.17,107.3 1 0
github.com/lukaszraczylo/mcp-filepuff/internal/parser/ast.go:109.2,109.15 1 1
github.com/lukaszraczylo/mcp-filepuff/internal/parser/ast.go:109.15,111.3 1 1
github.com/lukaszraczylo/mcp-filepuff/internal/parser/ast.go:113.2,113.46 1 1
github.com/lukaszraczylo/mcp-filepuff/internal/parser/ast.go:113.46,115.3 1 1
github.com/lukaszraczylo/mcp-filepuff/internal/parser/ast.go:119.69,122.43 2 0
github.com/lukaszraczylo/mcp-filepuff/internal/parser/ast.go:122.43,123.23 1 0
github.com/lukaszraczylo/mcp-filepuff/internal/parser/ast.go:123.23,125.4 1 0
github.com/lukaszraczylo/mcp-filepuff/internal/parser/ast.go:126.3,126.14 1 0
github.com/lukaszraczylo/mcp-filepuff/internal/parser/ast.go:129.2,129.14 1 0
github.com/lukaszraczylo/mcp-filepuff/internal/parser/ast.go:133.58,134.17 1 0
github.com/lukaszraczylo/mcp-filepuff/internal/parser/ast.go:134.17,136.3 1 0
github.com/lukaszraczylo/mcp-filepuff/internal/parser/ast.go:138.2,139.51 2 0
github.com/lukaszraczylo/mcp-filepuff/internal/parser/ast.go:139.51,140.48 1 0
github.com/lukaszraczylo/mcp-filepuff/internal/parser/ast.go:140.48,142.4 1 0
github.com/lukaszraczylo/mcp-filepuff/internal/parser/ast.go:144.2,144.17 1 0
github.com/lukaszraczylo/mcp-filepuff/internal/parser/ast.go:148.76,149.17 1 0
github.com/lukaszraczylo/mcp-filepuff/internal/parser/ast.go:149.17,151.3 1 0
github.com/lukaszraczylo/mcp-filepuff/internal/parser/ast.go:152.2,152.41 1 0
github.com/lukaszraczylo/mcp-filepuff/internal/parser/ast.go:156.73,157.17 1 1
github.com/lukaszraczylo/mcp-filepuff/internal/parser/ast.go:157.17,159.3 1 0
github.com/lukaszraczylo/mcp-filepuff/internal/parser/ast.go:161.2,166.3 2 1
github.com/lukaszraczylo/mcp-filepuff/internal/parser/ast.go:170.67,171.17 1 0
github.com/lukaszraczylo/mcp-filepuff/internal/parser/ast.go:171.17,173.3 1 0
github.com/lukaszraczylo/mcp-filepuff/internal/parser/ast.go:175.2,189.3 3 0
github.com/lukaszraczylo/mcp-filepuff/internal/parser/docextract.go:35.92,36.14 1 1
github.com/lukaszraczylo/mcp-filepuff/internal/parser/docextract.go:36.14,38.3 1 0
github.com/lukaszraczylo/mcp-filepuff/internal/parser/docextract.go:40.2,40.14 1 1
github.com/lukaszraczylo/mcp-filepuff/internal/parser/docextract.go:41.23,42.41 1 1
github.com/lukaszraczylo/mcp-filepuff/internal/parser/docextract.go:43.56,44.41 1 1
github.com/lukaszraczylo/mcp-filepuff/internal/parser/docextract.go:45.27,46.45 1 1
github.com/lukaszraczylo/mcp-filepuff/internal/parser/docextract.go:47.40,48.40 1 1
github.com/lukaszraczylo/mcp-filepuff/internal/parser/docextract.go:49.27,50.45 1 1
github.com/lukaszraczylo/mcp-filepuff/internal/parser/docextract.go:51.10,52.13 1 0
github.com/lukaszraczylo/mcp-filepuff/internal/parser/docextract.go:58.70,60.24 2 1
github.com/lukaszraczylo/mcp-filepuff/internal/parser/docextract.go:60.24,62.3 1 1
github.com/lukaszraczylo/mcp-filepuff/internal/parser/docextract.go:64.2,69.29 5 1
github.com/lukaszraczylo/mcp-filepuff/internal/parser/docextract.go:69.29,73.22 3 1
github.com/lukaszraczylo/mcp-filepuff/internal/parser/docextract.go:73.22,75.4 1 1
github.com/lukaszraczylo/mcp-filepuff/internal/parser/docextract.go:76.3,79.20 3 1
github.com/lukaszraczylo/mcp-filepuff/internal/parser/docextract.go:79.20,81.4 1 1
github.com/lukaszraczylo/mcp-filepuff/internal/parser/docextract.go:84.2,84.21 1 1
github.com/lukaszraczylo/mcp-filepuff/internal/parser/docextract.go:84.21,86.3 1 0
github.com/lukaszraczylo/mcp-filepuff/internal/parser/docextract.go:88.2,95.3 1 1
github.com/lukaszraczylo/mcp-filepuff/internal/parser/docextract.go:99.70,101.24 2 1
github.com/lukaszraczylo/mcp-filepuff/internal/parser/docextract.go:101.24,103.3 1 1
github.com/lukaszraczylo/mcp-filepuff/internal/parser/docextract.go:106.2,107.42 2 1
github.com/lukaszraczylo/mcp-filepuff/internal/parser/docextract.go:107.42,109.56 2 1
github.com/lukaszraczylo/mcp-filepuff/internal/parser/docextract.go:109.56,111.9 2 1
github.com/lukaszraczylo/mcp-filepuff/internal/parser/docextract.go:115.2,115.25 1 1
github.com/lukaszraczylo/mcp-filepuff/internal/parser/docextract.go:115.25,126.3 3 1
github.com/lukaszraczylo/mcp-filepuff/internal/parser/docextract.go:129.2,134.29 5 1
github.com/lukaszraczylo/mcp-filepuff/internal/parser/docextract.go:134.29,138.22 3 1
github.com/lukaszraczylo/mcp-filepuff/internal/parser/docextract.go:138.22,140.4 1 1
github.com/lukaszraczylo/mcp-filepuff/internal/parser/docextract.go:141.3,144.20 3 1
github.com/lukaszraczylo/mcp-filepuff/internal/parser/docextract.go:144.20,146.4 1 1
github.com/lukaszraczylo/mcp-filepuff/internal/parser/docextract.go:149.2,149.21 1 1
github.com/lukaszraczylo/mcp-filepuff/internal/parser/docextract.go:149.21,151.3 1 0
github.com/lukaszraczylo/mcp-filepuff/internal/parser/docextract.go:153.2,160.3 1 1
github.com/lukaszraczylo/mcp-filepuff/internal/parser/docextract.go:165.74,168.17 2 1
github.com/lukaszraczylo/mcp-filepuff/internal/parser/docextract.go:168.17,170.3 1 0
github.com/lukaszraczylo/mcp-filepuff/internal/parser/docextract.go:173.2,173.32 1 1
github.com/lukaszraczylo/mcp-filepuff/internal/parser/docextract.go:173.32,175.61 2 1
github.com/lukaszraczylo/mcp-filepuff/internal/parser/docextract.go:175.61,176.35 1 1
github.com/lukaszraczylo/mcp-filepuff/internal/parser/docextract.go:176.35,178.47 2 1
github.com/lukaszraczylo/mcp-filepuff/internal/parser/docextract.go:178.47,189.6 3 1
github.com/lukaszraczylo/mcp-filepuff/internal/parser/docextract.go:195.2,196.24 2 1
github.com/lukaszraczylo/mcp-filepuff/internal/parser/docextract.go:196.24,198.3 1 1
github.com/lukaszraczylo/mcp-filepuff/internal/parser/docextract.go:200.2,205.29 5 0
github.com/lukaszraczylo/mcp-filepuff/internal/parser/docextract.go:205.29,209.22 3 0
github.com/lukaszraczylo/mcp-filepuff/internal/parser/docextract.go:209.22,211.4 1 0
github.com/lukaszraczylo/mcp-filepuff/internal/parser/docextract.go:212.3,216.20 3 0
github.com/lukaszraczylo/mcp-filepuff/internal/parser/docextract.go:216.20,218.4 1 0
github.com/lukaszraczylo/mcp-filepuff/internal/parser/docextract.go:221.2,221.21 1 0
github.com/lukaszraczylo/mcp-filepuff/internal/parser/docextract.go:221.21,223.3 1 0
github.com/lukaszraczylo/mcp-filepuff/internal/parser/docextract.go:225.2,232.3 1 0
github.com/lukaszraczylo/mcp-filepuff/internal/parser/docextract.go:236.69,238.24 2 1
github.com/lukaszraczylo/mcp-filepuff/internal/parser/docextract.go:238.24,240.3 1 1
github.com/lukaszraczylo/mcp-filepuff/internal/parser/docextract.go:243.2,244.42 2 1
github.com/lukaszraczylo/mcp-filepuff/internal/parser/docextract.go:244.42,247.114 3 1
github.com/lukaszraczylo/mcp-filepuff/internal/parser/docextract.go:247.114,249.9 2 1
github.com/lukaszraczylo/mcp-filepuff/internal/parser/docextract.go:253.2,253.24 1 1
github.com/lukaszraczylo/mcp-filepuff/internal/parser/docextract.go:253.24,264.3 3 1
github.com/lukaszraczylo/mcp-filepuff/internal/parser/docextract.go:267.2,272.29 5 1
github.com/lukaszraczylo/mcp-filepuff/internal/parser/docextract.go:272.29,276.22 3 1
github.com/lukaszraczylo/mcp-filepuff/internal/parser/docextract.go:276.22,278.4 1 1
github.com/lukaszraczylo/mcp-filepuff/internal/parser/docextract.go:279.3,282.20 3 1
github.com/lukaszraczylo/mcp-filepuff/internal/parser/docextract.go:282.20,284.4 1 1
github.com/lukaszraczylo/mcp-filepuff/internal/parser/docextract.go:287.2,287.21 1 1
github.com/lukaszraczylo/mcp-filepuff/internal/parser/docextract.go:287.21,289.3 1 0
github.com/lukaszraczylo/mcp-filepuff/internal/parser/docextract.go:291.2,298.3 1 1
github.com/lukaszraczylo/mcp-filepuff/internal/parser/docextract.go:302.95,309.18 4 1
github.com/lukaszraczylo/mcp-filepuff/internal/parser/docextract.go:309.18,312.35 3 1
github.com/lukaszraczylo/mcp-filepuff/internal/parser/docextract.go:312.35,313.22 1 1
github.com/lukaszraczylo/mcp-filepuff/internal/parser/docextract.go:313.22,315.10 2 1
github.com/lukaszraczylo/mcp-filepuff/internal/parser/docextract.go:319.3,319.17 1 1
github.com/lukaszraczylo/mcp-filepuff/internal/parser/docextract.go:319.17,320.9 1 1
github.com/lukaszraczylo/mcp-filepuff/internal/parser/docextract.go:323.3,326.41 2 1
github.com/lukaszraczylo/mcp-filepuff/internal/parser/docextract.go:326.41,327.9 1 0
github.com/lukaszraczylo/mcp-filepuff/internal/parser/docextract.go:330.3,332.28 3 1
github.com/lukaszraczylo/mcp-filepuff/internal/parser/docextract.go:335.2,335.17 1 1
github.com/lukaszraczylo/mcp-filepuff/internal/parser/docextract.go:339.54,341.39 2 1
github.com/lukaszraczylo/mcp-filepuff/internal/parser/docextract.go:341.39,343.3 1 1
github.com/lukaszraczylo/mcp-filepuff/internal/parser/docextract.go:344.2,344.76 1 1
github.com/lukaszraczylo/mcp-filepuff/internal/parser/docextract.go:344.76,346.3 1 1
github.com/lukaszraczylo/mcp-filepuff/internal/parser/docextract.go:347.2,347.38 1 1
github.com/lukaszraczylo/mcp-filepuff/internal/parser/docextract.go:347.38,349.3 1 1
github.com/lukaszraczylo/mcp-filepuff/internal/parser/docextract.go:350.2,350.38 1 1
github.com/lukaszraczylo/mcp-filepuff/internal/parser/docextract.go:350.38,352.3 1 1
github.com/lukaszraczylo/mcp-filepuff/internal/parser/docextract.go:353.2,353.37 1 1
github.com/lukaszraczylo/mcp-filepuff/internal/parser/docextract.go:353.37,355.3 1 1
github.com/lukaszraczylo/mcp-filepuff/internal/parser/docextract.go:356.2,356.76 1 1
github.com/lukaszraczylo/mcp-filepuff/internal/parser/docextract.go:356.76,358.3 1 1
github.com/lukaszraczylo/mcp-filepuff/internal/parser/docextract.go:359.2,359.25 1 0
github.com/lukaszraczylo/mcp-filepuff/internal/parser/docextract.go:363.44,367.61 2 1
github.com/lukaszraczylo/mcp-filepuff/internal/parser/docextract.go:367.61,369.3 1 1
github.com/lukaszraczylo/mcp-filepuff/internal/parser/docextract.go:372.2,372.74 1 1
github.com/lukaszraczylo/mcp-filepuff/internal/parser/docextract.go:372.74,376.3 3 1
github.com/lukaszraczylo/mcp-filepuff/internal/parser/docextract.go:378.2,378.35 1 0
github.com/lukaszraczylo/mcp-filepuff/internal/parser/docextract.go:382.44,384.2 1 1
github.com/lukaszraczylo/mcp-filepuff/internal/parser/docextract.go:387.43,389.2 1 1
github.com/lukaszraczylo/mcp-filepuff/internal/parser/docextract.go:392.47,396.29 3 1
github.com/lukaszraczylo/mcp-filepuff/internal/parser/docextract.go:396.29,402.3 4 1
github.com/lukaszraczylo/mcp-filepuff/internal/parser/docextract.go:405.2,405.43 1 1
github.com/lukaszraczylo/mcp-filepuff/internal/parser/docextract.go:405.43,407.3 1 1
github.com/lukaszraczylo/mcp-filepuff/internal/parser/docextract.go:408.2,408.56 1 1
github.com/lukaszraczylo/mcp-filepuff/internal/parser/docextract.go:408.56,410.3 1 1
github.com/lukaszraczylo/mcp-filepuff/internal/parser/docextract.go:412.2,412.36 1 1
github.com/lukaszraczylo/mcp-filepuff/internal/parser/docextract.go:416.61,430.29 8 1
github.com/lukaszraczylo/mcp-filepuff/internal/parser/docextract.go:430.29,435.69 4 1
github.com/lukaszraczylo/mcp-filepuff/internal/parser/docextract.go:435.69,438.41 3 1
github.com/lukaszraczylo/mcp-filepuff/internal/parser/docextract.go:438.41,440.5 1 1
github.com/lukaszraczylo/mcp-filepuff/internal/parser/docextract.go:440.10,442.5 1 1
github.com/lukaszraczylo/mcp-filepuff/internal/parser/docextract.go:443.9,443.24 1 1
github.com/lukaszraczylo/mcp-filepuff/internal/parser/docextract.go:443.24,445.4 1 1
github.com/lukaszraczylo/mcp-filepuff/internal/parser/docextract.go:448.2,448.44 1 1
github.com/lukaszraczylo/mcp-filepuff/internal/parser/docextract.go:452.63,470.29 10 1
github.com/lukaszraczylo/mcp-filepuff/internal/parser/docextract.go:470.29,475.69 4 1
github.com/lukaszraczylo/mcp-filepuff/internal/parser/docextract.go:475.69,478.41 3 1
github.com/lukaszraczylo/mcp-filepuff/internal/parser/docextract.go:478.41,480.5 1 1
github.com/lukaszraczylo/mcp-filepuff/internal/parser/docextract.go:480.10,482.5 1 1
github.com/lukaszraczylo/mcp-filepuff/internal/parser/docextract.go:483.9,483.24 1 1
github.com/lukaszraczylo/mcp-filepuff/internal/parser/docextract.go:483.24,485.4 1 1
github.com/lukaszraczylo/mcp-filepuff/internal/parser/docextract.go:488.2,488.44 1 1
github.com/lukaszraczylo/mcp-filepuff/internal/parser/docextract.go:492.47,493.34 1 1
github.com/lukaszraczylo/mcp-filepuff/internal/parser/docextract.go:493.34,495.3 1 1
github.com/lukaszraczylo/mcp-filepuff/internal/parser/docextract.go:497.2,500.23 3 1
github.com/lukaszraczylo/mcp-filepuff/internal/parser/docextract.go:500.23,507.38 4 1
github.com/lukaszraczylo/mcp-filepuff/internal/parser/docextract.go:507.38,508.40 1 1
github.com/lukaszraczylo/mcp-filepuff/internal/parser/docextract.go:508.40,509.51 1 1
github.com/lukaszraczylo/mcp-filepuff/internal/parser/docextract.go:509.51,511.6 1 1
github.com/lukaszraczylo/mcp-filepuff/internal/parser/docextract.go:516.3,516.39 1 1
github.com/lukaszraczylo/mcp-filepuff/internal/parser/docextract.go:516.39,517.40 1 1
github.com/lukaszraczylo/mcp-filepuff/internal/parser/docextract.go:517.40,519.5 1 1
github.com/lukaszraczylo/mcp-filepuff/internal/parser/docextract.go:523.3,524.32 2 1
github.com/lukaszraczylo/mcp-filepuff/internal/parser/docextract.go:524.32,526.4 1 1
github.com/lukaszraczylo/mcp-filepuff/internal/parser/docextract.go:527.3,527.33 1 1
github.com/lukaszraczylo/mcp-filepuff/internal/parser/docextract.go:527.33,529.4 1 1
github.com/lukaszraczylo/mcp-filepuff/internal/parser/docextract.go:531.3,531.38 1 1
github.com/lukaszraczylo/mcp-filepuff/internal/parser/docextract.go:531.38,532.25 1 1
github.com/lukaszraczylo/mcp-filepuff/internal/parser/docextract.go:532.25,534.5 1 0
github.com/lukaszraczylo/mcp-filepuff/internal/parser/docextract.go:538.2,538.39 1 1
github.com/lukaszraczylo/mcp-filepuff/internal/parser/docextract.go:542.46,552.2 6 1
github.com/lukaszraczylo/mcp-filepuff/internal/parser/docextract.go:556.74,560.18 2 1
github.com/lukaszraczylo/mcp-filepuff/internal/parser/docextract.go:560.18,562.38 1 1
github.com/lukaszraczylo/mcp-filepuff/internal/parser/docextract.go:562.38,567.86 3 1
github.com/lukaszraczylo/mcp-filepuff/internal/parser/docextract.go:567.86,570.22 2 1
github.com/lukaszraczylo/mcp-filepuff/internal/parser/docextract.go:570.22,579.6 1 1
github.com/lukaszraczylo/mcp-filepuff/internal/parser/docextract.go:584.3,584.31 1 1
github.com/lukaszraczylo/mcp-filepuff/internal/parser/docextract.go:584.31,586.25 2 0
github.com/lukaszraczylo/mcp-filepuff/internal/parser/docextract.go:586.25,592.32 5 0
github.com/lukaszraczylo/mcp-filepuff/internal/parser/docextract.go:592.32,596.25 3 0
github.com/lukaszraczylo/mcp-filepuff/internal/parser/docextract.go:596.25,598.7 1 0
github.com/lukaszraczylo/mcp-filepuff/internal/parser/docextract.go:599.6,603.23 3 0
github.com/lukaszraczylo/mcp-filepuff/internal/parser/docextract.go:603.23,605.7 1 0
github.com/lukaszraczylo/mcp-filepuff/internal/parser/docextract.go:608.5,608.23 1 0
github.com/lukaszraczylo/mcp-filepuff/internal/parser/docextract.go:608.23,617.6 1 0
github.com/lukaszraczylo/mcp-filepuff/internal/parser/docextract.go:619.4,619.9 1 0
github.com/lukaszraczylo/mcp-filepuff/internal/parser/docextract.go:622.3,622.28 1 1
github.com/lukaszraczylo/mcp-filepuff/internal/parser/docextract.go:625.2,625.12 1 1
github.com/lukaszraczylo/mcp-filepuff/internal/parser/docextract.go:629.68,643.50 3 1
github.com/lukaszraczylo/mcp-filepuff/internal/parser/docextract.go:643.50,646.57 2 1
github.com/lukaszraczylo/mcp-filepuff/internal/parser/docextract.go:646.57,648.4 1 1
github.com/lukaszraczylo/mcp-filepuff/internal/parser/docextract.go:649.8,649.55 1 0
github.com/lukaszraczylo/mcp-filepuff/internal/parser/docextract.go:649.55,652.55 2 0
github.com/lukaszraczylo/mcp-filepuff/internal/parser/docextract.go:652.55,654.4 1 0
github.com/lukaszraczylo/mcp-filepuff/internal/parser/docextract.go:657.2,657.38 1 1
github.com/lukaszraczylo/mcp-filepuff/internal/parser/parser.go:84.30,86.2 1 1
github.com/lukaszraczylo/mcp-filepuff/internal/parser/parser.go:90.56,93.16 2 1
github.com/lukaszraczylo/mcp-filepuff/internal/parser/parser.go:93.16,95.60 1 0
github.com/lukaszraczylo/mcp-filepuff/internal/parser/parser.go:98.2,98.23 1 1
github.com/lukaszraczylo/mcp-filepuff/internal/parser/parser.go:98.23,100.3 1 1
github.com/lukaszraczylo/mcp-filepuff/internal/parser/parser.go:102.2,106.3 1 1
github.com/lukaszraczylo/mcp-filepuff/internal/parser/parser.go:110.68,111.14 1 1
github.com/lukaszraczylo/mcp-filepuff/internal/parser/parser.go:112.23,113.35 1 1
github.com/lukaszraczylo/mcp-filepuff/internal/parser/parser.go:114.31,115.39 1 1
github.com/lukaszraczylo/mcp-filepuff/internal/parser/parser.go:116.31,117.39 1 1
github.com/lukaszraczylo/mcp-filepuff/internal/parser/parser.go:118.27,119.35 1 1
github.com/lukaszraczylo/mcp-filepuff/internal/parser/parser.go:120.22,121.30 1 1
github.com/lukaszraczylo/mcp-filepuff/internal/parser/parser.go:122.24,123.32 1 1
github.com/lukaszraczylo/mcp-filepuff/internal/parser/parser.go:124.25,125.33 1 1
github.com/lukaszraczylo/mcp-filepuff/internal/parser/parser.go:126.24,128.33 1 1
github.com/lukaszraczylo/mcp-filepuff/internal/parser/parser.go:129.27,130.35 1 1
github.com/lukaszraczylo/mcp-filepuff/internal/parser/parser.go:131.10,134.105 1 1
github.com/lukaszraczylo/mcp-filepuff/internal/parser/parser.go:139.78,141.34 2 1
github.com/lukaszraczylo/mcp-filepuff/internal/parser/parser.go:141.34,144.3 2 1
github.com/lukaszraczylo/mcp-filepuff/internal/parser/parser.go:145.2,152.34 4 1
github.com/lukaszraczylo/mcp-filepuff/internal/parser/parser.go:152.34,154.3 1 0
github.com/lukaszraczylo/mcp-filepuff/internal/parser/parser.go:156.2,157.16 2 1
github.com/lukaszraczylo/mcp-filepuff/internal/parser/parser.go:157.16,159.3 1 1
github.com/lukaszraczylo/mcp-filepuff/internal/parser/parser.go:161.2,165.20 4 1
github.com/lukaszraczylo/mcp-filepuff/internal/parser/parser.go:169.102,171.42 1 1
github.com/lukaszraczylo/mcp-filepuff/internal/parser/parser.go:171.42,173.3 1 0
github.com/lukaszraczylo/mcp-filepuff/internal/parser/parser.go:176.2,176.23 1 1
github.com/lukaszraczylo/mcp-filepuff/internal/parser/parser.go:176.23,180.3 1 0
github.com/lukaszraczylo/mcp-filepuff/internal/parser/parser.go:183.2,184.34 2 1
github.com/lukaszraczylo/mcp-filepuff/internal/parser/parser.go:184.34,188.3 1 1
github.com/lukaszraczylo/mcp-filepuff/internal/parser/parser.go:191.2,191.14 1 1
github.com/lukaszraczylo/mcp-filepuff/internal/parser/parser.go:192.25,193.45 1 1
github.com/lukaszraczylo/mcp-filepuff/internal/parser/parser.go:194.25,195.45 1 1
github.com/lukaszraczylo/mcp-filepuff/internal/parser/parser.go:199.2,200.68 2 1
github.com/lukaszraczylo/mcp-filepuff/internal/parser/parser.go:200.68,209.3 3 1
github.com/lukaszraczylo/mcp-filepuff/internal/parser/parser.go:210.2,214.16 3 1
github.com/lukaszraczylo/mcp-filepuff/internal/parser/parser.go:214.16,216.3 1 0
github.com/lukaszraczylo/mcp-filepuff/internal/parser/parser.go:221.2,232.16 9 1
github.com/lukaszraczylo/mcp-filepuff/internal/parser/parser.go:232.16,234.3 1 0
github.com/lukaszraczylo/mcp-filepuff/internal/parser/parser.go:237.2,250.8 3 1
github.com/lukaszraczylo/mcp-filepuff/internal/parser/parser.go:254.54,256.2 1 0
github.com/lukaszraczylo/mcp-filepuff/internal/parser/parser.go:259.58,267.15 7 0
github.com/lukaszraczylo/mcp-filepuff/internal/parser/parser.go:267.15,269.3 1 0
github.com/lukaszraczylo/mcp-filepuff/internal/parser/parser.go:271.2,272.20 2 0
github.com/lukaszraczylo/mcp-filepuff/internal/parser/parser.go:272.20,274.3 1 0
github.com/lukaszraczylo/mcp-filepuff/internal/parser/parser.go:276.2,285.3 1 0
github.com/lukaszraczylo/mcp-filepuff/internal/parser/parser.go:289.33,295.2 5 0
github.com/lukaszraczylo/mcp-filepuff/internal/parser/parser.go:299.63,303.30 3 1
github.com/lukaszraczylo/mcp-filepuff/internal/parser/parser.go:303.30,304.15 1 1
github.com/lukaszraczylo/mcp-filepuff/internal/parser/parser.go:304.15,306.4 1 0
github.com/lukaszraczylo/mcp-filepuff/internal/parser/parser.go:308.3,308.35 1 1
github.com/lukaszraczylo/mcp-filepuff/internal/parser/parser.go:308.35,311.21 3 1
github.com/lukaszraczylo/mcp-filepuff/internal/parser/parser.go:311.21,313.5 1 1
github.com/lukaszraczylo/mcp-filepuff/internal/parser/parser.go:315.4,322.6 1 1
github.com/lukaszraczylo/mcp-filepuff/internal/parser/parser.go:325.3,325.44 1 1
github.com/lukaszraczylo/mcp-filepuff/internal/parser/parser.go:325.44,327.4 1 1
github.com/lukaszraczylo/mcp-filepuff/internal/parser/parser.go:330.2,331.15 2 1
github.com/lukaszraczylo/mcp-filepuff/internal/parser/parser.go:336.41,339.2 2 1
github.com/lukaszraczylo/mcp-filepuff/internal/parser/parser.go:342.36,346.26 2 1
github.com/lukaszraczylo/mcp-filepuff/internal/parser/parser.go:346.26,347.22 1 1
github.com/lukaszraczylo/mcp-filepuff/internal/parser/parser.go:347.22,349.4 1 1
github.com/lukaszraczylo/mcp-filepuff/internal/parser/parser.go:351.2,351.14 1 1
github.com/lukaszraczylo/mcp-filepuff/internal/parser/parser.go:355.28,359.30 3 1
github.com/lukaszraczylo/mcp-filepuff/internal/parser/parser.go:359.30,361.3 1 1
github.com/lukaszraczylo/mcp-filepuff/internal/parser/parser.go:362.2,365.17 2 1
github.com/lukaszraczylo/mcp-filepuff/internal/parser/symbols.go:9.115,10.17 1 1
github.com/lukaszraczylo/mcp-filepuff/internal/parser/symbols.go:10.17,12.3 1 0
github.com/lukaszraczylo/mcp-filepuff/internal/parser/symbols.go:14.2,15.17 2 1
github.com/lukaszraczylo/mcp-filepuff/internal/parser/symbols.go:15.17,17.3 1 0
github.com/lukaszraczylo/mcp-filepuff/internal/parser/symbols.go:19.2,19.14 1 1
github.com/lukaszraczylo/mcp-filepuff/internal/parser/symbols.go:20.23,21.51 1 1
github.com/lukaszraczylo/mcp-filepuff/internal/parser/symbols.go:22.56,23.51 1 1
github.com/lukaszraczylo/mcp-filepuff/internal/parser/symbols.go:24.27,25.55 1 1
github.com/lukaszraczylo/mcp-filepuff/internal/parser/symbols.go:26.40,27.50 1 1
github.com/lukaszraczylo/mcp-filepuff/internal/parser/symbols.go:28.27,29.55 1 1
github.com/lukaszraczylo/mcp-filepuff/internal/parser/symbols.go:30.10,31.13 1 0
github.com/lukaszraczylo/mcp-filepuff/internal/parser/symbols.go:36.93,39.43 2 1
github.com/lukaszraczylo/mcp-filepuff/internal/parser/symbols.go:39.43,42.19 2 1
github.com/lukaszraczylo/mcp-filepuff/internal/parser/symbols.go:43.31,44.52 1 1
github.com/lukaszraczylo/mcp-filepuff/internal/parser/symbols.go:45.29,46.50 1 1
github.com/lukaszraczylo/mcp-filepuff/internal/parser/symbols.go:47.27,48.48 1 1
github.com/lukaszraczylo/mcp-filepuff/internal/parser/symbols.go:49.47,52.15 3 1
github.com/lukaszraczylo/mcp-filepuff/internal/parser/symbols.go:55.3,55.20 1 1
github.com/lukaszraczylo/mcp-filepuff/internal/parser/symbols.go:55.20,56.73 1 1
github.com/lukaszraczylo/mcp-filepuff/internal/parser/symbols.go:56.73,58.5 1 1
github.com/lukaszraczylo/mcp-filepuff/internal/parser/symbols.go:59.4,59.38 1 1
github.com/lukaszraczylo/mcp-filepuff/internal/parser/symbols.go:62.3,62.14 1 1
github.com/lukaszraczylo/mcp-filepuff/internal/parser/symbols.go:65.2,65.16 1 1
github.com/lukaszraczylo/mcp-filepuff/internal/parser/symbols.go:68.90,70.21 2 1
github.com/lukaszraczylo/mcp-filepuff/internal/parser/symbols.go:70.21,72.3 1 0
github.com/lukaszraczylo/mcp-filepuff/internal/parser/symbols.go:74.2,78.3 1 1
github.com/lukaszraczylo/mcp-filepuff/internal/parser/symbols.go:81.88,83.21 2 1
github.com/lukaszraczylo/mcp-filepuff/internal/parser/symbols.go:83.21,85.3 1 0
github.com/lukaszraczylo/mcp-filepuff/internal/parser/symbols.go:88.2,90.21 3 1
github.com/lukaszraczylo/mcp-filepuff/internal/parser/symbols.go:90.21,92.51 1 1
github.com/lukaszraczylo/mcp-filepuff/internal/parser/symbols.go:92.51,93.40 1 1
github.com/lukaszraczylo/mcp-filepuff/internal/parser/symbols.go:93.40,96.5 2 1
github.com/lukaszraczylo/mcp-filepuff/internal/parser/symbols.go:97.4,97.15 1 1
github.com/lukaszraczylo/mcp-filepuff/internal/parser/symbols.go:101.2,102.24 2 1
github.com/lukaszraczylo/mcp-filepuff/internal/parser/symbols.go:102.24,104.3 1 1
github.com/lukaszraczylo/mcp-filepuff/internal/parser/symbols.go:106.2,110.3 1 1
github.com/lukaszraczylo/mcp-filepuff/internal/parser/symbols.go:113.86,115.48 1 1
github.com/lukaszraczylo/mcp-filepuff/internal/parser/symbols.go:115.48,117.50 2 1
github.com/lukaszraczylo/mcp-filepuff/internal/parser/symbols.go:117.50,119.23 2 1
github.com/lukaszraczylo/mcp-filepuff/internal/parser/symbols.go:119.23,120.13 1 0
github.com/lukaszraczylo/mcp-filepuff/internal/parser/symbols.go:123.4,125.23 3 1
github.com/lukaszraczylo/mcp-filepuff/internal/parser/symbols.go:125.23,126.28 1 1
github.com/lukaszraczylo/mcp-filepuff/internal/parser/symbols.go:127.24,128.34 1 1
github.com/lukaszraczylo/mcp-filepuff/internal/parser/symbols.go:129.27,130.37 1 0
github.com/lukaszraczylo/mcp-filepuff/internal/parser/symbols.go:134.4,138.5 1 1
github.com/lukaszraczylo/mcp-filepuff/internal/parser/symbols.go:141.2,141.12 1 0
github.com/lukaszraczylo/mcp-filepuff/internal/parser/symbols.go:144.91,147.37 3 1
github.com/lukaszraczylo/mcp-filepuff/internal/parser/symbols.go:147.37,149.3 1 1
github.com/lukaszraczylo/mcp-filepuff/internal/parser/symbols.go:151.2,151.43 1 1
github.com/lukaszraczylo/mcp-filepuff/internal/parser/symbols.go:151.43,152.63 1 1
github.com/lukaszraczylo/mcp-filepuff/internal/parser/symbols.go:152.63,154.23 2 1
github.com/lukaszraczylo/mcp-filepuff/internal/parser/symbols.go:154.23,160.5 1 1
github.com/lukaszraczylo/mcp-filepuff/internal/parser/symbols.go:162.3,162.14 1 1
github.com/lukaszraczylo/mcp-filepuff/internal/parser/symbols.go:165.2,165.16 1 1
github.com/lukaszraczylo/mcp-filepuff/internal/parser/symbols.go:169.93,172.43 2 1
github.com/lukaszraczylo/mcp-filepuff/internal/parser/symbols.go:172.43,175.19 2 1
github.com/lukaszraczylo/mcp-filepuff/internal/parser/symbols.go:176.31,177.52 1 1
github.com/lukaszraczylo/mcp-filepuff/internal/parser/symbols.go:178.28,179.49 1 1
github.com/lukaszraczylo/mcp-filepuff/internal/parser/symbols.go:180.28,181.50 1 1
github.com/lukaszraczylo/mcp-filepuff/internal/parser/symbols.go:182.54,185.15 3 1
github.com/lukaszraczylo/mcp-filepuff/internal/parser/symbols.go:186.32,187.53 1 0
github.com/lukaszraczylo/mcp-filepuff/internal/parser/symbols.go:188.33,189.53 1 0
github.com/lukaszraczylo/mcp-filepuff/internal/parser/symbols.go:192.3,192.20 1 1
github.com/lukaszraczylo/mcp-filepuff/internal/parser/symbols.go:192.20,193.81 1 1
github.com/lukaszraczylo/mcp-filepuff/internal/parser/symbols.go:193.81,195.5 1 0
github.com/lukaszraczylo/mcp-filepuff/internal/parser/symbols.go:196.4,196.38 1 1
github.com/lukaszraczylo/mcp-filepuff/internal/parser/symbols.go:199.3,199.14 1 1
github.com/lukaszraczylo/mcp-filepuff/internal/parser/symbols.go:202.2,202.16 1 1
github.com/lukaszraczylo/mcp-filepuff/internal/parser/symbols.go:205.90,207.21 2 1
github.com/lukaszraczylo/mcp-filepuff/internal/parser/symbols.go:207.21,209.3 1 0
github.com/lukaszraczylo/mcp-filepuff/internal/parser/symbols.go:211.2,215.3 1 1
github.com/lukaszraczylo/mcp-filepuff/internal/parser/symbols.go:218.87,220.21 2 1
github.com/lukaszraczylo/mcp-filepuff/internal/parser/symbols.go:220.21,222.3 1 0
github.com/lukaszraczylo/mcp-filepuff/internal/parser/symbols.go:224.2,228.3 1 1
github.com/lukaszraczylo/mcp-filepuff/internal/parser/symbols.go:231.88,233.21 2 1
github.com/lukaszraczylo/mcp-filepuff/internal/parser/symbols.go:233.21,235.3 1 0
github.com/lukaszraczylo/mcp-filepuff/internal/parser/symbols.go:237.2,241.3 1 1
github.com/lukaszraczylo/mcp-filepuff/internal/parser/symbols.go:244.91,247.43 2 1
github.com/lukaszraczylo/mcp-filepuff/internal/parser/symbols.go:247.43,248.43 1 1
github.com/lukaszraczylo/mcp-filepuff/internal/parser/symbols.go:248.43,250.23 2 1
github.com/lukaszraczylo/mcp-filepuff/internal/parser/symbols.go:250.23,256.5 1 1
github.com/lukaszraczylo/mcp-filepuff/internal/parser/symbols.go:258.3,258.14 1 1
github.com/lukaszraczylo/mcp-filepuff/internal/parser/symbols.go:261.2,261.16 1 1
github.com/lukaszraczylo/mcp-filepuff/internal/parser/symbols.go:264.91,266.21 2 0
github.com/lukaszraczylo/mcp-filepuff/internal/parser/symbols.go:266.21,268.3 1 0
github.com/lukaszraczylo/mcp-filepuff/internal/parser/symbols.go:270.2,274.3 1 0
github.com/lukaszraczylo/mcp-filepuff/internal/parser/symbols.go:277.91,279.21 2 0
github.com/lukaszraczylo/mcp-filepuff/internal/parser/symbols.go:279.21,281.3 1 0
github.com/lukaszraczylo/mcp-filepuff/internal/parser/symbols.go:283.2,287.3 1 0
github.com/lukaszraczylo/mcp-filepuff/internal/parser/symbols.go:291.97,294.43 2 1
github.com/lukaszraczylo/mcp-filepuff/internal/parser/symbols.go:294.43,297.19 2 1
github.com/lukaszraczylo/mcp-filepuff/internal/parser/symbols.go:298.30,299.56 1 1
github.com/lukaszraczylo/mcp-filepuff/internal/parser/symbols.go:300.27,301.53 1 1
github.com/lukaszraczylo/mcp-filepuff/internal/parser/symbols.go:304.3,304.20 1 1
github.com/lukaszraczylo/mcp-filepuff/internal/parser/symbols.go:304.20,305.77 1 1
github.com/lukaszraczylo/mcp-filepuff/internal/parser/symbols.go:305.77,307.5 1 1
github.com/lukaszraczylo/mcp-filepuff/internal/parser/symbols.go:308.4,308.38 1 1
github.com/lukaszraczylo/mcp-filepuff/internal/parser/symbols.go:311.3,311.14 1 1
github.com/lukaszraczylo/mcp-filepuff/internal/parser/symbols.go:314.2,314.16 1 1
github.com/lukaszraczylo/mcp-filepuff/internal/parser/symbols.go:317.94,319.21 2 1
github.com/lukaszraczylo/mcp-filepuff/internal/parser/symbols.go:319.21,321.3 1 0
github.com/lukaszraczylo/mcp-filepuff/internal/parser/symbols.go:324.2,326.47 3 1
github.com/lukaszraczylo/mcp-filepuff/internal/parser/symbols.go:326.47,328.69 2 1
github.com/lukaszraczylo/mcp-filepuff/internal/parser/symbols.go:328.69,330.4 1 1
github.com/lukaszraczylo/mcp-filepuff/internal/parser/symbols.go:333.2,337.3 1 1
github.com/lukaszraczylo/mcp-filepuff/internal/parser/symbols.go:340.91,342.21 2 1
github.com/lukaszraczylo/mcp-filepuff/internal/parser/symbols.go:342.21,344.3 1 0
github.com/lukaszraczylo/mcp-filepuff/internal/parser/symbols.go:346.2,350.3 1 1
github.com/lukaszraczylo/mcp-filepuff/internal/parser/symbols.go:354.92,357.43 2 1
github.com/lukaszraczylo/mcp-filepuff/internal/parser/symbols.go:357.43,360.19 2 1
github.com/lukaszraczylo/mcp-filepuff/internal/parser/symbols.go:361.30,362.51 1 1
github.com/lukaszraczylo/mcp-filepuff/internal/parser/symbols.go:363.27,364.49 1 1
github.com/lukaszraczylo/mcp-filepuff/internal/parser/symbols.go:365.26,366.50 1 0
github.com/lukaszraczylo/mcp-filepuff/internal/parser/symbols.go:367.22,369.32 1 1
github.com/lukaszraczylo/mcp-filepuff/internal/parser/symbols.go:369.32,371.5 1 0
github.com/lukaszraczylo/mcp-filepuff/internal/parser/symbols.go:374.3,374.20 1 1
github.com/lukaszraczylo/mcp-filepuff/internal/parser/symbols.go:374.20,375.72 1 1
github.com/lukaszraczylo/mcp-filepuff/internal/parser/symbols.go:375.72,377.5 1 0
github.com/lukaszraczylo/mcp-filepuff/internal/parser/symbols.go:378.4,378.38 1 1
github.com/lukaszraczylo/mcp-filepuff/internal/parser/symbols.go:381.3,381.14 1 1
github.com/lukaszraczylo/mcp-filepuff/internal/parser/symbols.go:384.2,384.16 1 1
github.com/lukaszraczylo/mcp-filepuff/internal/parser/symbols.go:387.89,389.23 2 1
github.com/lukaszraczylo/mcp-filepuff/internal/parser/symbols.go:389.23,391.3 1 0
github.com/lukaszraczylo/mcp-filepuff/internal/parser/symbols.go:394.2,395.52 2 1
github.com/lukaszraczylo/mcp-filepuff/internal/parser/symbols.go:395.52,396.34 1 1
github.com/lukaszraczylo/mcp-filepuff/internal/parser/symbols.go:396.34,399.4 2 1
github.com/lukaszraczylo/mcp-filepuff/internal/parser/symbols.go:400.3,400.14 1 1
github.com/lukaszraczylo/mcp-filepuff/internal/parser/symbols.go:403.2,403.16 1 1
github.com/lukaszraczylo/mcp-filepuff/internal/parser/symbols.go:403.16,405.3 1 0
github.com/lukaszraczylo/mcp-filepuff/internal/parser/symbols.go:407.2,411.3 1 1
github.com/lukaszraczylo/mcp-filepuff/internal/parser/symbols.go:414.87,416.21 2 1
github.com/lukaszraczylo/mcp-filepuff/internal/parser/symbols.go:416.21,418.3 1 0
github.com/lukaszraczylo/mcp-filepuff/internal/parser/symbols.go:420.2,424.3 1 1
github.com/lukaszraczylo/mcp-filepuff/internal/parser/symbols.go:427.88,429.21 2 0
github.com/lukaszraczylo/mcp-filepuff/internal/parser/symbols.go:429.21,431.3 1 0
github.com/lukaszraczylo/mcp-filepuff/internal/parser/symbols.go:433.2,437.3 1 0
github.com/lukaszraczylo/mcp-filepuff/internal/parser/symbols.go:440.93,442.23 2 0
github.com/lukaszraczylo/mcp-filepuff/internal/parser/symbols.go:442.23,444.3 1 0
github.com/lukaszraczylo/mcp-filepuff/internal/parser/symbols.go:446.2,447.52 2 0
github.com/lukaszraczylo/mcp-filepuff/internal/parser/symbols.go:447.52,448.34 1 0
github.com/lukaszraczylo/mcp-filepuff/internal/parser/symbols.go:448.34,451.4 2 0
github.com/lukaszraczylo/mcp-filepuff/internal/parser/symbols.go:452.3,452.14 1 0
github.com/lukaszraczylo/mcp-filepuff/internal/parser/symbols.go:455.2,455.16 1 0
github.com/lukaszraczylo/mcp-filepuff/internal/parser/symbols.go:455.16,457.3 1 0
github.com/lukaszraczylo/mcp-filepuff/internal/parser/symbols.go:459.2,463.3 1 0
github.com/lukaszraczylo/mcp-filepuff/internal/parser/symbols.go:466.49,468.43 2 1
github.com/lukaszraczylo/mcp-filepuff/internal/parser/symbols.go:468.43,469.43 1 1
github.com/lukaszraczylo/mcp-filepuff/internal/parser/symbols.go:469.43,472.4 2 0
github.com/lukaszraczylo/mcp-filepuff/internal/parser/symbols.go:473.3,473.14 1 1
github.com/lukaszraczylo/mcp-filepuff/internal/parser/symbols.go:475.2,475.14 1 1
github.com/lukaszraczylo/mcp-filepuff/internal/parser/symbols.go:480.97,483.43 2 1
github.com/lukaszraczylo/mcp-filepuff/internal/parser/symbols.go:483.43,486.19 2 1
github.com/lukaszraczylo/mcp-filepuff/internal/parser/symbols.go:487.15,488.52 1 1
github.com/lukaszraczylo/mcp-filepuff/internal/parser/symbols.go:491.3,491.20 1 1
github.com/lukaszraczylo/mcp-filepuff/internal/parser/symbols.go:491.20,492.77 1 1
github.com/lukaszraczylo/mcp-filepuff/internal/parser/symbols.go:492.77,494.5 1 1
github.com/lukaszraczylo/mcp-filepuff/internal/parser/symbols.go:495.4,495.38 1 1
github.com/lukaszraczylo/mcp-filepuff/internal/parser/symbols.go:498.3,498.14 1 1
github.com/lukaszraczylo/mcp-filepuff/internal/parser/symbols.go:501.2,501.16 1 1
github.com/lukaszraczylo/mcp-filepuff/internal/parser/symbols.go:505.90,507.29 1 1
github.com/lukaszraczylo/mcp-filepuff/internal/parser/symbols.go:507.29,509.3 1 0
github.com/lukaszraczylo/mcp-filepuff/internal/parser/symbols.go:511.2,512.19 2 1
github.com/lukaszraczylo/mcp-filepuff/internal/parser/symbols.go:512.19,514.3 1 0
github.com/lukaszraczylo/mcp-filepuff/internal/parser/symbols.go:516.2,518.20 2 1
github.com/lukaszraczylo/mcp-filepuff/internal/parser/symbols.go:519.19,520.51 1 1
github.com/lukaszraczylo/mcp-filepuff/internal/parser/symbols.go:521.21,522.75 1 1
github.com/lukaszraczylo/mcp-filepuff/internal/parser/symbols.go:523.31,524.50 1 1
github.com/lukaszraczylo/mcp-filepuff/internal/parser/symbols.go:525.19,526.51 1 1
github.com/lukaszraczylo/mcp-filepuff/internal/parser/symbols.go:527.21,528.53 1 1
github.com/lukaszraczylo/mcp-filepuff/internal/parser/symbols.go:529.17,530.49 1 1
github.com/lukaszraczylo/mcp-filepuff/internal/parser/symbols.go:533.2,533.12 1 1
github.com/lukaszraczylo/mcp-filepuff/internal/parser/symbols.go:537.92,541.17 2 1
github.com/lukaszraczylo/mcp-filepuff/internal/parser/symbols.go:541.17,543.31 1 1
github.com/lukaszraczylo/mcp-filepuff/internal/parser/symbols.go:543.31,545.4 1 1
github.com/lukaszraczylo/mcp-filepuff/internal/parser/symbols.go:547.2,547.17 1 1
github.com/lukaszraczylo/mcp-filepuff/internal/parser/symbols.go:547.17,549.3 1 0
github.com/lukaszraczylo/mcp-filepuff/internal/parser/symbols.go:552.2,553.46 2 1
github.com/lukaszraczylo/mcp-filepuff/internal/parser/symbols.go:553.46,554.29 1 1
github.com/lukaszraczylo/mcp-filepuff/internal/parser/symbols.go:554.29,557.4 2 1
github.com/lukaszraczylo/mcp-filepuff/internal/parser/symbols.go:558.3,558.14 1 1
github.com/lukaszraczylo/mcp-filepuff/internal/parser/symbols.go:561.2,561.22 1 1
github.com/lukaszraczylo/mcp-filepuff/internal/parser/symbols.go:561.22,563.3 1 0
github.com/lukaszraczylo/mcp-filepuff/internal/parser/symbols.go:565.2,569.3 1 1
github.com/lukaszraczylo/mcp-filepuff/internal/parser/symbols.go:573.110,576.29 1 1
github.com/lukaszraczylo/mcp-filepuff/internal/parser/symbols.go:576.29,578.3 1 0
github.com/lukaszraczylo/mcp-filepuff/internal/parser/symbols.go:581.2,582.20 2 1
github.com/lukaszraczylo/mcp-filepuff/internal/parser/symbols.go:582.20,584.3 1 0
github.com/lukaszraczylo/mcp-filepuff/internal/parser/symbols.go:586.2,591.24 2 1
github.com/lukaszraczylo/mcp-filepuff/internal/parser/symbols.go:592.14,594.37 1 0
github.com/lukaszraczylo/mcp-filepuff/internal/parser/symbols.go:594.37,596.23 2 0
github.com/lukaszraczylo/mcp-filepuff/internal/parser/symbols.go:596.23,598.5 1 0
github.com/lukaszraczylo/mcp-filepuff/internal/parser/symbols.go:600.20,601.43 1 0
github.com/lukaszraczylo/mcp-filepuff/internal/parser/symbols.go:602.25,605.50 1 0
github.com/lukaszraczylo/mcp-filepuff/internal/parser/symbols.go:605.50,606.60 1 0
github.com/lukaszraczylo/mcp-filepuff/internal/parser/symbols.go:606.60,608.59 2 0
github.com/lukaszraczylo/mcp-filepuff/internal/parser/symbols.go:608.59,611.6 2 0
github.com/lukaszraczylo/mcp-filepuff/internal/parser/symbols.go:613.4,613.53 1 0
github.com/lukaszraczylo/mcp-filepuff/internal/parser/symbols.go:613.53,616.5 2 0
github.com/lukaszraczylo/mcp-filepuff/internal/parser/symbols.go:617.4,617.15 1 0
github.com/lukaszraczylo/mcp-filepuff/internal/parser/symbols.go:621.2,621.20 1 1
github.com/lukaszraczylo/mcp-filepuff/internal/parser/symbols.go:621.20,623.3 1 1
github.com/lukaszraczylo/mcp-filepuff/internal/parser/symbols.go:625.2,626.15 2 0
github.com/lukaszraczylo/mcp-filepuff/internal/parser/symbols.go:626.15,628.3 1 0
github.com/lukaszraczylo/mcp-filepuff/internal/parser/symbols.go:630.2,634.3 1 0
github.com/lukaszraczylo/mcp-filepuff/internal/parser/symbols.go:638.91,640.29 1 1
github.com/lukaszraczylo/mcp-filepuff/internal/parser/symbols.go:640.29,642.3 1 0
github.com/lukaszraczylo/mcp-filepuff/internal/parser/symbols.go:644.2,645.20 2 1
github.com/lukaszraczylo/mcp-filepuff/internal/parser/symbols.go:645.20,647.3 1 0
github.com/lukaszraczylo/mcp-filepuff/internal/parser/symbols.go:649.2,651.24 2 1
github.com/lukaszraczylo/mcp-filepuff/internal/parser/symbols.go:652.14,653.37 1 0
github.com/lukaszraczylo/mcp-filepuff/internal/parser/symbols.go:653.37,655.23 2 0
github.com/lukaszraczylo/mcp-filepuff/internal/parser/symbols.go:655.23,657.5 1 0
github.com/lukaszraczylo/mcp-filepuff/internal/parser/symbols.go:659.20,660.44 1 0
github.com/lukaszraczylo/mcp-filepuff/internal/parser/symbols.go:663.2,663.21 1 1
github.com/lukaszraczylo/mcp-filepuff/internal/parser/symbols.go:663.21,665.3 1 1
github.com/lukaszraczylo/mcp-filepuff/internal/parser/symbols.go:667.2,671.3 1 0
github.com/lukaszraczylo/mcp-filepuff/internal/parser/symbols.go:675.92,683.2 1 1
github.com/lukaszraczylo/mcp-filepuff/internal/parser/symbols.go:686.94,688.29 1 1
github.com/lukaszraczylo/mcp-filepuff/internal/parser/symbols.go:688.29,690.3 1 0
github.com/lukaszraczylo/mcp-filepuff/internal/parser/symbols.go:692.2,693.17 2 1
github.com/lukaszraczylo/mcp-filepuff/internal/parser/symbols.go:693.17,695.3 1 0
github.com/lukaszraczylo/mcp-filepuff/internal/parser/symbols.go:697.2,698.46 2 1
github.com/lukaszraczylo/mcp-filepuff/internal/parser/symbols.go:698.46,699.29 1 1
github.com/lukaszraczylo/mcp-filepuff/internal/parser/symbols.go:699.29,702.4 2 1
github.com/lukaszraczylo/mcp-filepuff/internal/parser/symbols.go:703.3,703.14 1 1
github.com/lukaszraczylo/mcp-filepuff/internal/parser/symbols.go:706.2,706.24 1 1
github.com/lukaszraczylo/mcp-filepuff/internal/parser/symbols.go:706.24,708.3 1 0
github.com/lukaszraczylo/mcp-filepuff/internal/parser/symbols.go:710.2,714.3 1 1
github.com/lukaszraczylo/mcp-filepuff/internal/parser/symbols.go:718.90,720.29 1 1
github.com/lukaszraczylo/mcp-filepuff/internal/parser/symbols.go:720.29,722.3 1 0
github.com/lukaszraczylo/mcp-filepuff/internal/parser/symbols.go:724.2,725.17 2 1
github.com/lukaszraczylo/mcp-filepuff/internal/parser/symbols.go:725.17,727.3 1 0
github.com/lukaszraczylo/mcp-filepuff/internal/parser/symbols.go:729.2,730.46 2 1
github.com/lukaszraczylo/mcp-filepuff/internal/parser/symbols.go:730.46,731.29 1 1
github.com/lukaszraczylo/mcp-filepuff/internal/parser/symbols.go:731.29,732.22 1 1
github.com/lukaszraczylo/mcp-filepuff/internal/parser/symbols.go:732.22,734.5 1 1
github.com/lukaszraczylo/mcp-filepuff/internal/parser/symbols.go:734.10,737.5 2 1
github.com/lukaszraczylo/mcp-filepuff/internal/parser/symbols.go:739.3,739.14 1 1
github.com/lukaszraczylo/mcp-filepuff/internal/parser/symbols.go:742.2,742.20 1 1
github.com/lukaszraczylo/mcp-filepuff/internal/parser/symbols.go:742.20,744.3 1 0
github.com/lukaszraczylo/mcp-filepuff/internal/parser/symbols.go:746.2,750.3 1 1
github.com/lukaszraczylo/mcp-filepuff/internal/parser/yaml_json.go:32.106,34.32 1 1
github.com/lukaszraczylo/mcp-filepuff/internal/parser/yaml_json.go:34.32,36.3 1 0
github.com/lukaszraczylo/mcp-filepuff/internal/parser/yaml_json.go:39.2,40.55 2 1
github.com/lukaszraczylo/mcp-filepuff/internal/parser/yaml_json.go:40.55,42.3 1 1
github.com/lukaszraczylo/mcp-filepuff/internal/parser/yaml_json.go:45.2,54.8 2 1
github.com/lukaszraczylo/mcp-filepuff/internal/parser/yaml_json.go:58.106,60.32 1 1
github.com/lukaszraczylo/mcp-filepuff/internal/parser/yaml_json.go:60.32,62.3 1 0
github.com/lukaszraczylo/mcp-filepuff/internal/parser/yaml_json.go:65.2,66.59 2 1
github.com/lukaszraczylo/mcp-filepuff/internal/parser/yaml_json.go:66.59,68.3 1 1
github.com/lukaszraczylo/mcp-filepuff/internal/parser/yaml_json.go:71.2,76.8 1 1
github.com/lukaszraczylo/mcp-filepuff/internal/parser/yaml_json.go:80.40,85.2 1 1
github.com/lukaszraczylo/mcp-filepuff/internal/parser/yaml_json.go:88.58,89.30 1 1
github.com/lukaszraczylo/mcp-filepuff/internal/parser/yaml_json.go:89.30,91.3 1 0
github.com/lukaszraczylo/mcp-filepuff/internal/parser/yaml_json.go:93.2,93.37 1 1
github.com/lukaszraczylo/mcp-filepuff/internal/parser/yaml_json.go:93.37,95.3 1 1
github.com/lukaszraczylo/mcp-filepuff/internal/parser/yaml_json.go:99.46,100.17 1 0
github.com/lukaszraczylo/mcp-filepuff/internal/parser/yaml_json.go:100.17,102.3 1 0
github.com/lukaszraczylo/mcp-filepuff/internal/parser/yaml_json.go:104.2,104.19 1 0
github.com/lukaszraczylo/mcp-filepuff/internal/parser/yaml_json.go:105.25,106.28 1 0
github.com/lukaszraczylo/mcp-filepuff/internal/parser/yaml_json.go:106.28,108.4 1 0
github.com/lukaszraczylo/mcp-filepuff/internal/parser/yaml_json.go:109.3,109.12 1 0
github.com/lukaszraczylo/mcp-filepuff/internal/parser/yaml_json.go:110.24,111.20 1 0
github.com/lukaszraczylo/mcp-filepuff/internal/parser/yaml_json.go:112.25,113.20 1 0
github.com/lukaszraczylo/mcp-filepuff/internal/parser/yaml_json.go:114.23,115.20 1 0
github.com/lukaszraczylo/mcp-filepuff/internal/parser/yaml_json.go:116.22,117.20 1 0
github.com/lukaszraczylo/mcp-filepuff/internal/parser/yaml_json.go:118.10,119.12 1 0
github.com/lukaszraczylo/mcp-filepuff/internal/parser/yaml_json.go:124.61,125.17 1 0
github.com/lukaszraczylo/mcp-filepuff/internal/parser/yaml_json.go:125.17,127.3 1 0
github.com/lukaszraczylo/mcp-filepuff/internal/parser/yaml_json.go:129.2,132.3 1 0
github.com/lukaszraczylo/mcp-filepuff/internal/parser/yaml_json.go:137.68,139.55 2 0
github.com/lukaszraczylo/mcp-filepuff/internal/parser/yaml_json.go:139.55,141.3 1 0
github.com/lukaszraczylo/mcp-filepuff/internal/parser/yaml_json.go:145.2,147.45 2 0
github.com/lukaszraczylo/mcp-filepuff/internal/parser/yaml_json.go:147.45,148.47 1 0
github.com/lukaszraczylo/mcp-filepuff/internal/parser/yaml_json.go:148.47,150.4 1 0
github.com/lukaszraczylo/mcp-filepuff/internal/parser/yaml_json.go:151.3,151.14 1 0
github.com/lukaszraczylo/mcp-filepuff/internal/parser/yaml_json.go:154.2,154.21 1 0
github.com/lukaszraczylo/mcp-filepuff/internal/parser/yaml_json.go:158.61,160.55 2 0
github.com/lukaszraczylo/mcp-filepuff/internal/parser/yaml_json.go:160.55,162.3 1 0
github.com/lukaszraczylo/mcp-filepuff/internal/parser/yaml_json.go:165.2,170.21 3 0
github.com/lukaszraczylo/mcp-filepuff/internal/parser/yaml_json.go:174.41,176.55 2 1
github.com/lukaszraczylo/mcp-filepuff/internal/parser/yaml_json.go:176.55,178.3 1 1
github.com/lukaszraczylo/mcp-filepuff/internal/parser/yaml_json.go:179.2,179.12 1 1
github.com/lukaszraczylo/mcp-filepuff/internal/parser/yaml_json.go:183.41,185.55 2 1
github.com/lukaszraczylo/mcp-filepuff/internal/parser/yaml_json.go:185.55,187.3 1 1
github.com/lukaszraczylo/mcp-filepuff/internal/parser/yaml_json.go:188.2,188.12 1 1
github.com/lukaszraczylo/mcp-filepuff/internal/parser/yaml_json.go:193.49,195.2 1 0
github.com/lukaszraczylo/mcp-filepuff/internal/search/search.go:113.70,116.16 2 1
github.com/lukaszraczylo/mcp-filepuff/internal/search/search.go:116.16,118.3 1 0
github.com/lukaszraczylo/mcp-filepuff/internal/search/search.go:120.2,124.8 1 1
github.com/lukaszraczylo/mcp-filepuff/internal/search/search.go:128.86,129.23 1 1
github.com/lukaszraczylo/mcp-filepuff/internal/search/search.go:129.23,132.3 1 1
github.com/lukaszraczylo/mcp-filepuff/internal/search/search.go:135.2,154.16 11 1
github.com/lukaszraczylo/mcp-filepuff/internal/search/search.go:154.16,155.44 1 0
github.com/lukaszraczylo/mcp-filepuff/internal/search/search.go:155.44,157.4 1 0
github.com/lukaszraczylo/mcp-filepuff/internal/search/search.go:159.3,159.74 1 0
github.com/lukaszraczylo/mcp-filepuff/internal/search/search.go:159.74,161.4 1 0
github.com/lukaszraczylo/mcp-filepuff/internal/search/search.go:163.3,163.23 1 0
github.com/lukaszraczylo/mcp-filepuff/internal/search/search.go:163.23,168.4 1 0
github.com/lukaszraczylo/mcp-filepuff/internal/search/search.go:169.3,171.94 1 0
github.com/lukaszraczylo/mcp-filepuff/internal/search/search.go:175.2,175.47 1 1
github.com/lukaszraczylo/mcp-filepuff/internal/search/search.go:179.53,183.26 2 1
github.com/lukaszraczylo/mcp-filepuff/internal/search/search.go:183.26,185.3 1 1
github.com/lukaszraczylo/mcp-filepuff/internal/search/search.go:188.2,188.35 1 1
github.com/lukaszraczylo/mcp-filepuff/internal/search/search.go:188.35,190.3 1 1
github.com/lukaszraczylo/mcp-filepuff/internal/search/search.go:193.2,193.20 1 1
github.com/lukaszraczylo/mcp-filepuff/internal/search/search.go:193.20,195.3 1 1
github.com/lukaszraczylo/mcp-filepuff/internal/search/search.go:198.2,198.16 1 1
github.com/lukaszraczylo/mcp-filepuff/internal/search/search.go:198.16,200.3 1 1
github.com/lukaszraczylo/mcp-filepuff/internal/search/search.go:203.2,203.48 1 1
github.com/lukaszraczylo/mcp-filepuff/internal/search/search.go:203.48,205.3 1 1
github.com/lukaszraczylo/mcp-filepuff/internal/search/search.go:208.2,208.23 1 1
github.com/lukaszraczylo/mcp-filepuff/internal/search/search.go:208.23,210.3 1 0
github.com/lukaszraczylo/mcp-filepuff/internal/search/search.go:213.2,213.29 1 1
github.com/lukaszraczylo/mcp-filepuff/internal/search/search.go:213.29,215.3 1 0
github.com/lukaszraczylo/mcp-filepuff/internal/search/search.go:218.2,218.24 1 1
github.com/lukaszraczylo/mcp-filepuff/internal/search/search.go:218.24,220.3 1 1
github.com/lukaszraczylo/mcp-filepuff/internal/search/search.go:223.2,226.24 2 1
github.com/lukaszraczylo/mcp-filepuff/internal/search/search.go:226.24,227.31 1 0
github.com/lukaszraczylo/mcp-filepuff/internal/search/search.go:227.31,229.30 1 0
github.com/lukaszraczylo/mcp-filepuff/internal/search/search.go:229.30,231.5 1 0
github.com/lukaszraczylo/mcp-filepuff/internal/search/search.go:233.8,235.3 1 1
github.com/lukaszraczylo/mcp-filepuff/internal/search/search.go:237.2,237.13 1 1
github.com/lukaszraczylo/mcp-filepuff/internal/search/search.go:241.94,251.21 5 1
github.com/lukaszraczylo/mcp-filepuff/internal/search/search.go:251.21,253.21 2 1
github.com/lukaszraczylo/mcp-filepuff/internal/search/search.go:253.21,254.12 1 0
github.com/lukaszraczylo/mcp-filepuff/internal/search/search.go:257.3,258.52 2 1
github.com/lukaszraczylo/mcp-filepuff/internal/search/search.go:258.52,260.12 2 0
github.com/lukaszraczylo/mcp-filepuff/internal/search/search.go:263.3,263.19 1 1
github.com/lukaszraczylo/mcp-filepuff/internal/search/search.go:264.16,266.59 2 1
github.com/lukaszraczylo/mcp-filepuff/internal/search/search.go:266.59,267.13 1 0
github.com/lukaszraczylo/mcp-filepuff/internal/search/search.go:271.4,271.60 1 1
github.com/lukaszraczylo/mcp-filepuff/internal/search/search.go:271.60,273.13 2 0
github.com/lukaszraczylo/mcp-filepuff/internal/search/search.go:276.4,284.33 2 1
github.com/lukaszraczylo/mcp-filepuff/internal/search/search.go:284.33,286.5 1 1
github.com/lukaszraczylo/mcp-filepuff/internal/search/search.go:289.4,289.53 1 1
github.com/lukaszraczylo/mcp-filepuff/internal/search/search.go:289.53,292.5 2 1
github.com/lukaszraczylo/mcp-filepuff/internal/search/search.go:294.4,295.33 2 1
github.com/lukaszraczylo/mcp-filepuff/internal/search/search.go:297.18,299.57 2 1
github.com/lukaszraczylo/mcp-filepuff/internal/search/search.go:299.57,300.13 1 0
github.com/lukaszraczylo/mcp-filepuff/internal/search/search.go:303.4,306.32 2 1
github.com/lukaszraczylo/mcp-filepuff/internal/search/search.go:306.32,308.77 2 1
github.com/lukaszraczylo/mcp-filepuff/internal/search/search.go:308.77,311.6 1 1
github.com/lukaszraczylo/mcp-filepuff/internal/search/search.go:311.11,311.65 1 0
github.com/lukaszraczylo/mcp-filepuff/internal/search/search.go:311.65,314.6 1 0
github.com/lukaszraczylo/mcp-filepuff/internal/search/search.go:315.10,318.5 1 1
github.com/lukaszraczylo/mcp-filepuff/internal/search/search.go:320.18,322.61 2 1
github.com/lukaszraczylo/mcp-filepuff/internal/search/search.go:322.61,323.13 1 0
github.com/lukaszraczylo/mcp-filepuff/internal/search/search.go:325.4,325.41 1 1
github.com/lukaszraczylo/mcp-filepuff/internal/search/search.go:329.2,329.38 1 1
github.com/lukaszraczylo/mcp-filepuff/internal/search/search.go:329.38,331.3 1 0
github.com/lukaszraczylo/mcp-filepuff/internal/search/search.go:333.2,333.21 1 1
github.com/lukaszraczylo/mcp-filepuff/internal/search/search.go:337.65,338.31 1 1
github.com/lukaszraczylo/mcp-filepuff/internal/search/search.go:338.31,340.3 1 1
github.com/lukaszraczylo/mcp-filepuff/internal/search/search.go:342.2,347.36 4 1
github.com/lukaszraczylo/mcp-filepuff/internal/search/search.go:347.36,348.48 1 1
github.com/lukaszraczylo/mcp-filepuff/internal/search/search.go:348.48,350.4 1 1
github.com/lukaszraczylo/mcp-filepuff/internal/search/search.go:351.3,351.55 1 1
github.com/lukaszraczylo/mcp-filepuff/internal/search/search.go:355.2,358.23 4 1
github.com/lukaszraczylo/mcp-filepuff/internal/search/search.go:358.23,360.3 1 1
github.com/lukaszraczylo/mcp-filepuff/internal/search/search.go:361.2,364.33 2 1
github.com/lukaszraczylo/mcp-filepuff/internal/search/search.go:364.33,367.53 2 1
github.com/lukaszraczylo/mcp-filepuff/internal/search/search.go:367.53,368.107 1 1
github.com/lukaszraczylo/mcp-filepuff/internal/search/search.go:368.107,370.5 1 0
github.com/lukaszraczylo/mcp-filepuff/internal/search/search.go:373.3,375.39 2 1
github.com/lukaszraczylo/mcp-filepuff/internal/search/search.go:375.39,377.41 1 1
github.com/lukaszraczylo/mcp-filepuff/internal/search/search.go:377.41,379.5 1 0
github.com/lukaszraczylo/mcp-filepuff/internal/search/search.go:382.4,385.40 2 1
github.com/lukaszraczylo/mcp-filepuff/internal/search/search.go:385.40,387.5 1 0
github.com/lukaszraczylo/mcp-filepuff/internal/search/search.go:389.3,389.23 1 1
github.com/lukaszraczylo/mcp-filepuff/internal/search/search.go:392.2,392.20 1 1
github.com/lukaszraczylo/mcp-filepuff/internal/search/search.go:396.48,397.22 1 1
github.com/lukaszraczylo/mcp-filepuff/internal/search/search.go:397.22,399.3 1 1
github.com/lukaszraczylo/mcp-filepuff/internal/search/search.go:400.2,400.29 1 1
github.com/lukaszraczylo/mcp-filepuff/pkg/protocol/types.go:68.47,70.13 2 1
github.com/lukaszraczylo/mcp-filepuff/pkg/protocol/types.go:71.13,72.16 1 1
github.com/lukaszraczylo/mcp-filepuff/pkg/protocol/types.go:73.21,74.24 1 1
github.com/lukaszraczylo/mcp-filepuff/pkg/protocol/types.go:75.37,76.24 1 1
github.com/lukaszraczylo/mcp-filepuff/pkg/protocol/types.go:77.21,78.20 1 1
github.com/lukaszraczylo/mcp-filepuff/pkg/protocol/types.go:79.18,80.15 1 1
github.com/lukaszraczylo/mcp-filepuff/pkg/protocol/types.go:81.45,82.17 1 1
github.com/lukaszraczylo/mcp-filepuff/pkg/protocol/types.go:83.23,84.18 1 1
github.com/lukaszraczylo/mcp-filepuff/pkg/protocol/types.go:85.14,86.17 1 1
github.com/lukaszraczylo/mcp-filepuff/pkg/protocol/types.go:87.15,88.18 1 0
github.com/lukaszraczylo/mcp-filepuff/pkg/protocol/types.go:89.23,90.18 1 0
github.com/lukaszraczylo/mcp-filepuff/pkg/protocol/types.go:91.21,92.20 1 1
github.com/lukaszraczylo/mcp-filepuff/pkg/protocol/types.go:93.10,94.21 1 1
github.com/lukaszraczylo/mcp-filepuff/pkg/protocol/types.go:98.43,99.42 1 1
github.com/lukaszraczylo/mcp-filepuff/pkg/protocol/types.go:99.42,100.25 1 1
github.com/lukaszraczylo/mcp-filepuff/pkg/protocol/types.go:100.25,102.4 1 1
github.com/lukaszraczylo/mcp-filepuff/pkg/protocol/types.go:103.3,103.48 1 1
github.com/lukaszraczylo/mcp-filepuff/pkg/protocol/types.go:103.48,104.9 1 0
github.com/lukaszraczylo/mcp-filepuff/pkg/protocol/types.go:107.2,107.11 1 1
github.com/lukaszraczylo/mcp-filepuff/internal/edit/edit.go:67.51,72.2 1 1
github.com/lukaszraczylo/mcp-filepuff/internal/edit/edit.go:76.51,82.2 4 1
github.com/lukaszraczylo/mcp-filepuff/internal/edit/edit.go:85.83,87.2 1 1
github.com/lukaszraczylo/mcp-filepuff/internal/edit/edit.go:91.81,95.2 3 1
github.com/lukaszraczylo/mcp-filepuff/internal/edit/edit.go:98.99,102.17 2 1
github.com/lukaszraczylo/mcp-filepuff/internal/edit/edit.go:102.17,104.3 1 1
github.com/lukaszraczylo/mcp-filepuff/internal/edit/edit.go:105.2,105.43 1 1
github.com/lukaszraczylo/mcp-filepuff/internal/edit/edit.go:109.56,111.65 1 1
github.com/lukaszraczylo/mcp-filepuff/internal/edit/edit.go:111.65,113.3 1 1
github.com/lukaszraczylo/mcp-filepuff/internal/edit/edit.go:116.2,117.87 1 1
github.com/lukaszraczylo/mcp-filepuff/internal/edit/edit.go:117.87,119.3 1 1
github.com/lukaszraczylo/mcp-filepuff/internal/edit/edit.go:122.2,123.37 2 1
github.com/lukaszraczylo/mcp-filepuff/internal/edit/edit.go:127.102,129.48 1 1
github.com/lukaszraczylo/mcp-filepuff/internal/edit/edit.go:129.48,131.3 1 0
github.com/lukaszraczylo/mcp-filepuff/internal/edit/edit.go:134.2,135.16 2 1
github.com/lukaszraczylo/mcp-filepuff/internal/edit/edit.go:135.16,138.3 2 0
github.com/lukaszraczylo/mcp-filepuff/internal/edit/edit.go:141.2,142.16 2 1
github.com/lukaszraczylo/mcp-filepuff/internal/edit/edit.go:142.16,144.3 1 0
github.com/lukaszraczylo/mcp-filepuff/internal/edit/edit.go:147.2,148.16 2 1
github.com/lukaszraczylo/mcp-filepuff/internal/edit/edit.go:148.16,150.3 1 0
github.com/lukaszraczylo/mcp-filepuff/internal/edit/edit.go:153.2,154.16 2 1
github.com/lukaszraczylo/mcp-filepuff/internal/edit/edit.go:154.16,156.3 1 0
github.com/lukaszraczylo/mcp-filepuff/internal/edit/edit.go:159.2,160.16 2 1
github.com/lukaszraczylo/mcp-filepuff/internal/edit/edit.go:160.16,166.3 2 1
github.com/lukaszraczylo/mcp-filepuff/internal/edit/edit.go:169.2,180.11 3 1
github.com/lukaszraczylo/mcp-filepuff/internal/edit/edit.go:180.11,184.17 3 1
github.com/lukaszraczylo/mcp-filepuff/internal/edit/edit.go:184.17,186.4 1 1
github.com/lukaszraczylo/mcp-filepuff/internal/edit/edit.go:188.3,188.67 1 1
github.com/lukaszraczylo/mcp-filepuff/internal/edit/edit.go:188.67,194.4 2 0
github.com/lukaszraczylo/mcp-filepuff/internal/edit/edit.go:195.3,195.24 1 1
github.com/lukaszraczylo/mcp-filepuff/internal/edit/edit.go:198.2,198.20 1 1
github.com/lukaszraczylo/mcp-filepuff/internal/edit/edit.go:202.101,204.49 1 1
github.com/lukaszraczylo/mcp-filepuff/internal/edit/edit.go:204.49,206.3 1 0
github.com/lukaszraczylo/mcp-filepuff/internal/edit/edit.go:209.2,210.16 2 1
github.com/lukaszraczylo/mcp-filepuff/internal/edit/edit.go:210.16,213.3 2 0
github.com/lukaszraczylo/mcp-filepuff/internal/edit/edit.go:216.2,217.16 2 1
github.com/lukaszraczylo/mcp-filepuff/internal/edit/edit.go:217.16,219.3 1 1
github.com/lukaszraczylo/mcp-filepuff/internal/edit/edit.go:222.2,223.16 2 1
github.com/lukaszraczylo/mcp-filepuff/internal/edit/edit.go:223.16,225.3 1 0
github.com/lukaszraczylo/mcp-filepuff/internal/edit/edit.go:228.2,239.11 3 1
github.com/lukaszraczylo/mcp-filepuff/internal/edit/edit.go:239.11,243.17 3 1
github.com/lukaszraczylo/mcp-filepuff/internal/edit/edit.go:243.17,245.4 1 1
github.com/lukaszraczylo/mcp-filepuff/internal/edit/edit.go:247.3,247.67 1 1
github.com/lukaszraczylo/mcp-filepuff/internal/edit/edit.go:247.67,253.4 2 0
github.com/lukaszraczylo/mcp-filepuff/internal/edit/edit.go:254.3,254.24 1 1
github.com/lukaszraczylo/mcp-filepuff/internal/edit/edit.go:257.2,257.20 1 1
github.com/lukaszraczylo/mcp-filepuff/internal/edit/edit.go:261.56,262.21 1 1
github.com/lukaszraczylo/mcp-filepuff/internal/edit/edit.go:262.21,264.3 1 1
github.com/lukaszraczylo/mcp-filepuff/internal/edit/edit.go:266.2,266.26 1 1
github.com/lukaszraczylo/mcp-filepuff/internal/edit/edit.go:266.26,268.3 1 1
github.com/lukaszraczylo/mcp-filepuff/internal/edit/edit.go:271.2,271.24 1 1
github.com/lukaszraczylo/mcp-filepuff/internal/edit/edit.go:272.54,273.28 1 1
github.com/lukaszraczylo/mcp-filepuff/internal/edit/edit.go:273.28,275.4 1 1
github.com/lukaszraczylo/mcp-filepuff/internal/edit/edit.go:276.18,276.18 0 1
github.com/lukaszraczylo/mcp-filepuff/internal/edit/edit.go:278.10,279.90 1 1
github.com/lukaszraczylo/mcp-filepuff/internal/edit/edit.go:282.2,282.12 1 1
github.com/lukaszraczylo/mcp-filepuff/internal/edit/edit.go:286.55,287.49 1 1
github.com/lukaszraczylo/mcp-filepuff/internal/edit/edit.go:287.49,289.3 1 1
github.com/lukaszraczylo/mcp-filepuff/internal/edit/edit.go:292.2,292.118 1 1
github.com/lukaszraczylo/mcp-filepuff/internal/edit/edit.go:292.118,294.3 1 1
github.com/lukaszraczylo/mcp-filepuff/internal/edit/edit.go:296.2,296.12 1 1
github.com/lukaszraczylo/mcp-filepuff/internal/edit/edit.go:300.56,301.49 1 1
github.com/lukaszraczylo/mcp-filepuff/internal/edit/edit.go:301.49,303.3 1 0
github.com/lukaszraczylo/mcp-filepuff/internal/edit/edit.go:306.2,310.22 2 1
github.com/lukaszraczylo/mcp-filepuff/internal/edit/edit.go:310.22,312.3 1 1
github.com/lukaszraczylo/mcp-filepuff/internal/edit/edit.go:315.2,315.37 1 1
github.com/lukaszraczylo/mcp-filepuff/internal/edit/edit.go:315.37,316.73 1 1
github.com/lukaszraczylo/mcp-filepuff/internal/edit/edit.go:316.73,318.4 1 1
github.com/lukaszraczylo/mcp-filepuff/internal/edit/edit.go:321.2,321.12 1 1
github.com/lukaszraczylo/mcp-filepuff/internal/edit/edit.go:325.108,326.17 1 1
github.com/lukaszraczylo/mcp-filepuff/internal/edit/edit.go:326.17,328.3 1 0
github.com/lukaszraczylo/mcp-filepuff/internal/edit/edit.go:330.2,331.17 2 1
github.com/lukaszraczylo/mcp-filepuff/internal/edit/edit.go:331.17,333.3 1 0
github.com/lukaszraczylo/mcp-filepuff/internal/edit/edit.go:335.2,337.50 2 1
github.com/lukaszraczylo/mcp-filepuff/internal/edit/edit.go:337.50,338.41 1 1
github.com/lukaszraczylo/mcp-filepuff/internal/edit/edit.go:338.41,340.4 1 1
github.com/lukaszraczylo/mcp-filepuff/internal/edit/edit.go:341.3,341.14 1 1
github.com/lukaszraczylo/mcp-filepuff/internal/edit/edit.go:344.2,344.23 1 1
github.com/lukaszraczylo/mcp-filepuff/internal/edit/edit.go:344.23,347.3 2 1
github.com/lukaszraczylo/mcp-filepuff/internal/edit/edit.go:351.2,351.38 1 1
github.com/lukaszraczylo/mcp-filepuff/internal/edit/edit.go:351.38,353.3 1 1
github.com/lukaszraczylo/mcp-filepuff/internal/edit/edit.go:356.2,357.40 2 1
github.com/lukaszraczylo/mcp-filepuff/internal/edit/edit.go:357.40,359.3 1 1
github.com/lukaszraczylo/mcp-filepuff/internal/edit/edit.go:361.2,361.28 1 1
github.com/lukaszraczylo/mcp-filepuff/internal/edit/edit.go:367.61,368.21 1 1
github.com/lukaszraczylo/mcp-filepuff/internal/edit/edit.go:368.21,370.3 1 0
github.com/lukaszraczylo/mcp-filepuff/internal/edit/edit.go:373.2,376.37 3 1
github.com/lukaszraczylo/mcp-filepuff/internal/edit/edit.go:376.37,377.40 1 1
github.com/lukaszraczylo/mcp-filepuff/internal/edit/edit.go:377.40,378.42 1 1
github.com/lukaszraczylo/mcp-filepuff/internal/edit/edit.go:378.42,380.5 1 1
github.com/lukaszraczylo/mcp-filepuff/internal/edit/edit.go:384.2,384.15 1 1
github.com/lukaszraczylo/mcp-filepuff/internal/edit/edit.go:388.43,392.27 3 1
github.com/lukaszraczylo/mcp-filepuff/internal/edit/edit.go:392.27,394.3 1 1
github.com/lukaszraczylo/mcp-filepuff/internal/edit/edit.go:395.2,395.27 1 1
github.com/lukaszraczylo/mcp-filepuff/internal/edit/edit.go:395.27,397.3 1 1
github.com/lukaszraczylo/mcp-filepuff/internal/edit/edit.go:401.2,407.25 5 1
github.com/lukaszraczylo/mcp-filepuff/internal/edit/edit.go:407.25,409.3 1 1
github.com/lukaszraczylo/mcp-filepuff/internal/edit/edit.go:410.2,410.25 1 1
github.com/lukaszraczylo/mcp-filepuff/internal/edit/edit.go:410.25,412.3 1 1
github.com/lukaszraczylo/mcp-filepuff/internal/edit/edit.go:415.2,415.22 1 1
github.com/lukaszraczylo/mcp-filepuff/internal/edit/edit.go:419.46,426.46 2 1
github.com/lukaszraczylo/mcp-filepuff/internal/edit/edit.go:426.46,427.42 1 1
github.com/lukaszraczylo/mcp-filepuff/internal/edit/edit.go:427.42,429.4 1 1
github.com/lukaszraczylo/mcp-filepuff/internal/edit/edit.go:431.2,431.14 1 1
github.com/lukaszraczylo/mcp-filepuff/internal/edit/edit.go:435.88,437.44 1 1
github.com/lukaszraczylo/mcp-filepuff/internal/edit/edit.go:437.44,439.3 1 1
github.com/lukaszraczylo/mcp-filepuff/internal/edit/edit.go:442.2,442.20 1 1
github.com/lukaszraczylo/mcp-filepuff/internal/edit/edit.go:442.20,444.22 2 1
github.com/lukaszraczylo/mcp-filepuff/internal/edit/edit.go:444.22,447.50 2 1
github.com/lukaszraczylo/mcp-filepuff/internal/edit/edit.go:447.50,449.53 2 1
github.com/lukaszraczylo/mcp-filepuff/internal/edit/edit.go:449.53,450.56 1 1
github.com/lukaszraczylo/mcp-filepuff/internal/edit/edit.go:450.56,452.12 2 0
github.com/lukaszraczylo/mcp-filepuff/internal/edit/edit.go:456.4,456.14 1 1
github.com/lukaszraczylo/mcp-filepuff/internal/edit/edit.go:456.14,458.5 1 1
github.com/lukaszraczylo/mcp-filepuff/internal/edit/edit.go:459.9,459.63 1 1
github.com/lukaszraczylo/mcp-filepuff/internal/edit/edit.go:459.63,461.4 1 1
github.com/lukaszraczylo/mcp-filepuff/internal/edit/edit.go:465.2,465.20 1 1
github.com/lukaszraczylo/mcp-filepuff/internal/edit/edit.go:465.20,468.53 3 1
github.com/lukaszraczylo/mcp-filepuff/internal/edit/edit.go:468.53,470.4 1 1
github.com/lukaszraczylo/mcp-filepuff/internal/edit/edit.go:474.2,474.23 1 1
github.com/lukaszraczylo/mcp-filepuff/internal/edit/edit.go:474.23,476.47 2 0
github.com/lukaszraczylo/mcp-filepuff/internal/edit/edit.go:476.47,478.4 1 0
github.com/lukaszraczylo/mcp-filepuff/internal/edit/edit.go:481.2,481.13 1 1
github.com/lukaszraczylo/mcp-filepuff/internal/edit/edit.go:485.94,495.24 6 1
github.com/lukaszraczylo/mcp-filepuff/internal/edit/edit.go:496.19,499.48 3 1
github.com/lukaszraczylo/mcp-filepuff/internal/edit/edit.go:501.24,505.50 4 1
github.com/lukaszraczylo/mcp-filepuff/internal/edit/edit.go:507.23,511.48 4 1
github.com/lukaszraczylo/mcp-filepuff/internal/edit/edit.go:513.18,515.48 2 1
github.com/lukaszraczylo/mcp-filepuff/internal/edit/edit.go:517.10,518.95 1 0
github.com/lukaszraczylo/mcp-filepuff/internal/edit/edit.go:521.2,521.20 1 1
github.com/lukaszraczylo/mcp-filepuff/internal/edit/edit.go:525.63,528.52 2 1
github.com/lukaszraczylo/mcp-filepuff/internal/edit/edit.go:528.52,530.3 1 1
github.com/lukaszraczylo/mcp-filepuff/internal/edit/edit.go:533.2,534.64 2 1
github.com/lukaszraczylo/mcp-filepuff/internal/edit/edit.go:534.64,536.28 2 1
github.com/lukaszraczylo/mcp-filepuff/internal/edit/edit.go:536.28,538.4 1 1
github.com/lukaszraczylo/mcp-filepuff/internal/edit/edit.go:538.9,539.9 1 1
github.com/lukaszraczylo/mcp-filepuff/internal/edit/edit.go:543.2,543.24 1 1
github.com/lukaszraczylo/mcp-filepuff/internal/edit/edit.go:547.58,548.18 1 1
github.com/lukaszraczylo/mcp-filepuff/internal/edit/edit.go:548.18,550.3 1 1
github.com/lukaszraczylo/mcp-filepuff/internal/edit/edit.go:552.2,553.29 2 1
github.com/lukaszraczylo/mcp-filepuff/internal/edit/edit.go:553.29,554.26 1 1
github.com/lukaszraczylo/mcp-filepuff/internal/edit/edit.go:554.26,556.4 1 0
github.com/lukaszraczylo/mcp-filepuff/internal/edit/edit.go:559.2,559.34 1 1
github.com/lukaszraczylo/mcp-filepuff/internal/edit/edit.go:564.63,578.29 8 1
github.com/lukaszraczylo/mcp-filepuff/internal/edit/edit.go:578.29,580.30 2 1
github.com/lukaszraczylo/mcp-filepuff/internal/edit/edit.go:580.30,582.39 1 1
github.com/lukaszraczylo/mcp-filepuff/internal/edit/edit.go:582.39,583.13 1 1
github.com/lukaszraczylo/mcp-filepuff/internal/edit/edit.go:586.4,586.21 1 1
github.com/lukaszraczylo/mcp-filepuff/internal/edit/edit.go:587.35,588.48 1 1
github.com/lukaszraczylo/mcp-filepuff/internal/edit/edit.go:589.35,590.48 1 1
github.com/lukaszraczylo/mcp-filepuff/internal/edit/edit.go:591.34,593.14 2 1
github.com/lukaszraczylo/mcp-filepuff/internal/edit/edit.go:598.2,598.21 1 1
github.com/lukaszraczylo/mcp-filepuff/internal/edit/edit.go:602.99,603.9 1 1
github.com/lukaszraczylo/mcp-filepuff/internal/edit/edit.go:604.22,605.55 1 1
github.com/lukaszraczylo/mcp-filepuff/internal/edit/edit.go:606.29,607.65 1 1
github.com/lukaszraczylo/mcp-filepuff/internal/edit/edit.go:608.22,609.59 1 1
github.com/lukaszraczylo/mcp-filepuff/internal/edit/edit.go:610.10,611.99 1 0
github.com/lukaszraczylo/mcp-filepuff/internal/edit/edit.go:616.100,617.16 1 1
github.com/lukaszraczylo/mcp-filepuff/internal/edit/edit.go:617.16,619.3 1 0
github.com/lukaszraczylo/mcp-filepuff/internal/edit/edit.go:621.2,626.6 5 1
github.com/lukaszraczylo/mcp-filepuff/internal/edit/edit.go:626.6,628.16 2 1
github.com/lukaszraczylo/mcp-filepuff/internal/edit/edit.go:628.16,629.9 1 1
github.com/lukaszraczylo/mcp-filepuff/internal/edit/edit.go:631.3,635.20 2 1
github.com/lukaszraczylo/mcp-filepuff/internal/edit/edit.go:638.2,638.23 1 1
github.com/lukaszraczylo/mcp-filepuff/internal/edit/edit.go:638.23,640.3 1 0
github.com/lukaszraczylo/mcp-filepuff/internal/edit/edit.go:643.2,643.36 1 1
github.com/lukaszraczylo/mcp-filepuff/internal/edit/edit.go:643.36,648.29 2 1
github.com/lukaszraczylo/mcp-filepuff/internal/edit/edit.go:648.29,649.14 1 1
github.com/lukaszraczylo/mcp-filepuff/internal/edit/edit.go:649.14,651.10 2 0
github.com/lukaszraczylo/mcp-filepuff/internal/edit/edit.go:653.4,654.63 2 1
github.com/lukaszraczylo/mcp-filepuff/internal/edit/edit.go:656.3,657.65 1 1
github.com/lukaszraczylo/mcp-filepuff/internal/edit/edit.go:660.2,660.27 1 1
github.com/lukaszraczylo/mcp-filepuff/internal/edit/edit.go:660.27,662.3 1 0
github.com/lukaszraczylo/mcp-filepuff/internal/edit/edit.go:664.2,664.54 1 1
github.com/lukaszraczylo/mcp-filepuff/internal/edit/edit.go:668.106,670.16 2 1
github.com/lukaszraczylo/mcp-filepuff/internal/edit/edit.go:670.16,672.3 1 0
github.com/lukaszraczylo/mcp-filepuff/internal/edit/edit.go:674.2,675.23 2 1
github.com/lukaszraczylo/mcp-filepuff/internal/edit/edit.go:675.23,677.3 1 0
github.com/lukaszraczylo/mcp-filepuff/internal/edit/edit.go:680.2,680.36 1 1
github.com/lukaszraczylo/mcp-filepuff/internal/edit/edit.go:680.36,682.29 2 0
github.com/lukaszraczylo/mcp-filepuff/internal/edit/edit.go:682.29,683.14 1 0
github.com/lukaszraczylo/mcp-filepuff/internal/edit/edit.go:683.14,685.10 2 0
github.com/lukaszraczylo/mcp-filepuff/internal/edit/edit.go:687.4,688.63 2 0
github.com/lukaszraczylo/mcp-filepuff/internal/edit/edit.go:690.3,691.65 1 0
github.com/lukaszraczylo/mcp-filepuff/internal/edit/edit.go:694.2,694.27 1 1
github.com/lukaszraczylo/mcp-filepuff/internal/edit/edit.go:694.27,696.3 1 0
github.com/lukaszraczylo/mcp-filepuff/internal/edit/edit.go:698.2,698.50 1 1
github.com/lukaszraczylo/mcp-filepuff/internal/edit/edit.go:702.100,703.18 1 1
github.com/lukaszraczylo/mcp-filepuff/internal/edit/edit.go:703.18,705.3 1 1
github.com/lukaszraczylo/mcp-filepuff/internal/edit/edit.go:707.2,707.19 1 1
github.com/lukaszraczylo/mcp-filepuff/internal/edit/edit.go:707.19,709.3 1 1
github.com/lukaszraczylo/mcp-filepuff/internal/edit/edit.go:711.2,711.25 1 1
github.com/lukaszraczylo/mcp-filepuff/internal/edit/edit.go:711.25,713.3 1 1
github.com/lukaszraczylo/mcp-filepuff/internal/edit/edit.go:715.2,722.28 5 1
github.com/lukaszraczylo/mcp-filepuff/internal/edit/edit.go:722.28,724.3 1 1
github.com/lukaszraczylo/mcp-filepuff/internal/edit/edit.go:725.2,725.26 1 1
github.com/lukaszraczylo/mcp-filepuff/internal/edit/edit.go:725.26,727.3 1 0
github.com/lukaszraczylo/mcp-filepuff/internal/edit/edit.go:730.2,731.32 2 1
github.com/lukaszraczylo/mcp-filepuff/internal/edit/edit.go:731.32,733.3 1 1
github.com/lukaszraczylo/mcp-filepuff/internal/edit/edit.go:735.2,736.38 2 1
github.com/lukaszraczylo/mcp-filepuff/internal/edit/edit.go:736.38,738.23 2 1
github.com/lukaszraczylo/mcp-filepuff/internal/edit/edit.go:738.23,740.4 1 1
github.com/lukaszraczylo/mcp-filepuff/internal/edit/edit.go:743.2,743.24 1 1
github.com/lukaszraczylo/mcp-filepuff/internal/edit/edit.go:747.126,754.12 4 1
github.com/lukaszraczylo/mcp-filepuff/internal/edit/edit.go:755.19,758.44 3 1
github.com/lukaszraczylo/mcp-filepuff/internal/edit/edit.go:760.24,764.46 4 0
github.com/lukaszraczylo/mcp-filepuff/internal/edit/edit.go:766.23,770.44 4 1
github.com/lukaszraczylo/mcp-filepuff/internal/edit/edit.go:772.18,774.44 2 0
github.com/lukaszraczylo/mcp-filepuff/internal/edit/edit.go:776.10,777.83 1 0
github.com/lukaszraczylo/mcp-filepuff/internal/edit/edit.go:780.2,780.20 1 1
github.com/lukaszraczylo/mcp-filepuff/internal/edit/edit.go:784.66,787.52 2 1
github.com/lukaszraczylo/mcp-filepuff/internal/edit/edit.go:787.52,789.3 1 1
github.com/lukaszraczylo/mcp-filepuff/internal/edit/edit.go:792.2,793.59 2 1
[...]
github.com/lukaszraczylo/mcp-filepuff/internal/metrics/metrics.go:153.35,155.2 1 0
github.com/lukaszraczylo/mcp-filepuff/internal/metrics/metrics.go:158.35,160.2 1 0
github.com/lukaszraczylo/mcp-filepuff/internal/metrics/metrics.go:171.30,177.2 1 0
github.com/lukaszraczylo/mcp-filepuff/internal/metrics/metrics.go:180.82,183.34 3 0
github.com/lukaszraczylo/mcp-filepuff/internal/metrics/metrics.go:183.34,186.3 2 0
github.com/lukaszraczylo/mcp-filepuff/internal/metrics/metrics.go:187.2,193.34 4 0
github.com/lukaszraczylo/mcp-filepuff/internal/metrics/metrics.go:193.34,195.3 1 0
github.com/lukaszraczylo/mcp-filepuff/internal/metrics/metrics.go:197.2,199.10 3 0
github.com/lukaszraczylo/mcp-filepuff/internal/metrics/metrics.go:203.78,206.32 3 0
github.com/lukaszraczylo/mcp-filepuff/internal/metrics/metrics.go:206.32,209.3 2 0
github.com/lukaszraczylo/mcp-filepuff/internal/metrics/metrics.go:210.2,215.32 4 0
github.com/lukaszraczylo/mcp-filepuff/internal/metrics/metrics.go:215.32,217.3 1 0
github.com/lukaszraczylo/mcp-filepuff/internal/metrics/metrics.go:219.2,221.10 3 0
github.com/lukaszraczylo/mcp-filepuff/internal/metrics/metrics.go:225.105,228.36 3 0
github.com/lukaszraczylo/mcp-filepuff/internal/metrics/metrics.go:228.36,231.3 2 0
github.com/lukaszraczylo/mcp-filepuff/internal/metrics/metrics.go:232.2,237.36 4 0
github.com/lukaszraczylo/mcp-filepuff/internal/metrics/metrics.go:237.36,239.3 1 0
github.com/lukaszraczylo/mcp-filepuff/internal/metrics/metrics.go:241.2,243.10 3 0
github.com/lukaszraczylo/mcp-filepuff/internal/metrics/metrics.go:247.62,248.22 1 0
github.com/lukaszraczylo/mcp-filepuff/internal/metrics/metrics.go:248.22,250.3 1 0
github.com/lukaszraczylo/mcp-filepuff/internal/metrics/metrics.go:251.2,252.27 2 0
github.com/lukaszraczylo/mcp-filepuff/internal/metrics/metrics.go:252.27,254.3 1 0
github.com/lukaszraczylo/mcp-filepuff/internal/metrics/metrics.go:255.2,256.52 2 0
github.com/lukaszraczylo/mcp-filepuff/internal/metrics/metrics.go:260.52,261.22 1 0
github.com/lukaszraczylo/mcp-filepuff/internal/metrics/metrics.go:261.22,263.3 1 0
github.com/lukaszraczylo/mcp-filepuff/internal/metrics/metrics.go:264.2,265.27 2 0
github.com/lukaszraczylo/mcp-filepuff/internal/metrics/metrics.go:265.27,267.3 1 0
github.com/lukaszraczylo/mcp-filepuff/internal/metrics/metrics.go:268.2,269.45 2 0
github.com/lukaszraczylo/mcp-filepuff/internal/metrics/metrics.go:273.36,280.31 4 0
github.com/lukaszraczylo/mcp-filepuff/internal/metrics/metrics.go:280.31,281.19 1 0
github.com/lukaszraczylo/mcp-filepuff/internal/metrics/metrics.go:281.19,283.4 1 0
github.com/lukaszraczylo/mcp-filepuff/internal/metrics/metrics.go:284.3,285.91 2 0
github.com/lukaszraczylo/mcp-filepuff/internal/metrics/metrics.go:289.2,289.29 1 0
github.com/lukaszraczylo/mcp-filepuff/internal/metrics/metrics.go:289.29,290.19 1 0
github.com/lukaszraczylo/mcp-filepuff/internal/metrics/metrics.go:290.19,292.4 1 0
github.com/lukaszraczylo/mcp-filepuff/internal/metrics/metrics.go:293.3,294.91 2 0
github.com/lukaszraczylo/mcp-filepuff/internal/metrics/metrics.go:298.2,298.33 1 0
github.com/lukaszraczylo/mcp-filepuff/internal/metrics/metrics.go:298.33,299.19 1 0
github.com/lukaszraczylo/mcp-filepuff/internal/metrics/metrics.go:299.19,301.4 1 0
github.com/lukaszraczylo/mcp-filepuff/internal/metrics/metrics.go:302.3,306.35 3 0
github.com/lukaszraczylo/mcp-filepuff/internal/metrics/metrics.go:306.35,309.22 3 0
github.com/lukaszraczylo/mcp-filepuff/internal/metrics/metrics.go:309.22,311.5 1 0
github.com/lukaszraczylo/mcp-filepuff/internal/metrics/metrics.go:311.10,315.5 1 0
github.com/lukaszraczylo/mcp-filepuff/internal/metrics/metrics.go:318.3,320.21 3 0
github.com/lukaszraczylo/mcp-filepuff/internal/metrics/metrics.go:320.21,322.4 1 0
github.com/lukaszraczylo/mcp-filepuff/internal/metrics/metrics.go:322.9,325.4 1 0
github.com/lukaszraczylo/mcp-filepuff/internal/metrics/metrics.go:328.3,329.97 2 0
github.com/lukaszraczylo/mcp-filepuff/internal/metrics/metrics.go:332.2,332.20 1 0
github.com/lukaszraczylo/mcp-filepuff/internal/metrics/metrics.go:336.28,340.31 3 0
github.com/lukaszraczylo/mcp-filepuff/internal/metrics/metrics.go:340.31,342.3 1 0
github.com/lukaszraczylo/mcp-filepuff/internal/metrics/metrics.go:343.2,343.29 1 0
github.com/lukaszraczylo/mcp-filepuff/internal/metrics/metrics.go:343.29,345.3 1 0
github.com/lukaszraczylo/mcp-filepuff/internal/metrics/metrics.go:371.40,423.2 2 0
github.com/lukaszraczylo/mcp-filepuff/internal/metrics/metrics.go:426.41,428.2 1 0
github.com/lukaszraczylo/mcp-filepuff/internal/metrics/metrics.go:431.46,433.2 1 0
github.com/lukaszraczylo/mcp-filepuff/internal/metrics/metrics.go:436.74,439.16 3 0
github.com/lukaszraczylo/mcp-filepuff/internal/metrics/metrics.go:439.16,441.3 1 0
github.com/lukaszraczylo/mcp-filepuff/internal/metrics/metrics.go:445.72,447.16 2 0
github.com/lukaszraczylo/mcp-filepuff/internal/metrics/metrics.go:447.16,449.3 1 0
github.com/lukaszraczylo/mcp-filepuff/internal/metrics/metrics.go:453.42,455.2 1 0
github.com/lukaszraczylo/mcp-filepuff/internal/metrics/metrics.go:458.43,460.2 1 0
github.com/lukaszraczylo/mcp-filepuff/internal/metrics/metrics.go:463.58,465.2 1 0
github.com/lukaszraczylo/mcp-filepuff/pkg/errors/errors.go:76.42,83.24 3 0
github.com/lukaszraczylo/mcp-filepuff/pkg/errors/errors.go:83.24,85.31 2 0
github.com/lukaszraczylo/mcp-filepuff/pkg/errors/errors.go:85.31,87.4 1 0
github.com/lukaszraczylo/mcp-filepuff/pkg/errors/errors.go:91.2,91.25 1 0
github.com/lukaszraczylo/mcp-filepuff/pkg/errors/errors.go:91.25,93.3 1 0
github.com/lukaszraczylo/mcp-filepuff/pkg/errors/errors.go:96.2,96.20 1 0
github.com/lukaszraczylo/mcp-filepuff/pkg/errors/errors.go:96.20,98.3 1 0
github.com/lukaszraczylo/mcp-filepuff/pkg/errors/errors.go:100.2,100.20 1 0
github.com/lukaszraczylo/mcp-filepuff/pkg/errors/errors.go:104.42,106.2 1 0
github.com/lukaszraczylo/mcp-filepuff/pkg/errors/errors.go:109.79,110.22 1 0
github.com/lukaszraczylo/mcp-filepuff/pkg/errors/errors.go:110.22,112.3 1 0
github.com/lukaszraczylo/mcp-filepuff/pkg/errors/errors.go:113.2,114.10 2 0
github.com/lukaszraczylo/mcp-filepuff/pkg/errors/errors.go:118.72,121.2 2 0
github.com/lukaszraczylo/mcp-filepuff/pkg/errors/errors.go:124.59,131.2 1 0
github.com/lukaszraczylo/mcp-filepuff/pkg/errors/errors.go:134.73,142.2 1 0
github.com/lukaszraczylo/mcp-filepuff/pkg/errors/errors.go:145.41,146.16 1 0
github.com/lukaszraczylo/mcp-filepuff/pkg/errors/errors.go:146.16,148.3 1 0
github.com/lukaszraczylo/mcp-filepuff/pkg/errors/errors.go:150.2,150.42 1 0
github.com/lukaszraczylo/mcp-filepuff/pkg/errors/errors.go:150.42,152.3 1 0
github.com/lukaszraczylo/mcp-filepuff/pkg/errors/errors.go:154.2,154.14 1 0
github.com/lukaszraczylo/mcp-filepuff/pkg/errors/errors.go:158.35,159.16 1 0
github.com/lukaszraczylo/mcp-filepuff/pkg/errors/errors.go:159.16,161.3 1 0
github.com/lukaszraczylo/mcp-filepuff/pkg/errors/errors.go:163.2,163.42 1 0
github.com/lukaszraczylo/mcp-filepuff/pkg/errors/errors.go:163.42,165.3 1 0
github.com/lukaszraczylo/mcp-filepuff/pkg/errors/errors.go:167.2,167.10 1 0
github.com/lukaszraczylo/mcp-filepuff/pkg/errors/errors.go:171.36,179.6 6 0
github.com/lukaszraczylo/mcp-filepuff/pkg/errors/errors.go:179.6,181.48 2 0
github.com/lukaszraczylo/mcp-filepuff/pkg/errors/errors.go:181.48,183.4 1 0
github.com/lukaszraczylo/mcp-filepuff/pkg/errors/errors.go:184.3,184.12 1 0
github.com/lukaszraczylo/mcp-filepuff/pkg/errors/errors.go:184.12,185.9 1 0
github.com/lukaszraczylo/mcp-filepuff/pkg/errors/errors.go:189.2,189.20 1 0
github.com/lukaszraczylo/mcp-filepuff/pkg/errors/errors.go:195.44,199.12 3 0
github.com/lukaszraczylo/mcp-filepuff/pkg/errors/errors.go:200.15,201.91 1 0
github.com/lukaszraczylo/mcp-filepuff/pkg/errors/errors.go:202.17,203.61 1 0
github.com/lukaszraczylo/mcp-filepuff/pkg/errors/errors.go:206.2,208.63 1 0
github.com/lukaszraczylo/mcp-filepuff/pkg/errors/errors.go:212.73,217.2 1 0
github.com/lukaszraczylo/mcp-filepuff/pkg/errors/errors.go:220.71,226.2 1 0
github.com/lukaszraczylo/mcp-filepuff/pkg/errors/errors.go:229.73,234.2 1 0
github.com/lukaszraczylo/mcp-filepuff/pkg/errors/errors.go:237.73,242.2 1 0
github.com/lukaszraczylo/mcp-filepuff/pkg/errors/errors.go:245.72,249.2 1 0
github.com/lukaszraczylo/mcp-filepuff/pkg/errors/errors.go:252.57,256.2 1 0
github.com/lukaszraczylo/mcp-filepuff/pkg/errors/errors.go:259.73,263.2 1 0
github.com/lukaszraczylo/mcp-filepuff/pkg/errors/errors.go:266.73,270.2 1 0
github.com/lukaszraczylo/mcp-filepuff/pkg/errors/errors.go:273.61,277.2 1 0
github.com/lukaszraczylo/mcp-filepuff/pkg/errors/errors.go:280.64,283.2 1 0
github.com/lukaszraczylo/mcp-filepuff/pkg/errors/errors.go:286.59,289.2 1 0
github.com/lukaszraczylo/mcp-filepuff/internal/util/regex_cache.go:16.59,18.48 1 0
github.com/lukaszraczylo/mcp-filepuff/internal/util/regex_cache.go:18.48,20.3 1 0
github.com/lukaszraczylo/mcp-filepuff/internal/util/regex_cache.go:23.2,24.16 2 0
github.com/lukaszraczylo/mcp-filepuff/internal/util/regex_cache.go:24.16,26.3 1 0
github.com/lukaszraczylo/mcp-filepuff/internal/util/regex_cache.go:30.2,31.37 2 0
github.com/lukaszraczylo/mcp-filepuff/internal/util/regex_cache.go:36.24,37.53 1 0
github.com/lukaszraczylo/mcp-filepuff/internal/util/regex_cache.go:37.53,40.3 2 0
github.com/lukaszraczylo/mcp-filepuff/internal/query/query.go:78.53,80.2 1 1
github.com/lukaszraczylo/mcp-filepuff/internal/query/query.go:83.59,84.19 1 1
github.com/lukaszraczylo/mcp-filepuff/internal/query/query.go:84.19,86.3 1 1
github.com/lukaszraczylo/mcp-filepuff/internal/query/query.go:88.2,99.72 7 1
github.com/lukaszraczylo/mcp-filepuff/internal/query/query.go:99.72,106.3 2 1
github.com/lukaszraczylo/mcp-filepuff/internal/query/query.go:109.2,109.74 1 1
github.com/lukaszraczylo/mcp-filepuff/internal/query/query.go:109.74,112.3 2 1
github.com/lukaszraczylo/mcp-filepuff/internal/query/query.go:115.2,115.67 1 1
github.com/lukaszraczylo/mcp-filepuff/internal/query/query.go:115.67,121.3 1 1
github.com/lukaszraczylo/mcp-filepuff/internal/query/query.go:124.2,124.77 1 1
github.com/lukaszraczylo/mcp-filepuff/internal/query/query.go:124.77,127.3 2 1
github.com/lukaszraczylo/mcp-filepuff/internal/query/query.go:131.2,132.75 2 1
github.com/lukaszraczylo/mcp-filepuff/internal/query/query.go:132.75,135.78 2 1
github.com/lukaszraczylo/mcp-filepuff/internal/query/query.go:135.78,136.12 1 0
github.com/lukaszraczylo/mcp-filepuff/internal/query/query.go:138.3,142.5 1 1
github.com/lukaszraczylo/mcp-filepuff/internal/query/query.go:146.2,146.75 1 1
github.com/lukaszraczylo/mcp-filepuff/internal/query/query.go:146.75,148.78 2 1
github.com/lukaszraczylo/mcp-filepuff/internal/query/query.go:148.78,150.4 1 0
github.com/lukaszraczylo/mcp-filepuff/internal/query/query.go:151.3,152.49 2 1
github.com/lukaszraczylo/mcp-filepuff/internal/query/query.go:155.2,159.8 1 1
github.com/lukaszraczylo/mcp-filepuff/internal/query/query.go:163.138,164.25 1 1
github.com/lukaszraczylo/mcp-filepuff/internal/query/query.go:164.25,166.3 1 1
github.com/lukaszraczylo/mcp-filepuff/internal/query/query.go:168.2,169.48 2 1
github.com/lukaszraczylo/mcp-filepuff/internal/query/query.go:169.48,171.3 1 1
github.com/lukaszraczylo/mcp-filepuff/internal/query/query.go:174.2,175.16 2 1
github.com/lukaszraczylo/mcp-filepuff/internal/query/query.go:175.16,177.3 1 0
github.com/lukaszraczylo/mcp-filepuff/internal/query/query.go:179.2,183.17 3 1
github.com/lukaszraczylo/mcp-filepuff/internal/query/query.go:183.17,185.3 1 0
github.com/lukaszraczylo/mcp-filepuff/internal/query/query.go:187.2,187.50 1 1
github.com/lukaszraczylo/mcp-filepuff/internal/query/query.go:187.50,189.10 1 1
github.com/lukaszraczylo/mcp-filepuff/internal/query/query.go:190.21,191.16 1 0
github.com/lukaszraczylo/mcp-filepuff/internal/query/query.go:192.11,192.11 0 1
github.com/lukaszraczylo/mcp-filepuff/internal/query/query.go:196.3,196.66 1 1
github.com/lukaszraczylo/mcp-filepuff/internal/query/query.go:196.66,198.49 1 1
github.com/lukaszraczylo/mcp-filepuff/internal/query/query.go:198.49,200.5 1 1
github.com/lukaszraczylo/mcp-filepuff/internal/query/query.go:202.4,212.6 2 1
github.com/lukaszraczylo/mcp-filepuff/internal/query/query.go:215.3,215.14 1 1
github.com/lukaszraczylo/mcp-filepuff/internal/query/query.go:218.2,218.21 1 1
github.com/lukaszraczylo/mcp-filepuff/internal/query/query.go:223.107,224.17 1 1
github.com/lukaszraczylo/mcp-filepuff/internal/query/query.go:224.17,226.3 1 0
github.com/lukaszraczylo/mcp-filepuff/internal/query/query.go:228.2,234.26 3 1
github.com/lukaszraczylo/mcp-filepuff/internal/query/query.go:239.126,244.92 3 1
github.com/lukaszraczylo/mcp-filepuff/internal/query/query.go:244.92,245.114 1 1
github.com/lukaszraczylo/mcp-filepuff/internal/query/query.go:245.114,247.4 1 1
github.com/lukaszraczylo/mcp-filepuff/internal/query/query.go:248.3,249.14 2 1
github.com/lukaszraczylo/mcp-filepuff/internal/query/query.go:253.2,253.46 1 1
github.com/lukaszraczylo/mcp-filepuff/internal/query/query.go:253.46,254.72 1 1
github.com/lukaszraczylo/mcp-filepuff/internal/query/query.go:254.72,256.4 1 1
github.com/lukaszraczylo/mcp-filepuff/internal/query/query.go:257.3,258.14 2 1
github.com/lukaszraczylo/mcp-filepuff/internal/query/query.go:262.2,262.134 1 1
github.com/lukaszraczylo/mcp-filepuff/internal/query/query.go:262.134,263.71 1 1
github.com/lukaszraczylo/mcp-filepuff/internal/query/query.go:263.71,265.4 1 1
github.com/lukaszraczylo/mcp-filepuff/internal/query/query.go:266.3,267.14 2 1
github.com/lukaszraczylo/mcp-filepuff/internal/query/query.go:271.2,271.50 1 0
github.com/lukaszraczylo/mcp-filepuff/internal/query/query.go:271.50,272.76 1 0
github.com/lukaszraczylo/mcp-filepuff/internal/query/query.go:272.76,274.4 1 0
github.com/lukaszraczylo/mcp-filepuff/internal/query/query.go:275.3,276.14 2 0
github.com/lukaszraczylo/mcp-filepuff/internal/query/query.go:279.2,279.14 1 0
github.com/lukaszraczylo/mcp-filepuff/internal/query/query.go:283.122,284.34 1 1
github.com/lukaszraczylo/mcp-filepuff/internal/query/query.go:284.34,285.19 1 1
github.com/lukaszraczylo/mcp-filepuff/internal/query/query.go:286.23,287.66 1 1
github.com/lukaszraczylo/mcp-filepuff/internal/query/query.go:287.66,292.5 1 1
github.com/lukaszraczylo/mcp-filepuff/internal/query/query.go:293.43,294.76 1 1
github.com/lukaszraczylo/mcp-filepuff/internal/query/query.go:294.76,296.60 2 1
github.com/lukaszraczylo/mcp-filepuff/internal/query/query.go:296.60,298.6 1 1
github.com/lukaszraczylo/mcp-filepuff/internal/query/query.go:299.5,302.6 1 1
github.com/lukaszraczylo/mcp-filepuff/internal/query/query.go:304.23,305.66 1 1
github.com/lukaszraczylo/mcp-filepuff/internal/query/query.go:305.66,310.5 1 1
github.com/lukaszraczylo/mcp-filepuff/internal/query/query.go:311.47,312.72 1 0
github.com/lukaszraczylo/mcp-filepuff/internal/query/query.go:312.72,317.5 1 0
github.com/lukaszraczylo/mcp-filepuff/internal/query/query.go:323.119,324.34 1 1
github.com/lukaszraczylo/mcp-filepuff/internal/query/query.go:324.34,325.19 1 1
github.com/lukaszraczylo/mcp-filepuff/internal/query/query.go:326.23,327.66 1 1
github.com/lukaszraczylo/mcp-filepuff/internal/query/query.go:327.66,332.5 1 1
github.com/lukaszraczylo/mcp-filepuff/internal/query/query.go:333.23,334.66 1 1
github.com/lukaszraczylo/mcp-filepuff/internal/query/query.go:334.66,339.5 1 1
github.com/lukaszraczylo/mcp-filepuff/internal/query/query.go:340.57,341.78 1 0
github.com/lukaszraczylo/mcp-filepuff/internal/query/query.go:341.78,346.5 1 0
github.com/lukaszraczylo/mcp-filepuff/internal/query/query.go:352.120,353.34 1 1
github.com/lukaszraczylo/mcp-filepuff/internal/query/query.go:353.34,354.19 1 1
github.com/lukaszraczylo/mcp-filepuff/internal/query/query.go:355.23,357.41 1 1
github.com/lukaszraczylo/mcp-filepuff/internal/query/query.go:357.41,358.54 1 1
github.com/lukaszraczylo/mcp-filepuff/internal/query/query.go:358.54,360.53 2 1
github.com/lukaszraczylo/mcp-filepuff/internal/query/query.go:360.53,361.70 1 1
github.com/lukaszraczylo/mcp-filepuff/internal/query/query.go:361.70,366.8 1 1
github.com/lukaszraczylo/mcp-filepuff/internal/query/query.go:369.10,369.73 1 0
github.com/lukaszraczylo/mcp-filepuff/internal/query/query.go:369.73,374.5 1 0
github.com/lukaszraczylo/mcp-filepuff/internal/query/query.go:375.43,376.66 1 1
github.com/lukaszraczylo/mcp-filepuff/internal/query/query.go:376.66,381.5 1 0
github.com/lukaszraczylo/mcp-filepuff/internal/query/query.go:387.123,388.34 1 0
github.com/lukaszraczylo/mcp-filepuff/internal/query/query.go:388.34,389.19 1 0
github.com/lukaszraczylo/mcp-filepuff/internal/query/query.go:390.23,391.66 1 0
github.com/lukaszraczylo/mcp-filepuff/internal/query/query.go:391.66,396.5 1 0
github.com/lukaszraczylo/mcp-filepuff/internal/query/query.go:397.45,398.66 1 0
github.com/lukaszraczylo/mcp-filepuff/internal/query/query.go:398.66,403.5 1 0
github.com/lukaszraczylo/mcp-filepuff/internal/query/query.go:409.82,411.31 1 1
github.com/lukaszraczylo/mcp-filepuff/internal/query/query.go:411.31,413.22 2 1
github.com/lukaszraczylo/mcp-filepuff/internal/query/query.go:413.22,415.4 1 0
github.com/lukaszraczylo/mcp-filepuff/internal/query/query.go:416.3,418.17 3 1
github.com/lukaszraczylo/mcp-filepuff/internal/query/query.go:418.17,420.4 1 0
github.com/lukaszraczylo/mcp-filepuff/internal/query/query.go:421.3,421.28 1 1
github.com/lukaszraczylo/mcp-filepuff/internal/query/query.go:421.28,423.4 1 1
github.com/lukaszraczylo/mcp-filepuff/internal/query/query.go:427.2,427.29 1 1
github.com/lukaszraczylo/mcp-filepuff/internal/query/query.go:427.29,429.22 2 1
github.com/lukaszraczylo/mcp-filepuff/internal/query/query.go:429.22,431.4 1 0
github.com/lukaszraczylo/mcp-filepuff/internal/query/query.go:432.3,433.32 2 1
github.com/lukaszraczylo/mcp-filepuff/internal/query/query.go:433.32,435.4 1 1
github.com/lukaszraczylo/mcp-filepuff/internal/query/query.go:439.2,439.29 1 1
github.com/lukaszraczylo/mcp-filepuff/internal/query/query.go:439.29,442.39 3 1
github.com/lukaszraczylo/mcp-filepuff/internal/query/query.go:442.39,443.24 1 1
github.com/lukaszraczylo/mcp-filepuff/internal/query/query.go:443.24,445.10 2 1
github.com/lukaszraczylo/mcp-filepuff/internal/query/query.go:448.3,448.13 1 1
github.com/lukaszraczylo/mcp-filepuff/internal/query/query.go:448.13,450.4 1 0
github.com/lukaszraczylo/mcp-filepuff/internal/query/query.go:453.2,453.13 1 1
github.com/lukaszraczylo/mcp-filepuff/internal/query/query.go:457.66,458.23 1 1
github.com/lukaszraczylo/mcp-filepuff/internal/query/query.go:458.23,460.3 1 1
github.com/lukaszraczylo/mcp-filepuff/internal/query/query.go:462.2,467.49 5 1
github.com/lukaszraczylo/mcp-filepuff/internal/query/query.go:467.49,470.3 2 1
github.com/lukaszraczylo/mcp-filepuff/internal/query/query.go:472.2,472.36 1 1
github.com/lukaszraczylo/mcp-filepuff/internal/query/query.go:472.36,475.20 3 1
github.com/lukaszraczylo/mcp-filepuff/internal/query/query.go:475.20,477.4 1 0
github.com/lukaszraczylo/mcp-filepuff/internal/query/query.go:478.3,482.22 3 1
github.com/lukaszraczylo/mcp-filepuff/internal/query/query.go:482.22,484.4 1 0
github.com/lukaszraczylo/mcp-filepuff/internal/query/query.go:485.3,490.26 4 1
github.com/lukaszraczylo/mcp-filepuff/internal/query/query.go:490.26,493.38 3 1
github.com/lukaszraczylo/mcp-filepuff/internal/query/query.go:493.38,494.15 1 1
github.com/lukaszraczylo/mcp-filepuff/internal/query/query.go:494.15,496.6 1 0
github.com/lukaszraczylo/mcp-filepuff/internal/query/query.go:497.5,499.26 3 1
github.com/lukaszraczylo/mcp-filepuff/internal/query/query.go:499.26,501.6 1 0
github.com/lukaszraczylo/mcp-filepuff/internal/query/query.go:502.5,502.57 1 1
github.com/lukaszraczylo/mcp-filepuff/internal/query/query.go:504.4,504.24 1 1
github.com/lukaszraczylo/mcp-filepuff/internal/query/query.go:506.3,506.23 1 1
github.com/lukaszraczylo/mcp-filepuff/internal/query/query.go:509.2,509.15 1 1
github.com/lukaszraczylo/mcp-filepuff/internal/query/query.go:509.15,511.3 1 1
github.com/lukaszraczylo/mcp-filepuff/internal/query/query.go:513.2,513.20 1 1
