mode: set
github.com/lukaszraczylo/mcp-filepuff/cmd/docgen/main.go:31.24,235.2 1 0
github.com/lukaszraczylo/mcp-filepuff/cmd/docgen/main.go:238.32,251.29 9 0
github.com/lukaszraczylo/mcp-filepuff/cmd/docgen/main.go:251.29,252.46 1 0
github.com/lukaszraczylo/mcp-filepuff/cmd/docgen/main.go:252.46,254.4 1 0
github.com/lukaszraczylo/mcp-filepuff/cmd/docgen/main.go:255.3,255.70 1 0
github.com/lukaszraczylo/mcp-filepuff/cmd/docgen/main.go:258.2,258.36 1 0
github.com/lukaszraczylo/mcp-filepuff/cmd/docgen/main.go:258.36,260.40 2 0
github.com/lukaszraczylo/mcp-filepuff/cmd/docgen/main.go:260.40,262.4 1 0
github.com/lukaszraczylo/mcp-filepuff/cmd/docgen/main.go:263.3,263.23 1 0
github.com/lukaszraczylo/mcp-filepuff/cmd/docgen/main.go:267.2,270.36 3 0
github.com/lukaszraczylo/mcp-filepuff/cmd/docgen/main.go:270.36,273.40 2 0
github.com/lukaszraczylo/mcp-filepuff/cmd/docgen/main.go:273.40,278.21 3 0
github.com/lukaszraczylo/mcp-filepuff/cmd/docgen/main.go:278.21,280.5 1 0
github.com/lukaszraczylo/mcp-filepuff/cmd/docgen/main.go:280.10,282.5 1 0
github.com/lukaszraczylo/mcp-filepuff/cmd/docgen/main.go:285.4,285.32 1 0
github.com/lukaszraczylo/mcp-filepuff/cmd/docgen/main.go:285.32,289.43 4 0
github.com/lukaszraczylo/mcp-filepuff/cmd/docgen/main.go:289.43,291.24 2 0
github.com/lukaszraczylo/mcp-filepuff/cmd/docgen/main.go:291.24,293.7 1 0
github.com/lukaszraczylo/mcp-filepuff/cmd/docgen/main.go:294.6,295.60 1 0
github.com/lukaszraczylo/mcp-filepuff/cmd/docgen/main.go:297.5,297.25 1 0
github.com/lukaszraczylo/mcp-filepuff/cmd/docgen/main.go:298.10,300.5 1 0
github.com/lukaszraczylo/mcp-filepuff/cmd/docgen/main.go:303.4,303.30 1 0
github.com/lukaszraczylo/mcp-filepuff/cmd/docgen/main.go:303.30,305.43 2 0
github.com/lukaszraczylo/mcp-filepuff/cmd/docgen/main.go:305.43,309.6 3 0
github.com/lukaszraczylo/mcp-filepuff/cmd/docgen/main.go:313.4,313.27 1 0
github.com/lukaszraczylo/mcp-filepuff/cmd/docgen/main.go:313.27,315.37 2 0
github.com/lukaszraczylo/mcp-filepuff/cmd/docgen/main.go:315.37,317.6 1 0
github.com/lukaszraczylo/mcp-filepuff/cmd/docgen/main.go:318.5,318.25 1 0
github.com/lukaszraczylo/mcp-filepuff/cmd/docgen/main.go:321.4,321.29 1 0
github.com/lukaszraczylo/mcp-filepuff/cmd/docgen/main.go:326.2,356.20 28 0
github.com/lukaszraczylo/mcp-filepuff/cmd/docgen/main.go:359.13,364.22 3 0
github.com/lukaszraczylo/mcp-filepuff/cmd/docgen/main.go:364.22,366.3 1 0
github.com/lukaszraczylo/mcp-filepuff/cmd/docgen/main.go:369.2,369.51 1 0
github.com/lukaszraczylo/mcp-filepuff/cmd/docgen/main.go:369.51,372.3 2 0
github.com/lukaszraczylo/mcp-filepuff/cmd/docgen/main.go:374.2,374.72 1 0
github.com/lukaszraczylo/mcp-filepuff/cmd/docgen/main.go:374.72,377.3 2 0
github.com/lukaszraczylo/mcp-filepuff/cmd/docgen/main.go:379.2,379.61 1 0
github.com/lukaszraczylo/mcp-filepuff/cmd/mcp-filepuff/main.go:14.13,28.16 5 0
github.com/lukaszraczylo/mcp-filepuff/cmd/mcp-filepuff/main.go:28.16,31.3 2 0
github.com/lukaszraczylo/mcp-filepuff/cmd/mcp-filepuff/main.go:33.2,40.16 3 0
github.com/lukaszraczylo/mcp-filepuff/cmd/mcp-filepuff/main.go:40.16,43.3 2 0
github.com/lukaszraczylo/mcp-filepuff/cmd/mcp-filepuff/main.go:45.2,46.37 2 0
github.com/lukaszraczylo/mcp-filepuff/cmd/mcp-filepuff/main.go:46.37,49.3 2 0
github.com/lukaszraczylo/mcp-filepuff/cmd/mcp-filepuff/main.go:52.61,54.15 2 0
github.com/lukaszraczylo/mcp-filepuff/cmd/mcp-filepuff/main.go:55.15,56.29 1 0
github.com/lukaszraczylo/mcp-filepuff/cmd/mcp-filepuff/main.go:57.14,58.28 1 0
github.com/lukaszraczylo/mcp-filepuff/cmd/mcp-filepuff/main.go:59.15,60.29 1 0
github.com/lukaszraczylo/mcp-filepuff/cmd/mcp-filepuff/main.go:61.10,62.28 1 0
github.com/lukaszraczylo/mcp-filepuff/cmd/mcp-filepuff/main.go:65.2,71.19 4 0
github.com/lukaszraczylo/mcp-filepuff/cmd/mcp-filepuff/main.go:71.19,73.17 2 0
github.com/lukaszraczylo/mcp-filepuff/cmd/mcp-filepuff/main.go:73.17,77.4 2 0
github.com/lukaszraczylo/mcp-filepuff/cmd/mcp-filepuff/main.go:77.9,79.4 1 0
github.com/lukaszraczylo/mcp-filepuff/cmd/mcp-filepuff/main.go:80.8,83.3 1 0
github.com/lukaszraczylo/mcp-filepuff/cmd/mcp-filepuff/main.go:85.2,88.23 2 0
github.com/lukaszraczylo/mcp-filepuff/cmd/mcp-filepuff/main.go:88.23,93.3 1 0
github.com/lukaszraczylo/mcp-filepuff/cmd/mcp-filepuff/main.go:95.2,95.15 1 0
github.com/lukaszraczylo/mcp-filepuff/internal/config/config.go:40.24,54.2 1 1
github.com/lukaszraczylo/mcp-filepuff/internal/config/config.go:58.50,62.25 2 1
github.com/lukaszraczylo/mcp-filepuff/internal/config/config.go:62.25,64.17 2 1
github.com/lukaszraczylo/mcp-filepuff/internal/config/config.go:64.17,66.4 1 0
github.com/lukaszraczylo/mcp-filepuff/internal/config/config.go:67.3,67.30 1 1
github.com/lukaszraczylo/mcp-filepuff/internal/config/config.go:68.8,68.47 1 0
github.com/lukaszraczylo/mcp-filepuff/internal/config/config.go:68.47,70.3 1 0
github.com/lukaszraczylo/mcp-filepuff/internal/config/config.go:73.2,74.54 2 1
github.com/lukaszraczylo/mcp-filepuff/internal/config/config.go:74.54,75.51 1 1
github.com/lukaszraczylo/mcp-filepuff/internal/config/config.go:75.51,77.4 1 1
github.com/lukaszraczylo/mcp-filepuff/internal/config/config.go:81.2,83.17 2 1
github.com/lukaszraczylo/mcp-filepuff/internal/config/config.go:86.32,87.51 1 1
github.com/lukaszraczylo/mcp-filepuff/internal/config/config.go:87.51,88.50 1 0
github.com/lukaszraczylo/mcp-filepuff/internal/config/config.go:88.50,90.4 1 0
github.com/lukaszraczylo/mcp-filepuff/internal/config/config.go:93.2,93.48 1 1
github.com/lukaszraczylo/mcp-filepuff/internal/config/config.go:93.48,94.50 1 1
github.com/lukaszraczylo/mcp-filepuff/internal/config/config.go:94.50,96.4 1 1
github.com/lukaszraczylo/mcp-filepuff/internal/config/config.go:99.2,99.51 1 1
github.com/lukaszraczylo/mcp-filepuff/internal/config/config.go:99.51,100.50 1 1
github.com/lukaszraczylo/mcp-filepuff/internal/config/config.go:100.50,102.4 1 1
github.com/lukaszraczylo/mcp-filepuff/internal/config/config.go:105.2,105.64 1 1
github.com/lukaszraczylo/mcp-filepuff/internal/config/config.go:105.64,107.3 1 1
github.com/lukaszraczylo/mcp-filepuff/internal/config/config.go:109.2,109.69 1 1
github.com/lukaszraczylo/mcp-filepuff/internal/config/config.go:109.69,111.3 1 1
github.com/lukaszraczylo/mcp-filepuff/internal/config/config.go:113.2,113.71 1 1
github.com/lukaszraczylo/mcp-filepuff/internal/config/config.go:113.71,115.3 1 1
github.com/lukaszraczylo/mcp-filepuff/internal/config/config.go:120.50,123.16 2 1
github.com/lukaszraczylo/mcp-filepuff/internal/config/config.go:123.16,125.3 1 0
github.com/lukaszraczylo/mcp-filepuff/internal/config/config.go:128.2,129.16 2 1
github.com/lukaszraczylo/mcp-filepuff/internal/config/config.go:129.16,131.3 1 0
github.com/lukaszraczylo/mcp-filepuff/internal/config/config.go:134.2,135.20 2 1
github.com/lukaszraczylo/mcp-filepuff/internal/config/config.go:135.20,137.3 1 1
github.com/lukaszraczylo/mcp-filepuff/internal/config/config.go:140.2,141.20 2 1
github.com/lukaszraczylo/mcp-filepuff/internal/config/config.go:141.20,144.3 1 1
github.com/lukaszraczylo/mcp-filepuff/internal/config/config.go:144.8,150.50 3 1
github.com/lukaszraczylo/mcp-filepuff/internal/config/config.go:150.50,152.22 2 1
github.com/lukaszraczylo/mcp-filepuff/internal/config/config.go:152.22,155.10 2 1
github.com/lukaszraczylo/mcp-filepuff/internal/config/config.go:158.4,159.21 2 1
github.com/lukaszraczylo/mcp-filepuff/internal/config/config.go:159.21,161.10 1 0
github.com/lukaszraczylo/mcp-filepuff/internal/config/config.go:163.4,164.16 2 1
github.com/lukaszraczylo/mcp-filepuff/internal/config/config.go:169.2,170.16 2 1
github.com/lukaszraczylo/mcp-filepuff/internal/config/config.go:170.16,172.3 1 0
github.com/lukaszraczylo/mcp-filepuff/internal/config/config.go:177.2,177.52 1 1
github.com/lukaszraczylo/mcp-filepuff/internal/config/config.go:185.35,187.24 1 1
github.com/lukaszraczylo/mcp-filepuff/internal/config/config.go:187.24,189.3 1 1
github.com/lukaszraczylo/mcp-filepuff/internal/config/config.go:192.2,192.25 1 1
github.com/lukaszraczylo/mcp-filepuff/internal/config/config.go:192.25,194.3 1 1
github.com/lukaszraczylo/mcp-filepuff/internal/config/config.go:197.2,197.23 1 1
github.com/lukaszraczylo/mcp-filepuff/internal/config/config.go:197.23,199.3 1 1
github.com/lukaszraczylo/mcp-filepuff/internal/config/config.go:202.2,202.27 1 1
github.com/lukaszraczylo/mcp-filepuff/internal/config/config.go:202.27,204.17 2 1
github.com/lukaszraczylo/mcp-filepuff/internal/config/config.go:204.17,205.26 1 1
github.com/lukaszraczylo/mcp-filepuff/internal/config/config.go:205.26,207.5 1 1
github.com/lukaszraczylo/mcp-filepuff/internal/config/config.go:208.4,208.62 1 0
github.com/lukaszraczylo/mcp-filepuff/internal/config/config.go:210.3,210.20 1 1
github.com/lukaszraczylo/mcp-filepuff/internal/config/config.go:210.20,212.4 1 1
github.com/lukaszraczylo/mcp-filepuff/internal/config/config.go:215.2,215.12 1 1
github.com/lukaszraczylo/mcp-filepuff/pkg/errors/errors.go:76.42,83.24 3 0
github.com/lukaszraczylo/mcp-filepuff/pkg/errors/errors.go:83.24,85.31 2 0
github.com/lukaszraczylo/mcp-filepuff/pkg/errors/errors.go:85.31,87.4 1 0
github.com/lukaszraczylo/mcp-filepuff/pkg/errors/errors.go:91.2,91.25 1 0
github.com/lukaszraczylo/mcp-filepuff/pkg/errors/errors.go:91.25,93.3 1 0
github.com/lukaszraczylo/mcp-filepuff/pkg/errors/errors.go:96.2,96.20 1 0
github.com/lukaszraczylo/mcp-filepuff/pkg/errors/errors.go:96.20,98.3 1 0
github.com/lukaszraczylo/mcp-filepuff/pkg/errors/errors.go:100.2,100.20 1 0
github.com/lukaszraczylo/mcp-filepuff/pkg/errors/errors.go:104.42,106.2 1 0
github.com/lukaszraczylo/mcp-filepuff/pkg/errors/errors.go:109.79,110.22 1 0
github.com/lukaszraczylo/mcp-filepuff/pkg/errors/errors.go:110.22,112.3 1 0
github.com/lukaszraczylo/mcp-filepuff/pkg/errors/errors.go:113.2,114.10 2 0
github.com/lukaszraczylo/mcp-filepuff/pkg/errors/errors.go:118.72,121.2 2 0
github.com/lukaszraczylo/mcp-filepuff/pkg/errors/errors.go:126.48,128.25 1 0
github.com/lukaszraczylo/mcp-filepuff/pkg/errors/errors.go:128.25,130.3 1 0
github.com/lukaszraczylo/mcp-filepuff/pkg/errors/errors.go:131.2,131.18 1 0
github.com/lukaszraczylo/mcp-filepuff/pkg/errors/errors.go:137.38,138.16 1 0
github.com/lukaszraczylo/mcp-filepuff/pkg/errors/errors.go:138.16,140.3 1 0
github.com/lukaszraczylo/mcp-filepuff/pkg/errors/errors.go:143.2,143.42 1 0
github.com/lukaszraczylo/mcp-filepuff/pkg/errors/errors.go:143.42,145.3 1 0
github.com/lukaszraczylo/mcp-filepuff/pkg/errors/errors.go:149.2,153.23 3 0
github.com/lukaszraczylo/mcp-filepuff/pkg/errors/errors.go:153.23,155.3 1 0
github.com/lukaszraczylo/mcp-filepuff/pkg/errors/errors.go:157.2,157.12 1 0
github.com/lukaszraczylo/mcp-filepuff/pkg/errors/errors.go:161.59,168.2 1 0
github.com/lukaszraczylo/mcp-filepuff/pkg/errors/errors.go:171.73,179.2 1 0
github.com/lukaszraczylo/mcp-filepuff/pkg/errors/errors.go:182.41,183.16 1 0
github.com/lukaszraczylo/mcp-filepuff/pkg/errors/errors.go:183.16,185.3 1 0
github.com/lukaszraczylo/mcp-filepuff/pkg/errors/errors.go:187.2,187.42 1 0
github.com/lukaszraczylo/mcp-filepuff/pkg/errors/errors.go:187.42,189.3 1 0
github.com/lukaszraczylo/mcp-filepuff/pkg/errors/errors.go:191.2,191.14 1 0
github.com/lukaszraczylo/mcp-filepuff/pkg/errors/errors.go:195.35,196.16 1 0
github.com/lukaszraczylo/mcp-filepuff/pkg/errors/errors.go:196.16,198.3 1 0
github.com/lukaszraczylo/mcp-filepuff/pkg/errors/errors.go:200.2,200.42 1 0
github.com/lukaszraczylo/mcp-filepuff/pkg/errors/errors.go:200.42,202.3 1 0
github.com/lukaszraczylo/mcp-filepuff/pkg/errors/errors.go:204.2,204.10 1 0
github.com/lukaszraczylo/mcp-filepuff/pkg/errors/errors.go:208.36,216.6 6 0
github.com/lukaszraczylo/mcp-filepuff/pkg/errors/errors.go:216.6,218.48 2 0
github.com/lukaszraczylo/mcp-filepuff/pkg/errors/errors.go:218.48,220.4 1 0
github.com/lukaszraczylo/mcp-filepuff/pkg/errors/errors.go:221.3,221.12 1 0
github.com/lukaszraczylo/mcp-filepuff/pkg/errors/errors.go:221.12,222.9 1 0
github.com/lukaszraczylo/mcp-filepuff/pkg/errors/errors.go:226.2,226.20 1 0
github.com/lukaszraczylo/mcp-filepuff/pkg/errors/errors.go:232.44,236.12 3 0
github.com/lukaszraczylo/mcp-filepuff/pkg/errors/errors.go:237.15,238.91 1 0
github.com/lukaszraczylo/mcp-filepuff/pkg/errors/errors.go:239.17,240.61 1 0
github.com/lukaszraczylo/mcp-filepuff/pkg/errors/errors.go:243.2,245.63 1 0
github.com/lukaszraczylo/mcp-filepuff/pkg/errors/errors.go:249.73,254.2 1 0
github.com/lukaszraczylo/mcp-filepuff/pkg/errors/errors.go:257.71,263.2 1 0
github.com/lukaszraczylo/mcp-filepuff/pkg/errors/errors.go:266.73,271.2 1 0
github.com/lukaszraczylo/mcp-filepuff/pkg/errors/errors.go:274.73,279.2 1 0
github.com/lukaszraczylo/mcp-filepuff/pkg/errors/errors.go:282.72,286.2 1 0
github.com/lukaszraczylo/mcp-filepuff/pkg/errors/errors.go:289.57,293.2 1 0
github.com/lukaszraczylo/mcp-filepuff/pkg/errors/errors.go:296.73,300.2 1 0
github.com/lukaszraczylo/mcp-filepuff/pkg/errors/errors.go:303.73,307.2 1 0
github.com/lukaszraczylo/mcp-filepuff/pkg/errors/errors.go:310.61,314.2 1 0
github.com/lukaszraczylo/mcp-filepuff/pkg/errors/errors.go:317.64,320.2 1 0
github.com/lukaszraczylo/mcp-filepuff/pkg/errors/errors.go:323.59,326.2 1 0
github.com/lukaszraczylo/mcp-filepuff/internal/lsp/client.go:64.40,66.2 1 0
github.com/lukaszraczylo/mcp-filepuff/internal/lsp/client.go:76.48,78.16 2 1
github.com/lukaszraczylo/mcp-filepuff/internal/lsp/client.go:78.16,80.3 1 0
github.com/lukaszraczylo/mcp-filepuff/internal/lsp/client.go:82.2,83.16 2 1
github.com/lukaszraczylo/mcp-filepuff/internal/lsp/client.go:83.16,86.3 2 0
github.com/lukaszraczylo/mcp-filepuff/internal/lsp/client.go:88.2,89.16 2 1
github.com/lukaszraczylo/mcp-filepuff/internal/lsp/client.go:89.16,93.3 3 0
github.com/lukaszraczylo/mcp-filepuff/internal/lsp/client.go:95.2,95.36 1 1
github.com/lukaszraczylo/mcp-filepuff/internal/lsp/client.go:95.36,100.3 4 0
github.com/lukaszraczylo/mcp-filepuff/internal/lsp/client.go:102.2,119.15 4 1
github.com/lukaszraczylo/mcp-filepuff/internal/lsp/client.go:124.32,126.6 2 1
github.com/lukaszraczylo/mcp-filepuff/internal/lsp/client.go:126.6,127.10 1 1
github.com/lukaszraczylo/mcp-filepuff/internal/lsp/client.go:128.17,129.10 1 0
github.com/lukaszraczylo/mcp-filepuff/internal/lsp/client.go:130.11,130.11 0 1
github.com/lukaszraczylo/mcp-filepuff/internal/lsp/client.go:133.3,134.17 2 1
github.com/lukaszraczylo/mcp-filepuff/internal/lsp/client.go:134.17,136.4 1 1
github.com/lukaszraczylo/mcp-filepuff/internal/lsp/client.go:141.98,143.16 2 1
github.com/lukaszraczylo/mcp-filepuff/internal/lsp/client.go:143.16,146.3 2 0
github.com/lukaszraczylo/mcp-filepuff/internal/lsp/client.go:147.2,163.15 8 1
github.com/lukaszraczylo/mcp-filepuff/internal/lsp/client.go:163.15,167.3 3 1
github.com/lukaszraczylo/mcp-filepuff/internal/lsp/client.go:170.2,170.36 1 1
github.com/lukaszraczylo/mcp-filepuff/internal/lsp/client.go:170.36,172.3 1 0
github.com/lukaszraczylo/mcp-filepuff/internal/lsp/client.go:175.2,175.9 1 1
github.com/lukaszraczylo/mcp-filepuff/internal/lsp/client.go:176.20,177.24 1 0
github.com/lukaszraczylo/mcp-filepuff/internal/lsp/client.go:178.16,179.42 1 0
github.com/lukaszraczylo/mcp-filepuff/internal/lsp/client.go:180.26,181.24 1 1
github.com/lukaszraczylo/mcp-filepuff/internal/lsp/client.go:181.24,183.4 1 0
github.com/lukaszraczylo/mcp-filepuff/internal/lsp/client.go:184.3,184.19 1 1
github.com/lukaszraczylo/mcp-filepuff/internal/lsp/client.go:189.66,191.16 2 0
github.com/lukaszraczylo/mcp-filepuff/internal/lsp/client.go:191.16,194.3 2 0
github.com/lukaszraczylo/mcp-filepuff/internal/lsp/client.go:195.2,207.22 3 0
github.com/lukaszraczylo/mcp-filepuff/internal/lsp/client.go:211.55,213.2 1 0
github.com/lukaszraczylo/mcp-filepuff/internal/lsp/client.go:216.32,218.23 2 1
github.com/lukaszraczylo/mcp-filepuff/internal/lsp/client.go:218.23,230.13 7 1
github.com/lukaszraczylo/mcp-filepuff/internal/lsp/client.go:230.13,233.4 2 1
github.com/lukaszraczylo/mcp-filepuff/internal/lsp/client.go:235.3,235.10 1 1
github.com/lukaszraczylo/mcp-filepuff/internal/lsp/client.go:236.15,236.15 0 1
github.com/lukaszraczylo/mcp-filepuff/internal/lsp/client.go:238.41,240.28 1 0
github.com/lukaszraczylo/mcp-filepuff/internal/lsp/client.go:243.3,243.25 1 1
github.com/lukaszraczylo/mcp-filepuff/internal/lsp/client.go:245.2,245.12 1 1
github.com/lukaszraczylo/mcp-filepuff/internal/lsp/client.go:249.46,251.16 2 1
github.com/lukaszraczylo/mcp-filepuff/internal/lsp/client.go:251.16,253.3 1 0
github.com/lukaszraczylo/mcp-filepuff/internal/lsp/client.go:256.2,258.16 3 1
github.com/lukaszraczylo/mcp-filepuff/internal/lsp/client.go:258.16,260.3 1 0
github.com/lukaszraczylo/mcp-filepuff/internal/lsp/client.go:262.2,263.16 2 1
github.com/lukaszraczylo/mcp-filepuff/internal/lsp/client.go:263.16,265.3 1 0
github.com/lukaszraczylo/mcp-filepuff/internal/lsp/client.go:267.2,267.12 1 1
github.com/lukaszraczylo/mcp-filepuff/internal/lsp/client.go:271.29,274.6 2 1
github.com/lukaszraczylo/mcp-filepuff/internal/lsp/client.go:274.6,275.10 1 1
github.com/lukaszraczylo/mcp-filepuff/internal/lsp/client.go:276.17,277.10 1 0
github.com/lukaszraczylo/mcp-filepuff/internal/lsp/client.go:278.11,278.11 0 1
github.com/lukaszraczylo/mcp-filepuff/internal/lsp/client.go:282.3,283.7 2 1
github.com/lukaszraczylo/mcp-filepuff/internal/lsp/client.go:283.7,285.18 2 1
github.com/lukaszraczylo/mcp-filepuff/internal/lsp/client.go:285.18,287.5 1 1
github.com/lukaszraczylo/mcp-filepuff/internal/lsp/client.go:288.4,289.18 2 1
github.com/lukaszraczylo/mcp-filepuff/internal/lsp/client.go:289.18,290.10 1 1
github.com/lukaszraczylo/mcp-filepuff/internal/lsp/client.go:292.4,292.50 1 1
github.com/lukaszraczylo/mcp-filepuff/internal/lsp/client.go:292.50,295.5 2 1
github.com/lukaszraczylo/mcp-filepuff/internal/lsp/client.go:298.3,298.25 1 1
github.com/lukaszraczylo/mcp-filepuff/internal/lsp/client.go:298.25,299.12 1 0
github.com/lukaszraczylo/mcp-filepuff/internal/lsp/client.go:303.3,305.17 3 1
github.com/lukaszraczylo/mcp-filepuff/internal/lsp/client.go:305.17,307.4 1 0
github.com/lukaszraczylo/mcp-filepuff/internal/lsp/client.go:310.3,311.69 2 1
github.com/lukaszraczylo/mcp-filepuff/internal/lsp/client.go:311.69,313.40 2 1
github.com/lukaszraczylo/mcp-filepuff/internal/lsp/client.go:313.40,315.5 1 1
github.com/lukaszraczylo/mcp-filepuff/internal/lsp/client.go:316.4,317.12 2 1
github.com/lukaszraczylo/mcp-filepuff/internal/lsp/client.go:321.3,322.76 2 0
github.com/lukaszraczylo/mcp-filepuff/internal/lsp/client.go:322.76,323.11 1 0
github.com/lukaszraczylo/mcp-filepuff/internal/lsp/client.go:324.35,324.35 0 0
github.com/lukaszraczylo/mcp-filepuff/internal/lsp/client.go:325.12,325.12 0 0
github.com/lukaszraczylo/mcp-filepuff/internal/lsp/client.go:333.35,337.2 3 0
github.com/lukaszraczylo/mcp-filepuff/internal/lsp/manager.go:100.69,114.2 3 1
github.com/lukaszraczylo/mcp-filepuff/internal/lsp/manager.go:117.98,122.25 4 1
github.com/lukaszraczylo/mcp-filepuff/internal/lsp/manager.go:122.25,128.3 4 0
github.com/lukaszraczylo/mcp-filepuff/internal/lsp/manager.go:131.2,135.49 3 1
github.com/lukaszraczylo/mcp-filepuff/internal/lsp/manager.go:135.49,140.3 4 0
github.com/lukaszraczylo/mcp-filepuff/internal/lsp/manager.go:143.2,144.9 2 1
github.com/lukaszraczylo/mcp-filepuff/internal/lsp/manager.go:144.9,148.3 1 1
github.com/lukaszraczylo/mcp-filepuff/internal/lsp/manager.go:151.2,152.16 2 1
github.com/lukaszraczylo/mcp-filepuff/internal/lsp/manager.go:152.16,154.3 1 0
github.com/lukaszraczylo/mcp-filepuff/internal/lsp/manager.go:157.2,158.37 2 1
github.com/lukaszraczylo/mcp-filepuff/internal/lsp/manager.go:158.37,163.3 1 0
github.com/lukaszraczylo/mcp-filepuff/internal/lsp/manager.go:166.2,172.16 6 1
github.com/lukaszraczylo/mcp-filepuff/internal/lsp/manager.go:172.16,174.25 1 0
github.com/lukaszraczylo/mcp-filepuff/internal/lsp/manager.go:174.25,176.4 1 0
github.com/lukaszraczylo/mcp-filepuff/internal/lsp/manager.go:177.3,180.97 1 0
github.com/lukaszraczylo/mcp-filepuff/internal/lsp/manager.go:183.2,192.15 3 1
github.com/lukaszraczylo/mcp-filepuff/internal/lsp/manager.go:192.15,193.19 1 1
github.com/lukaszraczylo/mcp-filepuff/internal/lsp/manager.go:193.19,196.26 2 1
github.com/lukaszraczylo/mcp-filepuff/internal/lsp/manager.go:196.26,198.5 1 1
github.com/lukaszraczylo/mcp-filepuff/internal/lsp/manager.go:203.2,203.56 1 1
github.com/lukaszraczylo/mcp-filepuff/internal/lsp/manager.go:203.56,209.3 2 1
github.com/lukaszraczylo/mcp-filepuff/internal/lsp/manager.go:212.2,218.20 5 0
github.com/lukaszraczylo/mcp-filepuff/internal/lsp/manager.go:222.83,248.16 6 1
github.com/lukaszraczylo/mcp-filepuff/internal/lsp/manager.go:248.16,250.3 1 0
github.com/lukaszraczylo/mcp-filepuff/internal/lsp/manager.go:253.2,254.61 2 1
github.com/lukaszraczylo/mcp-filepuff/internal/lsp/manager.go:254.61,256.3 1 1
github.com/lukaszraczylo/mcp-filepuff/internal/lsp/manager.go:257.2,260.69 2 0
github.com/lukaszraczylo/mcp-filepuff/internal/lsp/manager.go:260.69,262.3 1 0
github.com/lukaszraczylo/mcp-filepuff/internal/lsp/manager.go:264.2,264.12 1 0
github.com/lukaszraczylo/mcp-filepuff/internal/lsp/manager.go:268.96,271.16 3 1
github.com/lukaszraczylo/mcp-filepuff/internal/lsp/manager.go:271.16,273.3 1 1
github.com/lukaszraczylo/mcp-filepuff/internal/lsp/manager.go:276.2,277.16 2 0
github.com/lukaszraczylo/mcp-filepuff/internal/lsp/manager.go:277.16,279.3 1 0
github.com/lukaszraczylo/mcp-filepuff/internal/lsp/manager.go:281.2,297.16 5 0
github.com/lukaszraczylo/mcp-filepuff/internal/lsp/manager.go:297.16,299.3 1 0
github.com/lukaszraczylo/mcp-filepuff/internal/lsp/manager.go:301.2,301.57 1 0
github.com/lukaszraczylo/mcp-filepuff/internal/lsp/manager.go:301.57,303.3 1 0
github.com/lukaszraczylo/mcp-filepuff/internal/lsp/manager.go:305.2,306.61 2 0
github.com/lukaszraczylo/mcp-filepuff/internal/lsp/manager.go:306.61,308.3 1 0
github.com/lukaszraczylo/mcp-filepuff/internal/lsp/manager.go:310.2,310.21 1 0
github.com/lukaszraczylo/mcp-filepuff/internal/lsp/manager.go:314.99,317.16 3 1
github.com/lukaszraczylo/mcp-filepuff/internal/lsp/manager.go:317.16,319.3 1 1
github.com/lukaszraczylo/mcp-filepuff/internal/lsp/manager.go:322.2,323.16 2 0
github.com/lukaszraczylo/mcp-filepuff/internal/lsp/manager.go:323.16,325.3 1 0
github.com/lukaszraczylo/mcp-filepuff/internal/lsp/manager.go:327.2,343.16 5 0
github.com/lukaszraczylo/mcp-filepuff/internal/lsp/manager.go:343.16,345.3 1 0
github.com/lukaszraczylo/mcp-filepuff/internal/lsp/manager.go:347.2,347.57 1 0
github.com/lukaszraczylo/mcp-filepuff/internal/lsp/manager.go:347.57,349.3 1 0
github.com/lukaszraczylo/mcp-filepuff/internal/lsp/manager.go:352.2,353.64 2 0
github.com/lukaszraczylo/mcp-filepuff/internal/lsp/manager.go:353.64,356.62 2 0
github.com/lukaszraczylo/mcp-filepuff/internal/lsp/manager.go:356.62,358.4 1 0
github.com/lukaszraczylo/mcp-filepuff/internal/lsp/manager.go:361.2,361.23 1 0
github.com/lukaszraczylo/mcp-filepuff/internal/lsp/manager.go:365.124,368.16 3 1
github.com/lukaszraczylo/mcp-filepuff/internal/lsp/manager.go:368.16,370.3 1 1
github.com/lukaszraczylo/mcp-filepuff/internal/lsp/manager.go:373.2,374.16 2 0
github.com/lukaszraczylo/mcp-filepuff/internal/lsp/manager.go:374.16,376.3 1 0
github.com/lukaszraczylo/mcp-filepuff/internal/lsp/manager.go:378.2,397.16 5 0
github.com/lukaszraczylo/mcp-filepuff/internal/lsp/manager.go:397.16,399.3 1 0
github.com/lukaszraczylo/mcp-filepuff/internal/lsp/manager.go:401.2,401.57 1 0
github.com/lukaszraczylo/mcp-filepuff/internal/lsp/manager.go:401.57,403.3 1 0
github.com/lukaszraczylo/mcp-filepuff/internal/lsp/manager.go:405.2,406.64 2 0
github.com/lukaszraczylo/mcp-filepuff/internal/lsp/manager.go:406.64,408.3 1 0
github.com/lukaszraczylo/mcp-filepuff/internal/lsp/manager.go:410.2,410.23 1 0
github.com/lukaszraczylo/mcp-filepuff/internal/lsp/manager.go:414.98,418.36 3 0
github.com/lukaszraczylo/mcp-filepuff/internal/lsp/manager.go:418.36,421.3 2 0
github.com/lukaszraczylo/mcp-filepuff/internal/lsp/manager.go:422.2,426.16 3 0
github.com/lukaszraczylo/mcp-filepuff/internal/lsp/manager.go:426.16,428.3 1 0
github.com/lukaszraczylo/mcp-filepuff/internal/lsp/manager.go:431.2,442.74 3 0
github.com/lukaszraczylo/mcp-filepuff/internal/lsp/manager.go:442.74,444.3 1 0
github.com/lukaszraczylo/mcp-filepuff/internal/lsp/manager.go:446.2,450.12 4 0
github.com/lukaszraczylo/mcp-filepuff/internal/lsp/manager.go:454.95,459.23 4 1
github.com/lukaszraczylo/mcp-filepuff/internal/lsp/manager.go:459.23,461.3 1 1
github.com/lukaszraczylo/mcp-filepuff/internal/lsp/manager.go:463.2,466.37 3 0
github.com/lukaszraczylo/mcp-filepuff/internal/lsp/manager.go:466.37,469.3 2 0
github.com/lukaszraczylo/mcp-filepuff/internal/lsp/manager.go:470.2,479.59 4 0
github.com/lukaszraczylo/mcp-filepuff/internal/lsp/manager.go:483.37,487.6 3 1
github.com/lukaszraczylo/mcp-filepuff/internal/lsp/manager.go:487.6,488.10 1 1
github.com/lukaszraczylo/mcp-filepuff/internal/lsp/manager.go:489.23,490.10 1 1
github.com/lukaszraczylo/mcp-filepuff/internal/lsp/manager.go:491.19,497.37 4 0
github.com/lukaszraczylo/mcp-filepuff/internal/lsp/manager.go:497.37,503.13 4 0
github.com/lukaszraczylo/mcp-filepuff/internal/lsp/manager.go:503.13,507.6 3 0
github.com/lukaszraczylo/mcp-filepuff/internal/lsp/manager.go:509.4,513.32 2 0
github.com/lukaszraczylo/mcp-filepuff/internal/lsp/manager.go:513.32,516.5 2 0
github.com/lukaszraczylo/mcp-filepuff/internal/lsp/manager.go:522.33,530.35 5 1
github.com/lukaszraczylo/mcp-filepuff/internal/lsp/manager.go:530.35,538.3 6 0
github.com/lukaszraczylo/mcp-filepuff/internal/lsp/manager.go:540.2,541.12 2 1
github.com/lukaszraczylo/mcp-filepuff/internal/lsp/manager.go:545.60,547.9 2 1
github.com/lukaszraczylo/mcp-filepuff/internal/lsp/manager.go:547.9,549.3 1 0
github.com/lukaszraczylo/mcp-filepuff/internal/lsp/manager.go:551.2,552.19 2 1
github.com/lukaszraczylo/mcp-filepuff/internal/lsp/manager.go:556.36,558.16 2 1
github.com/lukaszraczylo/mcp-filepuff/internal/lsp/manager.go:558.16,560.3 1 0
github.com/lukaszraczylo/mcp-filepuff/internal/lsp/manager.go:561.2,561.28 1 1
github.com/lukaszraczylo/mcp-filepuff/internal/lsp/manager.go:565.35,566.42 1 1
github.com/lukaszraczylo/mcp-filepuff/internal/lsp/manager.go:566.42,568.3 1 1
github.com/lukaszraczylo/mcp-filepuff/internal/lsp/manager.go:569.2,569.12 1 1
github.com/lukaszraczylo/mcp-filepuff/internal/lsp/manager.go:573.53,574.14 1 1
github.com/lukaszraczylo/mcp-filepuff/internal/lsp/manager.go:575.23,576.14 1 1
github.com/lukaszraczylo/mcp-filepuff/internal/lsp/manager.go:577.31,578.22 1 1
github.com/lukaszraczylo/mcp-filepuff/internal/lsp/manager.go:579.31,580.22 1 1
github.com/lukaszraczylo/mcp-filepuff/internal/lsp/manager.go:581.27,582.18 1 1
github.com/lukaszraczylo/mcp-filepuff/internal/lsp/manager.go:583.22,584.13 1 1
github.com/lukaszraczylo/mcp-filepuff/internal/lsp/manager.go:585.24,586.15 1 1
github.com/lukaszraczylo/mcp-filepuff/internal/lsp/manager.go:587.10,588.22 1 1
github.com/lukaszraczylo/mcp-filepuff/internal/search/search.go:113.70,116.16 2 1
github.com/lukaszraczylo/mcp-filepuff/internal/search/search.go:116.16,118.3 1 0
github.com/lukaszraczylo/mcp-filepuff/internal/search/search.go:120.2,124.8 1 1
github.com/lukaszraczylo/mcp-filepuff/internal/search/search.go:128.86,129.23 1 1
github.com/lukaszraczylo/mcp-filepuff/internal/search/search.go:129.23,132.3 1 1
github.com/lukaszraczylo/mcp-filepuff/internal/search/search.go:135.2,154.16 11 1
github.com/lukaszraczylo/mcp-filepuff/internal/search/search.go:154.16,155.44 1 0
github.com/lukaszraczylo/mcp-filepuff/internal/search/search.go:155.44,157.4 1 0
github.com/lukaszraczylo/mcp-filepuff/internal/search/search.go:159.3,159.74 1 0
github.com/lukaszraczylo/mcp-filepuff/internal/search/search.go:159.74,161.4 1 0
github.com/lukaszraczylo/mcp-filepuff/internal/search/search.go:163.3,163.23 1 0
github.com/lukaszraczylo/mcp-filepuff/internal/search/search.go:163.23,168.4 1 0
github.com/lukaszraczylo/mcp-filepuff/internal/search/search.go:169.3,171.94 1 0
github.com/lukaszraczylo/mcp-filepuff/internal/search/search.go:175.2,175.47 1 1
github.com/lukaszraczylo/mcp-filepuff/internal/search/search.go:179.53,183.26 2 1
github.com/lukaszraczylo/mcp-filepuff/internal/search/search.go:183.26,185.3 1 1
github.com/lukaszraczylo/mcp-filepuff/internal/search/search.go:188.2,188.35 1 1
github.com/lukaszraczylo/mcp-filepuff/internal/search/search.go:188.35,190.3 1 1
github.com/lukaszraczylo/mcp-filepuff/internal/search/search.go:193.2,193.20 1 1
github.com/lukaszraczylo/mcp-filepuff/internal/search/search.go:193.20,195.3 1 1
github.com/lukaszraczylo/mcp-filepuff/internal/search/search.go:198.2,198.16 1 1
github.com/lukaszraczylo/mcp-filepuff/internal/search/search.go:198.16,200.3 1 1
github.com/lukaszraczylo/mcp-filepuff/internal/search/search.go:203.2,203.48 1 1
github.com/lukaszraczylo/mcp-filepuff/internal/search/search.go:203.48,205.3 1 1
github.com/lukaszraczylo/mcp-filepuff/internal/search/search.go:208.2,208.23 1 1
github.com/lukaszraczylo/mcp-filepuff/internal/search/search.go:208.23,210.3 1 0
github.com/lukaszraczylo/mcp-filepuff/internal/search/search.go:213.2,213.29 1 1
github.com/lukaszraczylo/mcp-filepuff/internal/search/search.go:213.29,215.3 1 0
github.com/lukaszraczylo/mcp-filepuff/internal/search/search.go:218.2,218.24 1 1
github.com/lukaszraczylo/mcp-filepuff/internal/search/search.go:218.24,220.3 1 1
github.com/lukaszraczylo/mcp-filepuff/internal/search/search.go:223.2,226.24 2 1
github.com/lukaszraczylo/mcp-filepuff/internal/search/search.go:226.24,227.31 1 0
github.com/lukaszraczylo/mcp-filepuff/internal/search/search.go:227.31,229.30 1 0
github.com/lukaszraczylo/mcp-filepuff/internal/search/search.go:229.30,231.5 1 0
github.com/lukaszraczylo/mcp-filepuff/internal/search/search.go:233.8,235.3 1 1
github.com/lukaszraczylo/mcp-filepuff/internal/search/search.go:237.2,237.13 1 1
github.com/lukaszraczylo/mcp-filepuff/internal/search/search.go:241.94,251.21 5 1
github.com/lukaszraczylo/mcp-filepuff/internal/search/search.go:251.21,253.21 2 1
github.com/lukaszraczylo/mcp-filepuff/internal/search/search.go:253.21,254.12 1 0
github.com/lukaszraczylo/mcp-filepuff/internal/search/search.go:257.3,258.52 2 1
github.com/lukaszraczylo/mcp-filepuff/internal/search/search.go:258.52,260.12 2 0
github.com/lukaszraczylo/mcp-filepuff/internal/search/search.go:263.3,263.19 1 1
github.com/lukaszraczylo/mcp-filepuff/internal/search/search.go:264.16,266.59 2 1
github.com/lukaszraczylo/mcp-filepuff/internal/search/search.go:266.59,267.13 1 0
github.com/lukaszraczylo/mcp-filepuff/internal/search/search.go:271.4,271.60 1 1
github.com/lukaszraczylo/mcp-filepuff/internal/search/search.go:271.60,273.13 2 0
github.com/lukaszraczylo/mcp-filepuff/internal/search/search.go:276.4,284.33 2 1
github.com/lukaszraczylo/mcp-filepuff/internal/search/search.go:284.33,286.5 1 1
github.com/lukaszraczylo/mcp-filepuff/internal/search/search.go:289.4,289.53 1 1
github.com/lukaszraczylo/mcp-filepuff/internal/search/search.go:289.53,292.5 2 1
github.com/lukaszraczylo/mcp-filepuff/internal/search/search.go:294.4,295.33 2 1
github.com/lukaszraczylo/mcp-filepuff/internal/search/search.go:297.18,299.57 2 1
github.com/lukaszraczylo/mcp-filepuff/internal/search/search.go:299.57,300.13 1 0
github.com/lukaszraczylo/mcp-filepuff/internal/search/search.go:303.4,306.32 2 1
github.com/lukaszraczylo/mcp-filepuff/internal/search/search.go:306.32,308.77 2 1
github.com/lukaszraczylo/mcp-filepuff/internal/search/search.go:308.77,311.6 1 1
github.com/lukaszraczylo/mcp-filepuff/internal/search/search.go:311.11,311.65 1 0
github.com/lukaszraczylo/mcp-filepuff/internal/search/search.go:311.65,314.6 1 0
github.com/lukaszraczylo/mcp-filepuff/internal/search/search.go:315.10,318.5 1 1
github.com/lukaszraczylo/mcp-filepuff/internal/search/search.go:320.18,322.61 2 1
github.com/lukaszraczylo/mcp-filepuff/internal/search/search.go:322.61,323.13 1 0
github.com/lukaszraczylo/mcp-filepuff/internal/search/search.go:325.4,325.41 1 1
github.com/lukaszraczylo/mcp-filepuff/internal/search/search.go:329.2,329.38 1 1
github.com/lukaszraczylo/mcp-filepuff/internal/search/search.go:329.38,331.3 1 0
github.com/lukaszraczylo/mcp-filepuff/internal/search/search.go:333.2,333.21 1 1
github.com/lukaszraczylo/mcp-filepuff/internal/search/search.go:337.65,338.31 1 1
github.com/lukaszraczylo/mcp-filepuff/internal/search/search.go:338.31,340.3 1 1
github.com/lukaszraczylo/mcp-filepuff/internal/search/search.go:342.2,347.36 4 1
github.com/lukaszraczylo/mcp-filepuff/internal/search/search.go:347.36,348.48 1 1
github.com/lukaszraczylo/mcp-filepuff/internal/search/search.go:348.48,350.4 1 1
github.com/lukaszraczylo/mcp-filepuff/internal/search/search.go:351.3,351.55 1 1
github.com/lukaszraczylo/mcp-filepuff/internal/search/search.go:355.2,358.23 4 1
github.com/lukaszraczylo/mcp-filepuff/internal/search/search.go:358.23,360.3 1 1
github.com/lukaszraczylo/mcp-filepuff/internal/search/search.go:361.2,364.33 2 1
github.com/lukaszraczylo/mcp-filepuff/internal/search/search.go:364.33,367.53 2 1
github.com/lukaszraczylo/mcp-filepuff/internal/search/search.go:367.53,368.107 1 1
github.com/lukaszraczylo/mcp-filepuff/internal/search/search.go:368.107,370.5 1 0
github.com/lukaszraczylo/mcp-filepuff/internal/search/search.go:373.3,375.39 2 1
github.com/lukaszraczylo/mcp-filepuff/internal/search/search.go:375.39,377.41 1 1
github.com/lukaszraczylo/mcp-filepuff/internal/search/search.go:377.41,379.5 1 0
github.com/lukaszraczylo/mcp-filepuff/internal/search/search.go:382.4,385.40 2 1
github.com/lukaszraczylo/mcp-filepuff/internal/search/search.go:385.40,387.5 1 0
github.com/lukaszraczylo/mcp-filepuff/internal/search/search.go:389.3,389.23 1 1
github.com/lukaszraczylo/mcp-filepuff/internal/search/search.go:392.2,392.20 1 1
github.com/lukaszraczylo/mcp-filepuff/internal/search/search.go:396.48,397.22 1 1
github.com/lukaszraczylo/mcp-filepuff/internal/search/search.go:397.22,399.3 1 1
github.com/lukaszraczylo/mcp-filepuff/internal/search/search.go:400.2,400.29 1 1
github.com/lukaszraczylo/mcp-filepuff/internal/query/query.go:78.53,80.2 1 1
github.com/lukaszraczylo/mcp-filepuff/internal/query/query.go:83.59,84.19 1 1
github.com/lukaszraczylo/mcp-filepuff/internal/query/query.go:84.19,86.3 1 1
github.com/lukaszraczylo/mcp-filepuff/internal/query/query.go:88.2,99.72 7 1
github.com/lukaszraczylo/mcp-filepuff/internal/query/query.go:99.72,106.3 2 1
github.com/lukaszraczylo/mcp-filepuff/internal/query/query.go:109.2,109.74 1 1
github.com/lukaszraczylo/mcp-filepuff/internal/query/query.go:109.74,112.3 2 1
github.com/lukaszraczylo/mcp-filepuff/internal/query/query.go:115.2,115.67 1 1
github.com/lukaszraczylo/mcp-filepuff/internal/query/query.go:115.67,121.3 1 1
github.com/lukaszraczylo/mcp-filepuff/internal/query/query.go:124.2,124.77 1 1
github.com/lukaszraczylo/mcp-filepuff/internal/query/query.go:124.77,127.3 2 1
github.com/lukaszraczylo/mcp-filepuff/internal/query/query.go:131.2,132.75 2 1
github.com/lukaszraczylo/mcp-filepuff/internal/query/query.go:132.75,135.78 2 1
github.com/lukaszraczylo/mcp-filepuff/internal/query/query.go:135.78,136.12 1 0
github.com/lukaszraczylo/mcp-filepuff/internal/query/query.go:138.3,142.5 1 1
github.com/lukaszraczylo/mcp-filepuff/internal/query/query.go:146.2,146.75 1 1
github.com/lukaszraczylo/mcp-filepuff/internal/query/query.go:146.75,148.78 2 1
github.com/lukaszraczylo/mcp-filepuff/internal/query/query.go:148.78,150.4 1 0
github.com/lukaszraczylo/mcp-filepuff/internal/query/query.go:151.3,152.49 2 1
github.com/lukaszraczylo/mcp-filepuff/internal/query/query.go:155.2,159.8 1 1
github.com/lukaszraczylo/mcp-filepuff/internal/query/query.go:163.138,164.25 1 1
github.com/lukaszraczylo/mcp-filepuff/internal/query/query.go:164.25,166.3 1 1
github.com/lukaszraczylo/mcp-filepuff/internal/query/query.go:168.2,169.48 2 1
github.com/lukaszraczylo/mcp-filepuff/internal/query/query.go:169.48,171.3 1 1
github.com/lukaszraczylo/mcp-filepuff/internal/query/query.go:174.2,175.16 2 1
github.com/lukaszraczylo/mcp-filepuff/internal/query/query.go:175.16,177.3 1 0
github.com/lukaszraczylo/mcp-filepuff/internal/query/query.go:179.2,183.17 3 1
github.com/lukaszraczylo/mcp-filepuff/internal/query/query.go:183.17,185.3 1 0
github.com/lukaszraczylo/mcp-filepuff/internal/query/query.go:187.2,187.50 1 1
github.com/lukaszraczylo/mcp-filepuff/internal/query/query.go:187.50,189.10 1 1
github.com/lukaszraczylo/mcp-filepuff/internal/query/query.go:190.21,191.16 1 0
github.com/lukaszraczylo/mcp-filepuff/internal/query/query.go:192.11,192.11 0 1
github.com/lukaszraczylo/mcp-filepuff/internal/query/query.go:196.3,196.66 1 1
github.com/lukaszraczylo/mcp-filepuff/internal/query/query.go:196.66,198.49 1 1
github.com/lukaszraczylo/mcp-filepuff/internal/query/query.go:198.49,200.5 1 1
github.com/lukaszraczylo/mcp-filepuff/internal/query/query.go:202.4,212.6 2 1
github.com/lukaszraczylo/mcp-filepuff/internal/query/query.go:215.3,215.14 1 1
github.com/lukaszraczylo/mcp-filepuff/internal/query/query.go:218.2,218.21 1 1
github.com/lukaszraczylo/mcp-filepuff/internal/query/query.go:223.107,224.17 1 1
github.com/lukaszraczylo/mcp-filepuff/internal/query/query.go:224.17,226.3 1 0
github.com/lukaszraczylo/mcp-filepuff/internal/query/query.go:228.2,234.26 3 1
github.com/lukaszraczylo/mcp-filepuff/internal/query/query.go:239.126,244.92 3 1
github.com/lukaszraczylo/mcp-filepuff/internal/query/query.go:244.92,245.114 1 1
github.com/lukaszraczylo/mcp-filepuff/internal/query/query.go:245.114,247.4 1 1
github.com/lukaszraczylo/mcp-filepuff/internal/query/query.go:248.3,249.14 2 1
github.com/lukaszraczylo/mcp-filepuff/internal/query/query.go:253.2,253.46 1 1
github.com/lukaszraczylo/mcp-filepuff/internal/query/query.go:253.46,254.72 1 1
github.com/lukaszraczylo/mcp-filepuff/internal/query/query.go:254.72,256.4 1 1
github.com/lukaszraczylo/mcp-filepuff/internal/query/query.go:257.3,258.14 2 1
github.com/lukaszraczylo/mcp-filepuff/internal/query/query.go:262.2,262.134 1 1
github.com/lukaszraczylo/mcp-filepuff/internal/query/query.go:262.134,263.71 1 1
github.com/lukaszraczylo/mcp-filepuff/internal/query/query.go:263.71,265.4 1 1
github.com/lukaszraczylo/mcp-filepuff/internal/query/query.go:266.3,267.14 2 1
github.com/lukaszraczylo/mcp-filepuff/internal/query/query.go:271.2,271.50 1 0
github.com/lukaszraczylo/mcp-filepuff/internal/query/query.go:271.50,272.76 1 0
github.com/lukaszraczylo/mcp-filepuff/internal/query/query.go:272.76,274.4 1 0
github.com/lukaszraczylo/mcp-filepuff/internal/query/query.go:275.3,276.14 2 0
github.com/lukaszraczylo/mcp-filepuff/internal/query/query.go:279.2,279.14 1 0
github.com/lukaszraczylo/mcp-filepuff/internal/query/query.go:283.122,284.34 1 1
github.com/lukaszraczylo/mcp-filepuff/internal/query/query.go:284.34,285.19 1 1
github.com/lukaszraczylo/mcp-filepuff/internal/query/query.go:286.23,287.66 1 1
github.com/lukaszraczylo/mcp-filepuff/internal/query/query.go:287.66,292.5 1 1
github.com/lukaszraczylo/mcp-filepuff/internal/query/query.go:293.43,294.76 1 1
github.com/lukaszraczylo/mcp-filepuff/internal/query/query.go:294.76,296.60 2 1
github.com/lukaszraczylo/mcp-filepuff/internal/query/query.go:296.60,298.6 1 1
github.com/lukaszraczylo/mcp-filepuff/internal/query/query.go:299.5,302.6 1 1
github.com/lukaszraczylo/mcp-filepuff/internal/query/query.go:304.23,305.66 1 1
github.com/lukaszraczylo/mcp-filepuff/internal/query/query.go:305.66,310.5 1 1
github.com/lukaszraczylo/mcp-filepuff/internal/query/query.go:311.47,312.72 1 0
github.com/lukaszraczylo/mcp-filepuff/internal/query/query.go:312.72,317.5 1 0
github.com/lukaszraczylo/mcp-filepuff/internal/query/query.go:323.119,324.34 1 1
github.com/lukaszraczylo/mcp-filepuff/internal/query/query.go:324.34,325.19 1 1
github.com/lukaszraczylo/mcp-filepuff/internal/query/query.go:326.23,327.66 1 1
github.com/lukaszraczylo/mcp-filepuff/internal/query/query.go:327.66,332.5 1 1
github.com/lukaszraczylo/mcp-filepuff/internal/query/query.go:333.23,334.66 1 1
github.com/lukaszraczylo/mcp-filepuff/internal/query/query.go:334.66,339.5 1 1
github.com/lukaszraczylo/mcp-filepuff/internal/query/query.go:340.57,341.78 1 0
github.com/lukaszraczylo/mcp-filepuff/internal/query/query.go:341.78,346.5 1 0
github.com/lukaszraczylo/mcp-filepuff/internal/query/query.go:352.120,353.34 1 1
github.com/lukaszraczylo/mcp-filepuff/internal/query/query.go:353.34,354.19 1 1
github.com/lukaszraczylo/mcp-filepuff/internal/query/query.go:355.23,357.41 1 1
github.com/lukaszraczylo/mcp-filepuff/internal/query/query.go:357.41,358.54 1 1
github.com/lukaszraczylo/mcp-filepuff/internal/query/query.go:358.54,360.53 2 1
github.com/lukaszraczylo/mcp-filepuff/internal/query/query.go:360.53,361.70 1 1
github.com/lukaszraczylo/mcp-filepuff/internal/query/query.go:361.70,366.8 1 1
github.com/lukaszraczylo/mcp-filepuff/internal/query/query.go:369.10,369.73 1 0
github.com/lukaszraczylo/mcp-filepuff/internal/query/query.go:369.73,374.5 1 0
github.com/lukaszraczylo/mcp-filepuff/internal/query/query.go:375.43,376.66 1 1
github.com/lukaszraczylo/mcp-filepuff/internal/query/query.go:376.66,381.5 1 0
github.com/lukaszraczylo/mcp-filepuff/internal/query/query.go:387.123,388.34 1 0
github.com/lukaszraczylo/mcp-filepuff/internal/query/query.go:388.34,389.19 1 0
github.com/lukaszraczylo/mcp-filepuff/internal/query/query.go:390.23,391.66 1 0
github.com/lukaszraczylo/mcp-filepuff/internal/query/query.go:391.66,396.5 1 0
github.com/lukaszraczylo/mcp-filepuff/internal/query/query.go:397.45,398.66 1 0
github.com/lukaszraczylo/mcp-filepuff/internal/query/query.go:398.66,403.5 1 0
github.com/lukaszraczylo/mcp-filepuff/internal/query/query.go:409.82,411.31 1 1
github.com/lukaszraczylo/mcp-filepuff/internal/query/query.go:411.31,413.22 2 1
github.com/lukaszraczylo/mcp-filepuff/internal/query/query.go:413.22,415.4 1 0
github.com/lukaszraczylo/mcp-filepuff/internal/query/query.go:416.3,418.17 3 1
github.com/lukaszraczylo/mcp-filepuff/internal/query/query.go:418.17,420.4 1 0
github.com/lukaszraczylo/mcp-filepuff/internal/query/query.go:421.3,421.28 1 1
github.com/lukaszraczylo/mcp-filepuff/internal/query/query.go:421.28,423.4 1 1
github.com/lukaszraczylo/mcp-filepuff/internal/query/query.go:427.2,427.29 1 1
github.com/lukaszraczylo/mcp-filepuff/internal/query/query.go:427.29,429.22 2 1
github.com/lukaszraczylo/mcp-filepuff/internal/query/query.go:429.22,431.4 1 0
github.com/lukaszraczylo/mcp-filepuff/internal/query/query.go:432.3,433.32 2 1
github.com/lukaszraczylo/mcp-filepuff/internal/query/query.go:433.32,435.4 1 1
github.com/lukaszraczylo/mcp-filepuff/internal/query/query.go:439.2,439.29 1 1
github.com/lukaszraczylo/mcp-filepuff/internal/query/query.go:439.29,442.39 3 1
github.com/lukaszraczylo/mcp-filepuff/internal/query/query.go:442.39,443.24 1 1
github.com/lukaszraczylo/mcp-filepuff/internal/query/query.go:443.24,445.10 2 1
github.com/lukaszraczylo/mcp-filepuff/internal/query/query.go:448.3,448.13 1 1
github.com/lukaszraczylo/mcp-filepuff/internal/query/query.go:448.13,450.4 1 0
github.com/lukaszraczylo/mcp-filepuff/internal/query/query.go:453.2,453.13 1 1
github.com/lukaszraczylo/mcp-filepuff/internal/query/query.go:457.66,458.23 1 1
github.com/lukaszraczylo/mcp-filepuff/internal/query/query.go:458.23,460.3 1 1
github.com/lukaszraczylo/mcp-filepuff/internal/query/query.go:462.2,467.49 5 1
github.com/lukaszraczylo/mcp-filepuff/internal/query/query.go:467.49,470.3 2 1
github.com/lukaszraczylo/mcp-filepuff/internal/query/query.go:472.2,472.36 1 1
github.com/lukaszraczylo/mcp-filepuff/internal/query/query.go:472.36,475.20 3 1
github.com/lukaszraczylo/mcp-filepuff/internal/query/query.go:475.20,477.4 1 0
github.com/lukaszraczylo/mcp-filepuff/internal/query/query.go:478.3,482.22 3 1
github.com/lukaszraczylo/mcp-filepuff/internal/query/query.go:482.22,484.4 1 0
github.com/lukaszraczylo/mcp-filepuff/internal/query/query.go:485.3,490.26 4 1
github.com/lukaszraczylo/mcp-filepuff/internal/query/query.go:490.26,493.38 3 1
github.com/lukaszraczylo/mcp-filepuff/internal/query/query.go:493.38,494.15 1 1
github.com/lukaszraczylo/mcp-filepuff/internal/query/query.go:494.15,496.6 1 0
github.com/lukaszraczylo/mcp-filepuff/internal/query/query.go:497.5,499.26 3 1
github.com/lukaszraczylo/mcp-filepuff/internal/query/query.go:499.26,501.6 1 0
github.com/lukaszraczylo/mcp-filepuff/internal/query/query.go:502.5,502.57 1 1
github.com/lukaszraczylo/mcp-filepuff/internal/query/query.go:504.4,504.24 1 1
github.com/lukaszraczylo/mcp-filepuff/internal/query/query.go:506.3,506.23 1 1
github.com/lukaszraczylo/mcp-filepuff/internal/query/query.go:509.2,509.15 1 1
github.com/lukaszraczylo/mcp-filepuff/internal/query/query.go:509.15,511.3 1 1
github.com/lukaszraczylo/mcp-filepuff/internal/query/query.go:513.2,513.20 1 1
github.com/lukaszraczylo/mcp-filepuff/internal/edit/edit.go:67.51,72.2 1 1
github.com/lukaszraczylo/mcp-filepuff/internal/edit/edit.go:76.51,82.2 4 1
github.com/lukaszraczylo/mcp-filepuff/internal/edit/edit.go:85.83,87.2 1 1
github.com/lukaszraczylo/mcp-filepuff/internal/edit/edit.go:91.81,95.2 3 1
github.com/lukaszraczylo/mcp-filepuff/internal/edit/edit.go:98.99,102.17 2 1
github.com/lukaszraczylo/mcp-filepuff/internal/edit/edit.go:102.17,104.3 1 1
github.com/lukaszraczylo/mcp-filepuff/internal/edit/edit.go:105.2,105.43 1 1
github.com/lukaszraczylo/mcp-filepuff/internal/edit/edit.go:109.56,111.65 1 1
github.com/lukaszraczylo/mcp-filepuff/internal/edit/edit.go:111.65,113.3 1 1
github.com/lukaszraczylo/mcp-filepuff/internal/edit/edit.go:116.2,117.87 1 1
github.com/lukaszraczylo/mcp-filepuff/internal/edit/edit.go:117.87,119.3 1 1
github.com/lukaszraczylo/mcp-filepuff/internal/edit/edit.go:122.2,123.37 2 1
github.com/lukaszraczylo/mcp-filepuff/internal/edit/edit.go:127.102,129.48 1 1
github.com/lukaszraczylo/mcp-filepuff/internal/edit/edit.go:129.48,131.3 1 0
github.com/lukaszraczylo/mcp-filepuff/internal/edit/edit.go:134.2,135.16 2 1
github.com/lukaszraczylo/mcp-filepuff/internal/edit/edit.go:135.16,138.3 2 0
github.com/lukaszraczylo/mcp-filepuff/internal/edit/edit.go:141.2,142.16 2 1
github.com/lukaszraczylo/mcp-filepuff/internal/edit/edit.go:142.16,144.3 1 0
github.com/lukaszraczylo/mcp-filepuff/internal/edit/edit.go:147.2,148.16 2 1
github.com/lukaszraczylo/mcp-filepuff/internal/edit/edit.go:148.16,150.3 1 0
github.com/lukaszraczylo/mcp-filepuff/internal/edit/edit.go:153.2,154.16 2 1
github.com/lukaszraczylo/mcp-filepuff/internal/edit/edit.go:154.16,156.3 1 0
github.com/lukaszraczylo/mcp-filepuff/internal/edit/edit.go:159.2,160.16 2 1
github.com/lukaszraczylo/mcp-filepuff/internal/edit/edit.go:160.16,166.3 2 1
github.com/lukaszraczylo/mcp-filepuff/internal/edit/edit.go:169.2,180.11 3 1
github.com/lukaszraczylo/mcp-filepuff/internal/edit/edit.go:180.11,184.17 3 1
github.com/lukaszraczylo/mcp-filepuff/internal/edit/edit.go:184.17,186.4 1 1
github.com/lukaszraczylo/mcp-filepuff/internal/edit/edit.go:188.3,188.67 1 1
github.com/lukaszraczylo/mcp-filepuff/internal/edit/edit.go:188.67,194.4 2 0
github.com/lukaszraczylo/mcp-filepuff/internal/edit/edit.go:195.3,195.24 1 1
github.com/lukaszraczylo/mcp-filepuff/internal/edit/edit.go:198.2,198.20 1 1
github.com/lukaszraczylo/mcp-filepuff/internal/edit/edit.go:202.101,204.49 1 1
github.com/lukaszraczylo/mcp-filepuff/internal/edit/edit.go:204.49,206.3 1 0
github.com/lukaszraczylo/mcp-filepuff/internal/edit/edit.go:209.2,210.16 2 1
github.com/lukaszraczylo/mcp-filepuff/internal/edit/edit.go:210.16,213.3 2 0
github.com/lukaszraczylo/mcp-filepuff/internal/edit/edit.go:216.2,217.16 2 1
github.com/lukaszraczylo/mcp-filepuff/internal/edit/edit.go:217.16,219.3 1 1
github.com/lukaszraczylo/mcp-filepuff/internal/edit/edit.go:222.2,223.16 2 1
github.com/lukaszraczylo/mcp-filepuff/internal/edit/edit.go:223.16,225.3 1 0
github.com/lukaszraczylo/mcp-filepuff/internal/edit/edit.go:228.2,239.11 3 1
github.com/lukaszraczylo/mcp-filepuff/internal/edit/edit.go:239.11,243.17 3 1
github.com/lukaszraczylo/mcp-filepuff/internal/edit/edit.go:243.17,245.4 1 1
github.com/lukaszraczylo/mcp-filepuff/internal/edit/edit.go:247.3,247.67 1 1
github.com/lukaszraczylo/mcp-filepuff/internal/edit/edit.go:247.67,253.4 2 0
github.com/lukaszraczylo/mcp-filepuff/internal/edit/edit.go:254.3,254.24 1 1
github.com/lukaszraczylo/mcp-filepuff/internal/edit/edit.go:257.2,257.20 1 1
github.com/lukaszraczylo/mcp-filepuff/internal/edit/edit.go:261.56,262.21 1 1
github.com/lukaszraczylo/mcp-filepuff/internal/edit/edit.go:262.21,264.3 1 1
github.com/lukaszraczylo/mcp-filepuff/internal/edit/edit.go:266.2,266.26 1 1
github.com/lukaszraczylo/mcp-filepuff/internal/edit/edit.go:266.26,268.3 1 1
github.com/lukaszraczylo/mcp-filepuff/internal/edit/edit.go:271.2,271.24 1 1
github.com/lukaszraczylo/mcp-filepuff/internal/edit/edit.go:272.54,273.28 1 1
github.com/lukaszraczylo/mcp-filepuff/internal/edit/edit.go:273.28,275.4 1 1
github.com/lukaszraczylo/mcp-filepuff/internal/edit/edit.go:276.18,276.18 0 1
github.com/lukaszraczylo/mcp-filepuff/internal/edit/edit.go:278.10,279.90 1 1
github.com/lukaszraczylo/mcp-filepuff/internal/edit/edit.go:282.2,282.12 1 1
github.com/lukaszraczylo/mcp-filepuff/internal/edit/edit.go:286.55,287.49 1 1
github.com/lukaszraczylo/mcp-filepuff/internal/edit/edit.go:287.49,289.3 1 1
github.com/lukaszraczylo/mcp-filepuff/internal/edit/edit.go:292.2,292.118 1 1
github.com/lukaszraczylo/mcp-filepuff/internal/edit/edit.go:292.118,294.3 1 1
github.com/lukaszraczylo/mcp-filepuff/internal/edit/edit.go:296.2,296.12 1 1
github.com/lukaszraczylo/mcp-filepuff/internal/edit/edit.go:300.56,301.49 1 1
github.com/lukaszraczylo/mcp-filepuff/internal/edit/edit.go:301.49,303.3 1 0
github.com/lukaszraczylo/mcp-filepuff/internal/edit/edit.go:306.2,310.22 2 1
github.com/lukaszraczylo/mcp-filepuff/internal/edit/edit.go:310.22,312.3 1 1
github.com/lukaszraczylo/mcp-filepuff/internal/edit/edit.go:315.2,315.37 1 1
github.com/lukaszraczylo/mcp-filepuff/internal/edit/edit.go:315.37,316.73 1 1
github.com/lukaszraczylo/mcp-filepuff/internal/edit/edit.go:316.73,318.4 1 1
github.com/lukaszraczylo/mcp-filepuff/internal/edit/edit.go:321.2,321.12 1 1
github.com/lukaszraczylo/mcp-filepuff/internal/edit/edit.go:325.108,326.17 1 1
github.com/lukaszraczylo/mcp-filepuff/internal/edit/edit.go:326.17,328.3 1 0
github.com/lukaszraczylo/mcp-filepuff/internal/edit/edit.go:330.2,331.17 2 1
github.com/lukaszraczylo/mcp-filepuff/internal/edit/edit.go:331.17,333.3 1 0
github.com/lukaszraczylo/mcp-filepuff/internal/edit/edit.go:335.2,337.50 2 1
github.com/lukaszraczylo/mcp-filepuff/internal/edit/edit.go:337.50,338.41 1 1
github.com/lukaszraczylo/mcp-filepuff/internal/edit/edit.go:338.41,340.4 1 1
github.com/lukaszraczylo/mcp-filepuff/internal/edit/edit.go:341.3,341.14 1 1
github.com/lukaszraczylo/mcp-filepuff/internal/edit/edit.go:344.2,344.23 1 1
github.com/lukaszraczylo/mcp-filepuff/internal/edit/edit.go:344.23,347.3 2 1
github.com/lukaszraczylo/mcp-filepuff/internal/edit/edit.go:351.2,351.38 1 1
github.com/lukaszraczylo/mcp-filepuff/internal/edit/edit.go:351.38,353.3 1 1
github.com/lukaszraczylo/mcp-filepuff/internal/edit/edit.go:356.2,357.40 2 1
github.com/lukaszraczylo/mcp-filepuff/internal/edit/edit.go:357.40,359.3 1 1
github.com/lukaszraczylo/mcp-filepuff/internal/edit/edit.go:361.2,361.28 1 1
github.com/lukaszraczylo/mcp-filepuff/internal/edit/edit.go:367.61,368.21 1 1
github.com/lukaszraczylo/mcp-filepuff/internal/edit/edit.go:368.21,370.3 1 0
github.com/lukaszraczylo/mcp-filepuff/internal/edit/edit.go:373.2,376.37 3 1
github.com/lukaszraczylo/mcp-filepuff/internal/edit/edit.go:376.37,377.40 1 1
github.com/lukaszraczylo/mcp-filepuff/internal/edit/edit.go:377.40,378.42 1 1
github.com/lukaszraczylo/mcp-filepuff/internal/edit/edit.go:378.42,380.5 1 1
github.com/lukaszraczylo/mcp-filepuff/internal/edit/edit.go:384.2,384.15 1 1
github.com/lukaszraczylo/mcp-filepuff/internal/edit/edit.go:388.43,392.27 3 1
github.com/lukaszraczylo/mcp-filepuff/internal/edit/edit.go:392.27,394.3 1 1
github.com/lukaszraczylo/mcp-filepuff/internal/edit/edit.go:395.2,395.27 1 1
github.com/lukaszraczylo/mcp-filepuff/internal/edit/edit.go:395.27,397.3 1 1
github.com/lukaszraczylo/mcp-filepuff/internal/edit/edit.go:401.2,407.25 5 1
github.com/lukaszraczylo/mcp-filepuff/internal/edit/edit.go:407.25,409.3 1 1
github.com/lukaszraczylo/mcp-filepuff/internal/edit/edit.go:410.2,410.25 1 1
github.com/lukaszraczylo/mcp-filepuff/internal/edit/edit.go:410.25,412.3 1 1
github.com/lukaszraczylo/mcp-filepuff/internal/edit/edit.go:415.2,415.22 1 1
github.com/lukaszraczylo/mcp-filepuff/internal/edit/edit.go:419.46,426.46 2 1
github.com/lukaszraczylo/mcp-filepuff/internal/edit/edit.go:426.46,427.42 1 1
github.com/lukaszraczylo/mcp-filepuff/internal/edit/edit.go:427.42,429.4 1 1
github.com/lukaszraczylo/mcp-filepuff/internal/edit/edit.go:431.2,431.14 1 1
github.com/lukaszraczylo/mcp-filepuff/internal/edit/edit.go:435.88,437.44 1 1
github.com/lukaszraczylo/mcp-filepuff/internal/edit/edit.go:437.44,439.3 1 1
github.com/lukaszraczylo/mcp-filepuff/internal/edit/edit.go:442.2,442.20 1 1
github.com/lukaszraczylo/mcp-filepuff/internal/edit/edit.go:442.20,444.22 2 1
github.com/lukaszraczylo/mcp-filepuff/internal/edit/edit.go:444.22,447.50 2 1
github.com/lukaszraczylo/mcp-filepuff/internal/edit/edit.go:447.50,449.53 2 1
github.com/lukaszraczylo/mcp-filepuff/internal/edit/edit.go:449.53,450.56 1 1
github.com/lukaszraczylo/mcp-filepuff/internal/edit/edit.go:450.56,452.12 2 0
github.com/lukaszraczylo/mcp-filepuff/internal/edit/edit.go:456.4,456.14 1 1
github.com/lukaszraczylo/mcp-filepuff/internal/edit/edit.go:456.14,458.5 1 1
github.com/lukaszraczylo/mcp-filepuff/internal/edit/edit.go:459.9,459.63 1 1
github.com/lukaszraczylo/mcp-filepuff/internal/edit/edit.go:459.63,461.4 1 1
github.com/lukaszraczylo/mcp-filepuff/internal/edit/edit.go:465.2,465.20 1 1
github.com/lukaszraczylo/mcp-filepuff/internal/edit/edit.go:465.20,468.53 3 1
github.com/lukaszraczylo/mcp-filepuff/internal/edit/edit.go:468.53,470.4 1 1
github.com/lukaszraczylo/mcp-filepuff/internal/edit/edit.go:474.2,474.23 1 1
github.com/lukaszraczylo/mcp-filepuff/internal/edit/edit.go:474.23,476.47 2 0
github.com/lukaszraczylo/mcp-filepuff/internal/edit/edit.go:476.47,478.4 1 0
github.com/lukaszraczylo/mcp-filepuff/internal/edit/edit.go:481.2,481.13 1 1
github.com/lukaszraczylo/mcp-filepuff/internal/edit/edit.go:485.94,495.24 6 1
github.com/lukaszraczylo/mcp-filepuff/internal/edit/edit.go:496.19,499.48 3 1
github.com/lukaszraczylo/mcp-filepuff/internal/edit/edit.go:501.24,505.50 4 1
github.com/lukaszraczylo/mcp-filepuff/internal/edit/edit.go:507.23,511.48 4 1
github.com/lukaszraczylo/mcp-filepuff/internal/edit/edit.go:513.18,515.48 2 1
github.com/lukaszraczylo/mcp-filepuff/internal/edit/edit.go:517.10,518.95 1 0
github.com/lukaszraczylo/mcp-filepuff/internal/edit/edit.go:521.2,521.20 1 1
github.com/lukaszraczylo/mcp-filepuff/internal/edit/edit.go:525.60,528.52 2 1
github.com/lukaszraczylo/mcp-filepuff/internal/edit/edit.go:528.52,530.3 1 1
github.com/lukaszraczylo/mcp-filepuff/internal/edit/edit.go:533.2,534.59 2 1
github.com/lukaszraczylo/mcp-filepuff/internal/edit/edit.go:534.59,536.28 2 1
github.com/lukaszraczylo/mcp-filepuff/internal/edit/edit.go:536.28,538.4 1 1
github.com/lukaszraczylo/mcp-filepuff/internal/edit/edit.go:538.9,539.9 1 1
github.com/lukaszraczylo/mcp-filepuff/internal/edit/edit.go:543.2,543.24 1 1
github.com/lukaszraczylo/mcp-filepuff/internal/edit/edit.go:547.58,548.18 1 1
github.com/lukaszraczylo/mcp-filepuff/internal/edit/edit.go:548.18,550.3 1 1
github.com/lukaszraczylo/mcp-filepuff/internal/edit/edit.go:552.2,553.29 2 1
github.com/lukaszraczylo/mcp-filepuff/internal/edit/edit.go:553.29,554.26 1 1
github.com/lukaszraczylo/mcp-filepuff/internal/edit/edit.go:554.26,556.4 1 0
github.com/lukaszraczylo/mcp-filepuff/internal/edit/edit.go:559.2,559.34 1 1
github.com/lukaszraczylo/mcp-filepuff/internal/edit/edit.go:564.63,578.29 8 1
github.com/lukaszraczylo/mcp-filepuff/internal/edit/edit.go:578.29,580.30 2 1
github.com/lukaszraczylo/mcp-filepuff/internal/edit/edit.go:580.30,582.39 1 1
github.com/lukaszraczylo/mcp-filepuff/internal/edit/edit.go:582.39,583.13 1 1
github.com/lukaszraczylo/mcp-filepuff/internal/edit/edit.go:586.4,586.21 1 1
github.com/lukaszraczylo/mcp-filepuff/internal/edit/edit.go:587.35,588.48 1 1
github.com/lukaszraczylo/mcp-filepuff/internal/edit/edit.go:589.35,590.48 1 1
github.com/lukaszraczylo/mcp-filepuff/internal/edit/edit.go:591.34,593.14 2 1
github.com/lukaszraczylo/mcp-filepuff/internal/edit/edit.go:598.2,598.21 1 1
github.com/lukaszraczylo/mcp-filepuff/internal/edit/edit.go:602.99,603.9 1 1
github.com/lukaszraczylo/mcp-filepuff/internal/edit/edit.go:604.22,605.55 1 1
github.com/lukaszraczylo/mcp-filepuff/internal/edit/edit.go:606.29,607.65 1 1
github.com/lukaszraczylo/mcp-filepuff/internal/edit/edit.go:608.22,609.59 1 1
github.com/lukaszraczylo/mcp-filepuff/internal/edit/edit.go:610.10,611.99 1 0
github.com/lukaszraczylo/mcp-filepuff/internal/edit/edit.go:616.100,617.16 1 1
github.com/lukaszraczylo/mcp-filepuff/internal/edit/edit.go:617.16,619.3 1 0
github.com/lukaszraczylo/mcp-filepuff/internal/edit/edit.go:621.2,626.6 5 1
github.com/lukaszraczylo/mcp-filepuff/internal/edit/edit.go:626.6,628.16 2 1
github.com/lukaszraczylo/mcp-filepuff/internal/edit/edit.go:628.16,629.9 1 1
github.com/lukaszraczylo/mcp-filepuff/internal/edit/edit.go:631.3,635.20 2 1
github.com/lukaszraczylo/mcp-filepuff/internal/edit/edit.go:638.2,638.23 1 1
github.com/lukaszraczylo/mcp-filepuff/internal/edit/edit.go:638.23,640.3 1 0
github.com/lukaszraczylo/mcp-filepuff/internal/edit/edit.go:643.2,643.36 1 1
github.com/lukaszraczylo/mcp-filepuff/internal/edit/edit.go:643.36,648.29 2 1
github.com/lukaszraczylo/mcp-filepuff/internal/edit/edit.go:648.29,649.14 1 1
github.com/lukaszraczylo/mcp-filepuff/internal/edit/edit.go:649.14,651.10 2 0
github.com/lukaszraczylo/mcp-filepuff/internal/edit/edit.go:653.4,654.63 2 1
github.com/lukaszraczylo/mcp-filepuff/internal/edit/edit.go:656.3,657.65 1 1
github.com/lukaszraczylo/mcp-filepuff/internal/edit/edit.go:660.2,660.27 1 1
github.com/lukaszraczylo/mcp-filepuff/internal/edit/edit.go:660.27,662.3 1 0
github.com/lukaszraczylo/mcp-filepuff/internal/edit/edit.go:664.2,664.54 1 1
github.com/lukaszraczylo/mcp-filepuff/internal/edit/edit.go:668.106,670.16 2 1
github.com/lukaszraczylo/mcp-filepuff/internal/edit/edit.go:670.16,672.3 1 0
github.com/lukaszraczylo/mcp-filepuff/internal/edit/edit.go:674.2,675.23 2 1
github.com/lukaszraczylo/mcp-filepuff/internal/edit/edit.go:675.23,677.3 1 0
github.com/lukaszraczylo/mcp-filepuff/internal/edit/edit.go:680.2,680.36 1 1
github.com/lukaszraczylo/mcp-filepuff/internal/edit/edit.go:680.36,682.29 2 0
github.com/lukaszraczylo/mcp-filepuff/internal/edit/edit.go:682.29,683.14 1 0
github.com/lukaszraczylo/mcp-filepuff/internal/edit/edit.go:683.14,685.10 2 0
github.com/lukaszraczylo/mcp-filepuff/internal/edit/edit.go:687.4,688.63 2 0
github.com/lukaszraczylo/mcp-filepuff/internal/edit/edit.go:690.3,691.65 1 0
github.com/lukaszraczylo/mcp-filepuff/internal/edit/edit.go:694.2,694.27 1 1
github.com/lukaszraczylo/mcp-filepuff/internal/edit/edit.go:694.27,696.3 1 0
github.com/lukaszraczylo/mcp-filepuff/internal/edit/edit.go:698.2,698.50 1 1
github.com/lukaszraczylo/mcp-filepuff/internal/edit/edit.go:702.100,703.18 1 1
github.com/lukaszraczylo/mcp-filepuff/internal/edit/edit.go:703.18,705.3 1 1
github.com/lukaszraczylo/mcp-filepuff/internal/edit/edit.go:707.2,707.19 1 1
github.com/lukaszraczylo/mcp-filepuff/internal/edit/edit.go:707.19,709.3 1 1
github.com/lukaszraczylo/mcp-filepuff/internal/edit/edit.go:711.2,711.25 1 1
github.com/lukaszraczylo/mcp-filepuff/internal/edit/edit.go:711.25,713.3 1 1
github.com/lukaszraczylo/mcp-filepuff/internal/edit/edit.go:715.2,722.28 5 1
github.com/lukaszraczylo/mcp-filepuff/internal/edit/edit.go:722.28,724.3 1 1
github.com/lukaszraczylo/mcp-filepuff/internal/edit/edit.go:725.2,725.26 1 1
github.com/lukaszraczylo/mcp-filepuff/internal/edit/edit.go:725.26,727.3 1 0
github.com/lukaszraczylo/mcp-filepuff/internal/edit/edit.go:730.2,731.32 2 1
github.com/lukaszraczylo/mcp-filepuff/internal/edit/edit.go:731.32,733.3 1 1
github.com/lukaszraczylo/mcp-filepuff/internal/edit/edit.go:735.2,736.38 2 1
github.com/lukaszraczylo/mcp-filepuff/internal/edit/edit.go:736.38,738.23 2 1
github.com/lukaszraczylo/mcp-filepuff/internal/edit/edit.go:738.23,740.4 1 1
github.com/lukaszraczylo/mcp-filepuff/internal/edit/edit.go:743.2,743.24 1 1
github.com/lukaszraczylo/mcp-filepuff/internal/edit/edit.go:747.126,754.12 4 1
github.com/lukaszraczylo/mcp-filepuff/internal/edit/edit.go:755.19,758.44 3 1
github.com/lukaszraczylo/mcp-filepuff/internal/edit/edit.go:760.24,764.46 4 0
github.com/lukaszraczylo/mcp-filepuff/internal/edit/edit.go:766.23,770.44 4 1
github.com/lukaszraczylo/mcp-filepuff/internal/edit/edit.go:772.18,774.44 2 0
github.com/lukaszraczylo/mcp-filepuff/internal/edit/edit.go:776.10,777.83 1 0
github.com/lukaszraczylo/mcp-filepuff/internal/edit/edit.go:780.2,780.20 1 1
github.com/lukaszraczylo/mcp-filepuff/internal/edit/edit.go:784.50,785.22 1 1
github.com/lukaszraczylo/mcp-filepuff/internal/edit/edit.go:785.22,787.3 1 1
github.com/lukaszraczylo/mcp-filepuff/internal/edit/edit.go:788.2,788.29 1 0
github.com/lukaszraczylo/mcp-filepuff/internal/edit/edit.go:792.37,794.2 1 1
github.com/lukaszraczylo/mcp-filepuff/internal/edit/edit.go:799.46,801.34 2 0
github.com/lukaszraczylo/mcp-filepuff/internal/edit/edit.go:801.34,803.3 1 0
github.com/lukaszraczylo/mcp-filepuff/internal/edit/edit.go:804.2,804.12 1 0
github.com/lukaszraczylo/mcp-filepuff/internal/metrics/metrics.go:23.71,29.2 1 1
github.com/lukaszraczylo/mcp-filepuff/internal/metrics/metrics.go:32.25,34.2 1 1
github.com/lukaszraczylo/mcp-filepuff/internal/metrics/metrics.go:37.36,39.2 1 1
github.com/lukaszraczylo/mcp-filepuff/internal/metrics/metrics.go:42.33,44.2 1 1
github.com/lukaszraczylo/mcp-filepuff/internal/metrics/metrics.go:47.27,49.2 1 1
github.com/lukaszraczylo/mcp-filepuff/internal/metrics/metrics.go:60.67,66.2 1 1
github.com/lukaszraczylo/mcp-filepuff/internal/metrics/metrics.go:69.32,71.2 1 1
github.com/lukaszraczylo/mcp-filepuff/internal/metrics/metrics.go:74.23,76.2 1 1
github.com/lukaszraczylo/mcp-filepuff/internal/metrics/metrics.go:79.23,81.2 1 1
github.com/lukaszraczylo/mcp-filepuff/internal/metrics/metrics.go:84.34,86.2 1 1
github.com/lukaszraczylo/mcp-filepuff/internal/metrics/metrics.go:89.31,91.2 1 1
github.com/lukaszraczylo/mcp-filepuff/internal/metrics/metrics.go:110.94,111.20 1 1
github.com/lukaszraczylo/mcp-filepuff/internal/metrics/metrics.go:111.20,113.3 1 1
github.com/lukaszraczylo/mcp-filepuff/internal/metrics/metrics.go:115.2,126.10 5 1
github.com/lukaszraczylo/mcp-filepuff/internal/metrics/metrics.go:130.42,136.34 3 1
github.com/lukaszraczylo/mcp-filepuff/internal/metrics/metrics.go:136.34,137.19 1 1
github.com/lukaszraczylo/mcp-filepuff/internal/metrics/metrics.go:137.19,140.4 2 1
github.com/lukaszraczylo/mcp-filepuff/internal/metrics/metrics.go:143.2,143.33 1 1
github.com/lukaszraczylo/mcp-filepuff/internal/metrics/metrics.go:147.54,149.2 1 1
github.com/lukaszraczylo/mcp-filepuff/internal/metrics/metrics.go:152.35,154.2 1 1
github.com/lukaszraczylo/mcp-filepuff/internal/metrics/metrics.go:157.35,159.2 1 1
github.com/lukaszraczylo/mcp-filepuff/internal/metrics/metrics.go:170.30,176.2 1 1
github.com/lukaszraczylo/mcp-filepuff/internal/metrics/metrics.go:179.82,182.34 3 1
github.com/lukaszraczylo/mcp-filepuff/internal/metrics/metrics.go:182.34,185.3 2 1
github.com/lukaszraczylo/mcp-filepuff/internal/metrics/metrics.go:186.2,192.34 4 1
github.com/lukaszraczylo/mcp-filepuff/internal/metrics/metrics.go:192.34,194.3 1 0
github.com/lukaszraczylo/mcp-filepuff/internal/metrics/metrics.go:196.2,198.10 3 1
github.com/lukaszraczylo/mcp-filepuff/internal/metrics/metrics.go:202.78,205.32 3 1
github.com/lukaszraczylo/mcp-filepuff/internal/metrics/metrics.go:205.32,208.3 2 1
github.com/lukaszraczylo/mcp-filepuff/internal/metrics/metrics.go:209.2,214.32 4 1
github.com/lukaszraczylo/mcp-filepuff/internal/metrics/metrics.go:214.32,216.3 1 1
github.com/lukaszraczylo/mcp-filepuff/internal/metrics/metrics.go:218.2,220.10 3 1
github.com/lukaszraczylo/mcp-filepuff/internal/metrics/metrics.go:224.105,227.36 3 1
github.com/lukaszraczylo/mcp-filepuff/internal/metrics/metrics.go:227.36,230.3 2 1
github.com/lukaszraczylo/mcp-filepuff/internal/metrics/metrics.go:231.2,236.36 4 1
github.com/lukaszraczylo/mcp-filepuff/internal/metrics/metrics.go:236.36,238.3 1 0
github.com/lukaszraczylo/mcp-filepuff/internal/metrics/metrics.go:240.2,242.10 3 1
github.com/lukaszraczylo/mcp-filepuff/internal/metrics/metrics.go:246.62,247.22 1 1
github.com/lukaszraczylo/mcp-filepuff/internal/metrics/metrics.go:247.22,249.3 1 1
github.com/lukaszraczylo/mcp-filepuff/internal/metrics/metrics.go:250.2,251.27 2 1
github.com/lukaszraczylo/mcp-filepuff/internal/metrics/metrics.go:251.27,253.3 1 1
github.com/lukaszraczylo/mcp-filepuff/internal/metrics/metrics.go:254.2,255.52 2 1
github.com/lukaszraczylo/mcp-filepuff/internal/metrics/metrics.go:259.52,260.22 1 1
github.com/lukaszraczylo/mcp-filepuff/internal/metrics/metrics.go:260.22,262.3 1 1
github.com/lukaszraczylo/mcp-filepuff/internal/metrics/metrics.go:263.2,264.27 2 1
github.com/lukaszraczylo/mcp-filepuff/internal/metrics/metrics.go:264.27,266.3 1 1
github.com/lukaszraczylo/mcp-filepuff/internal/metrics/metrics.go:267.2,268.45 2 1
github.com/lukaszraczylo/mcp-filepuff/internal/metrics/metrics.go:272.36,279.31 4 1
github.com/lukaszraczylo/mcp-filepuff/internal/metrics/metrics.go:279.31,280.19 1 1
github.com/lukaszraczylo/mcp-filepuff/internal/metrics/metrics.go:280.19,282.4 1 1
github.com/lukaszraczylo/mcp-filepuff/internal/metrics/metrics.go:283.3,284.91 2 1
github.com/lukaszraczylo/mcp-filepuff/internal/metrics/metrics.go:288.2,288.29 1 1
github.com/lukaszraczylo/mcp-filepuff/internal/metrics/metrics.go:288.29,289.19 1 1
github.com/lukaszraczylo/mcp-filepuff/internal/metrics/metrics.go:289.19,291.4 1 1
github.com/lukaszraczylo/mcp-filepuff/internal/metrics/metrics.go:292.3,293.91 2 1
github.com/lukaszraczylo/mcp-filepuff/internal/metrics/metrics.go:297.2,297.33 1 1
github.com/lukaszraczylo/mcp-filepuff/internal/metrics/metrics.go:297.33,298.19 1 1
github.com/lukaszraczylo/mcp-filepuff/internal/metrics/metrics.go:298.19,300.4 1 1
github.com/lukaszraczylo/mcp-filepuff/internal/metrics/metrics.go:301.3,305.35 3 1
github.com/lukaszraczylo/mcp-filepuff/internal/metrics/metrics.go:305.35,308.22 3 1
github.com/lukaszraczylo/mcp-filepuff/internal/metrics/metrics.go:308.22,310.5 1 1
github.com/lukaszraczylo/mcp-filepuff/internal/metrics/metrics.go:310.10,314.5 1 0
github.com/lukaszraczylo/mcp-filepuff/internal/metrics/metrics.go:317.3,319.21 3 1
github.com/lukaszraczylo/mcp-filepuff/internal/metrics/metrics.go:319.21,321.4 1 1
github.com/lukaszraczylo/mcp-filepuff/internal/metrics/metrics.go:321.9,324.4 1 0
github.com/lukaszraczylo/mcp-filepuff/internal/metrics/metrics.go:327.3,328.97 2 1
github.com/lukaszraczylo/mcp-filepuff/internal/metrics/metrics.go:331.2,331.20 1 1
github.com/lukaszraczylo/mcp-filepuff/internal/metrics/metrics.go:335.28,339.31 3 1
github.com/lukaszraczylo/mcp-filepuff/internal/metrics/metrics.go:339.31,341.3 1 1
github.com/lukaszraczylo/mcp-filepuff/internal/metrics/metrics.go:342.2,342.29 1 1
github.com/lukaszraczylo/mcp-filepuff/internal/metrics/metrics.go:342.29,344.3 1 1
github.com/lukaszraczylo/mcp-filepuff/internal/metrics/metrics.go:370.40,422.2 2 1
github.com/lukaszraczylo/mcp-filepuff/internal/metrics/metrics.go:425.41,427.2 1 1
github.com/lukaszraczylo/mcp-filepuff/internal/metrics/metrics.go:430.46,432.2 1 0
github.com/lukaszraczylo/mcp-filepuff/internal/metrics/metrics.go:435.74,438.16 3 1
github.com/lukaszraczylo/mcp-filepuff/internal/metrics/metrics.go:438.16,440.3 1 1
github.com/lukaszraczylo/mcp-filepuff/internal/metrics/metrics.go:444.72,446.16 2 1
github.com/lukaszraczylo/mcp-filepuff/internal/metrics/metrics.go:446.16,448.3 1 1
github.com/lukaszraczylo/mcp-filepuff/internal/metrics/metrics.go:452.42,454.2 1 1
github.com/lukaszraczylo/mcp-filepuff/internal/metrics/metrics.go:457.43,459.2 1 1
github.com/lukaszraczylo/mcp-filepuff/internal/metrics/metrics.go:462.58,464.2 1 1
github.com/lukaszraczylo/mcp-filepuff/internal/parser/ast.go:9.72,10.17 1 0
github.com/lukaszraczylo/mcp-filepuff/internal/parser/ast.go:10.17,12.3 1 0
github.com/lukaszraczylo/mcp-filepuff/internal/parser/ast.go:14.2,15.17 2 0
github.com/lukaszraczylo/mcp-filepuff/internal/parser/ast.go:15.17,17.3 1 0
github.com/lukaszraczylo/mcp-filepuff/internal/parser/ast.go:20.2,25.37 2 0
github.com/lukaszraczylo/mcp-filepuff/internal/parser/ast.go:29.74,30.17 1 0
github.com/lukaszraczylo/mcp-filepuff/internal/parser/ast.go:30.17,32.3 1 0
github.com/lukaszraczylo/mcp-filepuff/internal/parser/ast.go:34.2,38.48 3 0
github.com/lukaszraczylo/mcp-filepuff/internal/parser/ast.go:38.48,40.3 1 0
github.com/lukaszraczylo/mcp-filepuff/internal/parser/ast.go:43.2,43.46 1 0
github.com/lukaszraczylo/mcp-filepuff/internal/parser/ast.go:43.46,45.19 2 0
github.com/lukaszraczylo/mcp-filepuff/internal/parser/ast.go:45.19,46.12 1 0
github.com/lukaszraczylo/mcp-filepuff/internal/parser/ast.go:48.3,48.61 1 0
github.com/lukaszraczylo/mcp-filepuff/internal/parser/ast.go:48.61,50.4 1 0
github.com/lukaszraczylo/mcp-filepuff/internal/parser/ast.go:54.2,54.13 1 0
github.com/lukaszraczylo/mcp-filepuff/internal/parser/ast.go:58.56,60.86 1 0
github.com/lukaszraczylo/mcp-filepuff/internal/parser/ast.go:60.86,62.3 1 0
github.com/lukaszraczylo/mcp-filepuff/internal/parser/ast.go:64.2,64.81 1 0
github.com/lukaszraczylo/mcp-filepuff/internal/parser/ast.go:64.81,66.3 1 0
github.com/lukaszraczylo/mcp-filepuff/internal/parser/ast.go:67.2,67.13 1 0
github.com/lukaszraczylo/mcp-filepuff/internal/parser/ast.go:71.68,72.17 1 0
github.com/lukaszraczylo/mcp-filepuff/internal/parser/ast.go:72.17,74.3 1 0
github.com/lukaszraczylo/mcp-filepuff/internal/parser/ast.go:76.2,77.21 2 0
github.com/lukaszraczylo/mcp-filepuff/internal/parser/ast.go:77.21,78.29 1 0
github.com/lukaszraczylo/mcp-filepuff/internal/parser/ast.go:78.29,80.4 1 0
github.com/lukaszraczylo/mcp-filepuff/internal/parser/ast.go:81.3,81.29 1 0
github.com/lukaszraczylo/mcp-filepuff/internal/parser/ast.go:83.2,83.12 1 0
github.com/lukaszraczylo/mcp-filepuff/internal/parser/ast.go:87.60,88.17 1 1
github.com/lukaszraczylo/mcp-filepuff/internal/parser/ast.go:88.17,90.3 1 0
github.com/lukaszraczylo/mcp-filepuff/internal/parser/ast.go:92.2,95.59 3 1
github.com/lukaszraczylo/mcp-filepuff/internal/parser/ast.go:95.59,97.3 1 0
github.com/lukaszraczylo/mcp-filepuff/internal/parser/ast.go:99.2,99.35 1 1
github.com/lukaszraczylo/mcp-filepuff/internal/parser/ast.go:104.62,105.17 1 1
github.com/lukaszraczylo/mcp-filepuff/internal/parser/ast.go:105.17,107.3 1 0
github.com/lukaszraczylo/mcp-filepuff/internal/parser/ast.go:109.2,109.15 1 1
github.com/lukaszraczylo/mcp-filepuff/internal/parser/ast.go:109.15,111.3 1 1
github.com/lukaszraczylo/mcp-filepuff/internal/parser/ast.go:113.2,113.46 1 1
github.com/lukaszraczylo/mcp-filepuff/internal/parser/ast.go:113.46,115.3 1 1
github.com/lukaszraczylo/mcp-filepuff/internal/parser/ast.go:119.69,122.43 2 0
github.com/lukaszraczylo/mcp-filepuff/internal/parser/ast.go:122.43,123.23 1 0
github.com/lukaszraczylo/mcp-filepuff/internal/parser/ast.go:123.23,125.4 1 0
github.com/lukaszraczylo/mcp-filepuff/internal/parser/ast.go:126.3,126.14 1 0
github.com/lukaszraczylo/mcp-filepuff/internal/parser/ast.go:129.2,129.14 1 0
github.com/lukaszraczylo/mcp-filepuff/internal/parser/ast.go:133.58,134.17 1 0
github.com/lukaszraczylo/mcp-filepuff/internal/parser/ast.go:134.17,136.3 1 0
github.com/lukaszraczylo/mcp-filepuff/internal/parser/ast.go:138.2,139.51 2 0
github.com/lukaszraczylo/mcp-filepuff/internal/parser/ast.go:139.51,140.48 1 0
github.com/lukaszraczylo/mcp-filepuff/internal/parser/ast.go:140.48,142.4 1 0
github.com/lukaszraczylo/mcp-filepuff/internal/parser/ast.go:144.2,144.17 1 0
github.com/lukaszraczylo/mcp-filepuff/internal/parser/ast.go:148.76,149.17 1 0
github.com/lukaszraczylo/mcp-filepuff/internal/parser/ast.go:149.17,151.3 1 0
github.com/lukaszraczylo/mcp-filepuff/internal/parser/ast.go:152.2,152.41 1 0
github.com/lukaszraczylo/mcp-filepuff/internal/parser/ast.go:156.73,157.17 1 1
github.com/lukaszraczylo/mcp-filepuff/internal/parser/ast.go:157.17,159.3 1 0
github.com/lukaszraczylo/mcp-filepuff/internal/parser/ast.go:161.2,166.3 2 1
github.com/lukaszraczylo/mcp-filepuff/internal/parser/ast.go:170.67,171.17 1 0
github.com/lukaszraczylo/mcp-filepuff/internal/parser/ast.go:171.17,173.3 1 0
github.com/lukaszraczylo/mcp-filepuff/internal/parser/ast.go:175.2,189.3 3 0
github.com/lukaszraczylo/mcp-filepuff/internal/parser/docextract.go:35.92,36.14 1 1
github.com/lukaszraczylo/mcp-filepuff/internal/parser/docextract.go:36.14,38.3 1 0
github.com/lukaszraczylo/mcp-filepuff/internal/parser/docextract.go:40.2,40.14 1 1
github.com/lukaszraczylo/mcp-filepuff/internal/parser/docextract.go:41.23,42.41 1 1
github.com/lukaszraczylo/mcp-filepuff/internal/parser/docextract.go:43.56,44.41 1 1
github.com/lukaszraczylo/mcp-filepuff/internal/parser/docextract.go:45.27,46.45 1 1
github.com/lukaszraczylo/mcp-filepuff/internal/parser/docextract.go:47.40,48.40 1 1
github.com/lukaszraczylo/mcp-filepuff/internal/parser/docextract.go:49.27,50.45 1 1
github.com/lukaszraczylo/mcp-filepuff/internal/parser/docextract.go:51.10,52.13 1 0
github.com/lukaszraczylo/mcp-filepuff/internal/parser/docextract.go:58.70,60.24 2 1
github.com/lukaszraczylo/mcp-filepuff/internal/parser/docextract.go:60.24,62.3 1 1
github.com/lukaszraczylo/mcp-filepuff/internal/parser/docextract.go:64.2,69.29 5 1
github.com/lukaszraczylo/mcp-filepuff/internal/parser/docextract.go:69.29,73.22 3 1
github.com/lukaszraczylo/mcp-filepuff/internal/parser/docextract.go:73.22,75.4 1 1
github.com/lukaszraczylo/mcp-filepuff/internal/parser/docextract.go:76.3,79.20 3 1
github.com/lukaszraczylo/mcp-filepuff/internal/parser/docextract.go:79.20,81.4 1 1
github.com/lukaszraczylo/mcp-filepuff/internal/parser/docextract.go:84.2,84.21 1 1
github.com/lukaszraczylo/mcp-filepuff/internal/parser/docextract.go:84.21,86.3 1 0
github.com/lukaszraczylo/mcp-filepuff/internal/parser/docextract.go:88.2,95.3 1 1
github.com/lukaszraczylo/mcp-filepuff/internal/parser/docextract.go:99.70,101.24 2 1
github.com/lukaszraczylo/mcp-filepuff/internal/parser/docextract.go:101.24,103.3 1 1
github.com/lukaszraczylo/mcp-filepuff/internal/parser/docextract.go:106.2,107.42 2 1
github.com/lukaszraczylo/mcp-filepuff/internal/parser/docextract.go:107.42,109.56 2 1
github.com/lukaszraczylo/mcp-filepuff/internal/parser/docextract.go:109.56,111.9 2 1
github.com/lukaszraczylo/mcp-filepuff/internal/parser/docextract.go:115.2,115.25 1 1
github.com/lukaszraczylo/mcp-filepuff/internal/parser/docextract.go:115.25,126.3 3 1
github.com/lukaszraczylo/mcp-filepuff/internal/parser/docextract.go:129.2,134.29 5 1
github.com/lukaszraczylo/mcp-filepuff/internal/parser/docextract.go:134.29,138.22 3 1
github.com/lukaszraczylo/mcp-filepuff/internal/parser/docextract.go:138.22,140.4 1 1
github.com/lukaszraczylo/mcp-filepuff/internal/parser/docextract.go:141.3,144.20 3 1
github.com/lukaszraczylo/mcp-filepuff/internal/parser/docextract.go:144.20,146.4 1 1
github.com/lukaszraczylo/mcp-filepuff/internal/parser/docextract.go:149.2,149.21 1 1
github.com/lukaszraczylo/mcp-filepuff/internal/parser/docextract.go:149.21,151.3 1 0
github.com/lukaszraczylo/mcp-filepuff/internal/parser/docextract.go:153.2,160.3 1 1
github.com/lukaszraczylo/mcp-filepuff/internal/parser/docextract.go:165.74,168.17 2 1
github.com/lukaszraczylo/mcp-filepuff/internal/parser/docextract.go:168.17,170.3 1 0
github.com/lukaszraczylo/mcp-filepuff/internal/parser/docextract.go:173.2,173.32 1 1
github.com/lukaszraczylo/mcp-filepuff/internal/parser/docextract.go:173.32,175.61 2 1
github.com/lukaszraczylo/mcp-filepuff/internal/parser/docextract.go:175.61,176.35 1 1
github.com/lukaszraczylo/mcp-filepuff/internal/parser/docextract.go:176.35,178.47 2 1
github.com/lukaszraczylo/mcp-filepuff/internal/parser/docextract.go:178.47,189.6 3 1
github.com/lukaszraczylo/mcp-filepuff/internal/parser/docextract.go:195.2,196.24 2 1
github.com/lukaszraczylo/mcp-filepuff/internal/parser/docextract.go:196.24,198.3 1 1
github.com/lukaszraczylo/mcp-filepuff/internal/parser/docextract.go:200.2,205.29 5 0
github.com/lukaszraczylo/mcp-filepuff/internal/parser/docextract.go:205.29,209.22 3 0
github.com/lukaszraczylo/mcp-filepuff/internal/parser/docextract.go:209.22,211.4 1 0
github.com/lukaszraczylo/mcp-filepuff/internal/parser/docextract.go:212.3,216.20 3 0
github.com/lukaszraczylo/mcp-filepuff/internal/parser/docextract.go:216.20,218.4 1 0
github.com/lukaszraczylo/mcp-filepuff/internal/parser/docextract.go:221.2,221.21 1 0
github.com/lukaszraczylo/mcp-filepuff/internal/parser/docextract.go:221.21,223.3 1 0
github.com/lukaszraczylo/mcp-filepuff/internal/parser/docextract.go:225.2,232.3 1 0
github.com/lukaszraczylo/mcp-filepuff/internal/parser/docextract.go:236.69,238.24 2 1
github.com/lukaszraczylo/mcp-filepuff/internal/parser/docextract.go:238.24,240.3 1 1
github.com/lukaszraczylo/mcp-filepuff/internal/parser/docextract.go:243.2,244.42 2 1
github.com/lukaszraczylo/mcp-filepuff/internal/parser/docextract.go:244.42,247.114 3 1
github.com/lukaszraczylo/mcp-filepuff/internal/parser/docextract.go:247.114,249.9 2 1
github.com/lukaszraczylo/mcp-filepuff/internal/parser/docextract.go:253.2,253.24 1 1
github.com/lukaszraczylo/mcp-filepuff/internal/parser/docextract.go:253.24,264.3 3 1
github.com/lukaszraczylo/mcp-filepuff/internal/parser/docextract.go:267.2,272.29 5 1
github.com/lukaszraczylo/mcp-filepuff/internal/parser/docextract.go:272.29,276.22 3 1
github.com/lukaszraczylo/mcp-filepuff/internal/parser/docextract.go:276.22,278.4 1 1
github.com/lukaszraczylo/mcp-filepuff/internal/parser/docextract.go:279.3,282.20 3 1
github.com/lukaszraczylo/mcp-filepuff/internal/parser/docextract.go:282.20,284.4 1 1
github.com/lukaszraczylo/mcp-filepuff/internal/parser/docextract.go:287.2,287.21 1 1
github.com/lukaszraczylo/mcp-filepuff/internal/parser/docextract.go:287.21,289.3 1 0
github.com/lukaszraczylo/mcp-filepuff/internal/parser/docextract.go:291.2,298.3 1 1
github.com/lukaszraczylo/mcp-filepuff/internal/parser/docextract.go:302.95,309.18 4 1
github.com/lukaszraczylo/mcp-filepuff/internal/parser/docextract.go:309.18,312.35 3 1
github.com/lukaszraczylo/mcp-filepuff/internal/parser/docextract.go:312.35,313.22 1 1
github.com/lukaszraczylo/mcp-filepuff/internal/parser/docextract.go:313.22,315.10 2 1
github.com/lukaszraczylo/mcp-filepuff/internal/parser/docextract.go:319.3,319.17 1 1
github.com/lukaszraczylo/mcp-filepuff/internal/parser/docextract.go:319.17,320.9 1 1
github.com/lukaszraczylo/mcp-filepuff/internal/parser/docextract.go:323.3,326.41 2 1
github.com/lukaszraczylo/mcp-filepuff/internal/parser/docextract.go:326.41,327.9 1 0
github.com/lukaszraczylo/mcp-filepuff/internal/parser/docextract.go:330.3,332.28 3 1
github.com/lukaszraczylo/mcp-filepuff/internal/parser/docextract.go:335.2,335.17 1 1
github.com/lukaszraczylo/mcp-filepuff/internal/parser/docextract.go:339.54,341.39 2 1
github.com/lukaszraczylo/mcp-filepuff/internal/parser/docextract.go:341.39,343.3 1 1
github.com/lukaszraczylo/mcp-filepuff/internal/parser/docextract.go:344.2,344.76 1 1
github.com/lukaszraczylo/mcp-filepuff/internal/parser/docextract.go:344.76,346.3 1 1
github.com/lukaszraczylo/mcp-filepuff/internal/parser/docextract.go:347.2,347.38 1 1
github.com/lukaszraczylo/mcp-filepuff/internal/parser/docextract.go:347.38,349.3 1 1
github.com/lukaszraczylo/mcp-filepuff/internal/parser/docextract.go:350.2,350.38 1 1
github.com/lukaszraczylo/mcp-filepuff/internal/parser/docextract.go:350.38,352.3 1 1
github.com/lukaszraczylo/mcp-filepuff/internal/parser/docextract.go:353.2,353.37 1 1
github.com/lukaszraczylo/mcp-filepuff/internal/parser/docextract.go:353.37,355.3 1 1
github.com/lukaszraczylo/mcp-filepuff/internal/parser/docextract.go:356.2,356.76 1 1
[...]
github.com/lukaszraczylo/mcp-filepuff/internal/server/handlers_file.go:148.18,150.6 1 0
github.com/lukaszraczylo/mcp-filepuff/internal/server/handlers_file.go:155.3,155.67 1 1
github.com/lukaszraczylo/mcp-filepuff/internal/server/handlers_file.go:155.67,157.4 1 1
github.com/lukaszraczylo/mcp-filepuff/internal/server/handlers_file.go:160.2,160.52 1 1
github.com/lukaszraczylo/mcp-filepuff/internal/server/handlers_file.go:166.36,169.33 2 1
github.com/lukaszraczylo/mcp-filepuff/internal/server/handlers_file.go:169.33,173.22 3 0
github.com/lukaszraczylo/mcp-filepuff/internal/server/handlers_file.go:173.22,175.4 1 0
github.com/lukaszraczylo/mcp-filepuff/internal/server/handlers_file.go:177.3,177.40 1 0
github.com/lukaszraczylo/mcp-filepuff/internal/server/handlers_file.go:177.40,179.4 1 0
github.com/lukaszraczylo/mcp-filepuff/internal/server/handlers_file.go:180.3,180.15 1 0
github.com/lukaszraczylo/mcp-filepuff/internal/server/handlers_file.go:184.2,184.31 1 1
github.com/lukaszraczylo/mcp-filepuff/internal/server/handlers_lsp.go:17.112,19.16 2 0
github.com/lukaszraczylo/mcp-filepuff/internal/server/handlers_lsp.go:19.16,21.3 1 0
github.com/lukaszraczylo/mcp-filepuff/internal/server/handlers_lsp.go:23.2,24.15 2 0
github.com/lukaszraczylo/mcp-filepuff/internal/server/handlers_lsp.go:24.15,26.3 1 0
github.com/lukaszraczylo/mcp-filepuff/internal/server/handlers_lsp.go:28.2,29.14 2 0
github.com/lukaszraczylo/mcp-filepuff/internal/server/handlers_lsp.go:29.14,31.3 1 0
github.com/lukaszraczylo/mcp-filepuff/internal/server/handlers_lsp.go:34.2,34.32 1 0
github.com/lukaszraczylo/mcp-filepuff/internal/server/handlers_lsp.go:34.32,36.3 1 0
github.com/lukaszraczylo/mcp-filepuff/internal/server/handlers_lsp.go:39.2,40.16 2 0
github.com/lukaszraczylo/mcp-filepuff/internal/server/handlers_lsp.go:40.16,43.3 1 0
github.com/lukaszraczylo/mcp-filepuff/internal/server/handlers_lsp.go:45.2,45.18 1 0
github.com/lukaszraczylo/mcp-filepuff/internal/server/handlers_lsp.go:45.18,47.3 1 0
github.com/lukaszraczylo/mcp-filepuff/internal/server/handlers_lsp.go:49.2,53.52 4 0
github.com/lukaszraczylo/mcp-filepuff/internal/server/handlers_lsp.go:57.119,59.16 2 0
github.com/lukaszraczylo/mcp-filepuff/internal/server/handlers_lsp.go:59.16,61.3 1 0
github.com/lukaszraczylo/mcp-filepuff/internal/server/handlers_lsp.go:63.2,64.16 2 0
github.com/lukaszraczylo/mcp-filepuff/internal/server/handlers_lsp.go:64.16,66.3 1 0
github.com/lukaszraczylo/mcp-filepuff/internal/server/handlers_lsp.go:68.2,69.17 2 0
github.com/lukaszraczylo/mcp-filepuff/internal/server/handlers_lsp.go:69.17,71.3 1 0
github.com/lukaszraczylo/mcp-filepuff/internal/server/handlers_lsp.go:73.2,78.52 5 0
github.com/lukaszraczylo/mcp-filepuff/internal/server/handlers_lsp.go:82.118,84.16 2 0
github.com/lukaszraczylo/mcp-filepuff/internal/server/handlers_lsp.go:84.16,86.3 1 0
github.com/lukaszraczylo/mcp-filepuff/internal/server/handlers_lsp.go:88.2,89.15 2 0
github.com/lukaszraczylo/mcp-filepuff/internal/server/handlers_lsp.go:89.15,91.3 1 0
github.com/lukaszraczylo/mcp-filepuff/internal/server/handlers_lsp.go:93.2,94.14 2 0
github.com/lukaszraczylo/mcp-filepuff/internal/server/handlers_lsp.go:94.14,96.3 1 0
github.com/lukaszraczylo/mcp-filepuff/internal/server/handlers_lsp.go:99.2,99.32 1 0
github.com/lukaszraczylo/mcp-filepuff/internal/server/handlers_lsp.go:99.32,101.3 1 0
github.com/lukaszraczylo/mcp-filepuff/internal/server/handlers_lsp.go:103.2,104.16 2 0
github.com/lukaszraczylo/mcp-filepuff/internal/server/handlers_lsp.go:104.16,106.3 1 0
github.com/lukaszraczylo/mcp-filepuff/internal/server/handlers_lsp.go:108.2,108.25 1 0
github.com/lukaszraczylo/mcp-filepuff/internal/server/handlers_lsp.go:108.25,110.3 1 0
github.com/lukaszraczylo/mcp-filepuff/internal/server/handlers_lsp.go:112.2,115.32 3 0
github.com/lukaszraczylo/mcp-filepuff/internal/server/handlers_lsp.go:115.32,121.20 4 0
github.com/lukaszraczylo/mcp-filepuff/internal/server/handlers_lsp.go:121.20,125.4 3 0
github.com/lukaszraczylo/mcp-filepuff/internal/server/handlers_lsp.go:126.3,126.27 1 0
github.com/lukaszraczylo/mcp-filepuff/internal/server/handlers_lsp.go:129.2,129.52 1 0
github.com/lukaszraczylo/mcp-filepuff/internal/server/handlers_lsp.go:133.118,135.16 2 0
github.com/lukaszraczylo/mcp-filepuff/internal/server/handlers_lsp.go:135.16,137.3 1 0
github.com/lukaszraczylo/mcp-filepuff/internal/server/handlers_lsp.go:139.2,140.15 2 0
github.com/lukaszraczylo/mcp-filepuff/internal/server/handlers_lsp.go:140.15,142.3 1 0
github.com/lukaszraczylo/mcp-filepuff/internal/server/handlers_lsp.go:144.2,145.14 2 0
github.com/lukaszraczylo/mcp-filepuff/internal/server/handlers_lsp.go:145.14,147.3 1 0
github.com/lukaszraczylo/mcp-filepuff/internal/server/handlers_lsp.go:149.2,152.32 2 0
github.com/lukaszraczylo/mcp-filepuff/internal/server/handlers_lsp.go:152.32,154.3 1 0
github.com/lukaszraczylo/mcp-filepuff/internal/server/handlers_lsp.go:156.2,157.16 2 0
github.com/lukaszraczylo/mcp-filepuff/internal/server/handlers_lsp.go:157.16,159.3 1 0
github.com/lukaszraczylo/mcp-filepuff/internal/server/handlers_lsp.go:161.2,161.25 1 0
github.com/lukaszraczylo/mcp-filepuff/internal/server/handlers_lsp.go:161.25,163.3 1 0
github.com/lukaszraczylo/mcp-filepuff/internal/server/handlers_lsp.go:165.2,170.32 4 0
github.com/lukaszraczylo/mcp-filepuff/internal/server/handlers_lsp.go:170.32,173.3 2 0
github.com/lukaszraczylo/mcp-filepuff/internal/server/handlers_lsp.go:175.2,175.41 1 0
github.com/lukaszraczylo/mcp-filepuff/internal/server/handlers_lsp.go:175.41,177.28 2 0
github.com/lukaszraczylo/mcp-filepuff/internal/server/handlers_lsp.go:177.28,179.4 1 0
github.com/lukaszraczylo/mcp-filepuff/internal/server/handlers_lsp.go:180.3,180.27 1 0
github.com/lukaszraczylo/mcp-filepuff/internal/server/handlers_lsp.go:183.2,183.52 1 0
github.com/lukaszraczylo/mcp-filepuff/internal/server/handlers_lsp.go:187.66,189.16 2 0
github.com/lukaszraczylo/mcp-filepuff/internal/server/handlers_lsp.go:189.16,191.3 1 0
github.com/lukaszraczylo/mcp-filepuff/internal/server/handlers_lsp.go:193.2,198.61 5 0
github.com/lukaszraczylo/mcp-filepuff/internal/server/handlers_lsp.go:198.61,200.43 2 0
github.com/lukaszraczylo/mcp-filepuff/internal/server/handlers_lsp.go:200.43,202.4 1 0
github.com/lukaszraczylo/mcp-filepuff/internal/server/handlers_lsp.go:203.3,204.18 2 0
github.com/lukaszraczylo/mcp-filepuff/internal/server/handlers_lsp.go:204.18,206.4 1 0
github.com/lukaszraczylo/mcp-filepuff/internal/server/handlers_lsp.go:207.3,207.73 1 0
github.com/lukaszraczylo/mcp-filepuff/internal/server/handlers_lsp.go:210.2,210.25 1 0
github.com/lukaszraczylo/mcp-filepuff/internal/server/server.go:49.68,63.16 4 1
github.com/lukaszraczylo/mcp-filepuff/internal/server/server.go:63.16,65.3 1 0
github.com/lukaszraczylo/mcp-filepuff/internal/server/server.go:66.2,69.19 2 1
github.com/lukaszraczylo/mcp-filepuff/internal/server/server.go:69.19,71.3 1 0
github.com/lukaszraczylo/mcp-filepuff/internal/server/server.go:74.2,84.15 4 1
github.com/lukaszraczylo/mcp-filepuff/internal/server/server.go:88.34,99.23 2 1
github.com/lukaszraczylo/mcp-filepuff/internal/server/server.go:99.23,131.3 1 1
github.com/lukaszraczylo/mcp-filepuff/internal/server/server.go:134.2,196.25 3 1
github.com/lukaszraczylo/mcp-filepuff/internal/server/server.go:196.25,262.3 3 0
github.com/lukaszraczylo/mcp-filepuff/internal/server/server.go:265.2,347.3 2 1
github.com/lukaszraczylo/mcp-filepuff/internal/server/server.go:351.108,353.2 1 1
github.com/lukaszraczylo/mcp-filepuff/internal/server/server.go:356.49,369.12 7 0
github.com/lukaszraczylo/mcp-filepuff/internal/server/server.go:369.12,375.3 2 0
github.com/lukaszraczylo/mcp-filepuff/internal/server/server.go:378.2,378.9 1 0
github.com/lukaszraczylo/mcp-filepuff/internal/server/server.go:379.24,387.49 4 0
github.com/lukaszraczylo/mcp-filepuff/internal/server/server.go:387.49,390.4 2 0
github.com/lukaszraczylo/mcp-filepuff/internal/server/server.go:392.3,393.13 2 0
github.com/lukaszraczylo/mcp-filepuff/internal/server/server.go:395.24,397.13 1 0
github.com/lukaszraczylo/mcp-filepuff/internal/server/server.go:399.20,404.49 3 0
github.com/lukaszraczylo/mcp-filepuff/internal/server/server.go:404.49,406.4 1 0
github.com/lukaszraczylo/mcp-filepuff/internal/server/server.go:408.3,408.19 1 0
github.com/lukaszraczylo/mcp-filepuff/internal/server/server.go:413.54,417.25 2 0
github.com/lukaszraczylo/mcp-filepuff/internal/server/server.go:417.25,419.3 1 0
github.com/lukaszraczylo/mcp-filepuff/internal/server/server.go:422.2,422.21 1 0
github.com/lukaszraczylo/mcp-filepuff/internal/server/server.go:422.21,424.3 1 0
github.com/lukaszraczylo/mcp-filepuff/internal/server/server.go:426.2,426.12 1 0
github.com/lukaszraczylo/mcp-filepuff/internal/util/regex_cache.go:35.37,36.18 1 1
github.com/lukaszraczylo/mcp-filepuff/internal/util/regex_cache.go:36.18,38.3 1 1
github.com/lukaszraczylo/mcp-filepuff/internal/util/regex_cache.go:39.2,39.75 1 1
github.com/lukaszraczylo/mcp-filepuff/internal/util/regex_cache.go:42.37,44.2 1 1
github.com/lukaszraczylo/mcp-filepuff/internal/util/regex_cache.go:48.44,50.37 1 1
github.com/lukaszraczylo/mcp-filepuff/internal/util/regex_cache.go:50.37,55.3 1 1
github.com/lukaszraczylo/mcp-filepuff/internal/util/regex_cache.go:61.2,61.12 1 1
github.com/lukaszraczylo/mcp-filepuff/internal/util/regex_cache.go:67.59,69.49 1 1
github.com/lukaszraczylo/mcp-filepuff/internal/util/regex_cache.go:69.49,71.3 1 1
github.com/lukaszraczylo/mcp-filepuff/internal/util/regex_cache.go:74.2,74.48 1 1
github.com/lukaszraczylo/mcp-filepuff/internal/util/regex_cache.go:74.48,76.3 1 1
github.com/lukaszraczylo/mcp-filepuff/internal/util/regex_cache.go:79.2,80.16 2 1
github.com/lukaszraczylo/mcp-filepuff/internal/util/regex_cache.go:80.16,86.3 1 1
github.com/lukaszraczylo/mcp-filepuff/internal/util/regex_cache.go:89.2,89.38 1 1
github.com/lukaszraczylo/mcp-filepuff/internal/util/regex_cache.go:89.38,91.3 1 0
github.com/lukaszraczylo/mcp-filepuff/internal/util/regex_cache.go:95.2,96.13 2 1
github.com/lukaszraczylo/mcp-filepuff/internal/util/regex_cache.go:96.13,98.3 1 1
github.com/lukaszraczylo/mcp-filepuff/internal/util/regex_cache.go:99.2,99.37 1 1
github.com/lukaszraczylo/mcp-filepuff/internal/util/regex_cache.go:104.67,105.49 1 1
github.com/lukaszraczylo/mcp-filepuff/internal/util/regex_cache.go:105.49,107.3 1 1
github.com/lukaszraczylo/mcp-filepuff/internal/util/regex_cache.go:109.2,110.16 2 1
github.com/lukaszraczylo/mcp-filepuff/internal/util/regex_cache.go:110.16,116.3 1 1
github.com/lukaszraczylo/mcp-filepuff/internal/util/regex_cache.go:117.2,117.16 1 1
github.com/lukaszraczylo/mcp-filepuff/internal/util/regex_cache.go:122.24,123.49 1 1
github.com/lukaszraczylo/mcp-filepuff/internal/util/regex_cache.go:123.49,126.3 2 1
github.com/lukaszraczylo/mcp-filepuff/internal/util/regex_cache.go:127.2,127.20 1 1
github.com/lukaszraczylo/mcp-filepuff/internal/util/regex_cache.go:131.25,133.2 1 1
github.com/lukaszraczylo/mcp-filepuff/internal/util/regex_cache.go:136.45,137.23 1 1
github.com/lukaszraczylo/mcp-filepuff/internal/util/regex_cache.go:137.23,139.3 1 1
github.com/lukaszraczylo/mcp-filepuff/internal/util/regex_cache.go:140.2,140.16 1 1
github.com/lukaszraczylo/mcp-filepuff/pkg/fuzzy/fuzzy.go:25.34,29.2 1 1
github.com/lukaszraczylo/mcp-filepuff/pkg/fuzzy/fuzzy.go:32.68,33.17 1 1
github.com/lukaszraczylo/mcp-filepuff/pkg/fuzzy/fuzzy.go:33.17,35.3 1 1
github.com/lukaszraczylo/mcp-filepuff/pkg/fuzzy/fuzzy.go:37.2,40.39 3 1
github.com/lukaszraczylo/mcp-filepuff/pkg/fuzzy/fuzzy.go:40.39,47.25 3 1
github.com/lukaszraczylo/mcp-filepuff/pkg/fuzzy/fuzzy.go:47.25,49.53 1 1
github.com/lukaszraczylo/mcp-filepuff/pkg/fuzzy/fuzzy.go:49.53,50.13 1 1
github.com/lukaszraczylo/mcp-filepuff/pkg/fuzzy/fuzzy.go:56.3,67.5 4 1
github.com/lukaszraczylo/mcp-filepuff/pkg/fuzzy/fuzzy.go:71.2,71.42 1 1
github.com/lukaszraczylo/mcp-filepuff/pkg/fuzzy/fuzzy.go:71.42,73.3 1 1
github.com/lukaszraczylo/mcp-filepuff/pkg/fuzzy/fuzzy.go:75.2,75.16 1 1
github.com/lukaszraczylo/mcp-filepuff/pkg/fuzzy/fuzzy.go:79.97,83.24 2 1
github.com/lukaszraczylo/mcp-filepuff/pkg/fuzzy/fuzzy.go:83.24,85.3 1 1
github.com/lukaszraczylo/mcp-filepuff/pkg/fuzzy/fuzzy.go:88.2,88.41 1 1
github.com/lukaszraczylo/mcp-filepuff/pkg/fuzzy/fuzzy.go:88.41,90.3 1 1
github.com/lukaszraczylo/mcp-filepuff/pkg/fuzzy/fuzzy.go:93.2,93.44 1 1
github.com/lukaszraczylo/mcp-filepuff/pkg/fuzzy/fuzzy.go:93.44,95.3 1 1
github.com/lukaszraczylo/mcp-filepuff/pkg/fuzzy/fuzzy.go:98.2,104.14 4 1
github.com/lukaszraczylo/mcp-filepuff/pkg/fuzzy/fuzzy.go:109.45,110.14 1 1
github.com/lukaszraczylo/mcp-filepuff/pkg/fuzzy/fuzzy.go:110.14,112.3 1 1
github.com/lukaszraczylo/mcp-filepuff/pkg/fuzzy/fuzzy.go:113.2,113.18 1 1
github.com/lukaszraczylo/mcp-filepuff/pkg/fuzzy/fuzzy.go:113.18,115.3 1 1
github.com/lukaszraczylo/mcp-filepuff/pkg/fuzzy/fuzzy.go:116.2,116.18 1 1
github.com/lukaszraczylo/mcp-filepuff/pkg/fuzzy/fuzzy.go:116.18,118.3 1 1
github.com/lukaszraczylo/mcp-filepuff/pkg/fuzzy/fuzzy.go:121.2,121.23 1 1
github.com/lukaszraczylo/mcp-filepuff/pkg/fuzzy/fuzzy.go:121.23,123.3 1 1
github.com/lukaszraczylo/mcp-filepuff/pkg/fuzzy/fuzzy.go:126.2,136.29 7 1
github.com/lukaszraczylo/mcp-filepuff/pkg/fuzzy/fuzzy.go:136.29,138.3 1 1
github.com/lukaszraczylo/mcp-filepuff/pkg/fuzzy/fuzzy.go:141.2,141.29 1 1
github.com/lukaszraczylo/mcp-filepuff/pkg/fuzzy/fuzzy.go:141.29,144.30 2 1
github.com/lukaszraczylo/mcp-filepuff/pkg/fuzzy/fuzzy.go:144.30,146.26 2 1
github.com/lukaszraczylo/mcp-filepuff/pkg/fuzzy/fuzzy.go:146.26,148.5 1 1
github.com/lukaszraczylo/mcp-filepuff/pkg/fuzzy/fuzzy.go:150.4,154.5 1 1
github.com/lukaszraczylo/mcp-filepuff/pkg/fuzzy/fuzzy.go:158.3,158.40 1 1
github.com/lukaszraczylo/mcp-filepuff/pkg/fuzzy/fuzzy.go:161.2,161.23 1 1
github.com/lukaszraczylo/mcp-filepuff/pkg/fuzzy/fuzzy.go:166.52,167.14 1 1
github.com/lukaszraczylo/mcp-filepuff/pkg/fuzzy/fuzzy.go:167.14,169.3 1 1
github.com/lukaszraczylo/mcp-filepuff/pkg/fuzzy/fuzzy.go:170.2,170.18 1 1
github.com/lukaszraczylo/mcp-filepuff/pkg/fuzzy/fuzzy.go:170.18,172.3 1 1
github.com/lukaszraczylo/mcp-filepuff/pkg/fuzzy/fuzzy.go:173.2,173.18 1 1
github.com/lukaszraczylo/mcp-filepuff/pkg/fuzzy/fuzzy.go:173.18,175.3 1 0
github.com/lukaszraczylo/mcp-filepuff/pkg/fuzzy/fuzzy.go:177.2,184.19 6 1
github.com/lukaszraczylo/mcp-filepuff/pkg/fuzzy/fuzzy.go:184.19,186.3 1 1
github.com/lukaszraczylo/mcp-filepuff/pkg/fuzzy/fuzzy.go:189.2,189.29 1 1
github.com/lukaszraczylo/mcp-filepuff/pkg/fuzzy/fuzzy.go:189.29,191.3 1 1
github.com/lukaszraczylo/mcp-filepuff/pkg/fuzzy/fuzzy.go:192.2,192.29 1 1
github.com/lukaszraczylo/mcp-filepuff/pkg/fuzzy/fuzzy.go:192.29,194.3 1 1
github.com/lukaszraczylo/mcp-filepuff/pkg/fuzzy/fuzzy.go:197.2,197.29 1 1
github.com/lukaszraczylo/mcp-filepuff/pkg/fuzzy/fuzzy.go:197.29,198.30 1 1
github.com/lukaszraczylo/mcp-filepuff/pkg/fuzzy/fuzzy.go:198.30,200.26 2 1
github.com/lukaszraczylo/mcp-filepuff/pkg/fuzzy/fuzzy.go:200.26,202.5 1 1
github.com/lukaszraczylo/mcp-filepuff/pkg/fuzzy/fuzzy.go:204.4,211.66 2 1
github.com/lukaszraczylo/mcp-filepuff/pkg/fuzzy/fuzzy.go:211.66,213.5 1 1
github.com/lukaszraczylo/mcp-filepuff/pkg/fuzzy/fuzzy.go:217.2,217.22 1 1
github.com/lukaszraczylo/mcp-filepuff/pkg/fuzzy/fuzzy.go:222.51,223.14 1 1
github.com/lukaszraczylo/mcp-filepuff/pkg/fuzzy/fuzzy.go:223.14,225.3 1 1
github.com/lukaszraczylo/mcp-filepuff/pkg/fuzzy/fuzzy.go:227.2,230.34 3 1
github.com/lukaszraczylo/mcp-filepuff/pkg/fuzzy/fuzzy.go:230.34,232.3 1 1
github.com/lukaszraczylo/mcp-filepuff/pkg/fuzzy/fuzzy.go:235.2,239.53 3 1
github.com/lukaszraczylo/mcp-filepuff/pkg/fuzzy/fuzzy.go:239.53,240.21 1 1
github.com/lukaszraczylo/mcp-filepuff/pkg/fuzzy/fuzzy.go:240.21,242.4 1 1
github.com/lukaszraczylo/mcp-filepuff/pkg/fuzzy/fuzzy.go:242.9,243.9 1 1
github.com/lukaszraczylo/mcp-filepuff/pkg/fuzzy/fuzzy.go:248.2,249.47 2 1
github.com/lukaszraczylo/mcp-filepuff/pkg/fuzzy/fuzzy.go:253.44,259.19 4 1
github.com/lukaszraczylo/mcp-filepuff/pkg/fuzzy/fuzzy.go:259.19,261.3 1 0
github.com/lukaszraczylo/mcp-filepuff/pkg/fuzzy/fuzzy.go:263.2,270.22 5 1
github.com/lukaszraczylo/mcp-filepuff/pkg/fuzzy/fuzzy.go:270.22,274.32 3 1
github.com/lukaszraczylo/mcp-filepuff/pkg/fuzzy/fuzzy.go:274.32,275.37 1 1
github.com/lukaszraczylo/mcp-filepuff/pkg/fuzzy/fuzzy.go:275.37,276.13 1 1
github.com/lukaszraczylo/mcp-filepuff/pkg/fuzzy/fuzzy.go:278.4,281.9 4 1
github.com/lukaszraczylo/mcp-filepuff/pkg/fuzzy/fuzzy.go:285.2,285.18 1 1
github.com/lukaszraczylo/mcp-filepuff/pkg/fuzzy/fuzzy.go:285.18,287.3 1 0
github.com/lukaszraczylo/mcp-filepuff/pkg/fuzzy/fuzzy.go:290.2,291.22 2 1
github.com/lukaszraczylo/mcp-filepuff/pkg/fuzzy/fuzzy.go:291.22,292.19 1 1
github.com/lukaszraczylo/mcp-filepuff/pkg/fuzzy/fuzzy.go:292.19,293.12 1 1
github.com/lukaszraczylo/mcp-filepuff/pkg/fuzzy/fuzzy.go:295.3,295.20 1 1
github.com/lukaszraczylo/mcp-filepuff/pkg/fuzzy/fuzzy.go:295.20,297.4 1 1
github.com/lukaszraczylo/mcp-filepuff/pkg/fuzzy/fuzzy.go:298.3,298.21 1 1
github.com/lukaszraczylo/mcp-filepuff/pkg/fuzzy/fuzzy.go:298.21,300.4 1 1
github.com/lukaszraczylo/mcp-filepuff/pkg/fuzzy/fuzzy.go:301.3,301.6 1 1
github.com/lukaszraczylo/mcp-filepuff/pkg/fuzzy/fuzzy.go:304.2,306.60 1 1
github.com/lukaszraczylo/mcp-filepuff/pkg/fuzzy/fuzzy.go:310.52,315.15 4 1
github.com/lukaszraczylo/mcp-filepuff/pkg/fuzzy/fuzzy.go:315.15,317.3 1 1
github.com/lukaszraczylo/mcp-filepuff/pkg/fuzzy/fuzzy.go:320.2,320.14 1 1
github.com/lukaszraczylo/mcp-filepuff/pkg/fuzzy/fuzzy.go:320.14,322.3 1 1
github.com/lukaszraczylo/mcp-filepuff/pkg/fuzzy/fuzzy.go:325.2,326.63 2 1
github.com/lukaszraczylo/mcp-filepuff/pkg/fuzzy/fuzzy.go:326.63,328.3 1 1
github.com/lukaszraczylo/mcp-filepuff/pkg/fuzzy/fuzzy.go:331.2,331.32 1 1
github.com/lukaszraczylo/mcp-filepuff/pkg/fuzzy/fuzzy.go:331.32,334.53 3 1
github.com/lukaszraczylo/mcp-filepuff/pkg/fuzzy/fuzzy.go:334.53,336.4 1 1
github.com/lukaszraczylo/mcp-filepuff/pkg/fuzzy/fuzzy.go:339.2,339.14 1 1
github.com/lukaszraczylo/mcp-filepuff/pkg/fuzzy/fuzzy.go:344.29,345.22 1 1
github.com/lukaszraczylo/mcp-filepuff/pkg/fuzzy/fuzzy.go:345.22,347.3 1 0
github.com/lukaszraczylo/mcp-filepuff/pkg/fuzzy/fuzzy.go:348.2,349.31 2 1
github.com/lukaszraczylo/mcp-filepuff/pkg/fuzzy/fuzzy.go:349.31,350.12 1 1
github.com/lukaszraczylo/mcp-filepuff/pkg/fuzzy/fuzzy.go:350.12,352.4 1 1
github.com/lukaszraczylo/mcp-filepuff/pkg/fuzzy/fuzzy.go:354.2,354.10 1 1
github.com/lukaszraczylo/mcp-filepuff/pkg/fuzzy/fuzzy.go:357.29,358.22 1 1
github.com/lukaszraczylo/mcp-filepuff/pkg/fuzzy/fuzzy.go:358.22,360.3 1 0
github.com/lukaszraczylo/mcp-filepuff/pkg/fuzzy/fuzzy.go:361.2,362.31 2 1
github.com/lukaszraczylo/mcp-filepuff/pkg/fuzzy/fuzzy.go:362.31,363.12 1 1
github.com/lukaszraczylo/mcp-filepuff/pkg/fuzzy/fuzzy.go:363.12,365.4 1 1
github.com/lukaszraczylo/mcp-filepuff/pkg/fuzzy/fuzzy.go:367.2,367.10 1 1
github.com/lukaszraczylo/mcp-filepuff/pkg/fuzzy/fuzzy.go:370.21,371.11 1 1
github.com/lukaszraczylo/mcp-filepuff/pkg/fuzzy/fuzzy.go:371.11,373.3 1 0
github.com/lukaszraczylo/mcp-filepuff/pkg/fuzzy/fuzzy.go:374.2,374.10 1 1
github.com/lukaszraczylo/mcp-filepuff/pkg/protocol/types.go:70.47,72.13 2 1
github.com/lukaszraczylo/mcp-filepuff/pkg/protocol/types.go:73.13,74.16 1 1
github.com/lukaszraczylo/mcp-filepuff/pkg/protocol/types.go:75.21,76.24 1 1
github.com/lukaszraczylo/mcp-filepuff/pkg/protocol/types.go:77.37,78.24 1 1
github.com/lukaszraczylo/mcp-filepuff/pkg/protocol/types.go:79.21,80.20 1 1
github.com/lukaszraczylo/mcp-filepuff/pkg/protocol/types.go:81.18,82.15 1 1
github.com/lukaszraczylo/mcp-filepuff/pkg/protocol/types.go:83.45,84.17 1 1
github.com/lukaszraczylo/mcp-filepuff/pkg/protocol/types.go:85.23,86.18 1 1
github.com/lukaszraczylo/mcp-filepuff/pkg/protocol/types.go:87.14,88.17 1 1
github.com/lukaszraczylo/mcp-filepuff/pkg/protocol/types.go:89.15,90.18 1 0
github.com/lukaszraczylo/mcp-filepuff/pkg/protocol/types.go:91.23,92.18 1 0
github.com/lukaszraczylo/mcp-filepuff/pkg/protocol/types.go:93.21,94.20 1 1
github.com/lukaszraczylo/mcp-filepuff/pkg/protocol/types.go:95.10,96.21 1 1
